[2.738s] Invoking command in '/home/jprl/APS1/APS1/jota_ws1/src/robot_navigation': CMAKE_PREFIX_PATH=/home/jprl/APS1/APS1/jota_ws1/install/custom_interfaces:/home/jprl/APS1/APS1/jota_ws1/install/robot_description PYTHONPATH=/home/jprl/APS1/APS1/jota_ws1/build/robot_navigation/prefix_override:/usr/lib/python3/dist-packages/colcon_core/task/python/colcon_distutils_commands:/home/jprl/APS1/APS1/jota_ws1/install/robot_navigation/lib/python3.8/site-packages:/home/jprl/APS1/APS1/jota_ws1/install/custom_interfaces/lib/python3.8/site-packages:/home/jprl/APS1/APS1/jota_ws1/install/robot_navigation/lib/python3.8/site-packages:/opt/ros/foxy/lib/python3.8/site-packages /usr/bin/python3 -W ignore:setup.py install is deprecated -W ignore:easy_install command is deprecated setup.py egg_info --egg-base ../../build/robot_navigation build --build-base /home/jprl/APS1/APS1/jota_ws1/build/robot_navigation/build install --record /home/jprl/APS1/APS1/jota_ws1/build/robot_navigation/install.log --install-scripts $base/lib/robot_navigation --single-version-externally-managed install_data
[3.269s] running egg_info
[3.271s] writing ../../build/robot_navigation/robot_navigation.egg-info/PKG-INFO
[3.272s] writing dependency_links to ../../build/robot_navigation/robot_navigation.egg-info/dependency_links.txt
[3.273s] writing entry points to ../../build/robot_navigation/robot_navigation.egg-info/entry_points.txt
[3.274s] writing requirements to ../../build/robot_navigation/robot_navigation.egg-info/requires.txt
[3.274s] writing top-level names to ../../build/robot_navigation/robot_navigation.egg-info/top_level.txt
[3.369s] reading manifest file '../../build/robot_navigation/robot_navigation.egg-info/SOURCES.txt'
[3.372s] writing manifest file '../../build/robot_navigation/robot_navigation.egg-info/SOURCES.txt'
[3.372s] running build
[3.372s] running build_py
[3.373s] copying robot_navigation/navigation_node.py -> /home/jprl/APS1/APS1/jota_ws1/build/robot_navigation/build/lib/robot_navigation
[3.374s] running install
[3.377s] running install_lib
[3.382s] copying /home/jprl/APS1/APS1/jota_ws1/build/robot_navigation/build/lib/robot_navigation/navigation_node.py -> /home/jprl/APS1/APS1/jota_ws1/install/robot_navigation/lib/python3.8/site-packages/robot_navigation
[3.383s] byte-compiling /home/jprl/APS1/APS1/jota_ws1/install/robot_navigation/lib/python3.8/site-packages/robot_navigation/navigation_node.py to navigation_node.cpython-38.pyc
[3.392s] running install_data
[3.393s] running install_egg_info
[3.396s] removing '/home/jprl/APS1/APS1/jota_ws1/install/robot_navigation/lib/python3.8/site-packages/robot_navigation-0.0.0-py3.8.egg-info' (and everything under it)
[3.397s] Copying ../../build/robot_navigation/robot_navigation.egg-info to /home/jprl/APS1/APS1/jota_ws1/install/robot_navigation/lib/python3.8/site-packages/robot_navigation-0.0.0-py3.8.egg-info
[3.401s] running install_scripts
[3.444s] Installing navigation_node script to /home/jprl/APS1/APS1/jota_ws1/install/robot_navigation/lib/robot_navigation
[3.445s] Installing rotation_server script to /home/jprl/APS1/APS1/jota_ws1/install/robot_navigation/lib/robot_navigation
[3.447s] writing list of installed files to '/home/jprl/APS1/APS1/jota_ws1/build/robot_navigation/install.log'
[3.513s] Invoked command in '/home/jprl/APS1/APS1/jota_ws1/src/robot_navigation' returned '0': CMAKE_PREFIX_PATH=/home/jprl/APS1/APS1/jota_ws1/install/custom_interfaces:/home/jprl/APS1/APS1/jota_ws1/install/robot_description PYTHONPATH=/home/jprl/APS1/APS1/jota_ws1/build/robot_navigation/prefix_override:/usr/lib/python3/dist-packages/colcon_core/task/python/colcon_distutils_commands:/home/jprl/APS1/APS1/jota_ws1/install/robot_navigation/lib/python3.8/site-packages:/home/jprl/APS1/APS1/jota_ws1/install/custom_interfaces/lib/python3.8/site-packages:/home/jprl/APS1/APS1/jota_ws1/install/robot_navigation/lib/python3.8/site-packages:/opt/ros/foxy/lib/python3.8/site-packages /usr/bin/python3 -W ignore:setup.py install is deprecated -W ignore:easy_install command is deprecated setup.py egg_info --egg-base ../../build/robot_navigation build --build-base /home/jprl/APS1/APS1/jota_ws1/build/robot_navigation/build install --record /home/jprl/APS1/APS1/jota_ws1/build/robot_navigation/install.log --install-scripts $base/lib/robot_navigation --single-version-externally-managed install_data
