[0.625s] Invoking command in '/home/jprl/APS1/APS1/jota_ws1/src/waypoint_navigation_pkg': PYTHONPATH=/home/jprl/APS1/APS1/jota_ws1/build/waypoint_navigation_pkg/prefix_override:/usr/lib/python3/dist-packages/colcon_core/task/python/colcon_distutils_commands:/home/jprl/APS1/APS1/jota_ws1/install/waypoint_navigation_pkg/lib/python3.8/site-packages:${PYTHONPATH} /usr/bin/python3 -W ignore:setup.py install is deprecated -W ignore:easy_install command is deprecated setup.py egg_info --egg-base ../../build/waypoint_navigation_pkg build --build-base /home/jprl/APS1/APS1/jota_ws1/build/waypoint_navigation_pkg/build install --record /home/jprl/APS1/APS1/jota_ws1/build/waypoint_navigation_pkg/install.log --install-scripts $base/lib/waypoint_navigation_pkg --single-version-externally-managed install_data
[0.832s] running egg_info
[0.833s] creating ../../build/waypoint_navigation_pkg/waypoint_navigation_pkg.egg-info
[0.833s] writing ../../build/waypoint_navigation_pkg/waypoint_navigation_pkg.egg-info/PKG-INFO
[0.834s] writing dependency_links to ../../build/waypoint_navigation_pkg/waypoint_navigation_pkg.egg-info/dependency_links.txt
[0.834s] writing entry points to ../../build/waypoint_navigation_pkg/waypoint_navigation_pkg.egg-info/entry_points.txt
[0.834s] writing requirements to ../../build/waypoint_navigation_pkg/waypoint_navigation_pkg.egg-info/requires.txt
[0.834s] writing top-level names to ../../build/waypoint_navigation_pkg/waypoint_navigation_pkg.egg-info/top_level.txt
[0.835s] writing manifest file '../../build/waypoint_navigation_pkg/waypoint_navigation_pkg.egg-info/SOURCES.txt'
[0.866s] reading manifest file '../../build/waypoint_navigation_pkg/waypoint_navigation_pkg.egg-info/SOURCES.txt'
[0.866s] writing manifest file '../../build/waypoint_navigation_pkg/waypoint_navigation_pkg.egg-info/SOURCES.txt'
[0.866s] running build
[0.867s] running build_py
[0.867s] creating /home/jprl/APS1/APS1/jota_ws1/build/waypoint_navigation_pkg/build
[0.867s] creating /home/jprl/APS1/APS1/jota_ws1/build/waypoint_navigation_pkg/build/lib
[0.867s] creating /home/jprl/APS1/APS1/jota_ws1/build/waypoint_navigation_pkg/build/lib/waypoint_navigation_pkg
[0.867s] copying waypoint_navigation_pkg/__init__.py -> /home/jprl/APS1/APS1/jota_ws1/build/waypoint_navigation_pkg/build/lib/waypoint_navigation_pkg
[0.867s] copying waypoint_navigation_pkg/waypoint_publisher.py -> /home/jprl/APS1/APS1/jota_ws1/build/waypoint_navigation_pkg/build/lib/waypoint_navigation_pkg
[0.868s] running install
[0.868s] running install_lib
[0.869s] creating /home/jprl/APS1/APS1/jota_ws1/install/waypoint_navigation_pkg/lib/python3.8/site-packages/waypoint_navigation_pkg
[0.869s] copying /home/jprl/APS1/APS1/jota_ws1/build/waypoint_navigation_pkg/build/lib/waypoint_navigation_pkg/__init__.py -> /home/jprl/APS1/APS1/jota_ws1/install/waypoint_navigation_pkg/lib/python3.8/site-packages/waypoint_navigation_pkg
[0.870s] copying /home/jprl/APS1/APS1/jota_ws1/build/waypoint_navigation_pkg/build/lib/waypoint_navigation_pkg/waypoint_publisher.py -> /home/jprl/APS1/APS1/jota_ws1/install/waypoint_navigation_pkg/lib/python3.8/site-packages/waypoint_navigation_pkg
[0.870s] byte-compiling /home/jprl/APS1/APS1/jota_ws1/install/waypoint_navigation_pkg/lib/python3.8/site-packages/waypoint_navigation_pkg/__init__.py to __init__.cpython-38.pyc
[0.872s] byte-compiling /home/jprl/APS1/APS1/jota_ws1/install/waypoint_navigation_pkg/lib/python3.8/site-packages/waypoint_navigation_pkg/waypoint_publisher.py to waypoint_publisher.cpython-38.pyc
[0.873s] running install_data
[0.873s] creating /home/jprl/APS1/APS1/jota_ws1/install/waypoint_navigation_pkg/share/ament_index
[0.874s] creating /home/jprl/APS1/APS1/jota_ws1/install/waypoint_navigation_pkg/share/ament_index/resource_index
[0.874s] creating /home/jprl/APS1/APS1/jota_ws1/install/waypoint_navigation_pkg/share/ament_index/resource_index/packages
[0.874s] copying resource/waypoint_navigation_pkg -> /home/jprl/APS1/APS1/jota_ws1/install/waypoint_navigation_pkg/share/ament_index/resource_index/packages
[0.874s] copying package.xml -> /home/jprl/APS1/APS1/jota_ws1/install/waypoint_navigation_pkg/share/waypoint_navigation_pkg
[0.875s] running install_egg_info
[0.876s] Copying ../../build/waypoint_navigation_pkg/waypoint_navigation_pkg.egg-info to /home/jprl/APS1/APS1/jota_ws1/install/waypoint_navigation_pkg/lib/python3.8/site-packages/waypoint_navigation_pkg-0.0.1-py3.8.egg-info
[0.877s] running install_scripts
[0.893s] Installing waypoint_publisher script to /home/jprl/APS1/APS1/jota_ws1/install/waypoint_navigation_pkg/lib/waypoint_navigation_pkg
[0.894s] writing list of installed files to '/home/jprl/APS1/APS1/jota_ws1/build/waypoint_navigation_pkg/install.log'
[0.913s] Invoked command in '/home/jprl/APS1/APS1/jota_ws1/src/waypoint_navigation_pkg' returned '0': PYTHONPATH=/home/jprl/APS1/APS1/jota_ws1/build/waypoint_navigation_pkg/prefix_override:/usr/lib/python3/dist-packages/colcon_core/task/python/colcon_distutils_commands:/home/jprl/APS1/APS1/jota_ws1/install/waypoint_navigation_pkg/lib/python3.8/site-packages:${PYTHONPATH} /usr/bin/python3 -W ignore:setup.py install is deprecated -W ignore:easy_install command is deprecated setup.py egg_info --egg-base ../../build/waypoint_navigation_pkg build --build-base /home/jprl/APS1/APS1/jota_ws1/build/waypoint_navigation_pkg/build install --record /home/jprl/APS1/APS1/jota_ws1/build/waypoint_navigation_pkg/install.log --install-scripts $base/lib/waypoint_navigation_pkg --single-version-externally-managed install_data
