[0.438s] DEBUG:colcon:Command line arguments: ['/usr/bin/colcon', 'build']
[0.438s] DEBUG:colcon:Parsed command line arguments: Namespace(allow_overriding=[], ament_cmake_args=None, base_paths=['.'], build_base='build', catkin_cmake_args=None, catkin_skip_building_tests=False, cmake_args=None, cmake_clean_cache=False, cmake_clean_first=False, cmake_force_configure=False, cmake_target=None, cmake_target_skip_unavailable=False, continue_on_error=False, event_handlers=None, executor='parallel', ignore_user_meta=False, install_base='install', log_base=None, log_level=None, main=<bound method BuildVerb.main of <colcon_core.verb.build.BuildVerb object at 0x7fbf85914160>>, merge_install=False, metas=['./colcon.meta'], mixin=None, mixin_files=None, mixin_verb=('build',), packages_above=None, packages_above_and_dependencies=None, packages_above_depth=None, packages_end=None, packages_ignore=None, packages_ignore_regex=None, packages_select=None, packages_select_build_failed=False, packages_select_by_dep=None, packages_select_regex=None, packages_select_test_failures=False, packages_skip=None, packages_skip_build_finished=False, packages_skip_by_dep=None, packages_skip_regex=None, packages_skip_test_passed=False, packages_skip_up_to=None, packages_start=None, packages_up_to=None, packages_up_to_regex=None, parallel_workers=12, paths=None, symlink_install=False, test_result_base=None, verb_extension=<colcon_core.verb.build.BuildVerb object at 0x7fbf85914160>, verb_name='build', verb_parser=<colcon_mixin.mixin.mixin_argument.MixinArgumentDecorator object at 0x7fbf85914b80>)
[0.682s] Level 1:colcon.colcon_core.package_discovery:discover_packages(colcon_meta) check parameters
[0.682s] Level 1:colcon.colcon_core.package_discovery:discover_packages(recursive) check parameters
[0.682s] Level 1:colcon.colcon_core.package_discovery:discover_packages(ignore) check parameters
[0.682s] Level 1:colcon.colcon_core.package_discovery:discover_packages(path) check parameters
[0.682s] Level 1:colcon.colcon_core.package_discovery:discover_packages(colcon_meta) discover
[0.682s] Level 1:colcon.colcon_core.package_discovery:discover_packages(recursive) discover
[0.682s] INFO:colcon.colcon_core.package_discovery:Crawling recursively for packages in '/home/jprl/APS1/APS1/jota_ws1'
[0.683s] Level 1:colcon.colcon_core.package_identification:_identify(.) by extensions ['ignore', 'ignore_ament_install']
[0.683s] Level 1:colcon.colcon_core.package_identification:_identify(.) by extension 'ignore'
[0.683s] Level 1:colcon.colcon_core.package_identification:_identify(.) by extension 'ignore_ament_install'
[0.683s] Level 1:colcon.colcon_core.package_identification:_identify(.) by extensions ['colcon_pkg']
[0.683s] Level 1:colcon.colcon_core.package_identification:_identify(.) by extension 'colcon_pkg'
[0.683s] Level 1:colcon.colcon_core.package_identification:_identify(.) by extensions ['colcon_meta']
[0.683s] Level 1:colcon.colcon_core.package_identification:_identify(.) by extension 'colcon_meta'
[0.683s] Level 1:colcon.colcon_core.package_identification:_identify(.) by extensions ['ros']
[0.683s] Level 1:colcon.colcon_core.package_identification:_identify(.) by extension 'ros'
[0.697s] Level 1:colcon.colcon_core.package_identification:_identify(.) by extensions ['cmake', 'python']
[0.697s] Level 1:colcon.colcon_core.package_identification:_identify(.) by extension 'cmake'
[0.697s] Level 1:colcon.colcon_core.package_identification:_identify(.) by extension 'python'
[0.697s] Level 1:colcon.colcon_core.package_identification:_identify(.) by extensions ['python_setup_py']
[0.697s] Level 1:colcon.colcon_core.package_identification:_identify(.) by extension 'python_setup_py'
[0.698s] Level 1:colcon.colcon_core.package_identification:_identify(build) by extensions ['ignore', 'ignore_ament_install']
[0.698s] Level 1:colcon.colcon_core.package_identification:_identify(build) by extension 'ignore'
[0.698s] Level 1:colcon.colcon_core.package_identification:_identify(build) ignored
[0.698s] Level 1:colcon.colcon_core.package_identification:_identify(install) by extensions ['ignore', 'ignore_ament_install']
[0.698s] Level 1:colcon.colcon_core.package_identification:_identify(install) by extension 'ignore'
[0.698s] Level 1:colcon.colcon_core.package_identification:_identify(install) ignored
[0.698s] Level 1:colcon.colcon_core.package_identification:_identify(log) by extensions ['ignore', 'ignore_ament_install']
[0.699s] Level 1:colcon.colcon_core.package_identification:_identify(log) by extension 'ignore'
[0.699s] Level 1:colcon.colcon_core.package_identification:_identify(log) ignored
[0.699s] Level 1:colcon.colcon_core.package_identification:_identify(src) by extensions ['ignore', 'ignore_ament_install']
[0.699s] Level 1:colcon.colcon_core.package_identification:_identify(src) by extension 'ignore'
[0.699s] Level 1:colcon.colcon_core.package_identification:_identify(src) by extension 'ignore_ament_install'
[0.699s] Level 1:colcon.colcon_core.package_identification:_identify(src) by extensions ['colcon_pkg']
[0.699s] Level 1:colcon.colcon_core.package_identification:_identify(src) by extension 'colcon_pkg'
[0.699s] Level 1:colcon.colcon_core.package_identification:_identify(src) by extensions ['colcon_meta']
[0.699s] Level 1:colcon.colcon_core.package_identification:_identify(src) by extension 'colcon_meta'
[0.699s] Level 1:colcon.colcon_core.package_identification:_identify(src) by extensions ['ros']
[0.699s] Level 1:colcon.colcon_core.package_identification:_identify(src) by extension 'ros'
[0.699s] Level 1:colcon.colcon_core.package_identification:_identify(src) by extensions ['cmake', 'python']
[0.699s] Level 1:colcon.colcon_core.package_identification:_identify(src) by extension 'cmake'
[0.700s] Level 1:colcon.colcon_core.package_identification:_identify(src) by extension 'python'
[0.700s] Level 1:colcon.colcon_core.package_identification:_identify(src) by extensions ['python_setup_py']
[0.700s] Level 1:colcon.colcon_core.package_identification:_identify(src) by extension 'python_setup_py'
[0.700s] Level 1:colcon.colcon_core.package_identification:_identify(src/custom_interfaces) by extensions ['ignore', 'ignore_ament_install']
[0.700s] Level 1:colcon.colcon_core.package_identification:_identify(src/custom_interfaces) by extension 'ignore'
[0.700s] Level 1:colcon.colcon_core.package_identification:_identify(src/custom_interfaces) by extension 'ignore_ament_install'
[0.700s] Level 1:colcon.colcon_core.package_identification:_identify(src/custom_interfaces) by extensions ['colcon_pkg']
[0.700s] Level 1:colcon.colcon_core.package_identification:_identify(src/custom_interfaces) by extension 'colcon_pkg'
[0.700s] Level 1:colcon.colcon_core.package_identification:_identify(src/custom_interfaces) by extensions ['colcon_meta']
[0.700s] Level 1:colcon.colcon_core.package_identification:_identify(src/custom_interfaces) by extension 'colcon_meta'
[0.700s] Level 1:colcon.colcon_core.package_identification:_identify(src/custom_interfaces) by extensions ['ros']
[0.700s] Level 1:colcon.colcon_core.package_identification:_identify(src/custom_interfaces) by extension 'ros'
[0.703s] DEBUG:colcon.colcon_core.package_identification:Package 'src/custom_interfaces' with type 'ros.ament_cmake' and name 'custom_interfaces'
[0.703s] Level 1:colcon.colcon_core.package_identification:_identify(src/robot_description) by extensions ['ignore', 'ignore_ament_install']
[0.703s] Level 1:colcon.colcon_core.package_identification:_identify(src/robot_description) by extension 'ignore'
[0.704s] Level 1:colcon.colcon_core.package_identification:_identify(src/robot_description) by extension 'ignore_ament_install'
[0.704s] Level 1:colcon.colcon_core.package_identification:_identify(src/robot_description) by extensions ['colcon_pkg']
[0.704s] Level 1:colcon.colcon_core.package_identification:_identify(src/robot_description) by extension 'colcon_pkg'
[0.704s] Level 1:colcon.colcon_core.package_identification:_identify(src/robot_description) by extensions ['colcon_meta']
[0.704s] Level 1:colcon.colcon_core.package_identification:_identify(src/robot_description) by extension 'colcon_meta'
[0.704s] Level 1:colcon.colcon_core.package_identification:_identify(src/robot_description) by extensions ['ros']
[0.704s] Level 1:colcon.colcon_core.package_identification:_identify(src/robot_description) by extension 'ros'
[0.705s] DEBUG:colcon.colcon_core.package_identification:Package 'src/robot_description' with type 'ros.ament_cmake' and name 'robot_description'
[0.706s] Level 1:colcon.colcon_core.package_identification:_identify(src/robot_navigation) by extensions ['ignore', 'ignore_ament_install']
[0.706s] Level 1:colcon.colcon_core.package_identification:_identify(src/robot_navigation) by extension 'ignore'
[0.706s] Level 1:colcon.colcon_core.package_identification:_identify(src/robot_navigation) by extension 'ignore_ament_install'
[0.706s] Level 1:colcon.colcon_core.package_identification:_identify(src/robot_navigation) by extensions ['colcon_pkg']
[0.706s] Level 1:colcon.colcon_core.package_identification:_identify(src/robot_navigation) by extension 'colcon_pkg'
[0.706s] Level 1:colcon.colcon_core.package_identification:_identify(src/robot_navigation) by extensions ['colcon_meta']
[0.706s] Level 1:colcon.colcon_core.package_identification:_identify(src/robot_navigation) by extension 'colcon_meta'
[0.706s] Level 1:colcon.colcon_core.package_identification:_identify(src/robot_navigation) by extensions ['ros']
[0.707s] Level 1:colcon.colcon_core.package_identification:_identify(src/robot_navigation) by extension 'ros'
[0.708s] DEBUG:colcon.colcon_core.package_identification:Package 'src/robot_navigation' with type 'ros.ament_python' and name 'robot_navigation'
[0.708s] Level 1:colcon.colcon_core.package_discovery:discover_packages(recursive) using defaults
[0.708s] Level 1:colcon.colcon_core.package_discovery:discover_packages(ignore) discover
[0.709s] Level 1:colcon.colcon_core.package_discovery:discover_packages(ignore) using defaults
[0.709s] Level 1:colcon.colcon_core.package_discovery:discover_packages(path) discover
[0.709s] Level 1:colcon.colcon_core.package_discovery:discover_packages(path) using defaults
[0.730s] Level 1:colcon.colcon_core.package_discovery:discover_packages(prefix_path) check parameters
[0.731s] Level 1:colcon.colcon_core.package_discovery:discover_packages(prefix_path) discover
[0.733s] DEBUG:colcon.colcon_installed_package_information.package_discovery:Found 3 installed packages in /home/jprl/APS1/APS1/jota_ws1/install
[0.734s] DEBUG:colcon.colcon_installed_package_information.package_discovery:Found 266 installed packages in /opt/ros/foxy
[0.751s] Level 1:colcon.colcon_core.package_discovery:discover_packages(prefix_path) using defaults
[0.830s] Level 5:colcon.colcon_core.verb:set package 'custom_interfaces' build argument 'cmake_args' from command line to 'None'
[0.830s] Level 5:colcon.colcon_core.verb:set package 'custom_interfaces' build argument 'cmake_target' from command line to 'None'
[0.830s] Level 5:colcon.colcon_core.verb:set package 'custom_interfaces' build argument 'cmake_target_skip_unavailable' from command line to 'False'
[0.830s] Level 5:colcon.colcon_core.verb:set package 'custom_interfaces' build argument 'cmake_clean_cache' from command line to 'False'
[0.830s] Level 5:colcon.colcon_core.verb:set package 'custom_interfaces' build argument 'cmake_clean_first' from command line to 'False'
[0.830s] Level 5:colcon.colcon_core.verb:set package 'custom_interfaces' build argument 'cmake_force_configure' from command line to 'False'
[0.830s] Level 5:colcon.colcon_core.verb:set package 'custom_interfaces' build argument 'ament_cmake_args' from command line to 'None'
[0.830s] Level 5:colcon.colcon_core.verb:set package 'custom_interfaces' build argument 'catkin_cmake_args' from command line to 'None'
[0.830s] Level 5:colcon.colcon_core.verb:set package 'custom_interfaces' build argument 'catkin_skip_building_tests' from command line to 'False'
[0.830s] DEBUG:colcon.colcon_core.verb:Building package 'custom_interfaces' with the following arguments: {'ament_cmake_args': None, 'build_base': '/home/jprl/APS1/APS1/jota_ws1/build/custom_interfaces', 'catkin_cmake_args': None, 'catkin_skip_building_tests': False, 'cmake_args': None, 'cmake_clean_cache': False, 'cmake_clean_first': False, 'cmake_force_configure': False, 'cmake_target': None, 'cmake_target_skip_unavailable': False, 'install_base': '/home/jprl/APS1/APS1/jota_ws1/install/custom_interfaces', 'merge_install': False, 'path': '/home/jprl/APS1/APS1/jota_ws1/src/custom_interfaces', 'symlink_install': False, 'test_result_base': None}
[0.831s] Level 5:colcon.colcon_core.verb:set package 'robot_description' build argument 'cmake_args' from command line to 'None'
[0.831s] Level 5:colcon.colcon_core.verb:set package 'robot_description' build argument 'cmake_target' from command line to 'None'
[0.831s] Level 5:colcon.colcon_core.verb:set package 'robot_description' build argument 'cmake_target_skip_unavailable' from command line to 'False'
[0.831s] Level 5:colcon.colcon_core.verb:set package 'robot_description' build argument 'cmake_clean_cache' from command line to 'False'
[0.831s] Level 5:colcon.colcon_core.verb:set package 'robot_description' build argument 'cmake_clean_first' from command line to 'False'
[0.831s] Level 5:colcon.colcon_core.verb:set package 'robot_description' build argument 'cmake_force_configure' from command line to 'False'
[0.831s] Level 5:colcon.colcon_core.verb:set package 'robot_description' build argument 'ament_cmake_args' from command line to 'None'
[0.831s] Level 5:colcon.colcon_core.verb:set package 'robot_description' build argument 'catkin_cmake_args' from command line to 'None'
[0.831s] Level 5:colcon.colcon_core.verb:set package 'robot_description' build argument 'catkin_skip_building_tests' from command line to 'False'
[0.831s] DEBUG:colcon.colcon_core.verb:Building package 'robot_description' with the following arguments: {'ament_cmake_args': None, 'build_base': '/home/jprl/APS1/APS1/jota_ws1/build/robot_description', 'catkin_cmake_args': None, 'catkin_skip_building_tests': False, 'cmake_args': None, 'cmake_clean_cache': False, 'cmake_clean_first': False, 'cmake_force_configure': False, 'cmake_target': None, 'cmake_target_skip_unavailable': False, 'install_base': '/home/jprl/APS1/APS1/jota_ws1/install/robot_description', 'merge_install': False, 'path': '/home/jprl/APS1/APS1/jota_ws1/src/robot_description', 'symlink_install': False, 'test_result_base': None}
[0.832s] Level 5:colcon.colcon_core.verb:set package 'robot_navigation' build argument 'cmake_args' from command line to 'None'
[0.832s] Level 5:colcon.colcon_core.verb:set package 'robot_navigation' build argument 'cmake_target' from command line to 'None'
[0.832s] Level 5:colcon.colcon_core.verb:set package 'robot_navigation' build argument 'cmake_target_skip_unavailable' from command line to 'False'
[0.832s] Level 5:colcon.colcon_core.verb:set package 'robot_navigation' build argument 'cmake_clean_cache' from command line to 'False'
[0.832s] Level 5:colcon.colcon_core.verb:set package 'robot_navigation' build argument 'cmake_clean_first' from command line to 'False'
[0.832s] Level 5:colcon.colcon_core.verb:set package 'robot_navigation' build argument 'cmake_force_configure' from command line to 'False'
[0.832s] Level 5:colcon.colcon_core.verb:set package 'robot_navigation' build argument 'ament_cmake_args' from command line to 'None'
[0.832s] Level 5:colcon.colcon_core.verb:set package 'robot_navigation' build argument 'catkin_cmake_args' from command line to 'None'
[0.832s] Level 5:colcon.colcon_core.verb:set package 'robot_navigation' build argument 'catkin_skip_building_tests' from command line to 'False'
[0.832s] DEBUG:colcon.colcon_core.verb:Building package 'robot_navigation' with the following arguments: {'ament_cmake_args': None, 'build_base': '/home/jprl/APS1/APS1/jota_ws1/build/robot_navigation', 'catkin_cmake_args': None, 'catkin_skip_building_tests': False, 'cmake_args': None, 'cmake_clean_cache': False, 'cmake_clean_first': False, 'cmake_force_configure': False, 'cmake_target': None, 'cmake_target_skip_unavailable': False, 'install_base': '/home/jprl/APS1/APS1/jota_ws1/install/robot_navigation', 'merge_install': False, 'path': '/home/jprl/APS1/APS1/jota_ws1/src/robot_navigation', 'symlink_install': False, 'test_result_base': None}
[0.833s] INFO:colcon.colcon_core.executor:Executing jobs using 'parallel' executor
[0.834s] DEBUG:colcon.colcon_parallel_executor.executor.parallel:run_until_complete
[0.835s] INFO:colcon.colcon_ros.task.ament_cmake.build:Building ROS package in '/home/jprl/APS1/APS1/jota_ws1/src/custom_interfaces' with build type 'ament_cmake'
[0.835s] INFO:colcon.colcon_cmake.task.cmake.build:Building CMake package in '/home/jprl/APS1/APS1/jota_ws1/src/custom_interfaces'
[0.839s] INFO:colcon.colcon_core.plugin_system:Skipping extension 'colcon_core.shell.bat': Not used on non-Windows systems
[0.839s] INFO:colcon.colcon_core.shell:Skip shell extension 'powershell' for command environment: Not usable outside of PowerShell
[0.839s] DEBUG:colcon.colcon_core.shell:Skip shell extension 'dsv' for command environment
[0.848s] INFO:colcon.colcon_ros.task.ament_cmake.build:Building ROS package in '/home/jprl/APS1/APS1/jota_ws1/src/robot_description' with build type 'ament_cmake'
[0.850s] INFO:colcon.colcon_cmake.task.cmake.build:Building CMake package in '/home/jprl/APS1/APS1/jota_ws1/src/robot_description'
[0.850s] INFO:colcon.colcon_core.shell:Skip shell extension 'powershell' for command environment: Not usable outside of PowerShell
[0.851s] DEBUG:colcon.colcon_core.shell:Skip shell extension 'dsv' for command environment
[0.880s] DEBUG:colcon.colcon_core.event_handler.log_command:Invoking command in '/home/jprl/APS1/APS1/jota_ws1/build/custom_interfaces': CMAKE_PREFIX_PATH=${CMAKE_PREFIX_PATH}:/home/jprl/APS1/APS1/jota_ws1/install/robot_navigation:/opt/ros/foxy /usr/bin/cmake --build /home/jprl/APS1/APS1/jota_ws1/build/custom_interfaces -- -j12 -l12
[0.895s] DEBUG:colcon.colcon_core.event_handler.log_command:Invoking command in '/home/jprl/APS1/APS1/jota_ws1/build/robot_description': CMAKE_PREFIX_PATH=${CMAKE_PREFIX_PATH}:/home/jprl/APS1/APS1/jota_ws1/install/robot_navigation:/opt/ros/foxy /usr/bin/cmake --build /home/jprl/APS1/APS1/jota_ws1/build/robot_description -- -j12 -l12
[0.987s] DEBUG:colcon.colcon_core.event_handler.log_command:Invoked command in '/home/jprl/APS1/APS1/jota_ws1/build/robot_description' returned '0': CMAKE_PREFIX_PATH=${CMAKE_PREFIX_PATH}:/home/jprl/APS1/APS1/jota_ws1/install/robot_navigation:/opt/ros/foxy /usr/bin/cmake --build /home/jprl/APS1/APS1/jota_ws1/build/robot_description -- -j12 -l12
[1.031s] DEBUG:colcon.colcon_core.event_handler.log_command:Invoking command in '/home/jprl/APS1/APS1/jota_ws1/build/robot_description': CMAKE_PREFIX_PATH=${CMAKE_PREFIX_PATH}:/home/jprl/APS1/APS1/jota_ws1/install/robot_navigation:/opt/ros/foxy /usr/bin/cmake --install /home/jprl/APS1/APS1/jota_ws1/build/robot_description
[1.064s] Level 1:colcon.colcon_core.environment:create_environment_scripts_only(robot_description)
[1.090s] DEBUG:colcon.colcon_core.event_handler.log_command:Invoked command in '/home/jprl/APS1/APS1/jota_ws1/build/robot_description' returned '0': CMAKE_PREFIX_PATH=${CMAKE_PREFIX_PATH}:/home/jprl/APS1/APS1/jota_ws1/install/robot_navigation:/opt/ros/foxy /usr/bin/cmake --install /home/jprl/APS1/APS1/jota_ws1/build/robot_description
[1.099s] Level 1:colcon.colcon_core.environment:checking '/home/jprl/APS1/APS1/jota_ws1/install/robot_description' for CMake module files
[1.100s] Level 1:colcon.colcon_core.environment:checking '/home/jprl/APS1/APS1/jota_ws1/install/robot_description' for CMake config files
[1.101s] Level 1:colcon.colcon_core.shell:create_environment_hook('robot_description', 'cmake_prefix_path')
[1.102s] INFO:colcon.colcon_core.shell:Creating environment hook '/home/jprl/APS1/APS1/jota_ws1/install/robot_description/share/robot_description/hook/cmake_prefix_path.ps1'
[1.129s] INFO:colcon.colcon_core.shell:Creating environment descriptor '/home/jprl/APS1/APS1/jota_ws1/install/robot_description/share/robot_description/hook/cmake_prefix_path.dsv'
[1.137s] INFO:colcon.colcon_core.shell:Creating environment hook '/home/jprl/APS1/APS1/jota_ws1/install/robot_description/share/robot_description/hook/cmake_prefix_path.sh'
[1.147s] Level 1:colcon.colcon_core.environment:checking '/home/jprl/APS1/APS1/jota_ws1/install/robot_description/bin'
[1.148s] Level 1:colcon.colcon_core.environment:checking '/home/jprl/APS1/APS1/jota_ws1/install/robot_description/lib/pkgconfig/robot_description.pc'
[1.149s] Level 1:colcon.colcon_core.environment:checking '/home/jprl/APS1/APS1/jota_ws1/install/robot_description/lib/python3.8/site-packages'
[1.149s] Level 1:colcon.colcon_core.environment:checking '/home/jprl/APS1/APS1/jota_ws1/install/robot_description/bin'
[1.150s] INFO:colcon.colcon_core.shell:Creating package script '/home/jprl/APS1/APS1/jota_ws1/install/robot_description/share/robot_description/package.ps1'
[1.156s] INFO:colcon.colcon_core.shell:Creating package descriptor '/home/jprl/APS1/APS1/jota_ws1/install/robot_description/share/robot_description/package.dsv'
[1.163s] INFO:colcon.colcon_core.shell:Creating package script '/home/jprl/APS1/APS1/jota_ws1/install/robot_description/share/robot_description/package.sh'
[1.168s] INFO:colcon.colcon_core.shell:Creating package script '/home/jprl/APS1/APS1/jota_ws1/install/robot_description/share/robot_description/package.bash'
[1.171s] INFO:colcon.colcon_core.shell:Creating package script '/home/jprl/APS1/APS1/jota_ws1/install/robot_description/share/robot_description/package.zsh'
[1.173s] Level 1:colcon.colcon_core.environment:create_file_with_runtime_dependencies(/home/jprl/APS1/APS1/jota_ws1/install/robot_description/share/colcon-core/packages/robot_description)
[1.175s] Level 1:colcon.colcon_core.environment:create_environment_scripts_only(robot_description)
[1.176s] Level 1:colcon.colcon_core.environment:checking '/home/jprl/APS1/APS1/jota_ws1/install/robot_description' for CMake module files
[1.185s] Level 1:colcon.colcon_core.environment:checking '/home/jprl/APS1/APS1/jota_ws1/install/robot_description' for CMake config files
[1.186s] Level 1:colcon.colcon_core.shell:create_environment_hook('robot_description', 'cmake_prefix_path')
[1.187s] INFO:colcon.colcon_core.shell:Creating environment hook '/home/jprl/APS1/APS1/jota_ws1/install/robot_description/share/robot_description/hook/cmake_prefix_path.ps1'
[1.188s] INFO:colcon.colcon_core.shell:Creating environment descriptor '/home/jprl/APS1/APS1/jota_ws1/install/robot_description/share/robot_description/hook/cmake_prefix_path.dsv'
[1.189s] INFO:colcon.colcon_core.shell:Creating environment hook '/home/jprl/APS1/APS1/jota_ws1/install/robot_description/share/robot_description/hook/cmake_prefix_path.sh'
[1.191s] Level 1:colcon.colcon_core.environment:checking '/home/jprl/APS1/APS1/jota_ws1/install/robot_description/bin'
[1.192s] Level 1:colcon.colcon_core.environment:checking '/home/jprl/APS1/APS1/jota_ws1/install/robot_description/lib/pkgconfig/robot_description.pc'
[1.194s] Level 1:colcon.colcon_core.environment:checking '/home/jprl/APS1/APS1/jota_ws1/install/robot_description/lib/python3.8/site-packages'
[1.195s] Level 1:colcon.colcon_core.environment:checking '/home/jprl/APS1/APS1/jota_ws1/install/robot_description/bin'
[1.197s] INFO:colcon.colcon_core.shell:Creating package script '/home/jprl/APS1/APS1/jota_ws1/install/robot_description/share/robot_description/package.ps1'
[1.201s] INFO:colcon.colcon_core.shell:Creating package descriptor '/home/jprl/APS1/APS1/jota_ws1/install/robot_description/share/robot_description/package.dsv'
[1.205s] INFO:colcon.colcon_core.shell:Creating package script '/home/jprl/APS1/APS1/jota_ws1/install/robot_description/share/robot_description/package.sh'
[1.206s] INFO:colcon.colcon_core.shell:Creating package script '/home/jprl/APS1/APS1/jota_ws1/install/robot_description/share/robot_description/package.bash'
[1.208s] INFO:colcon.colcon_core.shell:Creating package script '/home/jprl/APS1/APS1/jota_ws1/install/robot_description/share/robot_description/package.zsh'
[1.209s] Level 1:colcon.colcon_core.environment:create_file_with_runtime_dependencies(/home/jprl/APS1/APS1/jota_ws1/install/robot_description/share/colcon-core/packages/robot_description)
[1.405s] DEBUG:colcon.colcon_core.event_handler.log_command:Invoked command in '/home/jprl/APS1/APS1/jota_ws1/build/custom_interfaces' returned '0': CMAKE_PREFIX_PATH=${CMAKE_PREFIX_PATH}:/home/jprl/APS1/APS1/jota_ws1/install/robot_navigation:/opt/ros/foxy /usr/bin/cmake --build /home/jprl/APS1/APS1/jota_ws1/build/custom_interfaces -- -j12 -l12
[1.414s] DEBUG:colcon.colcon_core.event_handler.log_command:Invoking command in '/home/jprl/APS1/APS1/jota_ws1/build/custom_interfaces': CMAKE_PREFIX_PATH=${CMAKE_PREFIX_PATH}:/home/jprl/APS1/APS1/jota_ws1/install/robot_navigation:/opt/ros/foxy /usr/bin/cmake --install /home/jprl/APS1/APS1/jota_ws1/build/custom_interfaces
[1.513s] Level 1:colcon.colcon_core.environment:create_environment_scripts_only(custom_interfaces)
[1.513s] DEBUG:colcon.colcon_core.event_handler.log_command:Invoked command in '/home/jprl/APS1/APS1/jota_ws1/build/custom_interfaces' returned '0': CMAKE_PREFIX_PATH=${CMAKE_PREFIX_PATH}:/home/jprl/APS1/APS1/jota_ws1/install/robot_navigation:/opt/ros/foxy /usr/bin/cmake --install /home/jprl/APS1/APS1/jota_ws1/build/custom_interfaces
[1.514s] Level 1:colcon.colcon_core.environment:checking '/home/jprl/APS1/APS1/jota_ws1/install/custom_interfaces' for CMake module files
[1.515s] Level 1:colcon.colcon_core.environment:checking '/home/jprl/APS1/APS1/jota_ws1/install/custom_interfaces' for CMake config files
[1.516s] Level 1:colcon.colcon_core.shell:create_environment_hook('custom_interfaces', 'cmake_prefix_path')
[1.516s] INFO:colcon.colcon_core.shell:Creating environment hook '/home/jprl/APS1/APS1/jota_ws1/install/custom_interfaces/share/custom_interfaces/hook/cmake_prefix_path.ps1'
[1.517s] INFO:colcon.colcon_core.shell:Creating environment descriptor '/home/jprl/APS1/APS1/jota_ws1/install/custom_interfaces/share/custom_interfaces/hook/cmake_prefix_path.dsv'
[1.518s] INFO:colcon.colcon_core.shell:Creating environment hook '/home/jprl/APS1/APS1/jota_ws1/install/custom_interfaces/share/custom_interfaces/hook/cmake_prefix_path.sh'
[1.519s] Level 1:colcon.colcon_core.environment:checking '/home/jprl/APS1/APS1/jota_ws1/install/custom_interfaces/lib'
[1.519s] Level 1:colcon.colcon_core.shell:create_environment_hook('custom_interfaces', 'ld_library_path_lib')
[1.519s] INFO:colcon.colcon_core.shell:Creating environment hook '/home/jprl/APS1/APS1/jota_ws1/install/custom_interfaces/share/custom_interfaces/hook/ld_library_path_lib.ps1'
[1.520s] INFO:colcon.colcon_core.shell:Creating environment descriptor '/home/jprl/APS1/APS1/jota_ws1/install/custom_interfaces/share/custom_interfaces/hook/ld_library_path_lib.dsv'
[1.520s] INFO:colcon.colcon_core.shell:Creating environment hook '/home/jprl/APS1/APS1/jota_ws1/install/custom_interfaces/share/custom_interfaces/hook/ld_library_path_lib.sh'
[1.521s] Level 1:colcon.colcon_core.environment:checking '/home/jprl/APS1/APS1/jota_ws1/install/custom_interfaces/bin'
[1.521s] Level 1:colcon.colcon_core.environment:checking '/home/jprl/APS1/APS1/jota_ws1/install/custom_interfaces/lib/pkgconfig/custom_interfaces.pc'
[1.521s] Level 1:colcon.colcon_core.environment:checking '/home/jprl/APS1/APS1/jota_ws1/install/custom_interfaces/lib/python3.8/site-packages'
[1.522s] Level 1:colcon.colcon_core.shell:create_environment_hook('custom_interfaces', 'pythonpath')
[1.522s] INFO:colcon.colcon_core.shell:Creating environment hook '/home/jprl/APS1/APS1/jota_ws1/install/custom_interfaces/share/custom_interfaces/hook/pythonpath.ps1'
[1.522s] INFO:colcon.colcon_core.shell:Creating environment descriptor '/home/jprl/APS1/APS1/jota_ws1/install/custom_interfaces/share/custom_interfaces/hook/pythonpath.dsv'
[1.523s] INFO:colcon.colcon_core.shell:Creating environment hook '/home/jprl/APS1/APS1/jota_ws1/install/custom_interfaces/share/custom_interfaces/hook/pythonpath.sh'
[1.524s] Level 1:colcon.colcon_core.environment:checking '/home/jprl/APS1/APS1/jota_ws1/install/custom_interfaces/bin'
[1.524s] INFO:colcon.colcon_core.shell:Creating package script '/home/jprl/APS1/APS1/jota_ws1/install/custom_interfaces/share/custom_interfaces/package.ps1'
[1.525s] INFO:colcon.colcon_core.shell:Creating package descriptor '/home/jprl/APS1/APS1/jota_ws1/install/custom_interfaces/share/custom_interfaces/package.dsv'
[1.526s] INFO:colcon.colcon_core.shell:Creating package script '/home/jprl/APS1/APS1/jota_ws1/install/custom_interfaces/share/custom_interfaces/package.sh'
[1.527s] INFO:colcon.colcon_core.shell:Creating package script '/home/jprl/APS1/APS1/jota_ws1/install/custom_interfaces/share/custom_interfaces/package.bash'
[1.528s] INFO:colcon.colcon_core.shell:Creating package script '/home/jprl/APS1/APS1/jota_ws1/install/custom_interfaces/share/custom_interfaces/package.zsh'
[1.529s] Level 1:colcon.colcon_core.environment:create_file_with_runtime_dependencies(/home/jprl/APS1/APS1/jota_ws1/install/custom_interfaces/share/colcon-core/packages/custom_interfaces)
[1.530s] Level 1:colcon.colcon_core.environment:create_environment_scripts_only(custom_interfaces)
[1.530s] Level 1:colcon.colcon_core.environment:checking '/home/jprl/APS1/APS1/jota_ws1/install/custom_interfaces' for CMake module files
[1.531s] Level 1:colcon.colcon_core.environment:checking '/home/jprl/APS1/APS1/jota_ws1/install/custom_interfaces' for CMake config files
[1.532s] Level 1:colcon.colcon_core.shell:create_environment_hook('custom_interfaces', 'cmake_prefix_path')
[1.532s] INFO:colcon.colcon_core.shell:Creating environment hook '/home/jprl/APS1/APS1/jota_ws1/install/custom_interfaces/share/custom_interfaces/hook/cmake_prefix_path.ps1'
[1.533s] INFO:colcon.colcon_core.shell:Creating environment descriptor '/home/jprl/APS1/APS1/jota_ws1/install/custom_interfaces/share/custom_interfaces/hook/cmake_prefix_path.dsv'
[1.533s] INFO:colcon.colcon_core.shell:Creating environment hook '/home/jprl/APS1/APS1/jota_ws1/install/custom_interfaces/share/custom_interfaces/hook/cmake_prefix_path.sh'
[1.534s] Level 1:colcon.colcon_core.environment:checking '/home/jprl/APS1/APS1/jota_ws1/install/custom_interfaces/lib'
[1.534s] Level 1:colcon.colcon_core.shell:create_environment_hook('custom_interfaces', 'ld_library_path_lib')
[1.535s] INFO:colcon.colcon_core.shell:Creating environment hook '/home/jprl/APS1/APS1/jota_ws1/install/custom_interfaces/share/custom_interfaces/hook/ld_library_path_lib.ps1'
[1.535s] INFO:colcon.colcon_core.shell:Creating environment descriptor '/home/jprl/APS1/APS1/jota_ws1/install/custom_interfaces/share/custom_interfaces/hook/ld_library_path_lib.dsv'
[1.536s] INFO:colcon.colcon_core.shell:Creating environment hook '/home/jprl/APS1/APS1/jota_ws1/install/custom_interfaces/share/custom_interfaces/hook/ld_library_path_lib.sh'
[1.537s] Level 1:colcon.colcon_core.environment:checking '/home/jprl/APS1/APS1/jota_ws1/install/custom_interfaces/bin'
[1.537s] Level 1:colcon.colcon_core.environment:checking '/home/jprl/APS1/APS1/jota_ws1/install/custom_interfaces/lib/pkgconfig/custom_interfaces.pc'
[1.537s] Level 1:colcon.colcon_core.environment:checking '/home/jprl/APS1/APS1/jota_ws1/install/custom_interfaces/lib/python3.8/site-packages'
[1.537s] Level 1:colcon.colcon_core.shell:create_environment_hook('custom_interfaces', 'pythonpath')
[1.538s] INFO:colcon.colcon_core.shell:Creating environment hook '/home/jprl/APS1/APS1/jota_ws1/install/custom_interfaces/share/custom_interfaces/hook/pythonpath.ps1'
[1.538s] INFO:colcon.colcon_core.shell:Creating environment descriptor '/home/jprl/APS1/APS1/jota_ws1/install/custom_interfaces/share/custom_interfaces/hook/pythonpath.dsv'
[1.539s] INFO:colcon.colcon_core.shell:Creating environment hook '/home/jprl/APS1/APS1/jota_ws1/install/custom_interfaces/share/custom_interfaces/hook/pythonpath.sh'
[1.541s] Level 1:colcon.colcon_core.environment:checking '/home/jprl/APS1/APS1/jota_ws1/install/custom_interfaces/bin'
[1.542s] INFO:colcon.colcon_core.shell:Creating package script '/home/jprl/APS1/APS1/jota_ws1/install/custom_interfaces/share/custom_interfaces/package.ps1'
[1.543s] INFO:colcon.colcon_core.shell:Creating package descriptor '/home/jprl/APS1/APS1/jota_ws1/install/custom_interfaces/share/custom_interfaces/package.dsv'
[1.544s] INFO:colcon.colcon_core.shell:Creating package script '/home/jprl/APS1/APS1/jota_ws1/install/custom_interfaces/share/custom_interfaces/package.sh'
[1.545s] INFO:colcon.colcon_core.shell:Creating package script '/home/jprl/APS1/APS1/jota_ws1/install/custom_interfaces/share/custom_interfaces/package.bash'
[1.546s] INFO:colcon.colcon_core.shell:Creating package script '/home/jprl/APS1/APS1/jota_ws1/install/custom_interfaces/share/custom_interfaces/package.zsh'
[1.547s] Level 1:colcon.colcon_core.environment:create_file_with_runtime_dependencies(/home/jprl/APS1/APS1/jota_ws1/install/custom_interfaces/share/colcon-core/packages/custom_interfaces)
[1.548s] INFO:colcon.colcon_ros.task.ament_python.build:Building ROS package in '/home/jprl/APS1/APS1/jota_ws1/src/robot_navigation' with build type 'ament_python'
[1.549s] Level 1:colcon.colcon_core.shell:create_environment_hook('robot_navigation', 'ament_prefix_path')
[1.549s] INFO:colcon.colcon_core.shell:Creating environment hook '/home/jprl/APS1/APS1/jota_ws1/install/robot_navigation/share/robot_navigation/hook/ament_prefix_path.ps1'
[1.551s] INFO:colcon.colcon_core.shell:Creating environment descriptor '/home/jprl/APS1/APS1/jota_ws1/install/robot_navigation/share/robot_navigation/hook/ament_prefix_path.dsv'
[1.554s] INFO:colcon.colcon_core.shell:Creating environment hook '/home/jprl/APS1/APS1/jota_ws1/install/robot_navigation/share/robot_navigation/hook/ament_prefix_path.sh'
[1.556s] INFO:colcon.colcon_core.shell:Skip shell extension 'powershell' for command environment: Not usable outside of PowerShell
[1.556s] DEBUG:colcon.colcon_core.shell:Skip shell extension 'dsv' for command environment
[2.720s] INFO:colcon.colcon_core.task.python.build:Building Python package in '/home/jprl/APS1/APS1/jota_ws1/src/robot_navigation'
[2.721s] INFO:colcon.colcon_core.shell:Skip shell extension 'powershell' for command environment: Not usable outside of PowerShell
[2.721s] DEBUG:colcon.colcon_core.shell:Skip shell extension 'dsv' for command environment
[4.333s] DEBUG:colcon.colcon_core.event_handler.log_command:Invoking command in '/home/jprl/APS1/APS1/jota_ws1/src/robot_navigation': CMAKE_PREFIX_PATH=/home/jprl/APS1/APS1/jota_ws1/install/custom_interfaces:/home/jprl/APS1/APS1/jota_ws1/install/robot_description PYTHONPATH=/home/jprl/APS1/APS1/jota_ws1/build/robot_navigation/prefix_override:/usr/lib/python3/dist-packages/colcon_core/task/python/colcon_distutils_commands:/home/jprl/APS1/APS1/jota_ws1/install/robot_navigation/lib/python3.8/site-packages:/home/jprl/APS1/APS1/jota_ws1/install/custom_interfaces/lib/python3.8/site-packages:/home/jprl/APS1/APS1/jota_ws1/install/robot_navigation/lib/python3.8/site-packages:/opt/ros/foxy/lib/python3.8/site-packages /usr/bin/python3 -W ignore:setup.py install is deprecated -W ignore:easy_install command is deprecated setup.py egg_info --egg-base ../../build/robot_navigation build --build-base /home/jprl/APS1/APS1/jota_ws1/build/robot_navigation/build install --record /home/jprl/APS1/APS1/jota_ws1/build/robot_navigation/install.log --install-scripts $base/lib/robot_navigation --single-version-externally-managed install_data
[5.084s] Level 1:colcon.colcon_core.environment:checking '/home/jprl/APS1/APS1/jota_ws1/install/robot_navigation' for CMake module files
[5.086s] DEBUG:colcon.colcon_core.event_handler.log_command:Invoked command in '/home/jprl/APS1/APS1/jota_ws1/src/robot_navigation' returned '0': CMAKE_PREFIX_PATH=/home/jprl/APS1/APS1/jota_ws1/install/custom_interfaces:/home/jprl/APS1/APS1/jota_ws1/install/robot_description PYTHONPATH=/home/jprl/APS1/APS1/jota_ws1/build/robot_navigation/prefix_override:/usr/lib/python3/dist-packages/colcon_core/task/python/colcon_distutils_commands:/home/jprl/APS1/APS1/jota_ws1/install/robot_navigation/lib/python3.8/site-packages:/home/jprl/APS1/APS1/jota_ws1/install/custom_interfaces/lib/python3.8/site-packages:/home/jprl/APS1/APS1/jota_ws1/install/robot_navigation/lib/python3.8/site-packages:/opt/ros/foxy/lib/python3.8/site-packages /usr/bin/python3 -W ignore:setup.py install is deprecated -W ignore:easy_install command is deprecated setup.py egg_info --egg-base ../../build/robot_navigation build --build-base /home/jprl/APS1/APS1/jota_ws1/build/robot_navigation/build install --record /home/jprl/APS1/APS1/jota_ws1/build/robot_navigation/install.log --install-scripts $base/lib/robot_navigation --single-version-externally-managed install_data
[5.088s] Level 1:colcon.colcon_core.environment:checking '/home/jprl/APS1/APS1/jota_ws1/install/robot_navigation' for CMake config files
[5.090s] Level 1:colcon.colcon_core.environment:checking '/home/jprl/APS1/APS1/jota_ws1/install/robot_navigation/lib'
[5.090s] Level 1:colcon.colcon_core.environment:checking '/home/jprl/APS1/APS1/jota_ws1/install/robot_navigation/bin'
[5.090s] Level 1:colcon.colcon_core.environment:checking '/home/jprl/APS1/APS1/jota_ws1/install/robot_navigation/lib/pkgconfig/robot_navigation.pc'
[5.091s] Level 1:colcon.colcon_core.environment:checking '/home/jprl/APS1/APS1/jota_ws1/install/robot_navigation/lib/python3.8/site-packages'
[5.091s] Level 1:colcon.colcon_core.shell:create_environment_hook('robot_navigation', 'pythonpath')
[5.092s] INFO:colcon.colcon_core.shell:Creating environment hook '/home/jprl/APS1/APS1/jota_ws1/install/robot_navigation/share/robot_navigation/hook/pythonpath.ps1'
[5.094s] INFO:colcon.colcon_core.shell:Creating environment descriptor '/home/jprl/APS1/APS1/jota_ws1/install/robot_navigation/share/robot_navigation/hook/pythonpath.dsv'
[5.096s] INFO:colcon.colcon_core.shell:Creating environment hook '/home/jprl/APS1/APS1/jota_ws1/install/robot_navigation/share/robot_navigation/hook/pythonpath.sh'
[5.099s] Level 1:colcon.colcon_core.environment:checking '/home/jprl/APS1/APS1/jota_ws1/install/robot_navigation/bin'
[5.099s] Level 1:colcon.colcon_core.environment:create_environment_scripts_only(robot_navigation)
[5.100s] INFO:colcon.colcon_core.shell:Creating package script '/home/jprl/APS1/APS1/jota_ws1/install/robot_navigation/share/robot_navigation/package.ps1'
[5.102s] INFO:colcon.colcon_core.shell:Creating package descriptor '/home/jprl/APS1/APS1/jota_ws1/install/robot_navigation/share/robot_navigation/package.dsv'
[5.103s] INFO:colcon.colcon_core.shell:Creating package script '/home/jprl/APS1/APS1/jota_ws1/install/robot_navigation/share/robot_navigation/package.sh'
[5.105s] INFO:colcon.colcon_core.shell:Creating package script '/home/jprl/APS1/APS1/jota_ws1/install/robot_navigation/share/robot_navigation/package.bash'
[5.107s] INFO:colcon.colcon_core.shell:Creating package script '/home/jprl/APS1/APS1/jota_ws1/install/robot_navigation/share/robot_navigation/package.zsh'
[5.108s] Level 1:colcon.colcon_core.environment:create_file_with_runtime_dependencies(/home/jprl/APS1/APS1/jota_ws1/install/robot_navigation/share/colcon-core/packages/robot_navigation)
[5.113s] DEBUG:colcon.colcon_parallel_executor.executor.parallel:closing loop
[5.114s] DEBUG:colcon.colcon_parallel_executor.executor.parallel:loop closed
[5.114s] DEBUG:colcon.colcon_parallel_executor.executor.parallel:run_until_complete finished with '0'
[5.115s] DEBUG:colcon.colcon_core.event_reactor:joining thread
[5.207s] INFO:colcon.colcon_core.plugin_system:Skipping extension 'colcon_notification.desktop_notification.notify_send': Could not find 'notify-send'
[5.208s] INFO:colcon.colcon_core.plugin_system:Skipping extension 'colcon_notification.desktop_notification.terminal_notifier': Not used on non-Darwin systems
[5.208s] INFO:colcon.colcon_core.plugin_system:Skipping extension 'colcon_notification.desktop_notification.win32': Not used on non-Windows systems
[5.208s] INFO:colcon.colcon_notification.desktop_notification:Sending desktop notification using 'notify2'
[5.210s] DEBUG:colcon.colcon_notification.desktop_notification.notify2:Failed to initialize notify2: org.freedesktop.DBus.Error.ServiceUnknown: The name org.freedesktop.Notifications was not provided by any .service files
[5.210s] DEBUG:colcon.colcon_core.event_reactor:joined thread
[5.211s] INFO:colcon.colcon_core.shell:Creating prefix script '/home/jprl/APS1/APS1/jota_ws1/install/local_setup.ps1'
[5.213s] INFO:colcon.colcon_core.shell:Creating prefix util module '/home/jprl/APS1/APS1/jota_ws1/install/_local_setup_util_ps1.py'
[5.215s] INFO:colcon.colcon_core.shell:Creating prefix chain script '/home/jprl/APS1/APS1/jota_ws1/install/setup.ps1'
[5.217s] INFO:colcon.colcon_core.shell:Creating prefix script '/home/jprl/APS1/APS1/jota_ws1/install/local_setup.sh'
[5.220s] INFO:colcon.colcon_core.shell:Creating prefix util module '/home/jprl/APS1/APS1/jota_ws1/install/_local_setup_util_sh.py'
[5.223s] INFO:colcon.colcon_core.shell:Creating prefix chain script '/home/jprl/APS1/APS1/jota_ws1/install/setup.sh'
[5.226s] INFO:colcon.colcon_core.shell:Creating prefix script '/home/jprl/APS1/APS1/jota_ws1/install/local_setup.bash'
[5.229s] INFO:colcon.colcon_core.shell:Creating prefix chain script '/home/jprl/APS1/APS1/jota_ws1/install/setup.bash'
[5.232s] INFO:colcon.colcon_core.shell:Creating prefix script '/home/jprl/APS1/APS1/jota_ws1/install/local_setup.zsh'
[5.233s] INFO:colcon.colcon_core.shell:Creating prefix chain script '/home/jprl/APS1/APS1/jota_ws1/install/setup.zsh'
