[3.138s] Invoking command in '/home/jprl/APS1/APS1/jota_ws1/src/rm_navigation': PYTHONPATH=/home/jprl/APS1/APS1/jota_ws1/build/rm_navigation/prefix_override:/usr/lib/python3/dist-packages/colcon_core/task/python/colcon_distutils_commands:/home/jprl/APS1/APS1/jota_ws1/install/rm_navigation/lib/python3.8/site-packages:${PYTHONPATH} /usr/bin/python3 -W ignore:setup.py install is deprecated -W ignore:easy_install command is deprecated setup.py egg_info --egg-base ../../build/rm_navigation build --build-base /home/jprl/APS1/APS1/jota_ws1/build/rm_navigation/build install --record /home/jprl/APS1/APS1/jota_ws1/build/rm_navigation/install.log --install-scripts $base/lib/rm_navigation --single-version-externally-managed install_data
[3.595s] running egg_info
[3.596s] writing ../../build/rm_navigation/rm_navigation.egg-info/PKG-INFO
[3.596s] writing dependency_links to ../../build/rm_navigation/rm_navigation.egg-info/dependency_links.txt
[3.597s] writing entry points to ../../build/rm_navigation/rm_navigation.egg-info/entry_points.txt
[3.598s] writing requirements to ../../build/rm_navigation/rm_navigation.egg-info/requires.txt
[3.598s] writing top-level names to ../../build/rm_navigation/rm_navigation.egg-info/top_level.txt
[3.684s] reading manifest file '../../build/rm_navigation/rm_navigation.egg-info/SOURCES.txt'
[3.687s] writing manifest file '../../build/rm_navigation/rm_navigation.egg-info/SOURCES.txt'
[3.687s] running build
[3.687s] running build_py
[3.688s] running install
[3.689s] running install_lib
[3.693s] running install_data
[3.693s] running install_egg_info
[3.697s] removing '/home/jprl/APS1/APS1/jota_ws1/install/rm_navigation/lib/python3.8/site-packages/rm_navigation-0.0.0-py3.8.egg-info' (and everything under it)
[3.699s] Copying ../../build/rm_navigation/rm_navigation.egg-info to /home/jprl/APS1/APS1/jota_ws1/install/rm_navigation/lib/python3.8/site-packages/rm_navigation-0.0.0-py3.8.egg-info
[3.701s] running install_scripts
[3.752s] Installing initial_pose_publisher script to /home/jprl/APS1/APS1/jota_ws1/install/rm_navigation/lib/rm_navigation
[3.752s] writing list of installed files to '/home/jprl/APS1/APS1/jota_ws1/build/rm_navigation/install.log'
[3.803s] Invoked command in '/home/jprl/APS1/APS1/jota_ws1/src/rm_navigation' returned '0': PYTHONPATH=/home/jprl/APS1/APS1/jota_ws1/build/rm_navigation/prefix_override:/usr/lib/python3/dist-packages/colcon_core/task/python/colcon_distutils_commands:/home/jprl/APS1/APS1/jota_ws1/install/rm_navigation/lib/python3.8/site-packages:${PYTHONPATH} /usr/bin/python3 -W ignore:setup.py install is deprecated -W ignore:easy_install command is deprecated setup.py egg_info --egg-base ../../build/rm_navigation build --build-base /home/jprl/APS1/APS1/jota_ws1/build/rm_navigation/build install --record /home/jprl/APS1/APS1/jota_ws1/build/rm_navigation/install.log --install-scripts $base/lib/rm_navigation --single-version-externally-managed install_data
