[3.261s] Invoking command in '/home/jprl/APS1/APS1/jota_ws1/src/waypoint_navigation_pkg': PYTHONPATH=/home/jprl/APS1/APS1/jota_ws1/build/waypoint_navigation_pkg/prefix_override:/usr/lib/python3/dist-packages/colcon_core/task/python/colcon_distutils_commands:/home/jprl/APS1/APS1/jota_ws1/install/waypoint_navigation_pkg/lib/python3.8/site-packages:${PYTHONPATH} /usr/bin/python3 -W ignore:setup.py install is deprecated -W ignore:easy_install command is deprecated setup.py egg_info --egg-base ../../build/waypoint_navigation_pkg build --build-base /home/jprl/APS1/APS1/jota_ws1/build/waypoint_navigation_pkg/build install --record /home/jprl/APS1/APS1/jota_ws1/build/waypoint_navigation_pkg/install.log --install-scripts $base/lib/waypoint_navigation_pkg --single-version-externally-managed install_data
[3.774s] running egg_info
[3.774s] writing ../../build/waypoint_navigation_pkg/waypoint_navigation_pkg.egg-info/PKG-INFO
[3.775s] writing dependency_links to ../../build/waypoint_navigation_pkg/waypoint_navigation_pkg.egg-info/dependency_links.txt
[3.776s] writing entry points to ../../build/waypoint_navigation_pkg/waypoint_navigation_pkg.egg-info/entry_points.txt
[3.776s] writing requirements to ../../build/waypoint_navigation_pkg/waypoint_navigation_pkg.egg-info/requires.txt
[3.776s] writing top-level names to ../../build/waypoint_navigation_pkg/waypoint_navigation_pkg.egg-info/top_level.txt
[3.850s] reading manifest file '../../build/waypoint_navigation_pkg/waypoint_navigation_pkg.egg-info/SOURCES.txt'
[3.852s] writing manifest file '../../build/waypoint_navigation_pkg/waypoint_navigation_pkg.egg-info/SOURCES.txt'
[3.853s] running build
[3.856s] running build_py
[3.860s] running install
[3.862s] running install_lib
[3.865s] running install_data
[3.866s] running install_egg_info
[3.870s] removing '/home/jprl/APS1/APS1/jota_ws1/install/waypoint_navigation_pkg/lib/python3.8/site-packages/waypoint_navigation_pkg-0.0.1-py3.8.egg-info' (and everything under it)
[3.871s] Copying ../../build/waypoint_navigation_pkg/waypoint_navigation_pkg.egg-info to /home/jprl/APS1/APS1/jota_ws1/install/waypoint_navigation_pkg/lib/python3.8/site-packages/waypoint_navigation_pkg-0.0.1-py3.8.egg-info
[3.874s] running install_scripts
[3.914s] Installing waypoint_publisher script to /home/jprl/APS1/APS1/jota_ws1/install/waypoint_navigation_pkg/lib/waypoint_navigation_pkg
[3.916s] writing list of installed files to '/home/jprl/APS1/APS1/jota_ws1/build/waypoint_navigation_pkg/install.log'
[4.012s] Invoked command in '/home/jprl/APS1/APS1/jota_ws1/src/waypoint_navigation_pkg' returned '0': PYTHONPATH=/home/jprl/APS1/APS1/jota_ws1/build/waypoint_navigation_pkg/prefix_override:/usr/lib/python3/dist-packages/colcon_core/task/python/colcon_distutils_commands:/home/jprl/APS1/APS1/jota_ws1/install/waypoint_navigation_pkg/lib/python3.8/site-packages:${PYTHONPATH} /usr/bin/python3 -W ignore:setup.py install is deprecated -W ignore:easy_install command is deprecated setup.py egg_info --egg-base ../../build/waypoint_navigation_pkg build --build-base /home/jprl/APS1/APS1/jota_ws1/build/waypoint_navigation_pkg/build install --record /home/jprl/APS1/APS1/jota_ws1/build/waypoint_navigation_pkg/install.log --install-scripts $base/lib/waypoint_navigation_pkg --single-version-externally-managed install_data
