[0.362s] DEBUG:colcon:Command line arguments: ['/usr/bin/colcon', 'build']
[0.362s] DEBUG:colcon:Parsed command line arguments: Namespace(allow_overriding=[], ament_cmake_args=None, base_paths=['.'], build_base='build', catkin_cmake_args=None, catkin_skip_building_tests=False, cmake_args=None, cmake_clean_cache=False, cmake_clean_first=False, cmake_force_configure=False, cmake_target=None, cmake_target_skip_unavailable=False, continue_on_error=False, event_handlers=None, executor='parallel', ignore_user_meta=False, install_base='install', log_base=None, log_level=None, main=<bound method BuildVerb.main of <colcon_core.verb.build.BuildVerb object at 0x7f2c42766070>>, merge_install=False, metas=['./colcon.meta'], mixin=None, mixin_files=None, mixin_verb=('build',), packages_above=None, packages_above_and_dependencies=None, packages_above_depth=None, packages_end=None, packages_ignore=None, packages_ignore_regex=None, packages_select=None, packages_select_build_failed=False, packages_select_by_dep=None, packages_select_regex=None, packages_select_test_failures=False, packages_skip=None, packages_skip_build_finished=False, packages_skip_by_dep=None, packages_skip_regex=None, packages_skip_test_passed=False, packages_skip_up_to=None, packages_start=None, packages_up_to=None, packages_up_to_regex=None, parallel_workers=12, paths=None, symlink_install=False, test_result_base=None, verb_extension=<colcon_core.verb.build.BuildVerb object at 0x7f2c42766070>, verb_name='build', verb_parser=<colcon_mixin.mixin.mixin_argument.MixinArgumentDecorator object at 0x7f2c427667f0>)
[0.531s] Level 1:colcon.colcon_core.package_discovery:discover_packages(colcon_meta) check parameters
[0.532s] Level 1:colcon.colcon_core.package_discovery:discover_packages(recursive) check parameters
[0.532s] Level 1:colcon.colcon_core.package_discovery:discover_packages(ignore) check parameters
[0.532s] Level 1:colcon.colcon_core.package_discovery:discover_packages(path) check parameters
[0.532s] Level 1:colcon.colcon_core.package_discovery:discover_packages(colcon_meta) discover
[0.532s] Level 1:colcon.colcon_core.package_discovery:discover_packages(recursive) discover
[0.532s] INFO:colcon.colcon_core.package_discovery:Crawling recursively for packages in '/home/jprl/APS1/APS1/jota_ws1'
[0.532s] Level 1:colcon.colcon_core.package_identification:_identify(.) by extensions ['ignore', 'ignore_ament_install']
[0.532s] Level 1:colcon.colcon_core.package_identification:_identify(.) by extension 'ignore'
[0.532s] Level 1:colcon.colcon_core.package_identification:_identify(.) by extension 'ignore_ament_install'
[0.532s] Level 1:colcon.colcon_core.package_identification:_identify(.) by extensions ['colcon_pkg']
[0.532s] Level 1:colcon.colcon_core.package_identification:_identify(.) by extension 'colcon_pkg'
[0.532s] Level 1:colcon.colcon_core.package_identification:_identify(.) by extensions ['colcon_meta']
[0.532s] Level 1:colcon.colcon_core.package_identification:_identify(.) by extension 'colcon_meta'
[0.532s] Level 1:colcon.colcon_core.package_identification:_identify(.) by extensions ['ros']
[0.532s] Level 1:colcon.colcon_core.package_identification:_identify(.) by extension 'ros'
[0.546s] Level 1:colcon.colcon_core.package_identification:_identify(.) by extensions ['cmake', 'python']
[0.546s] Level 1:colcon.colcon_core.package_identification:_identify(.) by extension 'cmake'
[0.546s] Level 1:colcon.colcon_core.package_identification:_identify(.) by extension 'python'
[0.547s] Level 1:colcon.colcon_core.package_identification:_identify(.) by extensions ['python_setup_py']
[0.547s] Level 1:colcon.colcon_core.package_identification:_identify(.) by extension 'python_setup_py'
[0.547s] Level 1:colcon.colcon_core.package_identification:_identify(build) by extensions ['ignore', 'ignore_ament_install']
[0.547s] Level 1:colcon.colcon_core.package_identification:_identify(build) by extension 'ignore'
[0.547s] Level 1:colcon.colcon_core.package_identification:_identify(build) ignored
[0.547s] Level 1:colcon.colcon_core.package_identification:_identify(install) by extensions ['ignore', 'ignore_ament_install']
[0.547s] Level 1:colcon.colcon_core.package_identification:_identify(install) by extension 'ignore'
[0.547s] Level 1:colcon.colcon_core.package_identification:_identify(install) ignored
[0.547s] Level 1:colcon.colcon_core.package_identification:_identify(log) by extensions ['ignore', 'ignore_ament_install']
[0.547s] Level 1:colcon.colcon_core.package_identification:_identify(log) by extension 'ignore'
[0.547s] Level 1:colcon.colcon_core.package_identification:_identify(log) ignored
[0.548s] Level 1:colcon.colcon_core.package_identification:_identify(src) by extensions ['ignore', 'ignore_ament_install']
[0.548s] Level 1:colcon.colcon_core.package_identification:_identify(src) by extension 'ignore'
[0.548s] Level 1:colcon.colcon_core.package_identification:_identify(src) by extension 'ignore_ament_install'
[0.548s] Level 1:colcon.colcon_core.package_identification:_identify(src) by extensions ['colcon_pkg']
[0.548s] Level 1:colcon.colcon_core.package_identification:_identify(src) by extension 'colcon_pkg'
[0.548s] Level 1:colcon.colcon_core.package_identification:_identify(src) by extensions ['colcon_meta']
[0.548s] Level 1:colcon.colcon_core.package_identification:_identify(src) by extension 'colcon_meta'
[0.548s] Level 1:colcon.colcon_core.package_identification:_identify(src) by extensions ['ros']
[0.548s] Level 1:colcon.colcon_core.package_identification:_identify(src) by extension 'ros'
[0.548s] Level 1:colcon.colcon_core.package_identification:_identify(src) by extensions ['cmake', 'python']
[0.548s] Level 1:colcon.colcon_core.package_identification:_identify(src) by extension 'cmake'
[0.548s] Level 1:colcon.colcon_core.package_identification:_identify(src) by extension 'python'
[0.548s] Level 1:colcon.colcon_core.package_identification:_identify(src) by extensions ['python_setup_py']
[0.548s] Level 1:colcon.colcon_core.package_identification:_identify(src) by extension 'python_setup_py'
[0.548s] Level 1:colcon.colcon_core.package_identification:_identify(src/custom_interfaces) by extensions ['ignore', 'ignore_ament_install']
[0.548s] Level 1:colcon.colcon_core.package_identification:_identify(src/custom_interfaces) by extension 'ignore'
[0.548s] Level 1:colcon.colcon_core.package_identification:_identify(src/custom_interfaces) by extension 'ignore_ament_install'
[0.549s] Level 1:colcon.colcon_core.package_identification:_identify(src/custom_interfaces) by extensions ['colcon_pkg']
[0.549s] Level 1:colcon.colcon_core.package_identification:_identify(src/custom_interfaces) by extension 'colcon_pkg'
[0.549s] Level 1:colcon.colcon_core.package_identification:_identify(src/custom_interfaces) by extensions ['colcon_meta']
[0.549s] Level 1:colcon.colcon_core.package_identification:_identify(src/custom_interfaces) by extension 'colcon_meta'
[0.549s] Level 1:colcon.colcon_core.package_identification:_identify(src/custom_interfaces) by extensions ['ros']
[0.549s] Level 1:colcon.colcon_core.package_identification:_identify(src/custom_interfaces) by extension 'ros'
[0.553s] DEBUG:colcon.colcon_core.package_identification:Package 'src/custom_interfaces' with type 'ros.ament_cmake' and name 'custom_interfaces'
[0.553s] Level 1:colcon.colcon_core.package_identification:_identify(src/rm_localization) by extensions ['ignore', 'ignore_ament_install']
[0.553s] Level 1:colcon.colcon_core.package_identification:_identify(src/rm_localization) by extension 'ignore'
[0.553s] Level 1:colcon.colcon_core.package_identification:_identify(src/rm_localization) by extension 'ignore_ament_install'
[0.554s] Level 1:colcon.colcon_core.package_identification:_identify(src/rm_localization) by extensions ['colcon_pkg']
[0.554s] Level 1:colcon.colcon_core.package_identification:_identify(src/rm_localization) by extension 'colcon_pkg'
[0.554s] Level 1:colcon.colcon_core.package_identification:_identify(src/rm_localization) by extensions ['colcon_meta']
[0.554s] Level 1:colcon.colcon_core.package_identification:_identify(src/rm_localization) by extension 'colcon_meta'
[0.554s] Level 1:colcon.colcon_core.package_identification:_identify(src/rm_localization) by extensions ['ros']
[0.554s] Level 1:colcon.colcon_core.package_identification:_identify(src/rm_localization) by extension 'ros'
[0.555s] DEBUG:colcon.colcon_core.package_identification:Package 'src/rm_localization' with type 'ros.ament_python' and name 'rm_localization'
[0.555s] Level 1:colcon.colcon_core.package_identification:_identify(src/rm_navigation) by extensions ['ignore', 'ignore_ament_install']
[0.555s] Level 1:colcon.colcon_core.package_identification:_identify(src/rm_navigation) by extension 'ignore'
[0.555s] Level 1:colcon.colcon_core.package_identification:_identify(src/rm_navigation) by extension 'ignore_ament_install'
[0.555s] Level 1:colcon.colcon_core.package_identification:_identify(src/rm_navigation) by extensions ['colcon_pkg']
[0.555s] Level 1:colcon.colcon_core.package_identification:_identify(src/rm_navigation) by extension 'colcon_pkg'
[0.555s] Level 1:colcon.colcon_core.package_identification:_identify(src/rm_navigation) by extensions ['colcon_meta']
[0.555s] Level 1:colcon.colcon_core.package_identification:_identify(src/rm_navigation) by extension 'colcon_meta'
[0.555s] Level 1:colcon.colcon_core.package_identification:_identify(src/rm_navigation) by extensions ['ros']
[0.555s] Level 1:colcon.colcon_core.package_identification:_identify(src/rm_navigation) by extension 'ros'
[0.556s] DEBUG:colcon.colcon_core.package_identification:Package 'src/rm_navigation' with type 'ros.ament_python' and name 'rm_navigation'
[0.556s] Level 1:colcon.colcon_core.package_identification:_identify(src/rm_navigator) by extensions ['ignore', 'ignore_ament_install']
[0.557s] Level 1:colcon.colcon_core.package_identification:_identify(src/rm_navigator) by extension 'ignore'
[0.557s] Level 1:colcon.colcon_core.package_identification:_identify(src/rm_navigator) by extension 'ignore_ament_install'
[0.557s] Level 1:colcon.colcon_core.package_identification:_identify(src/rm_navigator) by extensions ['colcon_pkg']
[0.557s] Level 1:colcon.colcon_core.package_identification:_identify(src/rm_navigator) by extension 'colcon_pkg'
[0.557s] Level 1:colcon.colcon_core.package_identification:_identify(src/rm_navigator) by extensions ['colcon_meta']
[0.557s] Level 1:colcon.colcon_core.package_identification:_identify(src/rm_navigator) by extension 'colcon_meta'
[0.557s] Level 1:colcon.colcon_core.package_identification:_identify(src/rm_navigator) by extensions ['ros']
[0.557s] Level 1:colcon.colcon_core.package_identification:_identify(src/rm_navigator) by extension 'ros'
[0.558s] DEBUG:colcon.colcon_core.package_identification:Package 'src/rm_navigator' with type 'ros.ament_python' and name 'rm_navigator'
[0.558s] Level 1:colcon.colcon_core.package_identification:_identify(src/rm_slam) by extensions ['ignore', 'ignore_ament_install']
[0.558s] Level 1:colcon.colcon_core.package_identification:_identify(src/rm_slam) by extension 'ignore'
[0.558s] Level 1:colcon.colcon_core.package_identification:_identify(src/rm_slam) by extension 'ignore_ament_install'
[0.558s] Level 1:colcon.colcon_core.package_identification:_identify(src/rm_slam) by extensions ['colcon_pkg']
[0.558s] Level 1:colcon.colcon_core.package_identification:_identify(src/rm_slam) by extension 'colcon_pkg'
[0.558s] Level 1:colcon.colcon_core.package_identification:_identify(src/rm_slam) by extensions ['colcon_meta']
[0.558s] Level 1:colcon.colcon_core.package_identification:_identify(src/rm_slam) by extension 'colcon_meta'
[0.558s] Level 1:colcon.colcon_core.package_identification:_identify(src/rm_slam) by extensions ['ros']
[0.558s] Level 1:colcon.colcon_core.package_identification:_identify(src/rm_slam) by extension 'ros'
[0.559s] DEBUG:colcon.colcon_core.package_identification:Package 'src/rm_slam' with type 'ros.ament_python' and name 'rm_slam'
[0.560s] Level 1:colcon.colcon_core.package_identification:_identify(src/robot_description) by extensions ['ignore', 'ignore_ament_install']
[0.560s] Level 1:colcon.colcon_core.package_identification:_identify(src/robot_description) by extension 'ignore'
[0.560s] Level 1:colcon.colcon_core.package_identification:_identify(src/robot_description) by extension 'ignore_ament_install'
[0.560s] Level 1:colcon.colcon_core.package_identification:_identify(src/robot_description) by extensions ['colcon_pkg']
[0.560s] Level 1:colcon.colcon_core.package_identification:_identify(src/robot_description) by extension 'colcon_pkg'
[0.560s] Level 1:colcon.colcon_core.package_identification:_identify(src/robot_description) by extensions ['colcon_meta']
[0.560s] Level 1:colcon.colcon_core.package_identification:_identify(src/robot_description) by extension 'colcon_meta'
[0.560s] Level 1:colcon.colcon_core.package_identification:_identify(src/robot_description) by extensions ['ros']
[0.560s] Level 1:colcon.colcon_core.package_identification:_identify(src/robot_description) by extension 'ros'
[0.561s] DEBUG:colcon.colcon_core.package_identification:Package 'src/robot_description' with type 'ros.ament_cmake' and name 'robot_description'
[0.561s] Level 1:colcon.colcon_core.package_identification:_identify(src/robot_navigation) by extensions ['ignore', 'ignore_ament_install']
[0.562s] Level 1:colcon.colcon_core.package_identification:_identify(src/robot_navigation) by extension 'ignore'
[0.562s] Level 1:colcon.colcon_core.package_identification:_identify(src/robot_navigation) by extension 'ignore_ament_install'
[0.562s] Level 1:colcon.colcon_core.package_identification:_identify(src/robot_navigation) by extensions ['colcon_pkg']
[0.562s] Level 1:colcon.colcon_core.package_identification:_identify(src/robot_navigation) by extension 'colcon_pkg'
[0.562s] Level 1:colcon.colcon_core.package_identification:_identify(src/robot_navigation) by extensions ['colcon_meta']
[0.562s] Level 1:colcon.colcon_core.package_identification:_identify(src/robot_navigation) by extension 'colcon_meta'
[0.562s] Level 1:colcon.colcon_core.package_identification:_identify(src/robot_navigation) by extensions ['ros']
[0.562s] Level 1:colcon.colcon_core.package_identification:_identify(src/robot_navigation) by extension 'ros'
[0.564s] DEBUG:colcon.colcon_core.package_identification:Package 'src/robot_navigation' with type 'ros.ament_python' and name 'robot_navigation'
[0.564s] Level 1:colcon.colcon_core.package_identification:_identify(teste) by extensions ['ignore', 'ignore_ament_install']
[0.564s] Level 1:colcon.colcon_core.package_identification:_identify(teste) by extension 'ignore'
[0.564s] Level 1:colcon.colcon_core.package_identification:_identify(teste) by extension 'ignore_ament_install'
[0.564s] Level 1:colcon.colcon_core.package_identification:_identify(teste) by extensions ['colcon_pkg']
[0.564s] Level 1:colcon.colcon_core.package_identification:_identify(teste) by extension 'colcon_pkg'
[0.564s] Level 1:colcon.colcon_core.package_identification:_identify(teste) by extensions ['colcon_meta']
[0.564s] Level 1:colcon.colcon_core.package_identification:_identify(teste) by extension 'colcon_meta'
[0.564s] Level 1:colcon.colcon_core.package_identification:_identify(teste) by extensions ['ros']
[0.564s] Level 1:colcon.colcon_core.package_identification:_identify(teste) by extension 'ros'
[0.564s] Level 1:colcon.colcon_core.package_identification:_identify(teste) by extensions ['cmake', 'python']
[0.564s] Level 1:colcon.colcon_core.package_identification:_identify(teste) by extension 'cmake'
[0.564s] Level 1:colcon.colcon_core.package_identification:_identify(teste) by extension 'python'
[0.564s] Level 1:colcon.colcon_core.package_identification:_identify(teste) by extensions ['python_setup_py']
[0.564s] Level 1:colcon.colcon_core.package_identification:_identify(teste) by extension 'python_setup_py'
[0.565s] Level 1:colcon.colcon_core.package_discovery:discover_packages(recursive) using defaults
[0.565s] Level 1:colcon.colcon_core.package_discovery:discover_packages(ignore) discover
[0.565s] Level 1:colcon.colcon_core.package_discovery:discover_packages(ignore) using defaults
[0.565s] Level 1:colcon.colcon_core.package_discovery:discover_packages(path) discover
[0.565s] Level 1:colcon.colcon_core.package_discovery:discover_packages(path) using defaults
[0.598s] Level 1:colcon.colcon_core.package_discovery:discover_packages(prefix_path) check parameters
[0.598s] Level 1:colcon.colcon_core.package_discovery:discover_packages(prefix_path) discover
[0.603s] DEBUG:colcon.colcon_installed_package_information.package_discovery:Found 375 installed packages in /opt/ros/foxy
[0.605s] Level 1:colcon.colcon_core.package_discovery:discover_packages(prefix_path) using defaults
[0.707s] Level 5:colcon.colcon_core.verb:set package 'custom_interfaces' build argument 'cmake_args' from command line to 'None'
[0.707s] Level 5:colcon.colcon_core.verb:set package 'custom_interfaces' build argument 'cmake_target' from command line to 'None'
[0.707s] Level 5:colcon.colcon_core.verb:set package 'custom_interfaces' build argument 'cmake_target_skip_unavailable' from command line to 'False'
[0.707s] Level 5:colcon.colcon_core.verb:set package 'custom_interfaces' build argument 'cmake_clean_cache' from command line to 'False'
[0.707s] Level 5:colcon.colcon_core.verb:set package 'custom_interfaces' build argument 'cmake_clean_first' from command line to 'False'
[0.707s] Level 5:colcon.colcon_core.verb:set package 'custom_interfaces' build argument 'cmake_force_configure' from command line to 'False'
[0.707s] Level 5:colcon.colcon_core.verb:set package 'custom_interfaces' build argument 'ament_cmake_args' from command line to 'None'
[0.707s] Level 5:colcon.colcon_core.verb:set package 'custom_interfaces' build argument 'catkin_cmake_args' from command line to 'None'
[0.707s] Level 5:colcon.colcon_core.verb:set package 'custom_interfaces' build argument 'catkin_skip_building_tests' from command line to 'False'
[0.708s] DEBUG:colcon.colcon_core.verb:Building package 'custom_interfaces' with the following arguments: {'ament_cmake_args': None, 'build_base': '/home/jprl/APS1/APS1/jota_ws1/build/custom_interfaces', 'catkin_cmake_args': None, 'catkin_skip_building_tests': False, 'cmake_args': None, 'cmake_clean_cache': False, 'cmake_clean_first': False, 'cmake_force_configure': False, 'cmake_target': None, 'cmake_target_skip_unavailable': False, 'install_base': '/home/jprl/APS1/APS1/jota_ws1/install/custom_interfaces', 'merge_install': False, 'path': '/home/jprl/APS1/APS1/jota_ws1/src/custom_interfaces', 'symlink_install': False, 'test_result_base': None}
[0.708s] Level 5:colcon.colcon_core.verb:set package 'rm_localization' build argument 'cmake_args' from command line to 'None'
[0.708s] Level 5:colcon.colcon_core.verb:set package 'rm_localization' build argument 'cmake_target' from command line to 'None'
[0.708s] Level 5:colcon.colcon_core.verb:set package 'rm_localization' build argument 'cmake_target_skip_unavailable' from command line to 'False'
[0.708s] Level 5:colcon.colcon_core.verb:set package 'rm_localization' build argument 'cmake_clean_cache' from command line to 'False'
[0.708s] Level 5:colcon.colcon_core.verb:set package 'rm_localization' build argument 'cmake_clean_first' from command line to 'False'
[0.708s] Level 5:colcon.colcon_core.verb:set package 'rm_localization' build argument 'cmake_force_configure' from command line to 'False'
[0.708s] Level 5:colcon.colcon_core.verb:set package 'rm_localization' build argument 'ament_cmake_args' from command line to 'None'
[0.708s] Level 5:colcon.colcon_core.verb:set package 'rm_localization' build argument 'catkin_cmake_args' from command line to 'None'
[0.708s] Level 5:colcon.colcon_core.verb:set package 'rm_localization' build argument 'catkin_skip_building_tests' from command line to 'False'
[0.708s] DEBUG:colcon.colcon_core.verb:Building package 'rm_localization' with the following arguments: {'ament_cmake_args': None, 'build_base': '/home/jprl/APS1/APS1/jota_ws1/build/rm_localization', 'catkin_cmake_args': None, 'catkin_skip_building_tests': False, 'cmake_args': None, 'cmake_clean_cache': False, 'cmake_clean_first': False, 'cmake_force_configure': False, 'cmake_target': None, 'cmake_target_skip_unavailable': False, 'install_base': '/home/jprl/APS1/APS1/jota_ws1/install/rm_localization', 'merge_install': False, 'path': '/home/jprl/APS1/APS1/jota_ws1/src/rm_localization', 'symlink_install': False, 'test_result_base': None}
[0.708s] Level 5:colcon.colcon_core.verb:set package 'rm_navigation' build argument 'cmake_args' from command line to 'None'
[0.709s] Level 5:colcon.colcon_core.verb:set package 'rm_navigation' build argument 'cmake_target' from command line to 'None'
[0.709s] Level 5:colcon.colcon_core.verb:set package 'rm_navigation' build argument 'cmake_target_skip_unavailable' from command line to 'False'
[0.709s] Level 5:colcon.colcon_core.verb:set package 'rm_navigation' build argument 'cmake_clean_cache' from command line to 'False'
[0.709s] Level 5:colcon.colcon_core.verb:set package 'rm_navigation' build argument 'cmake_clean_first' from command line to 'False'
[0.709s] Level 5:colcon.colcon_core.verb:set package 'rm_navigation' build argument 'cmake_force_configure' from command line to 'False'
[0.709s] Level 5:colcon.colcon_core.verb:set package 'rm_navigation' build argument 'ament_cmake_args' from command line to 'None'
[0.709s] Level 5:colcon.colcon_core.verb:set package 'rm_navigation' build argument 'catkin_cmake_args' from command line to 'None'
[0.709s] Level 5:colcon.colcon_core.verb:set package 'rm_navigation' build argument 'catkin_skip_building_tests' from command line to 'False'
[0.709s] DEBUG:colcon.colcon_core.verb:Building package 'rm_navigation' with the following arguments: {'ament_cmake_args': None, 'build_base': '/home/jprl/APS1/APS1/jota_ws1/build/rm_navigation', 'catkin_cmake_args': None, 'catkin_skip_building_tests': False, 'cmake_args': None, 'cmake_clean_cache': False, 'cmake_clean_first': False, 'cmake_force_configure': False, 'cmake_target': None, 'cmake_target_skip_unavailable': False, 'install_base': '/home/jprl/APS1/APS1/jota_ws1/install/rm_navigation', 'merge_install': False, 'path': '/home/jprl/APS1/APS1/jota_ws1/src/rm_navigation', 'symlink_install': False, 'test_result_base': None}
[0.709s] Level 5:colcon.colcon_core.verb:set package 'rm_navigator' build argument 'cmake_args' from command line to 'None'
[0.709s] Level 5:colcon.colcon_core.verb:set package 'rm_navigator' build argument 'cmake_target' from command line to 'None'
[0.709s] Level 5:colcon.colcon_core.verb:set package 'rm_navigator' build argument 'cmake_target_skip_unavailable' from command line to 'False'
[0.709s] Level 5:colcon.colcon_core.verb:set package 'rm_navigator' build argument 'cmake_clean_cache' from command line to 'False'
[0.709s] Level 5:colcon.colcon_core.verb:set package 'rm_navigator' build argument 'cmake_clean_first' from command line to 'False'
[0.709s] Level 5:colcon.colcon_core.verb:set package 'rm_navigator' build argument 'cmake_force_configure' from command line to 'False'
[0.709s] Level 5:colcon.colcon_core.verb:set package 'rm_navigator' build argument 'ament_cmake_args' from command line to 'None'
[0.709s] Level 5:colcon.colcon_core.verb:set package 'rm_navigator' build argument 'catkin_cmake_args' from command line to 'None'
[0.709s] Level 5:colcon.colcon_core.verb:set package 'rm_navigator' build argument 'catkin_skip_building_tests' from command line to 'False'
[0.709s] DEBUG:colcon.colcon_core.verb:Building package 'rm_navigator' with the following arguments: {'ament_cmake_args': None, 'build_base': '/home/jprl/APS1/APS1/jota_ws1/build/rm_navigator', 'catkin_cmake_args': None, 'catkin_skip_building_tests': False, 'cmake_args': None, 'cmake_clean_cache': False, 'cmake_clean_first': False, 'cmake_force_configure': False, 'cmake_target': None, 'cmake_target_skip_unavailable': False, 'install_base': '/home/jprl/APS1/APS1/jota_ws1/install/rm_navigator', 'merge_install': False, 'path': '/home/jprl/APS1/APS1/jota_ws1/src/rm_navigator', 'symlink_install': False, 'test_result_base': None}
[0.710s] Level 5:colcon.colcon_core.verb:set package 'rm_slam' build argument 'cmake_args' from command line to 'None'
[0.710s] Level 5:colcon.colcon_core.verb:set package 'rm_slam' build argument 'cmake_target' from command line to 'None'
[0.710s] Level 5:colcon.colcon_core.verb:set package 'rm_slam' build argument 'cmake_target_skip_unavailable' from command line to 'False'
[0.710s] Level 5:colcon.colcon_core.verb:set package 'rm_slam' build argument 'cmake_clean_cache' from command line to 'False'
[0.710s] Level 5:colcon.colcon_core.verb:set package 'rm_slam' build argument 'cmake_clean_first' from command line to 'False'
[0.710s] Level 5:colcon.colcon_core.verb:set package 'rm_slam' build argument 'cmake_force_configure' from command line to 'False'
[0.710s] Level 5:colcon.colcon_core.verb:set package 'rm_slam' build argument 'ament_cmake_args' from command line to 'None'
[0.710s] Level 5:colcon.colcon_core.verb:set package 'rm_slam' build argument 'catkin_cmake_args' from command line to 'None'
[0.710s] Level 5:colcon.colcon_core.verb:set package 'rm_slam' build argument 'catkin_skip_building_tests' from command line to 'False'
[0.710s] DEBUG:colcon.colcon_core.verb:Building package 'rm_slam' with the following arguments: {'ament_cmake_args': None, 'build_base': '/home/jprl/APS1/APS1/jota_ws1/build/rm_slam', 'catkin_cmake_args': None, 'catkin_skip_building_tests': False, 'cmake_args': None, 'cmake_clean_cache': False, 'cmake_clean_first': False, 'cmake_force_configure': False, 'cmake_target': None, 'cmake_target_skip_unavailable': False, 'install_base': '/home/jprl/APS1/APS1/jota_ws1/install/rm_slam', 'merge_install': False, 'path': '/home/jprl/APS1/APS1/jota_ws1/src/rm_slam', 'symlink_install': False, 'test_result_base': None}
[0.710s] Level 5:colcon.colcon_core.verb:set package 'robot_description' build argument 'cmake_args' from command line to 'None'
[0.710s] Level 5:colcon.colcon_core.verb:set package 'robot_description' build argument 'cmake_target' from command line to 'None'
[0.710s] Level 5:colcon.colcon_core.verb:set package 'robot_description' build argument 'cmake_target_skip_unavailable' from command line to 'False'
[0.710s] Level 5:colcon.colcon_core.verb:set package 'robot_description' build argument 'cmake_clean_cache' from command line to 'False'
[0.711s] Level 5:colcon.colcon_core.verb:set package 'robot_description' build argument 'cmake_clean_first' from command line to 'False'
[0.711s] Level 5:colcon.colcon_core.verb:set package 'robot_description' build argument 'cmake_force_configure' from command line to 'False'
[0.711s] Level 5:colcon.colcon_core.verb:set package 'robot_description' build argument 'ament_cmake_args' from command line to 'None'
[0.711s] Level 5:colcon.colcon_core.verb:set package 'robot_description' build argument 'catkin_cmake_args' from command line to 'None'
[0.711s] Level 5:colcon.colcon_core.verb:set package 'robot_description' build argument 'catkin_skip_building_tests' from command line to 'False'
[0.711s] DEBUG:colcon.colcon_core.verb:Building package 'robot_description' with the following arguments: {'ament_cmake_args': None, 'build_base': '/home/jprl/APS1/APS1/jota_ws1/build/robot_description', 'catkin_cmake_args': None, 'catkin_skip_building_tests': False, 'cmake_args': None, 'cmake_clean_cache': False, 'cmake_clean_first': False, 'cmake_force_configure': False, 'cmake_target': None, 'cmake_target_skip_unavailable': False, 'install_base': '/home/jprl/APS1/APS1/jota_ws1/install/robot_description', 'merge_install': False, 'path': '/home/jprl/APS1/APS1/jota_ws1/src/robot_description', 'symlink_install': False, 'test_result_base': None}
[0.711s] Level 5:colcon.colcon_core.verb:set package 'robot_navigation' build argument 'cmake_args' from command line to 'None'
[0.711s] Level 5:colcon.colcon_core.verb:set package 'robot_navigation' build argument 'cmake_target' from command line to 'None'
[0.711s] Level 5:colcon.colcon_core.verb:set package 'robot_navigation' build argument 'cmake_target_skip_unavailable' from command line to 'False'
[0.711s] Level 5:colcon.colcon_core.verb:set package 'robot_navigation' build argument 'cmake_clean_cache' from command line to 'False'
[0.711s] Level 5:colcon.colcon_core.verb:set package 'robot_navigation' build argument 'cmake_clean_first' from command line to 'False'
[0.711s] Level 5:colcon.colcon_core.verb:set package 'robot_navigation' build argument 'cmake_force_configure' from command line to 'False'
[0.711s] Level 5:colcon.colcon_core.verb:set package 'robot_navigation' build argument 'ament_cmake_args' from command line to 'None'
[0.711s] Level 5:colcon.colcon_core.verb:set package 'robot_navigation' build argument 'catkin_cmake_args' from command line to 'None'
[0.711s] Level 5:colcon.colcon_core.verb:set package 'robot_navigation' build argument 'catkin_skip_building_tests' from command line to 'False'
[0.711s] DEBUG:colcon.colcon_core.verb:Building package 'robot_navigation' with the following arguments: {'ament_cmake_args': None, 'build_base': '/home/jprl/APS1/APS1/jota_ws1/build/robot_navigation', 'catkin_cmake_args': None, 'catkin_skip_building_tests': False, 'cmake_args': None, 'cmake_clean_cache': False, 'cmake_clean_first': False, 'cmake_force_configure': False, 'cmake_target': None, 'cmake_target_skip_unavailable': False, 'install_base': '/home/jprl/APS1/APS1/jota_ws1/install/robot_navigation', 'merge_install': False, 'path': '/home/jprl/APS1/APS1/jota_ws1/src/robot_navigation', 'symlink_install': False, 'test_result_base': None}
[0.711s] INFO:colcon.colcon_core.executor:Executing jobs using 'parallel' executor
[0.712s] DEBUG:colcon.colcon_parallel_executor.executor.parallel:run_until_complete
[0.713s] INFO:colcon.colcon_ros.task.ament_cmake.build:Building ROS package in '/home/jprl/APS1/APS1/jota_ws1/src/custom_interfaces' with build type 'ament_cmake'
[0.713s] INFO:colcon.colcon_cmake.task.cmake.build:Building CMake package in '/home/jprl/APS1/APS1/jota_ws1/src/custom_interfaces'
[0.720s] INFO:colcon.colcon_core.plugin_system:Skipping extension 'colcon_core.shell.bat': Not used on non-Windows systems
[0.720s] INFO:colcon.colcon_core.shell:Skip shell extension 'powershell' for command environment: Not usable outside of PowerShell
[0.720s] DEBUG:colcon.colcon_core.shell:Skip shell extension 'dsv' for command environment
[0.725s] INFO:colcon.colcon_ros.task.ament_python.build:Building ROS package in '/home/jprl/APS1/APS1/jota_ws1/src/rm_localization' with build type 'ament_python'
[0.726s] Level 1:colcon.colcon_core.shell:create_environment_hook('rm_localization', 'ament_prefix_path')
[0.727s] INFO:colcon.colcon_core.shell:Creating environment hook '/home/jprl/APS1/APS1/jota_ws1/install/rm_localization/share/rm_localization/hook/ament_prefix_path.ps1'
[0.729s] INFO:colcon.colcon_core.shell:Creating environment descriptor '/home/jprl/APS1/APS1/jota_ws1/install/rm_localization/share/rm_localization/hook/ament_prefix_path.dsv'
[0.730s] INFO:colcon.colcon_core.shell:Creating environment hook '/home/jprl/APS1/APS1/jota_ws1/install/rm_localization/share/rm_localization/hook/ament_prefix_path.sh'
[0.732s] INFO:colcon.colcon_core.shell:Skip shell extension 'powershell' for command environment: Not usable outside of PowerShell
[0.732s] DEBUG:colcon.colcon_core.shell:Skip shell extension 'dsv' for command environment
[0.738s] INFO:colcon.colcon_ros.task.ament_python.build:Building ROS package in '/home/jprl/APS1/APS1/jota_ws1/src/rm_navigation' with build type 'ament_python'
[0.739s] Level 1:colcon.colcon_core.shell:create_environment_hook('rm_navigation', 'ament_prefix_path')
[0.739s] INFO:colcon.colcon_core.shell:Creating environment hook '/home/jprl/APS1/APS1/jota_ws1/install/rm_navigation/share/rm_navigation/hook/ament_prefix_path.ps1'
[0.740s] INFO:colcon.colcon_core.shell:Creating environment descriptor '/home/jprl/APS1/APS1/jota_ws1/install/rm_navigation/share/rm_navigation/hook/ament_prefix_path.dsv'
[0.741s] INFO:colcon.colcon_core.shell:Creating environment hook '/home/jprl/APS1/APS1/jota_ws1/install/rm_navigation/share/rm_navigation/hook/ament_prefix_path.sh'
[0.741s] INFO:colcon.colcon_core.shell:Skip shell extension 'powershell' for command environment: Not usable outside of PowerShell
[0.741s] DEBUG:colcon.colcon_core.shell:Skip shell extension 'dsv' for command environment
[0.746s] INFO:colcon.colcon_ros.task.ament_python.build:Building ROS package in '/home/jprl/APS1/APS1/jota_ws1/src/rm_navigator' with build type 'ament_python'
[0.747s] Level 1:colcon.colcon_core.shell:create_environment_hook('rm_navigator', 'ament_prefix_path')
[0.747s] INFO:colcon.colcon_core.shell:Creating environment hook '/home/jprl/APS1/APS1/jota_ws1/install/rm_navigator/share/rm_navigator/hook/ament_prefix_path.ps1'
[0.748s] INFO:colcon.colcon_core.shell:Creating environment descriptor '/home/jprl/APS1/APS1/jota_ws1/install/rm_navigator/share/rm_navigator/hook/ament_prefix_path.dsv'
[0.748s] INFO:colcon.colcon_core.shell:Creating environment hook '/home/jprl/APS1/APS1/jota_ws1/install/rm_navigator/share/rm_navigator/hook/ament_prefix_path.sh'
[0.749s] INFO:colcon.colcon_core.shell:Skip shell extension 'powershell' for command environment: Not usable outside of PowerShell
[0.749s] DEBUG:colcon.colcon_core.shell:Skip shell extension 'dsv' for command environment
[0.754s] INFO:colcon.colcon_ros.task.ament_python.build:Building ROS package in '/home/jprl/APS1/APS1/jota_ws1/src/rm_slam' with build type 'ament_python'
[0.755s] Level 1:colcon.colcon_core.shell:create_environment_hook('rm_slam', 'ament_prefix_path')
[0.756s] INFO:colcon.colcon_core.shell:Creating environment hook '/home/jprl/APS1/APS1/jota_ws1/install/rm_slam/share/rm_slam/hook/ament_prefix_path.ps1'
[0.757s] INFO:colcon.colcon_core.shell:Creating environment descriptor '/home/jprl/APS1/APS1/jota_ws1/install/rm_slam/share/rm_slam/hook/ament_prefix_path.dsv'
[0.757s] INFO:colcon.colcon_core.shell:Creating environment hook '/home/jprl/APS1/APS1/jota_ws1/install/rm_slam/share/rm_slam/hook/ament_prefix_path.sh'
[0.758s] INFO:colcon.colcon_core.shell:Skip shell extension 'powershell' for command environment: Not usable outside of PowerShell
[0.758s] DEBUG:colcon.colcon_core.shell:Skip shell extension 'dsv' for command environment
[0.765s] INFO:colcon.colcon_ros.task.ament_cmake.build:Building ROS package in '/home/jprl/APS1/APS1/jota_ws1/src/robot_description' with build type 'ament_cmake'
[0.766s] INFO:colcon.colcon_cmake.task.cmake.build:Building CMake package in '/home/jprl/APS1/APS1/jota_ws1/src/robot_description'
[0.766s] INFO:colcon.colcon_core.shell:Skip shell extension 'powershell' for command environment: Not usable outside of PowerShell
[0.766s] DEBUG:colcon.colcon_core.shell:Skip shell extension 'dsv' for command environment
[0.785s] DEBUG:colcon.colcon_core.event_handler.log_command:Invoking command in '/home/jprl/APS1/APS1/jota_ws1/build/custom_interfaces': CMAKE_PREFIX_PATH=/opt/ros/foxy /usr/bin/cmake --build /home/jprl/APS1/APS1/jota_ws1/build/custom_interfaces -- -j12 -l12
[1.041s] INFO:colcon.colcon_core.task.python.build:Building Python package in '/home/jprl/APS1/APS1/jota_ws1/src/rm_localization'
[1.042s] INFO:colcon.colcon_core.shell:Skip shell extension 'powershell' for command environment: Not usable outside of PowerShell
[1.042s] DEBUG:colcon.colcon_core.shell:Skip shell extension 'dsv' for command environment
[1.285s] INFO:colcon.colcon_core.task.python.build:Building Python package in '/home/jprl/APS1/APS1/jota_ws1/src/rm_navigation'
[1.286s] INFO:colcon.colcon_core.shell:Skip shell extension 'powershell' for command environment: Not usable outside of PowerShell
[1.286s] DEBUG:colcon.colcon_core.shell:Skip shell extension 'dsv' for command environment
[1.497s] INFO:colcon.colcon_core.task.python.build:Building Python package in '/home/jprl/APS1/APS1/jota_ws1/src/rm_navigator'
[1.498s] INFO:colcon.colcon_core.shell:Skip shell extension 'powershell' for command environment: Not usable outside of PowerShell
[1.498s] DEBUG:colcon.colcon_core.shell:Skip shell extension 'dsv' for command environment
[1.710s] INFO:colcon.colcon_core.task.python.build:Building Python package in '/home/jprl/APS1/APS1/jota_ws1/src/rm_slam'
[1.711s] INFO:colcon.colcon_core.shell:Skip shell extension 'powershell' for command environment: Not usable outside of PowerShell
[1.711s] DEBUG:colcon.colcon_core.shell:Skip shell extension 'dsv' for command environment
[1.727s] DEBUG:colcon.colcon_core.event_handler.log_command:Invoking command in '/home/jprl/APS1/APS1/jota_ws1/build/robot_description': CMAKE_PREFIX_PATH=/opt/ros/foxy /usr/bin/cmake --build /home/jprl/APS1/APS1/jota_ws1/build/robot_description -- -j12 -l12
[1.737s] DEBUG:colcon.colcon_core.event_handler.log_command:Invoked command in '/home/jprl/APS1/APS1/jota_ws1/build/custom_interfaces' returned '0': CMAKE_PREFIX_PATH=/opt/ros/foxy /usr/bin/cmake --build /home/jprl/APS1/APS1/jota_ws1/build/custom_interfaces -- -j12 -l12
[1.752s] DEBUG:colcon.colcon_core.event_handler.log_command:Invoking command in '/home/jprl/APS1/APS1/jota_ws1/build/custom_interfaces': CMAKE_PREFIX_PATH=/opt/ros/foxy /usr/bin/cmake --install /home/jprl/APS1/APS1/jota_ws1/build/custom_interfaces
[1.796s] DEBUG:colcon.colcon_core.event_handler.log_command:Invoked command in '/home/jprl/APS1/APS1/jota_ws1/build/robot_description' returned '0': CMAKE_PREFIX_PATH=/opt/ros/foxy /usr/bin/cmake --build /home/jprl/APS1/APS1/jota_ws1/build/robot_description -- -j12 -l12
[1.801s] DEBUG:colcon.colcon_core.event_handler.log_command:Invoking command in '/home/jprl/APS1/APS1/jota_ws1/build/robot_description': CMAKE_PREFIX_PATH=/opt/ros/foxy /usr/bin/cmake --install /home/jprl/APS1/APS1/jota_ws1/build/robot_description
[1.817s] Level 1:colcon.colcon_core.environment:create_environment_scripts_only(robot_description)
[1.818s] DEBUG:colcon.colcon_core.event_handler.log_command:Invoked command in '/home/jprl/APS1/APS1/jota_ws1/build/robot_description' returned '0': CMAKE_PREFIX_PATH=/opt/ros/foxy /usr/bin/cmake --install /home/jprl/APS1/APS1/jota_ws1/build/robot_description
[1.827s] Level 1:colcon.colcon_core.environment:checking '/home/jprl/APS1/APS1/jota_ws1/install/robot_description' for CMake module files
[1.828s] Level 1:colcon.colcon_core.environment:checking '/home/jprl/APS1/APS1/jota_ws1/install/robot_description' for CMake config files
[1.829s] Level 1:colcon.colcon_core.shell:create_environment_hook('robot_description', 'cmake_prefix_path')
[1.829s] INFO:colcon.colcon_core.shell:Creating environment hook '/home/jprl/APS1/APS1/jota_ws1/install/robot_description/share/robot_description/hook/cmake_prefix_path.ps1'
[1.830s] INFO:colcon.colcon_core.shell:Creating environment descriptor '/home/jprl/APS1/APS1/jota_ws1/install/robot_description/share/robot_description/hook/cmake_prefix_path.dsv'
[1.838s] INFO:colcon.colcon_core.shell:Creating environment hook '/home/jprl/APS1/APS1/jota_ws1/install/robot_description/share/robot_description/hook/cmake_prefix_path.sh'
[1.842s] Level 1:colcon.colcon_core.environment:checking '/home/jprl/APS1/APS1/jota_ws1/install/robot_description/bin'
[1.842s] Level 1:colcon.colcon_core.environment:checking '/home/jprl/APS1/APS1/jota_ws1/install/robot_description/lib/pkgconfig/robot_description.pc'
[1.843s] Level 1:colcon.colcon_core.environment:checking '/home/jprl/APS1/APS1/jota_ws1/install/robot_description/lib/python3.8/site-packages'
[1.844s] Level 1:colcon.colcon_core.environment:checking '/home/jprl/APS1/APS1/jota_ws1/install/robot_description/bin'
[1.845s] INFO:colcon.colcon_core.shell:Creating package script '/home/jprl/APS1/APS1/jota_ws1/install/robot_description/share/robot_description/package.ps1'
[1.850s] INFO:colcon.colcon_core.shell:Creating package descriptor '/home/jprl/APS1/APS1/jota_ws1/install/robot_description/share/robot_description/package.dsv'
[1.852s] INFO:colcon.colcon_core.shell:Creating package script '/home/jprl/APS1/APS1/jota_ws1/install/robot_description/share/robot_description/package.sh'
[1.853s] INFO:colcon.colcon_core.shell:Creating package script '/home/jprl/APS1/APS1/jota_ws1/install/robot_description/share/robot_description/package.bash'
[1.854s] INFO:colcon.colcon_core.shell:Creating package script '/home/jprl/APS1/APS1/jota_ws1/install/robot_description/share/robot_description/package.zsh'
[1.855s] Level 1:colcon.colcon_core.environment:create_file_with_runtime_dependencies(/home/jprl/APS1/APS1/jota_ws1/install/robot_description/share/colcon-core/packages/robot_description)
[1.856s] Level 1:colcon.colcon_core.environment:create_environment_scripts_only(robot_description)
[1.857s] Level 1:colcon.colcon_core.environment:checking '/home/jprl/APS1/APS1/jota_ws1/install/robot_description' for CMake module files
[1.857s] Level 1:colcon.colcon_core.environment:checking '/home/jprl/APS1/APS1/jota_ws1/install/robot_description' for CMake config files
[1.858s] Level 1:colcon.colcon_core.shell:create_environment_hook('robot_description', 'cmake_prefix_path')
[1.858s] INFO:colcon.colcon_core.shell:Creating environment hook '/home/jprl/APS1/APS1/jota_ws1/install/robot_description/share/robot_description/hook/cmake_prefix_path.ps1'
[1.859s] INFO:colcon.colcon_core.shell:Creating environment descriptor '/home/jprl/APS1/APS1/jota_ws1/install/robot_description/share/robot_description/hook/cmake_prefix_path.dsv'
[1.860s] INFO:colcon.colcon_core.shell:Creating environment hook '/home/jprl/APS1/APS1/jota_ws1/install/robot_description/share/robot_description/hook/cmake_prefix_path.sh'
[1.861s] Level 1:colcon.colcon_core.environment:checking '/home/jprl/APS1/APS1/jota_ws1/install/robot_description/bin'
[1.861s] Level 1:colcon.colcon_core.environment:checking '/home/jprl/APS1/APS1/jota_ws1/install/robot_description/lib/pkgconfig/robot_description.pc'
[1.861s] Level 1:colcon.colcon_core.environment:checking '/home/jprl/APS1/APS1/jota_ws1/install/robot_description/lib/python3.8/site-packages'
[1.862s] Level 1:colcon.colcon_core.environment:checking '/home/jprl/APS1/APS1/jota_ws1/install/robot_description/bin'
[1.862s] INFO:colcon.colcon_core.shell:Creating package script '/home/jprl/APS1/APS1/jota_ws1/install/robot_description/share/robot_description/package.ps1'
[1.863s] INFO:colcon.colcon_core.shell:Creating package descriptor '/home/jprl/APS1/APS1/jota_ws1/install/robot_description/share/robot_description/package.dsv'
[1.864s] INFO:colcon.colcon_core.shell:Creating package script '/home/jprl/APS1/APS1/jota_ws1/install/robot_description/share/robot_description/package.sh'
[1.865s] INFO:colcon.colcon_core.shell:Creating package script '/home/jprl/APS1/APS1/jota_ws1/install/robot_description/share/robot_description/package.bash'
[1.866s] INFO:colcon.colcon_core.shell:Creating package script '/home/jprl/APS1/APS1/jota_ws1/install/robot_description/share/robot_description/package.zsh'
[1.867s] Level 1:colcon.colcon_core.environment:create_file_with_runtime_dependencies(/home/jprl/APS1/APS1/jota_ws1/install/robot_description/share/colcon-core/packages/robot_description)
[1.869s] Level 1:colcon.colcon_core.environment:create_environment_scripts_only(custom_interfaces)
[1.869s] Level 1:colcon.colcon_core.environment:checking '/home/jprl/APS1/APS1/jota_ws1/install/custom_interfaces' for CMake module files
[1.871s] DEBUG:colcon.colcon_core.event_handler.log_command:Invoked command in '/home/jprl/APS1/APS1/jota_ws1/build/custom_interfaces' returned '0': CMAKE_PREFIX_PATH=/opt/ros/foxy /usr/bin/cmake --install /home/jprl/APS1/APS1/jota_ws1/build/custom_interfaces
[1.872s] Level 1:colcon.colcon_core.environment:checking '/home/jprl/APS1/APS1/jota_ws1/install/custom_interfaces' for CMake config files
[1.872s] Level 1:colcon.colcon_core.shell:create_environment_hook('custom_interfaces', 'cmake_prefix_path')
[1.873s] INFO:colcon.colcon_core.shell:Creating environment hook '/home/jprl/APS1/APS1/jota_ws1/install/custom_interfaces/share/custom_interfaces/hook/cmake_prefix_path.ps1'
[1.873s] INFO:colcon.colcon_core.shell:Creating environment descriptor '/home/jprl/APS1/APS1/jota_ws1/install/custom_interfaces/share/custom_interfaces/hook/cmake_prefix_path.dsv'
[1.874s] INFO:colcon.colcon_core.shell:Creating environment hook '/home/jprl/APS1/APS1/jota_ws1/install/custom_interfaces/share/custom_interfaces/hook/cmake_prefix_path.sh'
[1.875s] Level 1:colcon.colcon_core.environment:checking '/home/jprl/APS1/APS1/jota_ws1/install/custom_interfaces/lib'
[1.875s] Level 1:colcon.colcon_core.shell:create_environment_hook('custom_interfaces', 'ld_library_path_lib')
[1.875s] INFO:colcon.colcon_core.shell:Creating environment hook '/home/jprl/APS1/APS1/jota_ws1/install/custom_interfaces/share/custom_interfaces/hook/ld_library_path_lib.ps1'
[1.876s] INFO:colcon.colcon_core.shell:Creating environment descriptor '/home/jprl/APS1/APS1/jota_ws1/install/custom_interfaces/share/custom_interfaces/hook/ld_library_path_lib.dsv'
[1.877s] INFO:colcon.colcon_core.shell:Creating environment hook '/home/jprl/APS1/APS1/jota_ws1/install/custom_interfaces/share/custom_interfaces/hook/ld_library_path_lib.sh'
[1.877s] Level 1:colcon.colcon_core.environment:checking '/home/jprl/APS1/APS1/jota_ws1/install/custom_interfaces/bin'
[1.877s] Level 1:colcon.colcon_core.environment:checking '/home/jprl/APS1/APS1/jota_ws1/install/custom_interfaces/lib/pkgconfig/custom_interfaces.pc'
[1.878s] Level 1:colcon.colcon_core.environment:checking '/home/jprl/APS1/APS1/jota_ws1/install/custom_interfaces/lib/python3.8/site-packages'
[1.878s] Level 1:colcon.colcon_core.shell:create_environment_hook('custom_interfaces', 'pythonpath')
[1.878s] INFO:colcon.colcon_core.shell:Creating environment hook '/home/jprl/APS1/APS1/jota_ws1/install/custom_interfaces/share/custom_interfaces/hook/pythonpath.ps1'
[1.879s] INFO:colcon.colcon_core.shell:Creating environment descriptor '/home/jprl/APS1/APS1/jota_ws1/install/custom_interfaces/share/custom_interfaces/hook/pythonpath.dsv'
[1.879s] INFO:colcon.colcon_core.shell:Creating environment hook '/home/jprl/APS1/APS1/jota_ws1/install/custom_interfaces/share/custom_interfaces/hook/pythonpath.sh'
[1.880s] Level 1:colcon.colcon_core.environment:checking '/home/jprl/APS1/APS1/jota_ws1/install/custom_interfaces/bin'
[1.880s] INFO:colcon.colcon_core.shell:Creating package script '/home/jprl/APS1/APS1/jota_ws1/install/custom_interfaces/share/custom_interfaces/package.ps1'
[1.881s] INFO:colcon.colcon_core.shell:Creating package descriptor '/home/jprl/APS1/APS1/jota_ws1/install/custom_interfaces/share/custom_interfaces/package.dsv'
[1.882s] INFO:colcon.colcon_core.shell:Creating package script '/home/jprl/APS1/APS1/jota_ws1/install/custom_interfaces/share/custom_interfaces/package.sh'
[1.883s] INFO:colcon.colcon_core.shell:Creating package script '/home/jprl/APS1/APS1/jota_ws1/install/custom_interfaces/share/custom_interfaces/package.bash'
[1.883s] INFO:colcon.colcon_core.shell:Creating package script '/home/jprl/APS1/APS1/jota_ws1/install/custom_interfaces/share/custom_interfaces/package.zsh'
[1.884s] Level 1:colcon.colcon_core.environment:create_file_with_runtime_dependencies(/home/jprl/APS1/APS1/jota_ws1/install/custom_interfaces/share/colcon-core/packages/custom_interfaces)
[1.885s] Level 1:colcon.colcon_core.environment:create_environment_scripts_only(custom_interfaces)
[1.886s] Level 1:colcon.colcon_core.environment:checking '/home/jprl/APS1/APS1/jota_ws1/install/custom_interfaces' for CMake module files
[1.886s] Level 1:colcon.colcon_core.environment:checking '/home/jprl/APS1/APS1/jota_ws1/install/custom_interfaces' for CMake config files
[1.887s] Level 1:colcon.colcon_core.shell:create_environment_hook('custom_interfaces', 'cmake_prefix_path')
[1.887s] INFO:colcon.colcon_core.shell:Creating environment hook '/home/jprl/APS1/APS1/jota_ws1/install/custom_interfaces/share/custom_interfaces/hook/cmake_prefix_path.ps1'
[1.888s] INFO:colcon.colcon_core.shell:Creating environment descriptor '/home/jprl/APS1/APS1/jota_ws1/install/custom_interfaces/share/custom_interfaces/hook/cmake_prefix_path.dsv'
[1.889s] INFO:colcon.colcon_core.shell:Creating environment hook '/home/jprl/APS1/APS1/jota_ws1/install/custom_interfaces/share/custom_interfaces/hook/cmake_prefix_path.sh'
[1.890s] Level 1:colcon.colcon_core.environment:checking '/home/jprl/APS1/APS1/jota_ws1/install/custom_interfaces/lib'
[1.890s] Level 1:colcon.colcon_core.shell:create_environment_hook('custom_interfaces', 'ld_library_path_lib')
[1.891s] INFO:colcon.colcon_core.shell:Creating environment hook '/home/jprl/APS1/APS1/jota_ws1/install/custom_interfaces/share/custom_interfaces/hook/ld_library_path_lib.ps1'
[1.891s] INFO:colcon.colcon_core.shell:Creating environment descriptor '/home/jprl/APS1/APS1/jota_ws1/install/custom_interfaces/share/custom_interfaces/hook/ld_library_path_lib.dsv'
[1.892s] INFO:colcon.colcon_core.shell:Creating environment hook '/home/jprl/APS1/APS1/jota_ws1/install/custom_interfaces/share/custom_interfaces/hook/ld_library_path_lib.sh'
[1.893s] Level 1:colcon.colcon_core.environment:checking '/home/jprl/APS1/APS1/jota_ws1/install/custom_interfaces/bin'
[1.894s] Level 1:colcon.colcon_core.environment:checking '/home/jprl/APS1/APS1/jota_ws1/install/custom_interfaces/lib/pkgconfig/custom_interfaces.pc'
[1.894s] Level 1:colcon.colcon_core.environment:checking '/home/jprl/APS1/APS1/jota_ws1/install/custom_interfaces/lib/python3.8/site-packages'
[1.894s] Level 1:colcon.colcon_core.shell:create_environment_hook('custom_interfaces', 'pythonpath')
[1.894s] INFO:colcon.colcon_core.shell:Creating environment hook '/home/jprl/APS1/APS1/jota_ws1/install/custom_interfaces/share/custom_interfaces/hook/pythonpath.ps1'
[1.895s] INFO:colcon.colcon_core.shell:Creating environment descriptor '/home/jprl/APS1/APS1/jota_ws1/install/custom_interfaces/share/custom_interfaces/hook/pythonpath.dsv'
[1.895s] INFO:colcon.colcon_core.shell:Creating environment hook '/home/jprl/APS1/APS1/jota_ws1/install/custom_interfaces/share/custom_interfaces/hook/pythonpath.sh'
[1.896s] Level 1:colcon.colcon_core.environment:checking '/home/jprl/APS1/APS1/jota_ws1/install/custom_interfaces/bin'
[1.897s] INFO:colcon.colcon_core.shell:Creating package script '/home/jprl/APS1/APS1/jota_ws1/install/custom_interfaces/share/custom_interfaces/package.ps1'
[1.897s] INFO:colcon.colcon_core.shell:Creating package descriptor '/home/jprl/APS1/APS1/jota_ws1/install/custom_interfaces/share/custom_interfaces/package.dsv'
[1.898s] INFO:colcon.colcon_core.shell:Creating package script '/home/jprl/APS1/APS1/jota_ws1/install/custom_interfaces/share/custom_interfaces/package.sh'
[1.899s] INFO:colcon.colcon_core.shell:Creating package script '/home/jprl/APS1/APS1/jota_ws1/install/custom_interfaces/share/custom_interfaces/package.bash'
[1.899s] INFO:colcon.colcon_core.shell:Creating package script '/home/jprl/APS1/APS1/jota_ws1/install/custom_interfaces/share/custom_interfaces/package.zsh'
[1.900s] Level 1:colcon.colcon_core.environment:create_file_with_runtime_dependencies(/home/jprl/APS1/APS1/jota_ws1/install/custom_interfaces/share/colcon-core/packages/custom_interfaces)
[1.901s] INFO:colcon.colcon_ros.task.ament_python.build:Building ROS package in '/home/jprl/APS1/APS1/jota_ws1/src/robot_navigation' with build type 'ament_python'
[1.901s] Level 1:colcon.colcon_core.shell:create_environment_hook('robot_navigation', 'ament_prefix_path')
[1.901s] INFO:colcon.colcon_core.shell:Creating environment hook '/home/jprl/APS1/APS1/jota_ws1/install/robot_navigation/share/robot_navigation/hook/ament_prefix_path.ps1'
[1.903s] INFO:colcon.colcon_core.shell:Creating environment descriptor '/home/jprl/APS1/APS1/jota_ws1/install/robot_navigation/share/robot_navigation/hook/ament_prefix_path.dsv'
[1.903s] INFO:colcon.colcon_core.shell:Creating environment hook '/home/jprl/APS1/APS1/jota_ws1/install/robot_navigation/share/robot_navigation/hook/ament_prefix_path.sh'
[1.904s] INFO:colcon.colcon_core.shell:Skip shell extension 'powershell' for command environment: Not usable outside of PowerShell
[1.904s] DEBUG:colcon.colcon_core.shell:Skip shell extension 'dsv' for command environment
[2.667s] INFO:colcon.colcon_core.task.python.build:Building Python package in '/home/jprl/APS1/APS1/jota_ws1/src/robot_navigation'
[2.668s] INFO:colcon.colcon_core.shell:Skip shell extension 'powershell' for command environment: Not usable outside of PowerShell
[2.668s] DEBUG:colcon.colcon_core.shell:Skip shell extension 'dsv' for command environment
[2.688s] DEBUG:colcon.colcon_core.event_handler.log_command:Invoking command in '/home/jprl/APS1/APS1/jota_ws1/src/rm_navigator': PYTHONPATH=/home/jprl/APS1/APS1/jota_ws1/build/rm_navigator/prefix_override:/usr/lib/python3/dist-packages/colcon_core/task/python/colcon_distutils_commands:/home/jprl/APS1/APS1/jota_ws1/install/rm_navigator/lib/python3.8/site-packages:${PYTHONPATH} /usr/bin/python3 -W ignore:setup.py install is deprecated -W ignore:easy_install command is deprecated setup.py egg_info --egg-base ../../build/rm_navigator build --build-base /home/jprl/APS1/APS1/jota_ws1/build/rm_navigator/build install --record /home/jprl/APS1/APS1/jota_ws1/build/rm_navigator/install.log --install-scripts $base/lib/rm_navigator --single-version-externally-managed install_data
[2.696s] DEBUG:colcon.colcon_core.event_handler.log_command:Invoking command in '/home/jprl/APS1/APS1/jota_ws1/src/rm_slam': PYTHONPATH=/home/jprl/APS1/APS1/jota_ws1/build/rm_slam/prefix_override:/usr/lib/python3/dist-packages/colcon_core/task/python/colcon_distutils_commands:/home/jprl/APS1/APS1/jota_ws1/install/rm_slam/lib/python3.8/site-packages:${PYTHONPATH} /usr/bin/python3 -W ignore:setup.py install is deprecated -W ignore:easy_install command is deprecated setup.py egg_info --egg-base ../../build/rm_slam build --build-base /home/jprl/APS1/APS1/jota_ws1/build/rm_slam/build install --record /home/jprl/APS1/APS1/jota_ws1/build/rm_slam/install.log --install-scripts $base/lib/rm_slam --single-version-externally-managed install_data
[2.711s] DEBUG:colcon.colcon_core.event_handler.log_command:Invoking command in '/home/jprl/APS1/APS1/jota_ws1/src/rm_navigation': PYTHONPATH=/home/jprl/APS1/APS1/jota_ws1/build/rm_navigation/prefix_override:/usr/lib/python3/dist-packages/colcon_core/task/python/colcon_distutils_commands:/home/jprl/APS1/APS1/jota_ws1/install/rm_navigation/lib/python3.8/site-packages:${PYTHONPATH} /usr/bin/python3 -W ignore:setup.py install is deprecated -W ignore:easy_install command is deprecated setup.py egg_info --egg-base ../../build/rm_navigation build --build-base /home/jprl/APS1/APS1/jota_ws1/build/rm_navigation/build install --record /home/jprl/APS1/APS1/jota_ws1/build/rm_navigation/install.log --install-scripts $base/lib/rm_navigation --single-version-externally-managed install_data
[2.713s] DEBUG:colcon.colcon_core.event_handler.log_command:Invoking command in '/home/jprl/APS1/APS1/jota_ws1/src/rm_localization': PYTHONPATH=/home/jprl/APS1/APS1/jota_ws1/build/rm_localization/prefix_override:/usr/lib/python3/dist-packages/colcon_core/task/python/colcon_distutils_commands:/home/jprl/APS1/APS1/jota_ws1/install/rm_localization/lib/python3.8/site-packages:${PYTHONPATH} /usr/bin/python3 -W ignore:setup.py install is deprecated -W ignore:easy_install command is deprecated setup.py egg_info --egg-base ../../build/rm_localization build --build-base /home/jprl/APS1/APS1/jota_ws1/build/rm_localization/build install --record /home/jprl/APS1/APS1/jota_ws1/build/rm_localization/install.log --install-scripts $base/lib/rm_localization --single-version-externally-managed install_data
[3.219s] Level 1:colcon.colcon_core.environment:checking '/home/jprl/APS1/APS1/jota_ws1/install/rm_navigation' for CMake module files
[3.222s] DEBUG:colcon.colcon_core.event_handler.log_command:Invoked command in '/home/jprl/APS1/APS1/jota_ws1/src/rm_navigation' returned '0': PYTHONPATH=/home/jprl/APS1/APS1/jota_ws1/build/rm_navigation/prefix_override:/usr/lib/python3/dist-packages/colcon_core/task/python/colcon_distutils_commands:/home/jprl/APS1/APS1/jota_ws1/install/rm_navigation/lib/python3.8/site-packages:${PYTHONPATH} /usr/bin/python3 -W ignore:setup.py install is deprecated -W ignore:easy_install command is deprecated setup.py egg_info --egg-base ../../build/rm_navigation build --build-base /home/jprl/APS1/APS1/jota_ws1/build/rm_navigation/build install --record /home/jprl/APS1/APS1/jota_ws1/build/rm_navigation/install.log --install-scripts $base/lib/rm_navigation --single-version-externally-managed install_data
[3.223s] Level 1:colcon.colcon_core.environment:checking '/home/jprl/APS1/APS1/jota_ws1/install/rm_navigation' for CMake config files
[3.223s] Level 1:colcon.colcon_core.environment:checking '/home/jprl/APS1/APS1/jota_ws1/install/rm_navigation/lib'
[3.224s] Level 1:colcon.colcon_core.environment:checking '/home/jprl/APS1/APS1/jota_ws1/install/rm_navigation/bin'
[3.224s] Level 1:colcon.colcon_core.environment:checking '/home/jprl/APS1/APS1/jota_ws1/install/rm_navigation/lib/pkgconfig/rm_navigation.pc'
[3.224s] Level 1:colcon.colcon_core.environment:checking '/home/jprl/APS1/APS1/jota_ws1/install/rm_navigation/lib/python3.8/site-packages'
[3.225s] Level 1:colcon.colcon_core.shell:create_environment_hook('rm_navigation', 'pythonpath')
[3.226s] INFO:colcon.colcon_core.shell:Creating environment hook '/home/jprl/APS1/APS1/jota_ws1/install/rm_navigation/share/rm_navigation/hook/pythonpath.ps1'
[3.227s] INFO:colcon.colcon_core.shell:Creating environment descriptor '/home/jprl/APS1/APS1/jota_ws1/install/rm_navigation/share/rm_navigation/hook/pythonpath.dsv'
[3.228s] INFO:colcon.colcon_core.shell:Creating environment hook '/home/jprl/APS1/APS1/jota_ws1/install/rm_navigation/share/rm_navigation/hook/pythonpath.sh'
[3.230s] Level 1:colcon.colcon_core.environment:checking '/home/jprl/APS1/APS1/jota_ws1/install/rm_navigation/bin'
[3.230s] Level 1:colcon.colcon_core.environment:create_environment_scripts_only(rm_navigation)
[3.231s] INFO:colcon.colcon_core.shell:Creating package script '/home/jprl/APS1/APS1/jota_ws1/install/rm_navigation/share/rm_navigation/package.ps1'
[3.232s] INFO:colcon.colcon_core.shell:Creating package descriptor '/home/jprl/APS1/APS1/jota_ws1/install/rm_navigation/share/rm_navigation/package.dsv'
[3.234s] INFO:colcon.colcon_core.shell:Creating package script '/home/jprl/APS1/APS1/jota_ws1/install/rm_navigation/share/rm_navigation/package.sh'
[3.235s] INFO:colcon.colcon_core.shell:Creating package script '/home/jprl/APS1/APS1/jota_ws1/install/rm_navigation/share/rm_navigation/package.bash'
[3.236s] INFO:colcon.colcon_core.shell:Creating package script '/home/jprl/APS1/APS1/jota_ws1/install/rm_navigation/share/rm_navigation/package.zsh'
[3.237s] Level 1:colcon.colcon_core.environment:create_file_with_runtime_dependencies(/home/jprl/APS1/APS1/jota_ws1/install/rm_navigation/share/colcon-core/packages/rm_navigation)
[3.240s] Level 1:colcon.colcon_core.environment:checking '/home/jprl/APS1/APS1/jota_ws1/install/rm_localization' for CMake module files
[3.242s] Level 1:colcon.colcon_core.environment:checking '/home/jprl/APS1/APS1/jota_ws1/install/rm_localization' for CMake config files
[3.242s] DEBUG:colcon.colcon_core.event_handler.log_command:Invoked command in '/home/jprl/APS1/APS1/jota_ws1/src/rm_localization' returned '0': PYTHONPATH=/home/jprl/APS1/APS1/jota_ws1/build/rm_localization/prefix_override:/usr/lib/python3/dist-packages/colcon_core/task/python/colcon_distutils_commands:/home/jprl/APS1/APS1/jota_ws1/install/rm_localization/lib/python3.8/site-packages:${PYTHONPATH} /usr/bin/python3 -W ignore:setup.py install is deprecated -W ignore:easy_install command is deprecated setup.py egg_info --egg-base ../../build/rm_localization build --build-base /home/jprl/APS1/APS1/jota_ws1/build/rm_localization/build install --record /home/jprl/APS1/APS1/jota_ws1/build/rm_localization/install.log --install-scripts $base/lib/rm_localization --single-version-externally-managed install_data
[3.243s] Level 1:colcon.colcon_core.environment:checking '/home/jprl/APS1/APS1/jota_ws1/install/rm_localization/lib'
[3.243s] Level 1:colcon.colcon_core.environment:checking '/home/jprl/APS1/APS1/jota_ws1/install/rm_localization/bin'
[3.243s] Level 1:colcon.colcon_core.environment:checking '/home/jprl/APS1/APS1/jota_ws1/install/rm_localization/lib/pkgconfig/rm_localization.pc'
[3.244s] Level 1:colcon.colcon_core.environment:checking '/home/jprl/APS1/APS1/jota_ws1/install/rm_localization/lib/python3.8/site-packages'
[3.244s] Level 1:colcon.colcon_core.shell:create_environment_hook('rm_localization', 'pythonpath')
[3.244s] INFO:colcon.colcon_core.shell:Creating environment hook '/home/jprl/APS1/APS1/jota_ws1/install/rm_localization/share/rm_localization/hook/pythonpath.ps1'
[3.245s] INFO:colcon.colcon_core.shell:Creating environment descriptor '/home/jprl/APS1/APS1/jota_ws1/install/rm_localization/share/rm_localization/hook/pythonpath.dsv'
[3.245s] INFO:colcon.colcon_core.shell:Creating environment hook '/home/jprl/APS1/APS1/jota_ws1/install/rm_localization/share/rm_localization/hook/pythonpath.sh'
[3.246s] Level 1:colcon.colcon_core.environment:checking '/home/jprl/APS1/APS1/jota_ws1/install/rm_localization/bin'
[3.246s] Level 1:colcon.colcon_core.environment:create_environment_scripts_only(rm_localization)
[3.247s] INFO:colcon.colcon_core.shell:Creating package script '/home/jprl/APS1/APS1/jota_ws1/install/rm_localization/share/rm_localization/package.ps1'
[3.248s] INFO:colcon.colcon_core.shell:Creating package descriptor '/home/jprl/APS1/APS1/jota_ws1/install/rm_localization/share/rm_localization/package.dsv'
[3.248s] INFO:colcon.colcon_core.shell:Creating package script '/home/jprl/APS1/APS1/jota_ws1/install/rm_localization/share/rm_localization/package.sh'
[3.249s] INFO:colcon.colcon_core.shell:Creating package script '/home/jprl/APS1/APS1/jota_ws1/install/rm_localization/share/rm_localization/package.bash'
[3.249s] INFO:colcon.colcon_core.shell:Creating package script '/home/jprl/APS1/APS1/jota_ws1/install/rm_localization/share/rm_localization/package.zsh'
[3.250s] Level 1:colcon.colcon_core.environment:create_file_with_runtime_dependencies(/home/jprl/APS1/APS1/jota_ws1/install/rm_localization/share/colcon-core/packages/rm_localization)
[3.251s] Level 1:colcon.colcon_core.environment:checking '/home/jprl/APS1/APS1/jota_ws1/install/rm_slam' for CMake module files
[3.253s] Level 1:colcon.colcon_core.environment:checking '/home/jprl/APS1/APS1/jota_ws1/install/rm_slam' for CMake config files
[3.253s] DEBUG:colcon.colcon_core.event_handler.log_command:Invoked command in '/home/jprl/APS1/APS1/jota_ws1/src/rm_slam' returned '0': PYTHONPATH=/home/jprl/APS1/APS1/jota_ws1/build/rm_slam/prefix_override:/usr/lib/python3/dist-packages/colcon_core/task/python/colcon_distutils_commands:/home/jprl/APS1/APS1/jota_ws1/install/rm_slam/lib/python3.8/site-packages:${PYTHONPATH} /usr/bin/python3 -W ignore:setup.py install is deprecated -W ignore:easy_install command is deprecated setup.py egg_info --egg-base ../../build/rm_slam build --build-base /home/jprl/APS1/APS1/jota_ws1/build/rm_slam/build install --record /home/jprl/APS1/APS1/jota_ws1/build/rm_slam/install.log --install-scripts $base/lib/rm_slam --single-version-externally-managed install_data
[3.254s] Level 1:colcon.colcon_core.environment:checking '/home/jprl/APS1/APS1/jota_ws1/install/rm_slam/lib'
[3.254s] Level 1:colcon.colcon_core.environment:checking '/home/jprl/APS1/APS1/jota_ws1/install/rm_slam/bin'
[3.254s] Level 1:colcon.colcon_core.environment:checking '/home/jprl/APS1/APS1/jota_ws1/install/rm_slam/lib/pkgconfig/rm_slam.pc'
[3.255s] Level 1:colcon.colcon_core.environment:checking '/home/jprl/APS1/APS1/jota_ws1/install/rm_slam/lib/python3.8/site-packages'
[3.255s] Level 1:colcon.colcon_core.shell:create_environment_hook('rm_slam', 'pythonpath')
[3.255s] INFO:colcon.colcon_core.shell:Creating environment hook '/home/jprl/APS1/APS1/jota_ws1/install/rm_slam/share/rm_slam/hook/pythonpath.ps1'
[3.256s] INFO:colcon.colcon_core.shell:Creating environment descriptor '/home/jprl/APS1/APS1/jota_ws1/install/rm_slam/share/rm_slam/hook/pythonpath.dsv'
[3.257s] INFO:colcon.colcon_core.shell:Creating environment hook '/home/jprl/APS1/APS1/jota_ws1/install/rm_slam/share/rm_slam/hook/pythonpath.sh'
[3.258s] Level 1:colcon.colcon_core.environment:checking '/home/jprl/APS1/APS1/jota_ws1/install/rm_slam/bin'
[3.258s] Level 1:colcon.colcon_core.environment:create_environment_scripts_only(rm_slam)
[3.258s] INFO:colcon.colcon_core.shell:Creating package script '/home/jprl/APS1/APS1/jota_ws1/install/rm_slam/share/rm_slam/package.ps1'
[3.259s] INFO:colcon.colcon_core.shell:Creating package descriptor '/home/jprl/APS1/APS1/jota_ws1/install/rm_slam/share/rm_slam/package.dsv'
[3.259s] INFO:colcon.colcon_core.shell:Creating package script '/home/jprl/APS1/APS1/jota_ws1/install/rm_slam/share/rm_slam/package.sh'
[3.260s] INFO:colcon.colcon_core.shell:Creating package script '/home/jprl/APS1/APS1/jota_ws1/install/rm_slam/share/rm_slam/package.bash'
[3.261s] INFO:colcon.colcon_core.shell:Creating package script '/home/jprl/APS1/APS1/jota_ws1/install/rm_slam/share/rm_slam/package.zsh'
[3.261s] Level 1:colcon.colcon_core.environment:create_file_with_runtime_dependencies(/home/jprl/APS1/APS1/jota_ws1/install/rm_slam/share/colcon-core/packages/rm_slam)
[3.262s] Level 1:colcon.colcon_core.environment:checking '/home/jprl/APS1/APS1/jota_ws1/install/rm_navigator' for CMake module files
[3.264s] DEBUG:colcon.colcon_core.event_handler.log_command:Invoked command in '/home/jprl/APS1/APS1/jota_ws1/src/rm_navigator' returned '0': PYTHONPATH=/home/jprl/APS1/APS1/jota_ws1/build/rm_navigator/prefix_override:/usr/lib/python3/dist-packages/colcon_core/task/python/colcon_distutils_commands:/home/jprl/APS1/APS1/jota_ws1/install/rm_navigator/lib/python3.8/site-packages:${PYTHONPATH} /usr/bin/python3 -W ignore:setup.py install is deprecated -W ignore:easy_install command is deprecated setup.py egg_info --egg-base ../../build/rm_navigator build --build-base /home/jprl/APS1/APS1/jota_ws1/build/rm_navigator/build install --record /home/jprl/APS1/APS1/jota_ws1/build/rm_navigator/install.log --install-scripts $base/lib/rm_navigator --single-version-externally-managed install_data
[3.264s] Level 1:colcon.colcon_core.environment:checking '/home/jprl/APS1/APS1/jota_ws1/install/rm_navigator' for CMake config files
[3.265s] Level 1:colcon.colcon_core.environment:checking '/home/jprl/APS1/APS1/jota_ws1/install/rm_navigator/lib'
[3.265s] Level 1:colcon.colcon_core.environment:checking '/home/jprl/APS1/APS1/jota_ws1/install/rm_navigator/bin'
[3.265s] Level 1:colcon.colcon_core.environment:checking '/home/jprl/APS1/APS1/jota_ws1/install/rm_navigator/lib/pkgconfig/rm_navigator.pc'
[3.265s] Level 1:colcon.colcon_core.environment:checking '/home/jprl/APS1/APS1/jota_ws1/install/rm_navigator/lib/python3.8/site-packages'
[3.265s] Level 1:colcon.colcon_core.shell:create_environment_hook('rm_navigator', 'pythonpath')
[3.266s] INFO:colcon.colcon_core.shell:Creating environment hook '/home/jprl/APS1/APS1/jota_ws1/install/rm_navigator/share/rm_navigator/hook/pythonpath.ps1'
[3.266s] INFO:colcon.colcon_core.shell:Creating environment descriptor '/home/jprl/APS1/APS1/jota_ws1/install/rm_navigator/share/rm_navigator/hook/pythonpath.dsv'
[3.267s] INFO:colcon.colcon_core.shell:Creating environment hook '/home/jprl/APS1/APS1/jota_ws1/install/rm_navigator/share/rm_navigator/hook/pythonpath.sh'
[3.267s] Level 1:colcon.colcon_core.environment:checking '/home/jprl/APS1/APS1/jota_ws1/install/rm_navigator/bin'
[3.267s] Level 1:colcon.colcon_core.environment:create_environment_scripts_only(rm_navigator)
[3.268s] INFO:colcon.colcon_core.shell:Creating package script '/home/jprl/APS1/APS1/jota_ws1/install/rm_navigator/share/rm_navigator/package.ps1'
[3.268s] INFO:colcon.colcon_core.shell:Creating package descriptor '/home/jprl/APS1/APS1/jota_ws1/install/rm_navigator/share/rm_navigator/package.dsv'
[3.269s] INFO:colcon.colcon_core.shell:Creating package script '/home/jprl/APS1/APS1/jota_ws1/install/rm_navigator/share/rm_navigator/package.sh'
[3.269s] INFO:colcon.colcon_core.shell:Creating package script '/home/jprl/APS1/APS1/jota_ws1/install/rm_navigator/share/rm_navigator/package.bash'
[3.270s] INFO:colcon.colcon_core.shell:Creating package script '/home/jprl/APS1/APS1/jota_ws1/install/rm_navigator/share/rm_navigator/package.zsh'
[3.270s] Level 1:colcon.colcon_core.environment:create_file_with_runtime_dependencies(/home/jprl/APS1/APS1/jota_ws1/install/rm_navigator/share/colcon-core/packages/rm_navigator)
[3.608s] DEBUG:colcon.colcon_core.event_handler.log_command:Invoking command in '/home/jprl/APS1/APS1/jota_ws1/src/robot_navigation': AMENT_PREFIX_PATH=/home/jprl/APS1/APS1/jota_ws1/install/custom_interfaces:${AMENT_PREFIX_PATH} CMAKE_PREFIX_PATH=/home/jprl/APS1/APS1/jota_ws1/install/custom_interfaces LD_LIBRARY_PATH=/home/jprl/APS1/APS1/jota_ws1/install/custom_interfaces/lib:${LD_LIBRARY_PATH} PYTHONPATH=/home/jprl/APS1/APS1/jota_ws1/build/robot_navigation/prefix_override:/usr/lib/python3/dist-packages/colcon_core/task/python/colcon_distutils_commands:/home/jprl/APS1/APS1/jota_ws1/install/robot_navigation/lib/python3.8/site-packages:/home/jprl/APS1/APS1/jota_ws1/install/custom_interfaces/lib/python3.8/site-packages:${PYTHONPATH} /usr/bin/python3 -W ignore:setup.py install is deprecated -W ignore:easy_install command is deprecated setup.py egg_info --egg-base ../../build/robot_navigation build --build-base /home/jprl/APS1/APS1/jota_ws1/build/robot_navigation/build install --record /home/jprl/APS1/APS1/jota_ws1/build/robot_navigation/install.log --install-scripts $base/lib/robot_navigation --single-version-externally-managed install_data
[3.893s] Level 1:colcon.colcon_core.environment:checking '/home/jprl/APS1/APS1/jota_ws1/install/robot_navigation' for CMake module files
[3.894s] DEBUG:colcon.colcon_core.event_handler.log_command:Invoked command in '/home/jprl/APS1/APS1/jota_ws1/src/robot_navigation' returned '0': AMENT_PREFIX_PATH=/home/jprl/APS1/APS1/jota_ws1/install/custom_interfaces:${AMENT_PREFIX_PATH} CMAKE_PREFIX_PATH=/home/jprl/APS1/APS1/jota_ws1/install/custom_interfaces LD_LIBRARY_PATH=/home/jprl/APS1/APS1/jota_ws1/install/custom_interfaces/lib:${LD_LIBRARY_PATH} PYTHONPATH=/home/jprl/APS1/APS1/jota_ws1/build/robot_navigation/prefix_override:/usr/lib/python3/dist-packages/colcon_core/task/python/colcon_distutils_commands:/home/jprl/APS1/APS1/jota_ws1/install/robot_navigation/lib/python3.8/site-packages:/home/jprl/APS1/APS1/jota_ws1/install/custom_interfaces/lib/python3.8/site-packages:${PYTHONPATH} /usr/bin/python3 -W ignore:setup.py install is deprecated -W ignore:easy_install command is deprecated setup.py egg_info --egg-base ../../build/robot_navigation build --build-base /home/jprl/APS1/APS1/jota_ws1/build/robot_navigation/build install --record /home/jprl/APS1/APS1/jota_ws1/build/robot_navigation/install.log --install-scripts $base/lib/robot_navigation --single-version-externally-managed install_data
[3.894s] Level 1:colcon.colcon_core.environment:checking '/home/jprl/APS1/APS1/jota_ws1/install/robot_navigation' for CMake config files
[3.895s] Level 1:colcon.colcon_core.environment:checking '/home/jprl/APS1/APS1/jota_ws1/install/robot_navigation/lib'
[3.895s] Level 1:colcon.colcon_core.environment:checking '/home/jprl/APS1/APS1/jota_ws1/install/robot_navigation/bin'
[3.895s] Level 1:colcon.colcon_core.environment:checking '/home/jprl/APS1/APS1/jota_ws1/install/robot_navigation/lib/pkgconfig/robot_navigation.pc'
[3.895s] Level 1:colcon.colcon_core.environment:checking '/home/jprl/APS1/APS1/jota_ws1/install/robot_navigation/lib/python3.8/site-packages'
[3.895s] Level 1:colcon.colcon_core.shell:create_environment_hook('robot_navigation', 'pythonpath')
[3.896s] INFO:colcon.colcon_core.shell:Creating environment hook '/home/jprl/APS1/APS1/jota_ws1/install/robot_navigation/share/robot_navigation/hook/pythonpath.ps1'
[3.896s] INFO:colcon.colcon_core.shell:Creating environment descriptor '/home/jprl/APS1/APS1/jota_ws1/install/robot_navigation/share/robot_navigation/hook/pythonpath.dsv'
[3.897s] INFO:colcon.colcon_core.shell:Creating environment hook '/home/jprl/APS1/APS1/jota_ws1/install/robot_navigation/share/robot_navigation/hook/pythonpath.sh'
[3.897s] Level 1:colcon.colcon_core.environment:checking '/home/jprl/APS1/APS1/jota_ws1/install/robot_navigation/bin'
[3.897s] Level 1:colcon.colcon_core.environment:create_environment_scripts_only(robot_navigation)
[3.897s] INFO:colcon.colcon_core.shell:Creating package script '/home/jprl/APS1/APS1/jota_ws1/install/robot_navigation/share/robot_navigation/package.ps1'
[3.898s] INFO:colcon.colcon_core.shell:Creating package descriptor '/home/jprl/APS1/APS1/jota_ws1/install/robot_navigation/share/robot_navigation/package.dsv'
[3.898s] INFO:colcon.colcon_core.shell:Creating package script '/home/jprl/APS1/APS1/jota_ws1/install/robot_navigation/share/robot_navigation/package.sh'
[3.899s] INFO:colcon.colcon_core.shell:Creating package script '/home/jprl/APS1/APS1/jota_ws1/install/robot_navigation/share/robot_navigation/package.bash'
[3.899s] INFO:colcon.colcon_core.shell:Creating package script '/home/jprl/APS1/APS1/jota_ws1/install/robot_navigation/share/robot_navigation/package.zsh'
[3.900s] Level 1:colcon.colcon_core.environment:create_file_with_runtime_dependencies(/home/jprl/APS1/APS1/jota_ws1/install/robot_navigation/share/colcon-core/packages/robot_navigation)
[3.900s] DEBUG:colcon.colcon_parallel_executor.executor.parallel:closing loop
[3.900s] DEBUG:colcon.colcon_parallel_executor.executor.parallel:loop closed
[3.900s] DEBUG:colcon.colcon_parallel_executor.executor.parallel:run_until_complete finished with '0'
[3.900s] DEBUG:colcon.colcon_core.event_reactor:joining thread
[3.974s] INFO:colcon.colcon_core.plugin_system:Skipping extension 'colcon_notification.desktop_notification.notify_send': Could not find 'notify-send'
[3.974s] INFO:colcon.colcon_core.plugin_system:Skipping extension 'colcon_notification.desktop_notification.terminal_notifier': Not used on non-Darwin systems
[3.974s] INFO:colcon.colcon_core.plugin_system:Skipping extension 'colcon_notification.desktop_notification.win32': Not used on non-Windows systems
[3.974s] INFO:colcon.colcon_notification.desktop_notification:Sending desktop notification using 'notify2'
[3.983s] DEBUG:colcon.colcon_notification.desktop_notification.notify2:Failed to initialize notify2: org.freedesktop.DBus.Error.ServiceUnknown: The name org.freedesktop.Notifications was not provided by any .service files
[3.983s] DEBUG:colcon.colcon_core.event_reactor:joined thread
[3.983s] INFO:colcon.colcon_core.shell:Creating prefix script '/home/jprl/APS1/APS1/jota_ws1/install/local_setup.ps1'
[3.985s] INFO:colcon.colcon_core.shell:Creating prefix util module '/home/jprl/APS1/APS1/jota_ws1/install/_local_setup_util_ps1.py'
[3.987s] INFO:colcon.colcon_core.shell:Creating prefix chain script '/home/jprl/APS1/APS1/jota_ws1/install/setup.ps1'
[3.988s] INFO:colcon.colcon_core.shell:Creating prefix script '/home/jprl/APS1/APS1/jota_ws1/install/local_setup.sh'
[3.989s] INFO:colcon.colcon_core.shell:Creating prefix util module '/home/jprl/APS1/APS1/jota_ws1/install/_local_setup_util_sh.py'
[3.989s] INFO:colcon.colcon_core.shell:Creating prefix chain script '/home/jprl/APS1/APS1/jota_ws1/install/setup.sh'
[3.990s] INFO:colcon.colcon_core.shell:Creating prefix script '/home/jprl/APS1/APS1/jota_ws1/install/local_setup.bash'
[3.991s] INFO:colcon.colcon_core.shell:Creating prefix chain script '/home/jprl/APS1/APS1/jota_ws1/install/setup.bash'
[3.992s] INFO:colcon.colcon_core.shell:Creating prefix script '/home/jprl/APS1/APS1/jota_ws1/install/local_setup.zsh'
[3.993s] INFO:colcon.colcon_core.shell:Creating prefix chain script '/home/jprl/APS1/APS1/jota_ws1/install/setup.zsh'
