[2.327s] Invoking command in '/home/jprl/APS1/APS1/jota_ws1/src/rm_navigation': PYTHONPATH=/home/jprl/APS1/APS1/jota_ws1/build/rm_navigation/prefix_override:/usr/lib/python3/dist-packages/colcon_core/task/python/colcon_distutils_commands:/home/jprl/APS1/APS1/jota_ws1/install/rm_navigation/lib/python3.8/site-packages:${PYTHONPATH} /usr/bin/python3 -W ignore:setup.py install is deprecated -W ignore:easy_install command is deprecated setup.py egg_info --egg-base ../../build/rm_navigation build --build-base /home/jprl/APS1/APS1/jota_ws1/build/rm_navigation/build install --record /home/jprl/APS1/APS1/jota_ws1/build/rm_navigation/install.log --install-scripts $base/lib/rm_navigation --single-version-externally-managed install_data
[2.655s] running egg_info
[2.657s] writing ../../build/rm_navigation/rm_navigation.egg-info/PKG-INFO
[2.657s] writing dependency_links to ../../build/rm_navigation/rm_navigation.egg-info/dependency_links.txt
[2.657s] writing entry points to ../../build/rm_navigation/rm_navigation.egg-info/entry_points.txt
[2.657s] writing requirements to ../../build/rm_navigation/rm_navigation.egg-info/requires.txt
[2.657s] writing top-level names to ../../build/rm_navigation/rm_navigation.egg-info/top_level.txt
[2.707s] reading manifest file '../../build/rm_navigation/rm_navigation.egg-info/SOURCES.txt'
[2.708s] writing manifest file '../../build/rm_navigation/rm_navigation.egg-info/SOURCES.txt'
[2.708s] running build
[2.709s] running build_py
[2.709s] running install
[2.711s] running install_lib
[2.713s] running install_data
[2.714s] copying launch/navigation.launch.py -> /home/jprl/APS1/APS1/jota_ws1/install/rm_navigation/share/rm_navigation/launch
[2.714s] running install_egg_info
[2.716s] removing '/home/jprl/APS1/APS1/jota_ws1/install/rm_navigation/lib/python3.8/site-packages/rm_navigation-0.0.0-py3.8.egg-info' (and everything under it)
[2.717s] Copying ../../build/rm_navigation/rm_navigation.egg-info to /home/jprl/APS1/APS1/jota_ws1/install/rm_navigation/lib/python3.8/site-packages/rm_navigation-0.0.0-py3.8.egg-info
[2.720s] running install_scripts
[2.751s] writing list of installed files to '/home/jprl/APS1/APS1/jota_ws1/build/rm_navigation/install.log'
[2.793s] Invoked command in '/home/jprl/APS1/APS1/jota_ws1/src/rm_navigation' returned '0': PYTHONPATH=/home/jprl/APS1/APS1/jota_ws1/build/rm_navigation/prefix_override:/usr/lib/python3/dist-packages/colcon_core/task/python/colcon_distutils_commands:/home/jprl/APS1/APS1/jota_ws1/install/rm_navigation/lib/python3.8/site-packages:${PYTHONPATH} /usr/bin/python3 -W ignore:setup.py install is deprecated -W ignore:easy_install command is deprecated setup.py egg_info --egg-base ../../build/rm_navigation build --build-base /home/jprl/APS1/APS1/jota_ws1/build/rm_navigation/build install --record /home/jprl/APS1/APS1/jota_ws1/build/rm_navigation/install.log --install-scripts $base/lib/rm_navigation --single-version-externally-managed install_data
