[4.378s] Invoking command in '/home/jprl/APS1/APS1/jota_ws1/src/rm_navigator': PYTHONPATH=/home/jprl/APS1/APS1/jota_ws1/build/rm_navigator/prefix_override:/usr/lib/python3/dist-packages/colcon_core/task/python/colcon_distutils_commands:/home/jprl/APS1/APS1/jota_ws1/install/rm_navigator/lib/python3.8/site-packages:${PYTHONPATH} /usr/bin/python3 -W ignore:setup.py install is deprecated -W ignore:easy_install command is deprecated setup.py egg_info --egg-base ../../build/rm_navigator build --build-base /home/jprl/APS1/APS1/jota_ws1/build/rm_navigator/build install --record /home/jprl/APS1/APS1/jota_ws1/build/rm_navigator/install.log --install-scripts $base/lib/rm_navigator --single-version-externally-managed install_data
[5.192s] running egg_info
[5.196s] writing ../../build/rm_navigator/rm_navigator.egg-info/PKG-INFO
[5.197s] writing dependency_links to ../../build/rm_navigator/rm_navigator.egg-info/dependency_links.txt
[5.198s] writing entry points to ../../build/rm_navigator/rm_navigator.egg-info/entry_points.txt
[5.198s] writing requirements to ../../build/rm_navigator/rm_navigator.egg-info/requires.txt
[5.199s] writing top-level names to ../../build/rm_navigator/rm_navigator.egg-info/top_level.txt
[5.321s] reading manifest file '../../build/rm_navigator/rm_navigator.egg-info/SOURCES.txt'
[5.324s] writing manifest file '../../build/rm_navigator/rm_navigator.egg-info/SOURCES.txt'
[5.325s] running build
[5.325s] running build_py
[5.326s] running install
[5.330s] running install_lib
[5.342s] running install_data
[5.343s] running install_egg_info
[5.348s] removing '/home/jprl/APS1/APS1/jota_ws1/install/rm_navigator/lib/python3.8/site-packages/rm_navigator-0.0.0-py3.8.egg-info' (and everything under it)
[5.349s] Copying ../../build/rm_navigator/rm_navigator.egg-info to /home/jprl/APS1/APS1/jota_ws1/install/rm_navigator/lib/python3.8/site-packages/rm_navigator-0.0.0-py3.8.egg-info
[5.354s] running install_scripts
[5.422s] Installing navigator script to /home/jprl/APS1/APS1/jota_ws1/install/rm_navigator/lib/rm_navigator
[5.423s] writing list of installed files to '/home/jprl/APS1/APS1/jota_ws1/build/rm_navigator/install.log'
[5.554s] Invoked command in '/home/jprl/APS1/APS1/jota_ws1/src/rm_navigator' returned '0': PYTHONPATH=/home/jprl/APS1/APS1/jota_ws1/build/rm_navigator/prefix_override:/usr/lib/python3/dist-packages/colcon_core/task/python/colcon_distutils_commands:/home/jprl/APS1/APS1/jota_ws1/install/rm_navigator/lib/python3.8/site-packages:${PYTHONPATH} /usr/bin/python3 -W ignore:setup.py install is deprecated -W ignore:easy_install command is deprecated setup.py egg_info --egg-base ../../build/rm_navigator build --build-base /home/jprl/APS1/APS1/jota_ws1/build/rm_navigator/build install --record /home/jprl/APS1/APS1/jota_ws1/build/rm_navigator/install.log --install-scripts $base/lib/rm_navigator --single-version-externally-managed install_data
