[0.052s] Invoking command in '/home/jprl/APS1/APS1/jota_ws1/build/custom_interfaces': CMAKE_PREFIX_PATH=${CMAKE_PREFIX_PATH}:/home/jprl/APS1/APS1/jota_ws1/install/robot_navigation:/home/jprl/APS1/APS1/jota_ws1/install/rm_slam:/home/jprl/APS1/APS1/jota_ws1/install/rm_localization:/opt/ros/foxy /usr/bin/cmake --build /home/jprl/APS1/APS1/jota_ws1/build/custom_interfaces -- -j12 -l12
[0.680s] [  3%] Built target custom_interfaces__cpp
[0.680s] [ 12%] Built target custom_interfaces__rosidl_generator_c
[0.680s] [ 22%] Built target custom_interfaces__rosidl_typesupport_cpp
[0.680s] [ 32%] Built target custom_interfaces__rosidl_typesupport_introspection_cpp
[0.681s] [ 41%] Built target custom_interfaces__rosidl_typesupport_fastrtps_cpp
[0.681s] [ 51%] Built target custom_interfaces__rosidl_typesupport_c
[0.684s] [ 61%] Built target custom_interfaces__rosidl_typesupport_introspection_c
[0.684s] [ 70%] Built target custom_interfaces__rosidl_typesupport_fastrtps_c
[0.685s] [ 70%] Built target custom_interfaces
[0.685s] [ 74%] Built target custom_interfaces__py
[0.685s] [ 80%] Built target custom_interfaces__python
[0.685s] [ 87%] Built target custom_interfaces__rosidl_typesupport_introspection_c__pyext
[0.685s] [ 93%] Built target custom_interfaces__rosidl_typesupport_fastrtps_c__pyext
[0.685s] [100%] Built target custom_interfaces__rosidl_typesupport_c__pyext
[0.685s] Invoked command in '/home/jprl/APS1/APS1/jota_ws1/build/custom_interfaces' returned '0': CMAKE_PREFIX_PATH=${CMAKE_PREFIX_PATH}:/home/jprl/APS1/APS1/jota_ws1/install/robot_navigation:/home/jprl/APS1/APS1/jota_ws1/install/rm_slam:/home/jprl/APS1/APS1/jota_ws1/install/rm_localization:/opt/ros/foxy /usr/bin/cmake --build /home/jprl/APS1/APS1/jota_ws1/build/custom_interfaces -- -j12 -l12
[0.696s] Invoking command in '/home/jprl/APS1/APS1/jota_ws1/build/custom_interfaces': CMAKE_PREFIX_PATH=${CMAKE_PREFIX_PATH}:/home/jprl/APS1/APS1/jota_ws1/install/robot_navigation:/home/jprl/APS1/APS1/jota_ws1/install/rm_slam:/home/jprl/APS1/APS1/jota_ws1/install/rm_localization:/opt/ros/foxy /usr/bin/cmake --install /home/jprl/APS1/APS1/jota_ws1/build/custom_interfaces
[0.707s] -- Install configuration: ""
[0.707s] -- Up-to-date: /home/jprl/APS1/APS1/jota_ws1/install/custom_interfaces/share/ament_index/resource_index/rosidl_interfaces/custom_interfaces
[0.708s] -- Up-to-date: /home/jprl/APS1/APS1/jota_ws1/install/custom_interfaces/include/custom_interfaces
[0.711s] -- Up-to-date: /home/jprl/APS1/APS1/jota_ws1/install/custom_interfaces/include/custom_interfaces/msg
[0.711s] -- Up-to-date: /home/jprl/APS1/APS1/jota_ws1/install/custom_interfaces/include/custom_interfaces/msg/rosidl_generator_c__visibility_control.h
[0.712s] -- Up-to-date: /home/jprl/APS1/APS1/jota_ws1/install/custom_interfaces/include/custom_interfaces/action
[0.712s] -- Up-to-date: /home/jprl/APS1/APS1/jota_ws1/install/custom_interfaces/include/custom_interfaces/action/detail
[0.713s] -- Up-to-date: /home/jprl/APS1/APS1/jota_ws1/install/custom_interfaces/include/custom_interfaces/action/detail/rotate__struct.h
[0.713s] -- Up-to-date: /home/jprl/APS1/APS1/jota_ws1/install/custom_interfaces/include/custom_interfaces/action/detail/rotate__functions.h
[0.714s] -- Up-to-date: /home/jprl/APS1/APS1/jota_ws1/install/custom_interfaces/include/custom_interfaces/action/detail/rotate__type_support.h
[0.715s] -- Up-to-date: /home/jprl/APS1/APS1/jota_ws1/install/custom_interfaces/include/custom_interfaces/action/detail/rotate__functions.c
[0.717s] -- Up-to-date: /home/jprl/APS1/APS1/jota_ws1/install/custom_interfaces/include/custom_interfaces/action/rotate.h
[0.717s] -- Up-to-date: /home/jprl/APS1/APS1/jota_ws1/install/custom_interfaces/share/custom_interfaces/environment/library_path.sh
[0.718s] -- Up-to-date: /home/jprl/APS1/APS1/jota_ws1/install/custom_interfaces/share/custom_interfaces/environment/library_path.dsv
[0.718s] -- Up-to-date: /home/jprl/APS1/APS1/jota_ws1/install/custom_interfaces/lib/libcustom_interfaces__rosidl_generator_c.so
[0.719s] -- Up-to-date: /home/jprl/APS1/APS1/jota_ws1/install/custom_interfaces/include/custom_interfaces
[0.721s] -- Up-to-date: /home/jprl/APS1/APS1/jota_ws1/install/custom_interfaces/include/custom_interfaces/msg
[0.721s] -- Up-to-date: /home/jprl/APS1/APS1/jota_ws1/install/custom_interfaces/include/custom_interfaces/msg/rosidl_typesupport_fastrtps_c__visibility_control.h
[0.722s] -- Up-to-date: /home/jprl/APS1/APS1/jota_ws1/install/custom_interfaces/include/custom_interfaces/action
[0.722s] -- Up-to-date: /home/jprl/APS1/APS1/jota_ws1/install/custom_interfaces/include/custom_interfaces/action/detail
[0.724s] -- Up-to-date: /home/jprl/APS1/APS1/jota_ws1/install/custom_interfaces/include/custom_interfaces/action/detail/rotate__rosidl_typesupport_fastrtps_c.h
[0.724s] -- Up-to-date: /home/jprl/APS1/APS1/jota_ws1/install/custom_interfaces/lib/libcustom_interfaces__rosidl_typesupport_fastrtps_c.so
[0.724s] -- Up-to-date: /home/jprl/APS1/APS1/jota_ws1/install/custom_interfaces/include/custom_interfaces
[0.725s] -- Up-to-date: /home/jprl/APS1/APS1/jota_ws1/install/custom_interfaces/include/custom_interfaces/msg
[0.725s] -- Up-to-date: /home/jprl/APS1/APS1/jota_ws1/install/custom_interfaces/include/custom_interfaces/msg/rosidl_typesupport_fastrtps_cpp__visibility_control.h
[0.725s] -- Up-to-date: /home/jprl/APS1/APS1/jota_ws1/install/custom_interfaces/include/custom_interfaces/action
[0.725s] -- Up-to-date: /home/jprl/APS1/APS1/jota_ws1/install/custom_interfaces/include/custom_interfaces/action/detail
[0.726s] -- Up-to-date: /home/jprl/APS1/APS1/jota_ws1/install/custom_interfaces/include/custom_interfaces/action/detail/dds_fastrtps
[0.726s] -- Up-to-date: /home/jprl/APS1/APS1/jota_ws1/install/custom_interfaces/include/custom_interfaces/action/detail/rotate__rosidl_typesupport_fastrtps_cpp.hpp
[0.727s] -- Up-to-date: /home/jprl/APS1/APS1/jota_ws1/install/custom_interfaces/lib/libcustom_interfaces__rosidl_typesupport_fastrtps_cpp.so
[0.727s] -- Up-to-date: /home/jprl/APS1/APS1/jota_ws1/install/custom_interfaces/include/custom_interfaces
[0.727s] -- Up-to-date: /home/jprl/APS1/APS1/jota_ws1/install/custom_interfaces/include/custom_interfaces/msg
[0.728s] -- Up-to-date: /home/jprl/APS1/APS1/jota_ws1/install/custom_interfaces/include/custom_interfaces/msg/rosidl_typesupport_introspection_c__visibility_control.h
[0.728s] -- Up-to-date: /home/jprl/APS1/APS1/jota_ws1/install/custom_interfaces/include/custom_interfaces/action
[0.729s] -- Up-to-date: /home/jprl/APS1/APS1/jota_ws1/install/custom_interfaces/include/custom_interfaces/action/detail
[0.730s] -- Up-to-date: /home/jprl/APS1/APS1/jota_ws1/install/custom_interfaces/include/custom_interfaces/action/detail/rotate__rosidl_typesupport_introspection_c.h
[0.731s] -- Up-to-date: /home/jprl/APS1/APS1/jota_ws1/install/custom_interfaces/include/custom_interfaces/action/detail/rotate__type_support.c
[0.732s] -- Up-to-date: /home/jprl/APS1/APS1/jota_ws1/install/custom_interfaces/lib/libcustom_interfaces__rosidl_typesupport_introspection_c.so
[0.732s] -- Up-to-date: /home/jprl/APS1/APS1/jota_ws1/install/custom_interfaces/lib/libcustom_interfaces__rosidl_typesupport_c.so
[0.733s] -- Up-to-date: /home/jprl/APS1/APS1/jota_ws1/install/custom_interfaces/include/custom_interfaces
[0.733s] -- Up-to-date: /home/jprl/APS1/APS1/jota_ws1/install/custom_interfaces/include/custom_interfaces/msg
[0.733s] -- Up-to-date: /home/jprl/APS1/APS1/jota_ws1/install/custom_interfaces/include/custom_interfaces/msg/rosidl_generator_cpp__visibility_control.hpp
[0.735s] -- Up-to-date: /home/jprl/APS1/APS1/jota_ws1/install/custom_interfaces/include/custom_interfaces/action
[0.741s] -- Up-to-date: /home/jprl/APS1/APS1/jota_ws1/install/custom_interfaces/include/custom_interfaces/action/detail
[0.741s] -- Up-to-date: /home/jprl/APS1/APS1/jota_ws1/install/custom_interfaces/include/custom_interfaces/action/detail/rotate__type_support.hpp
[0.741s] -- Up-to-date: /home/jprl/APS1/APS1/jota_ws1/install/custom_interfaces/include/custom_interfaces/action/detail/rotate__builder.hpp
[0.742s] -- Up-to-date: /home/jprl/APS1/APS1/jota_ws1/install/custom_interfaces/include/custom_interfaces/action/detail/rotate__struct.hpp
[0.742s] -- Up-to-date: /home/jprl/APS1/APS1/jota_ws1/install/custom_interfaces/include/custom_interfaces/action/detail/rotate__traits.hpp
[0.743s] -- Up-to-date: /home/jprl/APS1/APS1/jota_ws1/install/custom_interfaces/include/custom_interfaces/action/rotate.hpp
[0.744s] -- Up-to-date: /home/jprl/APS1/APS1/jota_ws1/install/custom_interfaces/include/custom_interfaces
[0.744s] -- Up-to-date: /home/jprl/APS1/APS1/jota_ws1/install/custom_interfaces/include/custom_interfaces/action
[0.745s] -- Up-to-date: /home/jprl/APS1/APS1/jota_ws1/install/custom_interfaces/include/custom_interfaces/action/detail
[0.745s] -- Up-to-date: /home/jprl/APS1/APS1/jota_ws1/install/custom_interfaces/include/custom_interfaces/action/detail/rotate__type_support.cpp
[0.745s] -- Up-to-date: /home/jprl/APS1/APS1/jota_ws1/install/custom_interfaces/include/custom_interfaces/action/detail/rotate__rosidl_typesupport_introspection_cpp.hpp
[0.745s] -- Up-to-date: /home/jprl/APS1/APS1/jota_ws1/install/custom_interfaces/lib/libcustom_interfaces__rosidl_typesupport_introspection_cpp.so
[0.745s] -- Up-to-date: /home/jprl/APS1/APS1/jota_ws1/install/custom_interfaces/lib/libcustom_interfaces__rosidl_typesupport_cpp.so
[0.745s] -- Up-to-date: /home/jprl/APS1/APS1/jota_ws1/install/custom_interfaces/share/custom_interfaces/environment/pythonpath.sh
[0.746s] -- Up-to-date: /home/jprl/APS1/APS1/jota_ws1/install/custom_interfaces/share/custom_interfaces/environment/pythonpath.dsv
[0.746s] -- Up-to-date: /home/jprl/APS1/APS1/jota_ws1/install/custom_interfaces/lib/python3.8/site-packages/custom_interfaces/__init__.py
[0.786s] -- Up-to-date: /home/jprl/APS1/APS1/jota_ws1/install/custom_interfaces/lib/python3.8/site-packages/custom_interfaces/action
[0.786s] -- Up-to-date: /home/jprl/APS1/APS1/jota_ws1/install/custom_interfaces/lib/python3.8/site-packages/custom_interfaces/action/__init__.py
[0.787s] -- Up-to-date: /home/jprl/APS1/APS1/jota_ws1/install/custom_interfaces/lib/python3.8/site-packages/custom_interfaces/action/_rotate.py
[0.787s] -- Up-to-date: /home/jprl/APS1/APS1/jota_ws1/install/custom_interfaces/lib/python3.8/site-packages/custom_interfaces/action/_rotate_s.c
[0.787s] -- Up-to-date: /home/jprl/APS1/APS1/jota_ws1/install/custom_interfaces/lib/python3.8/site-packages/custom_interfaces/custom_interfaces_s__rosidl_typesupport_fastrtps_c.cpython-38-x86_64-linux-gnu.so
[0.788s] -- Up-to-date: /home/jprl/APS1/APS1/jota_ws1/install/custom_interfaces/lib/python3.8/site-packages/custom_interfaces/custom_interfaces_s__rosidl_typesupport_introspection_c.cpython-38-x86_64-linux-gnu.so
[0.788s] -- Up-to-date: /home/jprl/APS1/APS1/jota_ws1/install/custom_interfaces/lib/python3.8/site-packages/custom_interfaces/custom_interfaces_s__rosidl_typesupport_c.cpython-38-x86_64-linux-gnu.so
[0.789s] -- Up-to-date: /home/jprl/APS1/APS1/jota_ws1/install/custom_interfaces/lib/libcustom_interfaces__python.so
[0.791s] -- Up-to-date: /home/jprl/APS1/APS1/jota_ws1/install/custom_interfaces/share/custom_interfaces/action/Rotate.idl
[0.791s] -- Up-to-date: /home/jprl/APS1/APS1/jota_ws1/install/custom_interfaces/share/custom_interfaces/action/Rotate.action
[0.791s] -- Up-to-date: /home/jprl/APS1/APS1/jota_ws1/install/custom_interfaces/share/ament_index/resource_index/package_run_dependencies/custom_interfaces
[0.792s] -- Up-to-date: /home/jprl/APS1/APS1/jota_ws1/install/custom_interfaces/share/ament_index/resource_index/parent_prefix_path/custom_interfaces
[0.793s] -- Up-to-date: /home/jprl/APS1/APS1/jota_ws1/install/custom_interfaces/share/custom_interfaces/environment/ament_prefix_path.sh
[0.793s] -- Up-to-date: /home/jprl/APS1/APS1/jota_ws1/install/custom_interfaces/share/custom_interfaces/environment/ament_prefix_path.dsv
[0.793s] -- Up-to-date: /home/jprl/APS1/APS1/jota_ws1/install/custom_interfaces/share/custom_interfaces/environment/path.sh
[0.793s] -- Up-to-date: /home/jprl/APS1/APS1/jota_ws1/install/custom_interfaces/share/custom_interfaces/environment/path.dsv
[0.794s] -- Up-to-date: /home/jprl/APS1/APS1/jota_ws1/install/custom_interfaces/share/custom_interfaces/local_setup.bash
[0.794s] -- Up-to-date: /home/jprl/APS1/APS1/jota_ws1/install/custom_interfaces/share/custom_interfaces/local_setup.sh
[0.795s] -- Up-to-date: /home/jprl/APS1/APS1/jota_ws1/install/custom_interfaces/share/custom_interfaces/local_setup.zsh
[0.795s] -- Up-to-date: /home/jprl/APS1/APS1/jota_ws1/install/custom_interfaces/share/custom_interfaces/local_setup.dsv
[0.795s] -- Installing: /home/jprl/APS1/APS1/jota_ws1/install/custom_interfaces/share/custom_interfaces/package.dsv
[0.796s] -- Up-to-date: /home/jprl/APS1/APS1/jota_ws1/install/custom_interfaces/share/ament_index/resource_index/packages/custom_interfaces
[0.796s] -- Up-to-date: /home/jprl/APS1/APS1/jota_ws1/install/custom_interfaces/share/custom_interfaces/cmake/custom_interfaces__rosidl_generator_cExport.cmake
[0.797s] -- Up-to-date: /home/jprl/APS1/APS1/jota_ws1/install/custom_interfaces/share/custom_interfaces/cmake/custom_interfaces__rosidl_generator_cExport-noconfig.cmake
[0.797s] -- Up-to-date: /home/jprl/APS1/APS1/jota_ws1/install/custom_interfaces/share/custom_interfaces/cmake/custom_interfaces__rosidl_typesupport_introspection_cExport.cmake
[0.799s] -- Up-to-date: /home/jprl/APS1/APS1/jota_ws1/install/custom_interfaces/share/custom_interfaces/cmake/custom_interfaces__rosidl_typesupport_introspection_cExport-noconfig.cmake
[0.800s] -- Up-to-date: /home/jprl/APS1/APS1/jota_ws1/install/custom_interfaces/share/custom_interfaces/cmake/custom_interfaces__rosidl_typesupport_cExport.cmake
[0.800s] -- Up-to-date: /home/jprl/APS1/APS1/jota_ws1/install/custom_interfaces/share/custom_interfaces/cmake/custom_interfaces__rosidl_typesupport_cExport-noconfig.cmake
[0.800s] -- Up-to-date: /home/jprl/APS1/APS1/jota_ws1/install/custom_interfaces/share/custom_interfaces/cmake/custom_interfaces__rosidl_generator_cppExport.cmake
[0.801s] -- Up-to-date: /home/jprl/APS1/APS1/jota_ws1/install/custom_interfaces/share/custom_interfaces/cmake/custom_interfaces__rosidl_typesupport_introspection_cppExport.cmake
[0.802s] -- Up-to-date: /home/jprl/APS1/APS1/jota_ws1/install/custom_interfaces/share/custom_interfaces/cmake/custom_interfaces__rosidl_typesupport_introspection_cppExport-noconfig.cmake
[0.803s] -- Up-to-date: /home/jprl/APS1/APS1/jota_ws1/install/custom_interfaces/share/custom_interfaces/cmake/custom_interfaces__rosidl_typesupport_cppExport.cmake
[0.804s] -- Up-to-date: /home/jprl/APS1/APS1/jota_ws1/install/custom_interfaces/share/custom_interfaces/cmake/custom_interfaces__rosidl_typesupport_cppExport-noconfig.cmake
[0.804s] -- Up-to-date: /home/jprl/APS1/APS1/jota_ws1/install/custom_interfaces/share/custom_interfaces/cmake/rosidl_cmake-extras.cmake
[0.804s] -- Up-to-date: /home/jprl/APS1/APS1/jota_ws1/install/custom_interfaces/share/custom_interfaces/cmake/ament_cmake_export_dependencies-extras.cmake
[0.805s] -- Up-to-date: /home/jprl/APS1/APS1/jota_ws1/install/custom_interfaces/share/custom_interfaces/cmake/ament_cmake_export_libraries-extras.cmake
[0.805s] -- Up-to-date: /home/jprl/APS1/APS1/jota_ws1/install/custom_interfaces/share/custom_interfaces/cmake/ament_cmake_export_targets-extras.cmake
[0.806s] -- Up-to-date: /home/jprl/APS1/APS1/jota_ws1/install/custom_interfaces/share/custom_interfaces/cmake/ament_cmake_export_include_directories-extras.cmake
[0.807s] -- Up-to-date: /home/jprl/APS1/APS1/jota_ws1/install/custom_interfaces/share/custom_interfaces/cmake/rosidl_cmake_export_typesupport_libraries-extras.cmake
[0.809s] -- Up-to-date: /home/jprl/APS1/APS1/jota_ws1/install/custom_interfaces/share/custom_interfaces/cmake/rosidl_cmake_export_typesupport_targets-extras.cmake
[0.810s] -- Up-to-date: /home/jprl/APS1/APS1/jota_ws1/install/custom_interfaces/share/custom_interfaces/cmake/custom_interfacesConfig.cmake
[0.810s] -- Up-to-date: /home/jprl/APS1/APS1/jota_ws1/install/custom_interfaces/share/custom_interfaces/cmake/custom_interfacesConfig-version.cmake
[0.811s] -- Up-to-date: /home/jprl/APS1/APS1/jota_ws1/install/custom_interfaces/share/custom_interfaces/package.xml
[0.820s] Invoked command in '/home/jprl/APS1/APS1/jota_ws1/build/custom_interfaces' returned '0': CMAKE_PREFIX_PATH=${CMAKE_PREFIX_PATH}:/home/jprl/APS1/APS1/jota_ws1/install/robot_navigation:/home/jprl/APS1/APS1/jota_ws1/install/rm_slam:/home/jprl/APS1/APS1/jota_ws1/install/rm_localization:/opt/ros/foxy /usr/bin/cmake --install /home/jprl/APS1/APS1/jota_ws1/build/custom_interfaces
