[1.337s] Invoking command in '/home/jprl/APS1/APS1/jota_ws1/src/rm_localization': PYTHONPATH=/home/jprl/APS1/APS1/jota_ws1/build/rm_localization/prefix_override:/usr/lib/python3/dist-packages/colcon_core/task/python/colcon_distutils_commands:/home/jprl/APS1/APS1/jota_ws1/install/rm_localization/lib/python3.8/site-packages:${PYTHONPATH} /usr/bin/python3 -W ignore:setup.py install is deprecated -W ignore:easy_install command is deprecated setup.py egg_info --egg-base ../../build/rm_localization build --build-base /home/jprl/APS1/APS1/jota_ws1/build/rm_localization/build install --record /home/jprl/APS1/APS1/jota_ws1/build/rm_localization/install.log --install-scripts $base/lib/rm_localization --single-version-externally-managed install_data
[1.588s] running egg_info
[1.589s] writing ../../build/rm_localization/rm_localization.egg-info/PKG-INFO
[1.590s] writing dependency_links to ../../build/rm_localization/rm_localization.egg-info/dependency_links.txt
[1.590s] writing entry points to ../../build/rm_localization/rm_localization.egg-info/entry_points.txt
[1.590s] writing requirements to ../../build/rm_localization/rm_localization.egg-info/requires.txt
[1.590s] writing top-level names to ../../build/rm_localization/rm_localization.egg-info/top_level.txt
[1.639s] reading manifest file '../../build/rm_localization/rm_localization.egg-info/SOURCES.txt'
[1.641s] writing manifest file '../../build/rm_localization/rm_localization.egg-info/SOURCES.txt'
[1.641s] running build
[1.642s] running build_py
[1.642s] running install
[1.642s] running install_lib
[1.644s] running install_data
[1.645s] copying config/amcl_params.yaml -> /home/jprl/APS1/APS1/jota_ws1/install/rm_localization/share/rm_localization/config
[1.645s] running install_egg_info
[1.647s] removing '/home/jprl/APS1/APS1/jota_ws1/install/rm_localization/lib/python3.8/site-packages/rm_localization-0.0.0-py3.8.egg-info' (and everything under it)
[1.647s] Copying ../../build/rm_localization/rm_localization.egg-info to /home/jprl/APS1/APS1/jota_ws1/install/rm_localization/lib/python3.8/site-packages/rm_localization-0.0.0-py3.8.egg-info
[1.649s] running install_scripts
[1.668s] writing list of installed files to '/home/jprl/APS1/APS1/jota_ws1/build/rm_localization/install.log'
[1.692s] Invoked command in '/home/jprl/APS1/APS1/jota_ws1/src/rm_localization' returned '0': PYTHONPATH=/home/jprl/APS1/APS1/jota_ws1/build/rm_localization/prefix_override:/usr/lib/python3/dist-packages/colcon_core/task/python/colcon_distutils_commands:/home/jprl/APS1/APS1/jota_ws1/install/rm_localization/lib/python3.8/site-packages:${PYTHONPATH} /usr/bin/python3 -W ignore:setup.py install is deprecated -W ignore:easy_install command is deprecated setup.py egg_info --egg-base ../../build/rm_localization build --build-base /home/jprl/APS1/APS1/jota_ws1/build/rm_localization/build install --record /home/jprl/APS1/APS1/jota_ws1/build/rm_localization/install.log --install-scripts $base/lib/rm_localization --single-version-externally-managed install_data
