[4.169s] Invoking command in '/home/jprl/APS1/APS1/jota_ws1/src/rm_navigation': PYTHONPATH=/home/jprl/APS1/APS1/jota_ws1/build/rm_navigation/prefix_override:/usr/lib/python3/dist-packages/colcon_core/task/python/colcon_distutils_commands:/home/jprl/APS1/APS1/jota_ws1/install/rm_navigation/lib/python3.8/site-packages:${PYTHONPATH} /usr/bin/python3 -W ignore:setup.py install is deprecated -W ignore:easy_install command is deprecated setup.py egg_info --egg-base ../../build/rm_navigation build --build-base /home/jprl/APS1/APS1/jota_ws1/build/rm_navigation/build install --record /home/jprl/APS1/APS1/jota_ws1/build/rm_navigation/install.log --install-scripts $base/lib/rm_navigation --single-version-externally-managed install_data
[4.837s] running egg_info
[4.838s] writing ../../build/rm_navigation/rm_navigation.egg-info/PKG-INFO
[4.839s] writing dependency_links to ../../build/rm_navigation/rm_navigation.egg-info/dependency_links.txt
[4.839s] writing entry points to ../../build/rm_navigation/rm_navigation.egg-info/entry_points.txt
[4.844s] writing requirements to ../../build/rm_navigation/rm_navigation.egg-info/requires.txt
[4.847s] writing top-level names to ../../build/rm_navigation/rm_navigation.egg-info/top_level.txt
[4.951s] reading manifest file '../../build/rm_navigation/rm_navigation.egg-info/SOURCES.txt'
[4.953s] writing manifest file '../../build/rm_navigation/rm_navigation.egg-info/SOURCES.txt'
[4.954s] running build
[4.954s] running build_py
[4.955s] running install
[4.957s] running install_lib
[4.962s] running install_data
[4.962s] running install_egg_info
[4.967s] removing '/home/jprl/APS1/APS1/jota_ws1/install/rm_navigation/lib/python3.8/site-packages/rm_navigation-0.0.0-py3.8.egg-info' (and everything under it)
[4.968s] Copying ../../build/rm_navigation/rm_navigation.egg-info to /home/jprl/APS1/APS1/jota_ws1/install/rm_navigation/lib/python3.8/site-packages/rm_navigation-0.0.0-py3.8.egg-info
[4.972s] running install_scripts
[5.057s] writing list of installed files to '/home/jprl/APS1/APS1/jota_ws1/build/rm_navigation/install.log'
[5.125s] Invoked command in '/home/jprl/APS1/APS1/jota_ws1/src/rm_navigation' returned '0': PYTHONPATH=/home/jprl/APS1/APS1/jota_ws1/build/rm_navigation/prefix_override:/usr/lib/python3/dist-packages/colcon_core/task/python/colcon_distutils_commands:/home/jprl/APS1/APS1/jota_ws1/install/rm_navigation/lib/python3.8/site-packages:${PYTHONPATH} /usr/bin/python3 -W ignore:setup.py install is deprecated -W ignore:easy_install command is deprecated setup.py egg_info --egg-base ../../build/rm_navigation build --build-base /home/jprl/APS1/APS1/jota_ws1/build/rm_navigation/build install --record /home/jprl/APS1/APS1/jota_ws1/build/rm_navigation/install.log --install-scripts $base/lib/rm_navigation --single-version-externally-managed install_data
