[1.259s] Invoking command in '/home/jprl/APS1/APS1/jota_ws1/src/robot_navigation': CMAKE_PREFIX_PATH=/home/jprl/APS1/APS1/jota_ws1/install/custom_interfaces:/home/jprl/APS1/APS1/jota_ws1/install/robot_description PYTHONPATH=/home/jprl/APS1/APS1/jota_ws1/build/robot_navigation/prefix_override:/usr/lib/python3/dist-packages/colcon_core/task/python/colcon_distutils_commands:/home/jprl/APS1/APS1/jota_ws1/install/robot_navigation/lib/python3.8/site-packages:/home/jprl/APS1/APS1/jota_ws1/install/custom_interfaces/lib/python3.8/site-packages:/home/jprl/APS1/APS1/jota_ws1/install/robot_navigation/lib/python3.8/site-packages:/home/jprl/APS1/APS1/jota_ws1/install/rm_slam/lib/python3.8/site-packages:/home/jprl/APS1/APS1/jota_ws1/install/rm_localization/lib/python3.8/site-packages:/opt/ros/foxy/lib/python3.8/site-packages /usr/bin/python3 -W ignore:setup.py install is deprecated -W ignore:easy_install command is deprecated setup.py egg_info --egg-base ../../build/robot_navigation build --build-base /home/jprl/APS1/APS1/jota_ws1/build/robot_navigation/build install --record /home/jprl/APS1/APS1/jota_ws1/build/robot_navigation/install.log --install-scripts $base/lib/robot_navigation --single-version-externally-managed install_data
[1.489s] running egg_info
[1.489s] creating ../../build/robot_navigation/robot_navigation.egg-info
[1.490s] writing ../../build/robot_navigation/robot_navigation.egg-info/PKG-INFO
[1.490s] writing dependency_links to ../../build/robot_navigation/robot_navigation.egg-info/dependency_links.txt
[1.491s] writing entry points to ../../build/robot_navigation/robot_navigation.egg-info/entry_points.txt
[1.491s] writing requirements to ../../build/robot_navigation/robot_navigation.egg-info/requires.txt
[1.491s] writing top-level names to ../../build/robot_navigation/robot_navigation.egg-info/top_level.txt
[1.492s] writing manifest file '../../build/robot_navigation/robot_navigation.egg-info/SOURCES.txt'
[1.526s] reading manifest file '../../build/robot_navigation/robot_navigation.egg-info/SOURCES.txt'
[1.527s] writing manifest file '../../build/robot_navigation/robot_navigation.egg-info/SOURCES.txt'
[1.527s] running build
[1.528s] running build_py
[1.528s] creating /home/jprl/APS1/APS1/jota_ws1/build/robot_navigation/build
[1.528s] creating /home/jprl/APS1/APS1/jota_ws1/build/robot_navigation/build/lib
[1.528s] creating /home/jprl/APS1/APS1/jota_ws1/build/robot_navigation/build/lib/robot_navigation
[1.528s] copying robot_navigation/__init__.py -> /home/jprl/APS1/APS1/jota_ws1/build/robot_navigation/build/lib/robot_navigation
[1.529s] copying robot_navigation/navigation_node.py -> /home/jprl/APS1/APS1/jota_ws1/build/robot_navigation/build/lib/robot_navigation
[1.529s] copying robot_navigation/rotation_server.py -> /home/jprl/APS1/APS1/jota_ws1/build/robot_navigation/build/lib/robot_navigation
[1.529s] creating /home/jprl/APS1/APS1/jota_ws1/build/robot_navigation/build/lib/robot_navigation/utils
[1.529s] copying robot_navigation/utils/__init__.py -> /home/jprl/APS1/APS1/jota_ws1/build/robot_navigation/build/lib/robot_navigation/utils
[1.529s] copying robot_navigation/utils/tf_transformations.py -> /home/jprl/APS1/APS1/jota_ws1/build/robot_navigation/build/lib/robot_navigation/utils
[1.529s] running install
[1.530s] running install_lib
[1.531s] creating /home/jprl/APS1/APS1/jota_ws1/install/robot_navigation/lib/python3.8/site-packages/robot_navigation
[1.531s] copying /home/jprl/APS1/APS1/jota_ws1/build/robot_navigation/build/lib/robot_navigation/__init__.py -> /home/jprl/APS1/APS1/jota_ws1/install/robot_navigation/lib/python3.8/site-packages/robot_navigation
[1.531s] creating /home/jprl/APS1/APS1/jota_ws1/install/robot_navigation/lib/python3.8/site-packages/robot_navigation/utils
[1.531s] copying /home/jprl/APS1/APS1/jota_ws1/build/robot_navigation/build/lib/robot_navigation/utils/__init__.py -> /home/jprl/APS1/APS1/jota_ws1/install/robot_navigation/lib/python3.8/site-packages/robot_navigation/utils
[1.532s] copying /home/jprl/APS1/APS1/jota_ws1/build/robot_navigation/build/lib/robot_navigation/utils/tf_transformations.py -> /home/jprl/APS1/APS1/jota_ws1/install/robot_navigation/lib/python3.8/site-packages/robot_navigation/utils
[1.532s] copying /home/jprl/APS1/APS1/jota_ws1/build/robot_navigation/build/lib/robot_navigation/navigation_node.py -> /home/jprl/APS1/APS1/jota_ws1/install/robot_navigation/lib/python3.8/site-packages/robot_navigation
[1.532s] copying /home/jprl/APS1/APS1/jota_ws1/build/robot_navigation/build/lib/robot_navigation/rotation_server.py -> /home/jprl/APS1/APS1/jota_ws1/install/robot_navigation/lib/python3.8/site-packages/robot_navigation
[1.532s] byte-compiling /home/jprl/APS1/APS1/jota_ws1/install/robot_navigation/lib/python3.8/site-packages/robot_navigation/__init__.py to __init__.cpython-38.pyc
[1.534s] byte-compiling /home/jprl/APS1/APS1/jota_ws1/install/robot_navigation/lib/python3.8/site-packages/robot_navigation/utils/__init__.py to __init__.cpython-38.pyc
[1.534s] byte-compiling /home/jprl/APS1/APS1/jota_ws1/install/robot_navigation/lib/python3.8/site-packages/robot_navigation/utils/tf_transformations.py to tf_transformations.cpython-38.pyc
[1.535s] byte-compiling /home/jprl/APS1/APS1/jota_ws1/install/robot_navigation/lib/python3.8/site-packages/robot_navigation/navigation_node.py to navigation_node.cpython-38.pyc
[1.537s] byte-compiling /home/jprl/APS1/APS1/jota_ws1/install/robot_navigation/lib/python3.8/site-packages/robot_navigation/rotation_server.py to rotation_server.cpython-38.pyc
[1.537s] running install_data
[1.538s] creating /home/jprl/APS1/APS1/jota_ws1/install/robot_navigation/share/ament_index
[1.538s] creating /home/jprl/APS1/APS1/jota_ws1/install/robot_navigation/share/ament_index/resource_index
[1.538s] creating /home/jprl/APS1/APS1/jota_ws1/install/robot_navigation/share/ament_index/resource_index/packages
[1.538s] copying resource/robot_navigation -> /home/jprl/APS1/APS1/jota_ws1/install/robot_navigation/share/ament_index/resource_index/packages
[1.539s] copying package.xml -> /home/jprl/APS1/APS1/jota_ws1/install/robot_navigation/share/robot_navigation
[1.539s] creating /home/jprl/APS1/APS1/jota_ws1/install/robot_navigation/share/robot_navigation/launch
[1.539s] copying launch/navigation.launch.py -> /home/jprl/APS1/APS1/jota_ws1/install/robot_navigation/share/robot_navigation/launch
[1.539s] running install_egg_info
[1.541s] Copying ../../build/robot_navigation/robot_navigation.egg-info to /home/jprl/APS1/APS1/jota_ws1/install/robot_navigation/lib/python3.8/site-packages/robot_navigation-0.0.0-py3.8.egg-info
[1.542s] running install_scripts
[1.558s] Installing navigation_node script to /home/jprl/APS1/APS1/jota_ws1/install/robot_navigation/lib/robot_navigation
[1.558s] Installing rotation_server script to /home/jprl/APS1/APS1/jota_ws1/install/robot_navigation/lib/robot_navigation
[1.559s] writing list of installed files to '/home/jprl/APS1/APS1/jota_ws1/build/robot_navigation/install.log'
[1.581s] Invoked command in '/home/jprl/APS1/APS1/jota_ws1/src/robot_navigation' returned '0': CMAKE_PREFIX_PATH=/home/jprl/APS1/APS1/jota_ws1/install/custom_interfaces:/home/jprl/APS1/APS1/jota_ws1/install/robot_description PYTHONPATH=/home/jprl/APS1/APS1/jota_ws1/build/robot_navigation/prefix_override:/usr/lib/python3/dist-packages/colcon_core/task/python/colcon_distutils_commands:/home/jprl/APS1/APS1/jota_ws1/install/robot_navigation/lib/python3.8/site-packages:/home/jprl/APS1/APS1/jota_ws1/install/custom_interfaces/lib/python3.8/site-packages:/home/jprl/APS1/APS1/jota_ws1/install/robot_navigation/lib/python3.8/site-packages:/home/jprl/APS1/APS1/jota_ws1/install/rm_slam/lib/python3.8/site-packages:/home/jprl/APS1/APS1/jota_ws1/install/rm_localization/lib/python3.8/site-packages:/opt/ros/foxy/lib/python3.8/site-packages /usr/bin/python3 -W ignore:setup.py install is deprecated -W ignore:easy_install command is deprecated setup.py egg_info --egg-base ../../build/robot_navigation build --build-base /home/jprl/APS1/APS1/jota_ws1/build/robot_navigation/build install --record /home/jprl/APS1/APS1/jota_ws1/build/robot_navigation/install.log --install-scripts $base/lib/robot_navigation --single-version-externally-managed install_data
