[0.314s] DEBUG:colcon:Command line arguments: ['/usr/bin/colcon', 'build']
[0.314s] DEBUG:colcon:Parsed command line arguments: Namespace(allow_overriding=[], ament_cmake_args=None, base_paths=['.'], build_base='build', catkin_cmake_args=None, catkin_skip_building_tests=False, cmake_args=None, cmake_clean_cache=False, cmake_clean_first=False, cmake_force_configure=False, cmake_target=None, cmake_target_skip_unavailable=False, continue_on_error=False, event_handlers=None, executor='parallel', ignore_user_meta=False, install_base='install', log_base=None, log_level=None, main=<bound method BuildVerb.main of <colcon_core.verb.build.BuildVerb object at 0x7fb7508231f0>>, merge_install=False, metas=['./colcon.meta'], mixin=None, mixin_files=None, mixin_verb=('build',), packages_above=None, packages_above_and_dependencies=None, packages_above_depth=None, packages_end=None, packages_ignore=None, packages_ignore_regex=None, packages_select=None, packages_select_build_failed=False, packages_select_by_dep=None, packages_select_regex=None, packages_select_test_failures=False, packages_skip=None, packages_skip_build_finished=False, packages_skip_by_dep=None, packages_skip_regex=None, packages_skip_test_passed=False, packages_skip_up_to=None, packages_start=None, packages_up_to=None, packages_up_to_regex=None, parallel_workers=12, paths=None, symlink_install=False, test_result_base=None, verb_extension=<colcon_core.verb.build.BuildVerb object at 0x7fb7508231f0>, verb_name='build', verb_parser=<colcon_mixin.mixin.mixin_argument.MixinArgumentDecorator object at 0x7fb750823c10>)
[0.459s] Level 1:colcon.colcon_core.package_discovery:discover_packages(colcon_meta) check parameters
[0.459s] Level 1:colcon.colcon_core.package_discovery:discover_packages(recursive) check parameters
[0.459s] Level 1:colcon.colcon_core.package_discovery:discover_packages(ignore) check parameters
[0.459s] Level 1:colcon.colcon_core.package_discovery:discover_packages(path) check parameters
[0.459s] Level 1:colcon.colcon_core.package_discovery:discover_packages(colcon_meta) discover
[0.459s] Level 1:colcon.colcon_core.package_discovery:discover_packages(recursive) discover
[0.459s] INFO:colcon.colcon_core.package_discovery:Crawling recursively for packages in '/home/jprl/APS1/APS1/jota_ws1'
[0.459s] Level 1:colcon.colcon_core.package_identification:_identify(.) by extensions ['ignore', 'ignore_ament_install']
[0.460s] Level 1:colcon.colcon_core.package_identification:_identify(.) by extension 'ignore'
[0.460s] Level 1:colcon.colcon_core.package_identification:_identify(.) by extension 'ignore_ament_install'
[0.460s] Level 1:colcon.colcon_core.package_identification:_identify(.) by extensions ['colcon_pkg']
[0.460s] Level 1:colcon.colcon_core.package_identification:_identify(.) by extension 'colcon_pkg'
[0.460s] Level 1:colcon.colcon_core.package_identification:_identify(.) by extensions ['colcon_meta']
[0.460s] Level 1:colcon.colcon_core.package_identification:_identify(.) by extension 'colcon_meta'
[0.460s] Level 1:colcon.colcon_core.package_identification:_identify(.) by extensions ['ros']
[0.460s] Level 1:colcon.colcon_core.package_identification:_identify(.) by extension 'ros'
[0.470s] Level 1:colcon.colcon_core.package_identification:_identify(.) by extensions ['cmake', 'python']
[0.470s] Level 1:colcon.colcon_core.package_identification:_identify(.) by extension 'cmake'
[0.470s] Level 1:colcon.colcon_core.package_identification:_identify(.) by extension 'python'
[0.470s] Level 1:colcon.colcon_core.package_identification:_identify(.) by extensions ['python_setup_py']
[0.470s] Level 1:colcon.colcon_core.package_identification:_identify(.) by extension 'python_setup_py'
[0.470s] Level 1:colcon.colcon_core.package_identification:_identify(build) by extensions ['ignore', 'ignore_ament_install']
[0.471s] Level 1:colcon.colcon_core.package_identification:_identify(build) by extension 'ignore'
[0.471s] Level 1:colcon.colcon_core.package_identification:_identify(build) ignored
[0.471s] Level 1:colcon.colcon_core.package_identification:_identify(install) by extensions ['ignore', 'ignore_ament_install']
[0.471s] Level 1:colcon.colcon_core.package_identification:_identify(install) by extension 'ignore'
[0.471s] Level 1:colcon.colcon_core.package_identification:_identify(install) ignored
[0.471s] Level 1:colcon.colcon_core.package_identification:_identify(log) by extensions ['ignore', 'ignore_ament_install']
[0.471s] Level 1:colcon.colcon_core.package_identification:_identify(log) by extension 'ignore'
[0.471s] Level 1:colcon.colcon_core.package_identification:_identify(log) ignored
[0.471s] Level 1:colcon.colcon_core.package_identification:_identify(src) by extensions ['ignore', 'ignore_ament_install']
[0.471s] Level 1:colcon.colcon_core.package_identification:_identify(src) by extension 'ignore'
[0.471s] Level 1:colcon.colcon_core.package_identification:_identify(src) by extension 'ignore_ament_install'
[0.472s] Level 1:colcon.colcon_core.package_identification:_identify(src) by extensions ['colcon_pkg']
[0.472s] Level 1:colcon.colcon_core.package_identification:_identify(src) by extension 'colcon_pkg'
[0.472s] Level 1:colcon.colcon_core.package_identification:_identify(src) by extensions ['colcon_meta']
[0.472s] Level 1:colcon.colcon_core.package_identification:_identify(src) by extension 'colcon_meta'
[0.472s] Level 1:colcon.colcon_core.package_identification:_identify(src) by extensions ['ros']
[0.472s] Level 1:colcon.colcon_core.package_identification:_identify(src) by extension 'ros'
[0.472s] Level 1:colcon.colcon_core.package_identification:_identify(src) by extensions ['cmake', 'python']
[0.472s] Level 1:colcon.colcon_core.package_identification:_identify(src) by extension 'cmake'
[0.472s] Level 1:colcon.colcon_core.package_identification:_identify(src) by extension 'python'
[0.472s] Level 1:colcon.colcon_core.package_identification:_identify(src) by extensions ['python_setup_py']
[0.472s] Level 1:colcon.colcon_core.package_identification:_identify(src) by extension 'python_setup_py'
[0.472s] Level 1:colcon.colcon_core.package_identification:_identify(src/custom_interfaces) by extensions ['ignore', 'ignore_ament_install']
[0.472s] Level 1:colcon.colcon_core.package_identification:_identify(src/custom_interfaces) by extension 'ignore'
[0.472s] Level 1:colcon.colcon_core.package_identification:_identify(src/custom_interfaces) by extension 'ignore_ament_install'
[0.472s] Level 1:colcon.colcon_core.package_identification:_identify(src/custom_interfaces) by extensions ['colcon_pkg']
[0.472s] Level 1:colcon.colcon_core.package_identification:_identify(src/custom_interfaces) by extension 'colcon_pkg'
[0.472s] Level 1:colcon.colcon_core.package_identification:_identify(src/custom_interfaces) by extensions ['colcon_meta']
[0.472s] Level 1:colcon.colcon_core.package_identification:_identify(src/custom_interfaces) by extension 'colcon_meta'
[0.472s] Level 1:colcon.colcon_core.package_identification:_identify(src/custom_interfaces) by extensions ['ros']
[0.472s] Level 1:colcon.colcon_core.package_identification:_identify(src/custom_interfaces) by extension 'ros'
[0.475s] DEBUG:colcon.colcon_core.package_identification:Package 'src/custom_interfaces' with type 'ros.ament_cmake' and name 'custom_interfaces'
[0.475s] Level 1:colcon.colcon_core.package_identification:_identify(src/rm_localization) by extensions ['ignore', 'ignore_ament_install']
[0.475s] Level 1:colcon.colcon_core.package_identification:_identify(src/rm_localization) by extension 'ignore'
[0.475s] Level 1:colcon.colcon_core.package_identification:_identify(src/rm_localization) by extension 'ignore_ament_install'
[0.475s] Level 1:colcon.colcon_core.package_identification:_identify(src/rm_localization) by extensions ['colcon_pkg']
[0.475s] Level 1:colcon.colcon_core.package_identification:_identify(src/rm_localization) by extension 'colcon_pkg'
[0.475s] Level 1:colcon.colcon_core.package_identification:_identify(src/rm_localization) by extensions ['colcon_meta']
[0.475s] Level 1:colcon.colcon_core.package_identification:_identify(src/rm_localization) by extension 'colcon_meta'
[0.475s] Level 1:colcon.colcon_core.package_identification:_identify(src/rm_localization) by extensions ['ros']
[0.475s] Level 1:colcon.colcon_core.package_identification:_identify(src/rm_localization) by extension 'ros'
[0.476s] DEBUG:colcon.colcon_core.package_identification:Package 'src/rm_localization' with type 'ros.ament_python' and name 'rm_localization'
[0.476s] Level 1:colcon.colcon_core.package_identification:_identify(src/rm_navigation) by extensions ['ignore', 'ignore_ament_install']
[0.477s] Level 1:colcon.colcon_core.package_identification:_identify(src/rm_navigation) by extension 'ignore'
[0.477s] Level 1:colcon.colcon_core.package_identification:_identify(src/rm_navigation) by extension 'ignore_ament_install'
[0.477s] Level 1:colcon.colcon_core.package_identification:_identify(src/rm_navigation) by extensions ['colcon_pkg']
[0.477s] Level 1:colcon.colcon_core.package_identification:_identify(src/rm_navigation) by extension 'colcon_pkg'
[0.477s] Level 1:colcon.colcon_core.package_identification:_identify(src/rm_navigation) by extensions ['colcon_meta']
[0.477s] Level 1:colcon.colcon_core.package_identification:_identify(src/rm_navigation) by extension 'colcon_meta'
[0.477s] Level 1:colcon.colcon_core.package_identification:_identify(src/rm_navigation) by extensions ['ros']
[0.477s] Level 1:colcon.colcon_core.package_identification:_identify(src/rm_navigation) by extension 'ros'
[0.478s] DEBUG:colcon.colcon_core.package_identification:Package 'src/rm_navigation' with type 'ros.ament_python' and name 'rm_navigation'
[0.478s] Level 1:colcon.colcon_core.package_identification:_identify(src/rm_navigator) by extensions ['ignore', 'ignore_ament_install']
[0.478s] Level 1:colcon.colcon_core.package_identification:_identify(src/rm_navigator) by extension 'ignore'
[0.478s] Level 1:colcon.colcon_core.package_identification:_identify(src/rm_navigator) by extension 'ignore_ament_install'
[0.478s] Level 1:colcon.colcon_core.package_identification:_identify(src/rm_navigator) by extensions ['colcon_pkg']
[0.478s] Level 1:colcon.colcon_core.package_identification:_identify(src/rm_navigator) by extension 'colcon_pkg'
[0.478s] Level 1:colcon.colcon_core.package_identification:_identify(src/rm_navigator) by extensions ['colcon_meta']
[0.478s] Level 1:colcon.colcon_core.package_identification:_identify(src/rm_navigator) by extension 'colcon_meta'
[0.478s] Level 1:colcon.colcon_core.package_identification:_identify(src/rm_navigator) by extensions ['ros']
[0.478s] Level 1:colcon.colcon_core.package_identification:_identify(src/rm_navigator) by extension 'ros'
[0.479s] DEBUG:colcon.colcon_core.package_identification:Package 'src/rm_navigator' with type 'ros.ament_python' and name 'rm_navigator'
[0.479s] Level 1:colcon.colcon_core.package_identification:_identify(src/rm_slam) by extensions ['ignore', 'ignore_ament_install']
[0.479s] Level 1:colcon.colcon_core.package_identification:_identify(src/rm_slam) by extension 'ignore'
[0.479s] Level 1:colcon.colcon_core.package_identification:_identify(src/rm_slam) by extension 'ignore_ament_install'
[0.479s] Level 1:colcon.colcon_core.package_identification:_identify(src/rm_slam) by extensions ['colcon_pkg']
[0.479s] Level 1:colcon.colcon_core.package_identification:_identify(src/rm_slam) by extension 'colcon_pkg'
[0.479s] Level 1:colcon.colcon_core.package_identification:_identify(src/rm_slam) by extensions ['colcon_meta']
[0.479s] Level 1:colcon.colcon_core.package_identification:_identify(src/rm_slam) by extension 'colcon_meta'
[0.479s] Level 1:colcon.colcon_core.package_identification:_identify(src/rm_slam) by extensions ['ros']
[0.479s] Level 1:colcon.colcon_core.package_identification:_identify(src/rm_slam) by extension 'ros'
[0.480s] DEBUG:colcon.colcon_core.package_identification:Package 'src/rm_slam' with type 'ros.ament_python' and name 'rm_slam'
[0.480s] Level 1:colcon.colcon_core.package_identification:_identify(src/robot_description) by extensions ['ignore', 'ignore_ament_install']
[0.480s] Level 1:colcon.colcon_core.package_identification:_identify(src/robot_description) by extension 'ignore'
[0.480s] Level 1:colcon.colcon_core.package_identification:_identify(src/robot_description) by extension 'ignore_ament_install'
[0.480s] Level 1:colcon.colcon_core.package_identification:_identify(src/robot_description) by extensions ['colcon_pkg']
[0.480s] Level 1:colcon.colcon_core.package_identification:_identify(src/robot_description) by extension 'colcon_pkg'
[0.480s] Level 1:colcon.colcon_core.package_identification:_identify(src/robot_description) by extensions ['colcon_meta']
[0.481s] Level 1:colcon.colcon_core.package_identification:_identify(src/robot_description) by extension 'colcon_meta'
[0.481s] Level 1:colcon.colcon_core.package_identification:_identify(src/robot_description) by extensions ['ros']
[0.481s] Level 1:colcon.colcon_core.package_identification:_identify(src/robot_description) by extension 'ros'
[0.481s] DEBUG:colcon.colcon_core.package_identification:Package 'src/robot_description' with type 'ros.ament_cmake' and name 'robot_description'
[0.482s] Level 1:colcon.colcon_core.package_identification:_identify(src/robot_navigation) by extensions ['ignore', 'ignore_ament_install']
[0.482s] Level 1:colcon.colcon_core.package_identification:_identify(src/robot_navigation) by extension 'ignore'
[0.482s] Level 1:colcon.colcon_core.package_identification:_identify(src/robot_navigation) by extension 'ignore_ament_install'
[0.482s] Level 1:colcon.colcon_core.package_identification:_identify(src/robot_navigation) by extensions ['colcon_pkg']
[0.482s] Level 1:colcon.colcon_core.package_identification:_identify(src/robot_navigation) by extension 'colcon_pkg'
[0.482s] Level 1:colcon.colcon_core.package_identification:_identify(src/robot_navigation) by extensions ['colcon_meta']
[0.482s] Level 1:colcon.colcon_core.package_identification:_identify(src/robot_navigation) by extension 'colcon_meta'
[0.482s] Level 1:colcon.colcon_core.package_identification:_identify(src/robot_navigation) by extensions ['ros']
[0.482s] Level 1:colcon.colcon_core.package_identification:_identify(src/robot_navigation) by extension 'ros'
[0.483s] DEBUG:colcon.colcon_core.package_identification:Package 'src/robot_navigation' with type 'ros.ament_python' and name 'robot_navigation'
[0.483s] Level 1:colcon.colcon_core.package_identification:_identify(teste) by extensions ['ignore', 'ignore_ament_install']
[0.483s] Level 1:colcon.colcon_core.package_identification:_identify(teste) by extension 'ignore'
[0.483s] Level 1:colcon.colcon_core.package_identification:_identify(teste) by extension 'ignore_ament_install'
[0.483s] Level 1:colcon.colcon_core.package_identification:_identify(teste) by extensions ['colcon_pkg']
[0.483s] Level 1:colcon.colcon_core.package_identification:_identify(teste) by extension 'colcon_pkg'
[0.483s] Level 1:colcon.colcon_core.package_identification:_identify(teste) by extensions ['colcon_meta']
[0.483s] Level 1:colcon.colcon_core.package_identification:_identify(teste) by extension 'colcon_meta'
[0.483s] Level 1:colcon.colcon_core.package_identification:_identify(teste) by extensions ['ros']
[0.484s] Level 1:colcon.colcon_core.package_identification:_identify(teste) by extension 'ros'
[0.484s] Level 1:colcon.colcon_core.package_identification:_identify(teste) by extensions ['cmake', 'python']
[0.484s] Level 1:colcon.colcon_core.package_identification:_identify(teste) by extension 'cmake'
[0.484s] Level 1:colcon.colcon_core.package_identification:_identify(teste) by extension 'python'
[0.484s] Level 1:colcon.colcon_core.package_identification:_identify(teste) by extensions ['python_setup_py']
[0.484s] Level 1:colcon.colcon_core.package_identification:_identify(teste) by extension 'python_setup_py'
[0.484s] Level 1:colcon.colcon_core.package_discovery:discover_packages(recursive) using defaults
[0.484s] Level 1:colcon.colcon_core.package_discovery:discover_packages(ignore) discover
[0.484s] Level 1:colcon.colcon_core.package_discovery:discover_packages(ignore) using defaults
[0.484s] Level 1:colcon.colcon_core.package_discovery:discover_packages(path) discover
[0.484s] Level 1:colcon.colcon_core.package_discovery:discover_packages(path) using defaults
[0.501s] Level 1:colcon.colcon_core.package_discovery:discover_packages(prefix_path) check parameters
[0.501s] Level 1:colcon.colcon_core.package_discovery:discover_packages(prefix_path) discover
[0.512s] DEBUG:colcon.colcon_installed_package_information.package_discovery:Found 7 installed packages in /home/jprl/APS1/APS1/jota_ws1/install
[0.513s] DEBUG:colcon.colcon_installed_package_information.package_discovery:Found 375 installed packages in /opt/ros/foxy
[0.515s] Level 1:colcon.colcon_core.package_discovery:discover_packages(prefix_path) using defaults
[0.585s] Level 5:colcon.colcon_core.verb:set package 'custom_interfaces' build argument 'cmake_args' from command line to 'None'
[0.586s] Level 5:colcon.colcon_core.verb:set package 'custom_interfaces' build argument 'cmake_target' from command line to 'None'
[0.586s] Level 5:colcon.colcon_core.verb:set package 'custom_interfaces' build argument 'cmake_target_skip_unavailable' from command line to 'False'
[0.586s] Level 5:colcon.colcon_core.verb:set package 'custom_interfaces' build argument 'cmake_clean_cache' from command line to 'False'
[0.586s] Level 5:colcon.colcon_core.verb:set package 'custom_interfaces' build argument 'cmake_clean_first' from command line to 'False'
[0.586s] Level 5:colcon.colcon_core.verb:set package 'custom_interfaces' build argument 'cmake_force_configure' from command line to 'False'
[0.586s] Level 5:colcon.colcon_core.verb:set package 'custom_interfaces' build argument 'ament_cmake_args' from command line to 'None'
[0.586s] Level 5:colcon.colcon_core.verb:set package 'custom_interfaces' build argument 'catkin_cmake_args' from command line to 'None'
[0.586s] Level 5:colcon.colcon_core.verb:set package 'custom_interfaces' build argument 'catkin_skip_building_tests' from command line to 'False'
[0.586s] DEBUG:colcon.colcon_core.verb:Building package 'custom_interfaces' with the following arguments: {'ament_cmake_args': None, 'build_base': '/home/jprl/APS1/APS1/jota_ws1/build/custom_interfaces', 'catkin_cmake_args': None, 'catkin_skip_building_tests': False, 'cmake_args': None, 'cmake_clean_cache': False, 'cmake_clean_first': False, 'cmake_force_configure': False, 'cmake_target': None, 'cmake_target_skip_unavailable': False, 'install_base': '/home/jprl/APS1/APS1/jota_ws1/install/custom_interfaces', 'merge_install': False, 'path': '/home/jprl/APS1/APS1/jota_ws1/src/custom_interfaces', 'symlink_install': False, 'test_result_base': None}
[0.586s] Level 5:colcon.colcon_core.verb:set package 'rm_localization' build argument 'cmake_args' from command line to 'None'
[0.586s] Level 5:colcon.colcon_core.verb:set package 'rm_localization' build argument 'cmake_target' from command line to 'None'
[0.586s] Level 5:colcon.colcon_core.verb:set package 'rm_localization' build argument 'cmake_target_skip_unavailable' from command line to 'False'
[0.586s] Level 5:colcon.colcon_core.verb:set package 'rm_localization' build argument 'cmake_clean_cache' from command line to 'False'
[0.586s] Level 5:colcon.colcon_core.verb:set package 'rm_localization' build argument 'cmake_clean_first' from command line to 'False'
[0.586s] Level 5:colcon.colcon_core.verb:set package 'rm_localization' build argument 'cmake_force_configure' from command line to 'False'
[0.586s] Level 5:colcon.colcon_core.verb:set package 'rm_localization' build argument 'ament_cmake_args' from command line to 'None'
[0.586s] Level 5:colcon.colcon_core.verb:set package 'rm_localization' build argument 'catkin_cmake_args' from command line to 'None'
[0.586s] Level 5:colcon.colcon_core.verb:set package 'rm_localization' build argument 'catkin_skip_building_tests' from command line to 'False'
[0.586s] DEBUG:colcon.colcon_core.verb:Building package 'rm_localization' with the following arguments: {'ament_cmake_args': None, 'build_base': '/home/jprl/APS1/APS1/jota_ws1/build/rm_localization', 'catkin_cmake_args': None, 'catkin_skip_building_tests': False, 'cmake_args': None, 'cmake_clean_cache': False, 'cmake_clean_first': False, 'cmake_force_configure': False, 'cmake_target': None, 'cmake_target_skip_unavailable': False, 'install_base': '/home/jprl/APS1/APS1/jota_ws1/install/rm_localization', 'merge_install': False, 'path': '/home/jprl/APS1/APS1/jota_ws1/src/rm_localization', 'symlink_install': False, 'test_result_base': None}
[0.587s] Level 5:colcon.colcon_core.verb:set package 'rm_navigation' build argument 'cmake_args' from command line to 'None'
[0.587s] Level 5:colcon.colcon_core.verb:set package 'rm_navigation' build argument 'cmake_target' from command line to 'None'
[0.587s] Level 5:colcon.colcon_core.verb:set package 'rm_navigation' build argument 'cmake_target_skip_unavailable' from command line to 'False'
[0.587s] Level 5:colcon.colcon_core.verb:set package 'rm_navigation' build argument 'cmake_clean_cache' from command line to 'False'
[0.587s] Level 5:colcon.colcon_core.verb:set package 'rm_navigation' build argument 'cmake_clean_first' from command line to 'False'
[0.587s] Level 5:colcon.colcon_core.verb:set package 'rm_navigation' build argument 'cmake_force_configure' from command line to 'False'
[0.587s] Level 5:colcon.colcon_core.verb:set package 'rm_navigation' build argument 'ament_cmake_args' from command line to 'None'
[0.587s] Level 5:colcon.colcon_core.verb:set package 'rm_navigation' build argument 'catkin_cmake_args' from command line to 'None'
[0.587s] Level 5:colcon.colcon_core.verb:set package 'rm_navigation' build argument 'catkin_skip_building_tests' from command line to 'False'
[0.587s] DEBUG:colcon.colcon_core.verb:Building package 'rm_navigation' with the following arguments: {'ament_cmake_args': None, 'build_base': '/home/jprl/APS1/APS1/jota_ws1/build/rm_navigation', 'catkin_cmake_args': None, 'catkin_skip_building_tests': False, 'cmake_args': None, 'cmake_clean_cache': False, 'cmake_clean_first': False, 'cmake_force_configure': False, 'cmake_target': None, 'cmake_target_skip_unavailable': False, 'install_base': '/home/jprl/APS1/APS1/jota_ws1/install/rm_navigation', 'merge_install': False, 'path': '/home/jprl/APS1/APS1/jota_ws1/src/rm_navigation', 'symlink_install': False, 'test_result_base': None}
[0.587s] Level 5:colcon.colcon_core.verb:set package 'rm_navigator' build argument 'cmake_args' from command line to 'None'
[0.587s] Level 5:colcon.colcon_core.verb:set package 'rm_navigator' build argument 'cmake_target' from command line to 'None'
[0.587s] Level 5:colcon.colcon_core.verb:set package 'rm_navigator' build argument 'cmake_target_skip_unavailable' from command line to 'False'
[0.587s] Level 5:colcon.colcon_core.verb:set package 'rm_navigator' build argument 'cmake_clean_cache' from command line to 'False'
[0.588s] Level 5:colcon.colcon_core.verb:set package 'rm_navigator' build argument 'cmake_clean_first' from command line to 'False'
[0.588s] Level 5:colcon.colcon_core.verb:set package 'rm_navigator' build argument 'cmake_force_configure' from command line to 'False'
[0.588s] Level 5:colcon.colcon_core.verb:set package 'rm_navigator' build argument 'ament_cmake_args' from command line to 'None'
[0.588s] Level 5:colcon.colcon_core.verb:set package 'rm_navigator' build argument 'catkin_cmake_args' from command line to 'None'
[0.588s] Level 5:colcon.colcon_core.verb:set package 'rm_navigator' build argument 'catkin_skip_building_tests' from command line to 'False'
[0.588s] DEBUG:colcon.colcon_core.verb:Building package 'rm_navigator' with the following arguments: {'ament_cmake_args': None, 'build_base': '/home/jprl/APS1/APS1/jota_ws1/build/rm_navigator', 'catkin_cmake_args': None, 'catkin_skip_building_tests': False, 'cmake_args': None, 'cmake_clean_cache': False, 'cmake_clean_first': False, 'cmake_force_configure': False, 'cmake_target': None, 'cmake_target_skip_unavailable': False, 'install_base': '/home/jprl/APS1/APS1/jota_ws1/install/rm_navigator', 'merge_install': False, 'path': '/home/jprl/APS1/APS1/jota_ws1/src/rm_navigator', 'symlink_install': False, 'test_result_base': None}
[0.588s] Level 5:colcon.colcon_core.verb:set package 'rm_slam' build argument 'cmake_args' from command line to 'None'
[0.588s] Level 5:colcon.colcon_core.verb:set package 'rm_slam' build argument 'cmake_target' from command line to 'None'
[0.588s] Level 5:colcon.colcon_core.verb:set package 'rm_slam' build argument 'cmake_target_skip_unavailable' from command line to 'False'
[0.588s] Level 5:colcon.colcon_core.verb:set package 'rm_slam' build argument 'cmake_clean_cache' from command line to 'False'
[0.588s] Level 5:colcon.colcon_core.verb:set package 'rm_slam' build argument 'cmake_clean_first' from command line to 'False'
[0.588s] Level 5:colcon.colcon_core.verb:set package 'rm_slam' build argument 'cmake_force_configure' from command line to 'False'
[0.588s] Level 5:colcon.colcon_core.verb:set package 'rm_slam' build argument 'ament_cmake_args' from command line to 'None'
[0.588s] Level 5:colcon.colcon_core.verb:set package 'rm_slam' build argument 'catkin_cmake_args' from command line to 'None'
[0.588s] Level 5:colcon.colcon_core.verb:set package 'rm_slam' build argument 'catkin_skip_building_tests' from command line to 'False'
[0.588s] DEBUG:colcon.colcon_core.verb:Building package 'rm_slam' with the following arguments: {'ament_cmake_args': None, 'build_base': '/home/jprl/APS1/APS1/jota_ws1/build/rm_slam', 'catkin_cmake_args': None, 'catkin_skip_building_tests': False, 'cmake_args': None, 'cmake_clean_cache': False, 'cmake_clean_first': False, 'cmake_force_configure': False, 'cmake_target': None, 'cmake_target_skip_unavailable': False, 'install_base': '/home/jprl/APS1/APS1/jota_ws1/install/rm_slam', 'merge_install': False, 'path': '/home/jprl/APS1/APS1/jota_ws1/src/rm_slam', 'symlink_install': False, 'test_result_base': None}
[0.589s] Level 5:colcon.colcon_core.verb:set package 'robot_description' build argument 'cmake_args' from command line to 'None'
[0.589s] Level 5:colcon.colcon_core.verb:set package 'robot_description' build argument 'cmake_target' from command line to 'None'
[0.589s] Level 5:colcon.colcon_core.verb:set package 'robot_description' build argument 'cmake_target_skip_unavailable' from command line to 'False'
[0.589s] Level 5:colcon.colcon_core.verb:set package 'robot_description' build argument 'cmake_clean_cache' from command line to 'False'
[0.589s] Level 5:colcon.colcon_core.verb:set package 'robot_description' build argument 'cmake_clean_first' from command line to 'False'
[0.589s] Level 5:colcon.colcon_core.verb:set package 'robot_description' build argument 'cmake_force_configure' from command line to 'False'
[0.589s] Level 5:colcon.colcon_core.verb:set package 'robot_description' build argument 'ament_cmake_args' from command line to 'None'
[0.589s] Level 5:colcon.colcon_core.verb:set package 'robot_description' build argument 'catkin_cmake_args' from command line to 'None'
[0.589s] Level 5:colcon.colcon_core.verb:set package 'robot_description' build argument 'catkin_skip_building_tests' from command line to 'False'
[0.589s] DEBUG:colcon.colcon_core.verb:Building package 'robot_description' with the following arguments: {'ament_cmake_args': None, 'build_base': '/home/jprl/APS1/APS1/jota_ws1/build/robot_description', 'catkin_cmake_args': None, 'catkin_skip_building_tests': False, 'cmake_args': None, 'cmake_clean_cache': False, 'cmake_clean_first': False, 'cmake_force_configure': False, 'cmake_target': None, 'cmake_target_skip_unavailable': False, 'install_base': '/home/jprl/APS1/APS1/jota_ws1/install/robot_description', 'merge_install': False, 'path': '/home/jprl/APS1/APS1/jota_ws1/src/robot_description', 'symlink_install': False, 'test_result_base': None}
[0.589s] Level 5:colcon.colcon_core.verb:set package 'robot_navigation' build argument 'cmake_args' from command line to 'None'
[0.589s] Level 5:colcon.colcon_core.verb:set package 'robot_navigation' build argument 'cmake_target' from command line to 'None'
[0.589s] Level 5:colcon.colcon_core.verb:set package 'robot_navigation' build argument 'cmake_target_skip_unavailable' from command line to 'False'
[0.589s] Level 5:colcon.colcon_core.verb:set package 'robot_navigation' build argument 'cmake_clean_cache' from command line to 'False'
[0.589s] Level 5:colcon.colcon_core.verb:set package 'robot_navigation' build argument 'cmake_clean_first' from command line to 'False'
[0.589s] Level 5:colcon.colcon_core.verb:set package 'robot_navigation' build argument 'cmake_force_configure' from command line to 'False'
[0.589s] Level 5:colcon.colcon_core.verb:set package 'robot_navigation' build argument 'ament_cmake_args' from command line to 'None'
[0.589s] Level 5:colcon.colcon_core.verb:set package 'robot_navigation' build argument 'catkin_cmake_args' from command line to 'None'
[0.589s] Level 5:colcon.colcon_core.verb:set package 'robot_navigation' build argument 'catkin_skip_building_tests' from command line to 'False'
[0.589s] DEBUG:colcon.colcon_core.verb:Building package 'robot_navigation' with the following arguments: {'ament_cmake_args': None, 'build_base': '/home/jprl/APS1/APS1/jota_ws1/build/robot_navigation', 'catkin_cmake_args': None, 'catkin_skip_building_tests': False, 'cmake_args': None, 'cmake_clean_cache': False, 'cmake_clean_first': False, 'cmake_force_configure': False, 'cmake_target': None, 'cmake_target_skip_unavailable': False, 'install_base': '/home/jprl/APS1/APS1/jota_ws1/install/robot_navigation', 'merge_install': False, 'path': '/home/jprl/APS1/APS1/jota_ws1/src/robot_navigation', 'symlink_install': False, 'test_result_base': None}
[0.590s] INFO:colcon.colcon_core.executor:Executing jobs using 'parallel' executor
[0.591s] DEBUG:colcon.colcon_parallel_executor.executor.parallel:run_until_complete
[0.591s] INFO:colcon.colcon_ros.task.ament_cmake.build:Building ROS package in '/home/jprl/APS1/APS1/jota_ws1/src/custom_interfaces' with build type 'ament_cmake'
[0.591s] INFO:colcon.colcon_cmake.task.cmake.build:Building CMake package in '/home/jprl/APS1/APS1/jota_ws1/src/custom_interfaces'
[0.594s] INFO:colcon.colcon_core.plugin_system:Skipping extension 'colcon_core.shell.bat': Not used on non-Windows systems
[0.594s] INFO:colcon.colcon_core.shell:Skip shell extension 'powershell' for command environment: Not usable outside of PowerShell
[0.594s] DEBUG:colcon.colcon_core.shell:Skip shell extension 'dsv' for command environment
[0.600s] INFO:colcon.colcon_ros.task.ament_python.build:Building ROS package in '/home/jprl/APS1/APS1/jota_ws1/src/rm_localization' with build type 'ament_python'
[0.601s] Level 1:colcon.colcon_core.shell:create_environment_hook('rm_localization', 'ament_prefix_path')
[0.602s] INFO:colcon.colcon_core.shell:Creating environment hook '/home/jprl/APS1/APS1/jota_ws1/install/rm_localization/share/rm_localization/hook/ament_prefix_path.ps1'
[0.603s] INFO:colcon.colcon_core.shell:Creating environment descriptor '/home/jprl/APS1/APS1/jota_ws1/install/rm_localization/share/rm_localization/hook/ament_prefix_path.dsv'
[0.604s] INFO:colcon.colcon_core.shell:Creating environment hook '/home/jprl/APS1/APS1/jota_ws1/install/rm_localization/share/rm_localization/hook/ament_prefix_path.sh'
[0.605s] INFO:colcon.colcon_core.shell:Skip shell extension 'powershell' for command environment: Not usable outside of PowerShell
[0.605s] DEBUG:colcon.colcon_core.shell:Skip shell extension 'dsv' for command environment
[0.612s] INFO:colcon.colcon_ros.task.ament_python.build:Building ROS package in '/home/jprl/APS1/APS1/jota_ws1/src/rm_navigation' with build type 'ament_python'
[0.612s] Level 1:colcon.colcon_core.shell:create_environment_hook('rm_navigation', 'ament_prefix_path')
[0.613s] INFO:colcon.colcon_core.shell:Creating environment hook '/home/jprl/APS1/APS1/jota_ws1/install/rm_navigation/share/rm_navigation/hook/ament_prefix_path.ps1'
[0.614s] INFO:colcon.colcon_core.shell:Creating environment descriptor '/home/jprl/APS1/APS1/jota_ws1/install/rm_navigation/share/rm_navigation/hook/ament_prefix_path.dsv'
[0.615s] INFO:colcon.colcon_core.shell:Creating environment hook '/home/jprl/APS1/APS1/jota_ws1/install/rm_navigation/share/rm_navigation/hook/ament_prefix_path.sh'
[0.616s] INFO:colcon.colcon_core.shell:Skip shell extension 'powershell' for command environment: Not usable outside of PowerShell
[0.616s] DEBUG:colcon.colcon_core.shell:Skip shell extension 'dsv' for command environment
[0.623s] INFO:colcon.colcon_ros.task.ament_python.build:Building ROS package in '/home/jprl/APS1/APS1/jota_ws1/src/rm_navigator' with build type 'ament_python'
[0.623s] Level 1:colcon.colcon_core.shell:create_environment_hook('rm_navigator', 'ament_prefix_path')
[0.624s] INFO:colcon.colcon_core.shell:Creating environment hook '/home/jprl/APS1/APS1/jota_ws1/install/rm_navigator/share/rm_navigator/hook/ament_prefix_path.ps1'
[0.625s] INFO:colcon.colcon_core.shell:Creating environment descriptor '/home/jprl/APS1/APS1/jota_ws1/install/rm_navigator/share/rm_navigator/hook/ament_prefix_path.dsv'
[0.626s] INFO:colcon.colcon_core.shell:Creating environment hook '/home/jprl/APS1/APS1/jota_ws1/install/rm_navigator/share/rm_navigator/hook/ament_prefix_path.sh'
[0.627s] INFO:colcon.colcon_core.shell:Skip shell extension 'powershell' for command environment: Not usable outside of PowerShell
[0.627s] DEBUG:colcon.colcon_core.shell:Skip shell extension 'dsv' for command environment
[0.633s] INFO:colcon.colcon_ros.task.ament_python.build:Building ROS package in '/home/jprl/APS1/APS1/jota_ws1/src/rm_slam' with build type 'ament_python'
[0.634s] Level 1:colcon.colcon_core.shell:create_environment_hook('rm_slam', 'ament_prefix_path')
[0.635s] INFO:colcon.colcon_core.shell:Creating environment hook '/home/jprl/APS1/APS1/jota_ws1/install/rm_slam/share/rm_slam/hook/ament_prefix_path.ps1'
[0.636s] INFO:colcon.colcon_core.shell:Creating environment descriptor '/home/jprl/APS1/APS1/jota_ws1/install/rm_slam/share/rm_slam/hook/ament_prefix_path.dsv'
[0.637s] INFO:colcon.colcon_core.shell:Creating environment hook '/home/jprl/APS1/APS1/jota_ws1/install/rm_slam/share/rm_slam/hook/ament_prefix_path.sh'
[0.638s] INFO:colcon.colcon_core.shell:Skip shell extension 'powershell' for command environment: Not usable outside of PowerShell
[0.638s] DEBUG:colcon.colcon_core.shell:Skip shell extension 'dsv' for command environment
[0.644s] INFO:colcon.colcon_ros.task.ament_cmake.build:Building ROS package in '/home/jprl/APS1/APS1/jota_ws1/src/robot_description' with build type 'ament_cmake'
[0.645s] INFO:colcon.colcon_cmake.task.cmake.build:Building CMake package in '/home/jprl/APS1/APS1/jota_ws1/src/robot_description'
[0.646s] INFO:colcon.colcon_core.shell:Skip shell extension 'powershell' for command environment: Not usable outside of PowerShell
[0.646s] DEBUG:colcon.colcon_core.shell:Skip shell extension 'dsv' for command environment
[0.664s] DEBUG:colcon.colcon_core.event_handler.log_command:Invoking command in '/home/jprl/APS1/APS1/jota_ws1/build/custom_interfaces': CMAKE_PREFIX_PATH=${CMAKE_PREFIX_PATH}:/home/jprl/APS1/APS1/jota_ws1/install/robot_navigation:/home/jprl/APS1/APS1/jota_ws1/install/rm_slam:/home/jprl/APS1/APS1/jota_ws1/install/rm_navigator:/home/jprl/APS1/APS1/jota_ws1/install/rm_navigation:/home/jprl/APS1/APS1/jota_ws1/install/rm_localization:/opt/ros/foxy /usr/bin/cmake --build /home/jprl/APS1/APS1/jota_ws1/build/custom_interfaces -- -j12 -l12
[0.898s] INFO:colcon.colcon_core.task.python.build:Building Python package in '/home/jprl/APS1/APS1/jota_ws1/src/rm_localization'
[0.899s] INFO:colcon.colcon_core.shell:Skip shell extension 'powershell' for command environment: Not usable outside of PowerShell
[0.899s] DEBUG:colcon.colcon_core.shell:Skip shell extension 'dsv' for command environment
[1.138s] INFO:colcon.colcon_core.task.python.build:Building Python package in '/home/jprl/APS1/APS1/jota_ws1/src/rm_navigation'
[1.138s] INFO:colcon.colcon_core.shell:Skip shell extension 'powershell' for command environment: Not usable outside of PowerShell
[1.138s] DEBUG:colcon.colcon_core.shell:Skip shell extension 'dsv' for command environment
[1.359s] INFO:colcon.colcon_core.task.python.build:Building Python package in '/home/jprl/APS1/APS1/jota_ws1/src/rm_navigator'
[1.360s] INFO:colcon.colcon_core.shell:Skip shell extension 'powershell' for command environment: Not usable outside of PowerShell
[1.360s] DEBUG:colcon.colcon_core.shell:Skip shell extension 'dsv' for command environment
[1.577s] INFO:colcon.colcon_core.task.python.build:Building Python package in '/home/jprl/APS1/APS1/jota_ws1/src/rm_slam'
[1.577s] INFO:colcon.colcon_core.shell:Skip shell extension 'powershell' for command environment: Not usable outside of PowerShell
[1.578s] DEBUG:colcon.colcon_core.shell:Skip shell extension 'dsv' for command environment
[1.595s] DEBUG:colcon.colcon_core.event_handler.log_command:Invoking command in '/home/jprl/APS1/APS1/jota_ws1/build/robot_description': CMAKE_PREFIX_PATH=${CMAKE_PREFIX_PATH}:/home/jprl/APS1/APS1/jota_ws1/install/robot_navigation:/home/jprl/APS1/APS1/jota_ws1/install/rm_slam:/home/jprl/APS1/APS1/jota_ws1/install/rm_navigator:/home/jprl/APS1/APS1/jota_ws1/install/rm_navigation:/home/jprl/APS1/APS1/jota_ws1/install/rm_localization:/opt/ros/foxy /usr/bin/cmake --build /home/jprl/APS1/APS1/jota_ws1/build/robot_description -- -j12 -l12
[1.602s] DEBUG:colcon.colcon_core.event_handler.log_command:Invoked command in '/home/jprl/APS1/APS1/jota_ws1/build/custom_interfaces' returned '0': CMAKE_PREFIX_PATH=${CMAKE_PREFIX_PATH}:/home/jprl/APS1/APS1/jota_ws1/install/robot_navigation:/home/jprl/APS1/APS1/jota_ws1/install/rm_slam:/home/jprl/APS1/APS1/jota_ws1/install/rm_navigator:/home/jprl/APS1/APS1/jota_ws1/install/rm_navigation:/home/jprl/APS1/APS1/jota_ws1/install/rm_localization:/opt/ros/foxy /usr/bin/cmake --build /home/jprl/APS1/APS1/jota_ws1/build/custom_interfaces -- -j12 -l12
[1.615s] DEBUG:colcon.colcon_core.event_handler.log_command:Invoking command in '/home/jprl/APS1/APS1/jota_ws1/build/custom_interfaces': CMAKE_PREFIX_PATH=${CMAKE_PREFIX_PATH}:/home/jprl/APS1/APS1/jota_ws1/install/robot_navigation:/home/jprl/APS1/APS1/jota_ws1/install/rm_slam:/home/jprl/APS1/APS1/jota_ws1/install/rm_navigator:/home/jprl/APS1/APS1/jota_ws1/install/rm_navigation:/home/jprl/APS1/APS1/jota_ws1/install/rm_localization:/opt/ros/foxy /usr/bin/cmake --install /home/jprl/APS1/APS1/jota_ws1/build/custom_interfaces
[1.668s] DEBUG:colcon.colcon_core.event_handler.log_command:Invoked command in '/home/jprl/APS1/APS1/jota_ws1/build/robot_description' returned '0': CMAKE_PREFIX_PATH=${CMAKE_PREFIX_PATH}:/home/jprl/APS1/APS1/jota_ws1/install/robot_navigation:/home/jprl/APS1/APS1/jota_ws1/install/rm_slam:/home/jprl/APS1/APS1/jota_ws1/install/rm_navigator:/home/jprl/APS1/APS1/jota_ws1/install/rm_navigation:/home/jprl/APS1/APS1/jota_ws1/install/rm_localization:/opt/ros/foxy /usr/bin/cmake --build /home/jprl/APS1/APS1/jota_ws1/build/robot_description -- -j12 -l12
[1.669s] DEBUG:colcon.colcon_core.event_handler.log_command:Invoking command in '/home/jprl/APS1/APS1/jota_ws1/build/robot_description': CMAKE_PREFIX_PATH=${CMAKE_PREFIX_PATH}:/home/jprl/APS1/APS1/jota_ws1/install/robot_navigation:/home/jprl/APS1/APS1/jota_ws1/install/rm_slam:/home/jprl/APS1/APS1/jota_ws1/install/rm_navigator:/home/jprl/APS1/APS1/jota_ws1/install/rm_navigation:/home/jprl/APS1/APS1/jota_ws1/install/rm_localization:/opt/ros/foxy /usr/bin/cmake --install /home/jprl/APS1/APS1/jota_ws1/build/robot_description
[1.702s] Level 1:colcon.colcon_core.environment:create_environment_scripts_only(robot_description)
[1.711s] DEBUG:colcon.colcon_core.event_handler.log_command:Invoked command in '/home/jprl/APS1/APS1/jota_ws1/build/robot_description' returned '0': CMAKE_PREFIX_PATH=${CMAKE_PREFIX_PATH}:/home/jprl/APS1/APS1/jota_ws1/install/robot_navigation:/home/jprl/APS1/APS1/jota_ws1/install/rm_slam:/home/jprl/APS1/APS1/jota_ws1/install/rm_navigator:/home/jprl/APS1/APS1/jota_ws1/install/rm_navigation:/home/jprl/APS1/APS1/jota_ws1/install/rm_localization:/opt/ros/foxy /usr/bin/cmake --install /home/jprl/APS1/APS1/jota_ws1/build/robot_description
[1.731s] Level 1:colcon.colcon_core.environment:checking '/home/jprl/APS1/APS1/jota_ws1/install/robot_description' for CMake module files
[1.732s] Level 1:colcon.colcon_core.environment:checking '/home/jprl/APS1/APS1/jota_ws1/install/robot_description' for CMake config files
[1.732s] Level 1:colcon.colcon_core.shell:create_environment_hook('robot_description', 'cmake_prefix_path')
[1.733s] INFO:colcon.colcon_core.shell:Creating environment hook '/home/jprl/APS1/APS1/jota_ws1/install/robot_description/share/robot_description/hook/cmake_prefix_path.ps1'
[1.734s] INFO:colcon.colcon_core.shell:Creating environment descriptor '/home/jprl/APS1/APS1/jota_ws1/install/robot_description/share/robot_description/hook/cmake_prefix_path.dsv'
[1.735s] INFO:colcon.colcon_core.shell:Creating environment hook '/home/jprl/APS1/APS1/jota_ws1/install/robot_description/share/robot_description/hook/cmake_prefix_path.sh'
[1.737s] Level 1:colcon.colcon_core.environment:checking '/home/jprl/APS1/APS1/jota_ws1/install/robot_description/bin'
[1.737s] Level 1:colcon.colcon_core.environment:checking '/home/jprl/APS1/APS1/jota_ws1/install/robot_description/lib/pkgconfig/robot_description.pc'
[1.738s] Level 1:colcon.colcon_core.environment:checking '/home/jprl/APS1/APS1/jota_ws1/install/robot_description/lib/python3.8/site-packages'
[1.738s] Level 1:colcon.colcon_core.environment:checking '/home/jprl/APS1/APS1/jota_ws1/install/robot_description/bin'
[1.738s] INFO:colcon.colcon_core.shell:Creating package script '/home/jprl/APS1/APS1/jota_ws1/install/robot_description/share/robot_description/package.ps1'
[1.739s] INFO:colcon.colcon_core.shell:Creating package descriptor '/home/jprl/APS1/APS1/jota_ws1/install/robot_description/share/robot_description/package.dsv'
[1.741s] INFO:colcon.colcon_core.shell:Creating package script '/home/jprl/APS1/APS1/jota_ws1/install/robot_description/share/robot_description/package.sh'
[1.744s] INFO:colcon.colcon_core.shell:Creating package script '/home/jprl/APS1/APS1/jota_ws1/install/robot_description/share/robot_description/package.bash'
[1.746s] INFO:colcon.colcon_core.shell:Creating package script '/home/jprl/APS1/APS1/jota_ws1/install/robot_description/share/robot_description/package.zsh'
[1.747s] Level 1:colcon.colcon_core.environment:create_file_with_runtime_dependencies(/home/jprl/APS1/APS1/jota_ws1/install/robot_description/share/colcon-core/packages/robot_description)
[1.749s] Level 1:colcon.colcon_core.environment:create_environment_scripts_only(robot_description)
[1.749s] Level 1:colcon.colcon_core.environment:checking '/home/jprl/APS1/APS1/jota_ws1/install/robot_description' for CMake module files
[1.750s] Level 1:colcon.colcon_core.environment:checking '/home/jprl/APS1/APS1/jota_ws1/install/robot_description' for CMake config files
[1.751s] Level 1:colcon.colcon_core.shell:create_environment_hook('robot_description', 'cmake_prefix_path')
[1.752s] INFO:colcon.colcon_core.shell:Creating environment hook '/home/jprl/APS1/APS1/jota_ws1/install/robot_description/share/robot_description/hook/cmake_prefix_path.ps1'
[1.753s] INFO:colcon.colcon_core.shell:Creating environment descriptor '/home/jprl/APS1/APS1/jota_ws1/install/robot_description/share/robot_description/hook/cmake_prefix_path.dsv'
[1.754s] INFO:colcon.colcon_core.shell:Creating environment hook '/home/jprl/APS1/APS1/jota_ws1/install/robot_description/share/robot_description/hook/cmake_prefix_path.sh'
[1.755s] Level 1:colcon.colcon_core.environment:checking '/home/jprl/APS1/APS1/jota_ws1/install/robot_description/bin'
[1.756s] Level 1:colcon.colcon_core.environment:checking '/home/jprl/APS1/APS1/jota_ws1/install/robot_description/lib/pkgconfig/robot_description.pc'
[1.756s] Level 1:colcon.colcon_core.environment:checking '/home/jprl/APS1/APS1/jota_ws1/install/robot_description/lib/python3.8/site-packages'
[1.757s] Level 1:colcon.colcon_core.environment:checking '/home/jprl/APS1/APS1/jota_ws1/install/robot_description/bin'
[1.757s] INFO:colcon.colcon_core.shell:Creating package script '/home/jprl/APS1/APS1/jota_ws1/install/robot_description/share/robot_description/package.ps1'
[1.758s] INFO:colcon.colcon_core.shell:Creating package descriptor '/home/jprl/APS1/APS1/jota_ws1/install/robot_description/share/robot_description/package.dsv'
[1.760s] INFO:colcon.colcon_core.shell:Creating package script '/home/jprl/APS1/APS1/jota_ws1/install/robot_description/share/robot_description/package.sh'
[1.761s] INFO:colcon.colcon_core.shell:Creating package script '/home/jprl/APS1/APS1/jota_ws1/install/robot_description/share/robot_description/package.bash'
[1.762s] INFO:colcon.colcon_core.shell:Creating package script '/home/jprl/APS1/APS1/jota_ws1/install/robot_description/share/robot_description/package.zsh'
[1.763s] Level 1:colcon.colcon_core.environment:create_file_with_runtime_dependencies(/home/jprl/APS1/APS1/jota_ws1/install/robot_description/share/colcon-core/packages/robot_description)
[1.766s] Level 1:colcon.colcon_core.environment:create_environment_scripts_only(custom_interfaces)
[1.766s] Level 1:colcon.colcon_core.environment:checking '/home/jprl/APS1/APS1/jota_ws1/install/custom_interfaces' for CMake module files
[1.768s] DEBUG:colcon.colcon_core.event_handler.log_command:Invoked command in '/home/jprl/APS1/APS1/jota_ws1/build/custom_interfaces' returned '0': CMAKE_PREFIX_PATH=${CMAKE_PREFIX_PATH}:/home/jprl/APS1/APS1/jota_ws1/install/robot_navigation:/home/jprl/APS1/APS1/jota_ws1/install/rm_slam:/home/jprl/APS1/APS1/jota_ws1/install/rm_navigator:/home/jprl/APS1/APS1/jota_ws1/install/rm_navigation:/home/jprl/APS1/APS1/jota_ws1/install/rm_localization:/opt/ros/foxy /usr/bin/cmake --install /home/jprl/APS1/APS1/jota_ws1/build/custom_interfaces
[1.769s] Level 1:colcon.colcon_core.environment:checking '/home/jprl/APS1/APS1/jota_ws1/install/custom_interfaces' for CMake config files
[1.769s] Level 1:colcon.colcon_core.shell:create_environment_hook('custom_interfaces', 'cmake_prefix_path')
[1.770s] INFO:colcon.colcon_core.shell:Creating environment hook '/home/jprl/APS1/APS1/jota_ws1/install/custom_interfaces/share/custom_interfaces/hook/cmake_prefix_path.ps1'
[1.771s] INFO:colcon.colcon_core.shell:Creating environment descriptor '/home/jprl/APS1/APS1/jota_ws1/install/custom_interfaces/share/custom_interfaces/hook/cmake_prefix_path.dsv'
[1.771s] INFO:colcon.colcon_core.shell:Creating environment hook '/home/jprl/APS1/APS1/jota_ws1/install/custom_interfaces/share/custom_interfaces/hook/cmake_prefix_path.sh'
[1.772s] Level 1:colcon.colcon_core.environment:checking '/home/jprl/APS1/APS1/jota_ws1/install/custom_interfaces/lib'
[1.773s] Level 1:colcon.colcon_core.shell:create_environment_hook('custom_interfaces', 'ld_library_path_lib')
[1.773s] INFO:colcon.colcon_core.shell:Creating environment hook '/home/jprl/APS1/APS1/jota_ws1/install/custom_interfaces/share/custom_interfaces/hook/ld_library_path_lib.ps1'
[1.774s] INFO:colcon.colcon_core.shell:Creating environment descriptor '/home/jprl/APS1/APS1/jota_ws1/install/custom_interfaces/share/custom_interfaces/hook/ld_library_path_lib.dsv'
[1.774s] INFO:colcon.colcon_core.shell:Creating environment hook '/home/jprl/APS1/APS1/jota_ws1/install/custom_interfaces/share/custom_interfaces/hook/ld_library_path_lib.sh'
[1.775s] Level 1:colcon.colcon_core.environment:checking '/home/jprl/APS1/APS1/jota_ws1/install/custom_interfaces/bin'
[1.775s] Level 1:colcon.colcon_core.environment:checking '/home/jprl/APS1/APS1/jota_ws1/install/custom_interfaces/lib/pkgconfig/custom_interfaces.pc'
[1.775s] Level 1:colcon.colcon_core.environment:checking '/home/jprl/APS1/APS1/jota_ws1/install/custom_interfaces/lib/python3.8/site-packages'
[1.775s] Level 1:colcon.colcon_core.shell:create_environment_hook('custom_interfaces', 'pythonpath')
[1.776s] INFO:colcon.colcon_core.shell:Creating environment hook '/home/jprl/APS1/APS1/jota_ws1/install/custom_interfaces/share/custom_interfaces/hook/pythonpath.ps1'
[1.776s] INFO:colcon.colcon_core.shell:Creating environment descriptor '/home/jprl/APS1/APS1/jota_ws1/install/custom_interfaces/share/custom_interfaces/hook/pythonpath.dsv'
[1.777s] INFO:colcon.colcon_core.shell:Creating environment hook '/home/jprl/APS1/APS1/jota_ws1/install/custom_interfaces/share/custom_interfaces/hook/pythonpath.sh'
[1.777s] Level 1:colcon.colcon_core.environment:checking '/home/jprl/APS1/APS1/jota_ws1/install/custom_interfaces/bin'
[1.778s] INFO:colcon.colcon_core.shell:Creating package script '/home/jprl/APS1/APS1/jota_ws1/install/custom_interfaces/share/custom_interfaces/package.ps1'
[1.779s] INFO:colcon.colcon_core.shell:Creating package descriptor '/home/jprl/APS1/APS1/jota_ws1/install/custom_interfaces/share/custom_interfaces/package.dsv'
[1.780s] INFO:colcon.colcon_core.shell:Creating package script '/home/jprl/APS1/APS1/jota_ws1/install/custom_interfaces/share/custom_interfaces/package.sh'
[1.782s] INFO:colcon.colcon_core.shell:Creating package script '/home/jprl/APS1/APS1/jota_ws1/install/custom_interfaces/share/custom_interfaces/package.bash'
[1.783s] INFO:colcon.colcon_core.shell:Creating package script '/home/jprl/APS1/APS1/jota_ws1/install/custom_interfaces/share/custom_interfaces/package.zsh'
[1.784s] Level 1:colcon.colcon_core.environment:create_file_with_runtime_dependencies(/home/jprl/APS1/APS1/jota_ws1/install/custom_interfaces/share/colcon-core/packages/custom_interfaces)
[1.785s] Level 1:colcon.colcon_core.environment:create_environment_scripts_only(custom_interfaces)
[1.786s] Level 1:colcon.colcon_core.environment:checking '/home/jprl/APS1/APS1/jota_ws1/install/custom_interfaces' for CMake module files
[1.786s] Level 1:colcon.colcon_core.environment:checking '/home/jprl/APS1/APS1/jota_ws1/install/custom_interfaces' for CMake config files
[1.787s] Level 1:colcon.colcon_core.shell:create_environment_hook('custom_interfaces', 'cmake_prefix_path')
[1.787s] INFO:colcon.colcon_core.shell:Creating environment hook '/home/jprl/APS1/APS1/jota_ws1/install/custom_interfaces/share/custom_interfaces/hook/cmake_prefix_path.ps1'
[1.788s] INFO:colcon.colcon_core.shell:Creating environment descriptor '/home/jprl/APS1/APS1/jota_ws1/install/custom_interfaces/share/custom_interfaces/hook/cmake_prefix_path.dsv'
[1.788s] INFO:colcon.colcon_core.shell:Creating environment hook '/home/jprl/APS1/APS1/jota_ws1/install/custom_interfaces/share/custom_interfaces/hook/cmake_prefix_path.sh'
[1.789s] Level 1:colcon.colcon_core.environment:checking '/home/jprl/APS1/APS1/jota_ws1/install/custom_interfaces/lib'
[1.789s] Level 1:colcon.colcon_core.shell:create_environment_hook('custom_interfaces', 'ld_library_path_lib')
[1.790s] INFO:colcon.colcon_core.shell:Creating environment hook '/home/jprl/APS1/APS1/jota_ws1/install/custom_interfaces/share/custom_interfaces/hook/ld_library_path_lib.ps1'
[1.790s] INFO:colcon.colcon_core.shell:Creating environment descriptor '/home/jprl/APS1/APS1/jota_ws1/install/custom_interfaces/share/custom_interfaces/hook/ld_library_path_lib.dsv'
[1.791s] INFO:colcon.colcon_core.shell:Creating environment hook '/home/jprl/APS1/APS1/jota_ws1/install/custom_interfaces/share/custom_interfaces/hook/ld_library_path_lib.sh'
[1.792s] Level 1:colcon.colcon_core.environment:checking '/home/jprl/APS1/APS1/jota_ws1/install/custom_interfaces/bin'
[1.792s] Level 1:colcon.colcon_core.environment:checking '/home/jprl/APS1/APS1/jota_ws1/install/custom_interfaces/lib/pkgconfig/custom_interfaces.pc'
[1.792s] Level 1:colcon.colcon_core.environment:checking '/home/jprl/APS1/APS1/jota_ws1/install/custom_interfaces/lib/python3.8/site-packages'
[1.792s] Level 1:colcon.colcon_core.shell:create_environment_hook('custom_interfaces', 'pythonpath')
[1.792s] INFO:colcon.colcon_core.shell:Creating environment hook '/home/jprl/APS1/APS1/jota_ws1/install/custom_interfaces/share/custom_interfaces/hook/pythonpath.ps1'
[1.793s] INFO:colcon.colcon_core.shell:Creating environment descriptor '/home/jprl/APS1/APS1/jota_ws1/install/custom_interfaces/share/custom_interfaces/hook/pythonpath.dsv'
[1.794s] INFO:colcon.colcon_core.shell:Creating environment hook '/home/jprl/APS1/APS1/jota_ws1/install/custom_interfaces/share/custom_interfaces/hook/pythonpath.sh'
[1.795s] Level 1:colcon.colcon_core.environment:checking '/home/jprl/APS1/APS1/jota_ws1/install/custom_interfaces/bin'
[1.795s] INFO:colcon.colcon_core.shell:Creating package script '/home/jprl/APS1/APS1/jota_ws1/install/custom_interfaces/share/custom_interfaces/package.ps1'
[1.797s] INFO:colcon.colcon_core.shell:Creating package descriptor '/home/jprl/APS1/APS1/jota_ws1/install/custom_interfaces/share/custom_interfaces/package.dsv'
[1.798s] INFO:colcon.colcon_core.shell:Creating package script '/home/jprl/APS1/APS1/jota_ws1/install/custom_interfaces/share/custom_interfaces/package.sh'
[1.799s] INFO:colcon.colcon_core.shell:Creating package script '/home/jprl/APS1/APS1/jota_ws1/install/custom_interfaces/share/custom_interfaces/package.bash'
[1.800s] INFO:colcon.colcon_core.shell:Creating package script '/home/jprl/APS1/APS1/jota_ws1/install/custom_interfaces/share/custom_interfaces/package.zsh'
[1.801s] Level 1:colcon.colcon_core.environment:create_file_with_runtime_dependencies(/home/jprl/APS1/APS1/jota_ws1/install/custom_interfaces/share/colcon-core/packages/custom_interfaces)
[1.802s] INFO:colcon.colcon_ros.task.ament_python.build:Building ROS package in '/home/jprl/APS1/APS1/jota_ws1/src/robot_navigation' with build type 'ament_python'
[1.803s] Level 1:colcon.colcon_core.shell:create_environment_hook('robot_navigation', 'ament_prefix_path')
[1.803s] INFO:colcon.colcon_core.shell:Creating environment hook '/home/jprl/APS1/APS1/jota_ws1/install/robot_navigation/share/robot_navigation/hook/ament_prefix_path.ps1'
[1.806s] INFO:colcon.colcon_core.shell:Creating environment descriptor '/home/jprl/APS1/APS1/jota_ws1/install/robot_navigation/share/robot_navigation/hook/ament_prefix_path.dsv'
[1.807s] INFO:colcon.colcon_core.shell:Creating environment hook '/home/jprl/APS1/APS1/jota_ws1/install/robot_navigation/share/robot_navigation/hook/ament_prefix_path.sh'
[1.808s] INFO:colcon.colcon_core.shell:Skip shell extension 'powershell' for command environment: Not usable outside of PowerShell
[1.809s] DEBUG:colcon.colcon_core.shell:Skip shell extension 'dsv' for command environment
[2.472s] INFO:colcon.colcon_core.task.python.build:Building Python package in '/home/jprl/APS1/APS1/jota_ws1/src/robot_navigation'
[2.473s] INFO:colcon.colcon_core.shell:Skip shell extension 'powershell' for command environment: Not usable outside of PowerShell
[2.473s] DEBUG:colcon.colcon_core.shell:Skip shell extension 'dsv' for command environment
[2.485s] DEBUG:colcon.colcon_core.event_handler.log_command:Invoking command in '/home/jprl/APS1/APS1/jota_ws1/src/rm_navigator': PYTHONPATH=/home/jprl/APS1/APS1/jota_ws1/build/rm_navigator/prefix_override:/usr/lib/python3/dist-packages/colcon_core/task/python/colcon_distutils_commands:/home/jprl/APS1/APS1/jota_ws1/install/rm_navigator/lib/python3.8/site-packages:${PYTHONPATH} /usr/bin/python3 -W ignore:setup.py install is deprecated -W ignore:easy_install command is deprecated setup.py egg_info --egg-base ../../build/rm_navigator build --build-base /home/jprl/APS1/APS1/jota_ws1/build/rm_navigator/build install --record /home/jprl/APS1/APS1/jota_ws1/build/rm_navigator/install.log --install-scripts $base/lib/rm_navigator --single-version-externally-managed install_data
[2.494s] DEBUG:colcon.colcon_core.event_handler.log_command:Invoking command in '/home/jprl/APS1/APS1/jota_ws1/src/rm_localization': PYTHONPATH=/home/jprl/APS1/APS1/jota_ws1/build/rm_localization/prefix_override:/usr/lib/python3/dist-packages/colcon_core/task/python/colcon_distutils_commands:/home/jprl/APS1/APS1/jota_ws1/install/rm_localization/lib/python3.8/site-packages:${PYTHONPATH} /usr/bin/python3 -W ignore:setup.py install is deprecated -W ignore:easy_install command is deprecated setup.py egg_info --egg-base ../../build/rm_localization build --build-base /home/jprl/APS1/APS1/jota_ws1/build/rm_localization/build install --record /home/jprl/APS1/APS1/jota_ws1/build/rm_localization/install.log --install-scripts $base/lib/rm_localization --single-version-externally-managed install_data
[2.500s] DEBUG:colcon.colcon_core.event_handler.log_command:Invoking command in '/home/jprl/APS1/APS1/jota_ws1/src/rm_navigation': PYTHONPATH=/home/jprl/APS1/APS1/jota_ws1/build/rm_navigation/prefix_override:/usr/lib/python3/dist-packages/colcon_core/task/python/colcon_distutils_commands:/home/jprl/APS1/APS1/jota_ws1/install/rm_navigation/lib/python3.8/site-packages:${PYTHONPATH} /usr/bin/python3 -W ignore:setup.py install is deprecated -W ignore:easy_install command is deprecated setup.py egg_info --egg-base ../../build/rm_navigation build --build-base /home/jprl/APS1/APS1/jota_ws1/build/rm_navigation/build install --record /home/jprl/APS1/APS1/jota_ws1/build/rm_navigation/install.log --install-scripts $base/lib/rm_navigation --single-version-externally-managed install_data
[2.507s] DEBUG:colcon.colcon_core.event_handler.log_command:Invoking command in '/home/jprl/APS1/APS1/jota_ws1/src/rm_slam': PYTHONPATH=/home/jprl/APS1/APS1/jota_ws1/build/rm_slam/prefix_override:/usr/lib/python3/dist-packages/colcon_core/task/python/colcon_distutils_commands:/home/jprl/APS1/APS1/jota_ws1/install/rm_slam/lib/python3.8/site-packages:${PYTHONPATH} /usr/bin/python3 -W ignore:setup.py install is deprecated -W ignore:easy_install command is deprecated setup.py egg_info --egg-base ../../build/rm_slam build --build-base /home/jprl/APS1/APS1/jota_ws1/build/rm_slam/build install --record /home/jprl/APS1/APS1/jota_ws1/build/rm_slam/install.log --install-scripts $base/lib/rm_slam --single-version-externally-managed install_data
[2.871s] Level 1:colcon.colcon_core.environment:checking '/home/jprl/APS1/APS1/jota_ws1/install/rm_navigator' for CMake module files
[2.872s] DEBUG:colcon.colcon_core.event_handler.log_command:Invoked command in '/home/jprl/APS1/APS1/jota_ws1/src/rm_navigator' returned '0': PYTHONPATH=/home/jprl/APS1/APS1/jota_ws1/build/rm_navigator/prefix_override:/usr/lib/python3/dist-packages/colcon_core/task/python/colcon_distutils_commands:/home/jprl/APS1/APS1/jota_ws1/install/rm_navigator/lib/python3.8/site-packages:${PYTHONPATH} /usr/bin/python3 -W ignore:setup.py install is deprecated -W ignore:easy_install command is deprecated setup.py egg_info --egg-base ../../build/rm_navigator build --build-base /home/jprl/APS1/APS1/jota_ws1/build/rm_navigator/build install --record /home/jprl/APS1/APS1/jota_ws1/build/rm_navigator/install.log --install-scripts $base/lib/rm_navigator --single-version-externally-managed install_data
[2.875s] Level 1:colcon.colcon_core.environment:checking '/home/jprl/APS1/APS1/jota_ws1/install/rm_navigator' for CMake config files
[2.877s] Level 1:colcon.colcon_core.environment:checking '/home/jprl/APS1/APS1/jota_ws1/install/rm_navigator/lib'
[2.877s] Level 1:colcon.colcon_core.environment:checking '/home/jprl/APS1/APS1/jota_ws1/install/rm_navigator/bin'
[2.877s] Level 1:colcon.colcon_core.environment:checking '/home/jprl/APS1/APS1/jota_ws1/install/rm_navigator/lib/pkgconfig/rm_navigator.pc'
[2.878s] Level 1:colcon.colcon_core.environment:checking '/home/jprl/APS1/APS1/jota_ws1/install/rm_navigator/lib/python3.8/site-packages'
[2.878s] Level 1:colcon.colcon_core.shell:create_environment_hook('rm_navigator', 'pythonpath')
[2.878s] INFO:colcon.colcon_core.shell:Creating environment hook '/home/jprl/APS1/APS1/jota_ws1/install/rm_navigator/share/rm_navigator/hook/pythonpath.ps1'
[2.879s] INFO:colcon.colcon_core.shell:Creating environment descriptor '/home/jprl/APS1/APS1/jota_ws1/install/rm_navigator/share/rm_navigator/hook/pythonpath.dsv'
[2.880s] INFO:colcon.colcon_core.shell:Creating environment hook '/home/jprl/APS1/APS1/jota_ws1/install/rm_navigator/share/rm_navigator/hook/pythonpath.sh'
[2.881s] Level 1:colcon.colcon_core.environment:checking '/home/jprl/APS1/APS1/jota_ws1/install/rm_navigator/bin'
[2.881s] Level 1:colcon.colcon_core.environment:create_environment_scripts_only(rm_navigator)
[2.881s] INFO:colcon.colcon_core.shell:Creating package script '/home/jprl/APS1/APS1/jota_ws1/install/rm_navigator/share/rm_navigator/package.ps1'
[2.882s] INFO:colcon.colcon_core.shell:Creating package descriptor '/home/jprl/APS1/APS1/jota_ws1/install/rm_navigator/share/rm_navigator/package.dsv'
[2.883s] INFO:colcon.colcon_core.shell:Creating package script '/home/jprl/APS1/APS1/jota_ws1/install/rm_navigator/share/rm_navigator/package.sh'
[2.884s] INFO:colcon.colcon_core.shell:Creating package script '/home/jprl/APS1/APS1/jota_ws1/install/rm_navigator/share/rm_navigator/package.bash'
[2.884s] INFO:colcon.colcon_core.shell:Creating package script '/home/jprl/APS1/APS1/jota_ws1/install/rm_navigator/share/rm_navigator/package.zsh'
[2.885s] Level 1:colcon.colcon_core.environment:create_file_with_runtime_dependencies(/home/jprl/APS1/APS1/jota_ws1/install/rm_navigator/share/colcon-core/packages/rm_navigator)
[2.903s] Level 1:colcon.colcon_core.environment:checking '/home/jprl/APS1/APS1/jota_ws1/install/rm_localization' for CMake module files
[2.905s] DEBUG:colcon.colcon_core.event_handler.log_command:Invoked command in '/home/jprl/APS1/APS1/jota_ws1/src/rm_localization' returned '0': PYTHONPATH=/home/jprl/APS1/APS1/jota_ws1/build/rm_localization/prefix_override:/usr/lib/python3/dist-packages/colcon_core/task/python/colcon_distutils_commands:/home/jprl/APS1/APS1/jota_ws1/install/rm_localization/lib/python3.8/site-packages:${PYTHONPATH} /usr/bin/python3 -W ignore:setup.py install is deprecated -W ignore:easy_install command is deprecated setup.py egg_info --egg-base ../../build/rm_localization build --build-base /home/jprl/APS1/APS1/jota_ws1/build/rm_localization/build install --record /home/jprl/APS1/APS1/jota_ws1/build/rm_localization/install.log --install-scripts $base/lib/rm_localization --single-version-externally-managed install_data
[2.906s] Level 1:colcon.colcon_core.environment:checking '/home/jprl/APS1/APS1/jota_ws1/install/rm_localization' for CMake config files
[2.907s] Level 1:colcon.colcon_core.environment:checking '/home/jprl/APS1/APS1/jota_ws1/install/rm_localization/lib'
[2.907s] Level 1:colcon.colcon_core.environment:checking '/home/jprl/APS1/APS1/jota_ws1/install/rm_localization/bin'
[2.907s] Level 1:colcon.colcon_core.environment:checking '/home/jprl/APS1/APS1/jota_ws1/install/rm_localization/lib/pkgconfig/rm_localization.pc'
[2.908s] Level 1:colcon.colcon_core.environment:checking '/home/jprl/APS1/APS1/jota_ws1/install/rm_localization/lib/python3.8/site-packages'
[2.908s] Level 1:colcon.colcon_core.shell:create_environment_hook('rm_localization', 'pythonpath')
[2.908s] INFO:colcon.colcon_core.shell:Creating environment hook '/home/jprl/APS1/APS1/jota_ws1/install/rm_localization/share/rm_localization/hook/pythonpath.ps1'
[2.909s] INFO:colcon.colcon_core.shell:Creating environment descriptor '/home/jprl/APS1/APS1/jota_ws1/install/rm_localization/share/rm_localization/hook/pythonpath.dsv'
[2.910s] INFO:colcon.colcon_core.shell:Creating environment hook '/home/jprl/APS1/APS1/jota_ws1/install/rm_localization/share/rm_localization/hook/pythonpath.sh'
[2.911s] Level 1:colcon.colcon_core.environment:checking '/home/jprl/APS1/APS1/jota_ws1/install/rm_localization/bin'
[2.911s] Level 1:colcon.colcon_core.environment:create_environment_scripts_only(rm_localization)
[2.911s] INFO:colcon.colcon_core.shell:Creating package script '/home/jprl/APS1/APS1/jota_ws1/install/rm_localization/share/rm_localization/package.ps1'
[2.912s] INFO:colcon.colcon_core.shell:Creating package descriptor '/home/jprl/APS1/APS1/jota_ws1/install/rm_localization/share/rm_localization/package.dsv'
[2.913s] INFO:colcon.colcon_core.shell:Creating package script '/home/jprl/APS1/APS1/jota_ws1/install/rm_localization/share/rm_localization/package.sh'
[2.914s] INFO:colcon.colcon_core.shell:Creating package script '/home/jprl/APS1/APS1/jota_ws1/install/rm_localization/share/rm_localization/package.bash'
[2.914s] INFO:colcon.colcon_core.shell:Creating package script '/home/jprl/APS1/APS1/jota_ws1/install/rm_localization/share/rm_localization/package.zsh'
[2.915s] Level 1:colcon.colcon_core.environment:create_file_with_runtime_dependencies(/home/jprl/APS1/APS1/jota_ws1/install/rm_localization/share/colcon-core/packages/rm_localization)
[2.933s] Level 1:colcon.colcon_core.environment:checking '/home/jprl/APS1/APS1/jota_ws1/install/rm_navigation' for CMake module files
[2.934s] DEBUG:colcon.colcon_core.event_handler.log_command:Invoked command in '/home/jprl/APS1/APS1/jota_ws1/src/rm_navigation' returned '0': PYTHONPATH=/home/jprl/APS1/APS1/jota_ws1/build/rm_navigation/prefix_override:/usr/lib/python3/dist-packages/colcon_core/task/python/colcon_distutils_commands:/home/jprl/APS1/APS1/jota_ws1/install/rm_navigation/lib/python3.8/site-packages:${PYTHONPATH} /usr/bin/python3 -W ignore:setup.py install is deprecated -W ignore:easy_install command is deprecated setup.py egg_info --egg-base ../../build/rm_navigation build --build-base /home/jprl/APS1/APS1/jota_ws1/build/rm_navigation/build install --record /home/jprl/APS1/APS1/jota_ws1/build/rm_navigation/install.log --install-scripts $base/lib/rm_navigation --single-version-externally-managed install_data
[2.935s] Level 1:colcon.colcon_core.environment:checking '/home/jprl/APS1/APS1/jota_ws1/install/rm_navigation' for CMake config files
[2.936s] Level 1:colcon.colcon_core.environment:checking '/home/jprl/APS1/APS1/jota_ws1/install/rm_navigation/lib'
[2.937s] Level 1:colcon.colcon_core.environment:checking '/home/jprl/APS1/APS1/jota_ws1/install/rm_navigation/bin'
[2.937s] Level 1:colcon.colcon_core.environment:checking '/home/jprl/APS1/APS1/jota_ws1/install/rm_navigation/lib/pkgconfig/rm_navigation.pc'
[2.937s] Level 1:colcon.colcon_core.environment:checking '/home/jprl/APS1/APS1/jota_ws1/install/rm_navigation/lib/python3.8/site-packages'
[2.937s] Level 1:colcon.colcon_core.shell:create_environment_hook('rm_navigation', 'pythonpath')
[2.938s] INFO:colcon.colcon_core.shell:Creating environment hook '/home/jprl/APS1/APS1/jota_ws1/install/rm_navigation/share/rm_navigation/hook/pythonpath.ps1'
[2.939s] INFO:colcon.colcon_core.shell:Creating environment descriptor '/home/jprl/APS1/APS1/jota_ws1/install/rm_navigation/share/rm_navigation/hook/pythonpath.dsv'
[2.939s] INFO:colcon.colcon_core.shell:Creating environment hook '/home/jprl/APS1/APS1/jota_ws1/install/rm_navigation/share/rm_navigation/hook/pythonpath.sh'
[2.940s] Level 1:colcon.colcon_core.environment:checking '/home/jprl/APS1/APS1/jota_ws1/install/rm_navigation/bin'
[2.940s] Level 1:colcon.colcon_core.environment:create_environment_scripts_only(rm_navigation)
[2.940s] INFO:colcon.colcon_core.shell:Creating package script '/home/jprl/APS1/APS1/jota_ws1/install/rm_navigation/share/rm_navigation/package.ps1'
[2.941s] INFO:colcon.colcon_core.shell:Creating package descriptor '/home/jprl/APS1/APS1/jota_ws1/install/rm_navigation/share/rm_navigation/package.dsv'
[2.942s] INFO:colcon.colcon_core.shell:Creating package script '/home/jprl/APS1/APS1/jota_ws1/install/rm_navigation/share/rm_navigation/package.sh'
[2.942s] INFO:colcon.colcon_core.shell:Creating package script '/home/jprl/APS1/APS1/jota_ws1/install/rm_navigation/share/rm_navigation/package.bash'
[2.943s] INFO:colcon.colcon_core.shell:Creating package script '/home/jprl/APS1/APS1/jota_ws1/install/rm_navigation/share/rm_navigation/package.zsh'
[2.943s] Level 1:colcon.colcon_core.environment:create_file_with_runtime_dependencies(/home/jprl/APS1/APS1/jota_ws1/install/rm_navigation/share/colcon-core/packages/rm_navigation)
[2.946s] Level 1:colcon.colcon_core.environment:checking '/home/jprl/APS1/APS1/jota_ws1/install/rm_slam' for CMake module files
[2.947s] DEBUG:colcon.colcon_core.event_handler.log_command:Invoked command in '/home/jprl/APS1/APS1/jota_ws1/src/rm_slam' returned '0': PYTHONPATH=/home/jprl/APS1/APS1/jota_ws1/build/rm_slam/prefix_override:/usr/lib/python3/dist-packages/colcon_core/task/python/colcon_distutils_commands:/home/jprl/APS1/APS1/jota_ws1/install/rm_slam/lib/python3.8/site-packages:${PYTHONPATH} /usr/bin/python3 -W ignore:setup.py install is deprecated -W ignore:easy_install command is deprecated setup.py egg_info --egg-base ../../build/rm_slam build --build-base /home/jprl/APS1/APS1/jota_ws1/build/rm_slam/build install --record /home/jprl/APS1/APS1/jota_ws1/build/rm_slam/install.log --install-scripts $base/lib/rm_slam --single-version-externally-managed install_data
[2.948s] Level 1:colcon.colcon_core.environment:checking '/home/jprl/APS1/APS1/jota_ws1/install/rm_slam' for CMake config files
[2.948s] Level 1:colcon.colcon_core.environment:checking '/home/jprl/APS1/APS1/jota_ws1/install/rm_slam/lib'
[2.949s] Level 1:colcon.colcon_core.environment:checking '/home/jprl/APS1/APS1/jota_ws1/install/rm_slam/bin'
[2.949s] Level 1:colcon.colcon_core.environment:checking '/home/jprl/APS1/APS1/jota_ws1/install/rm_slam/lib/pkgconfig/rm_slam.pc'
[2.949s] Level 1:colcon.colcon_core.environment:checking '/home/jprl/APS1/APS1/jota_ws1/install/rm_slam/lib/python3.8/site-packages'
[2.949s] Level 1:colcon.colcon_core.shell:create_environment_hook('rm_slam', 'pythonpath')
[2.949s] INFO:colcon.colcon_core.shell:Creating environment hook '/home/jprl/APS1/APS1/jota_ws1/install/rm_slam/share/rm_slam/hook/pythonpath.ps1'
[2.950s] INFO:colcon.colcon_core.shell:Creating environment descriptor '/home/jprl/APS1/APS1/jota_ws1/install/rm_slam/share/rm_slam/hook/pythonpath.dsv'
[2.950s] INFO:colcon.colcon_core.shell:Creating environment hook '/home/jprl/APS1/APS1/jota_ws1/install/rm_slam/share/rm_slam/hook/pythonpath.sh'
[2.951s] Level 1:colcon.colcon_core.environment:checking '/home/jprl/APS1/APS1/jota_ws1/install/rm_slam/bin'
[2.951s] Level 1:colcon.colcon_core.environment:create_environment_scripts_only(rm_slam)
[2.952s] INFO:colcon.colcon_core.shell:Creating package script '/home/jprl/APS1/APS1/jota_ws1/install/rm_slam/share/rm_slam/package.ps1'
[2.953s] INFO:colcon.colcon_core.shell:Creating package descriptor '/home/jprl/APS1/APS1/jota_ws1/install/rm_slam/share/rm_slam/package.dsv'
[2.954s] INFO:colcon.colcon_core.shell:Creating package script '/home/jprl/APS1/APS1/jota_ws1/install/rm_slam/share/rm_slam/package.sh'
[2.955s] INFO:colcon.colcon_core.shell:Creating package script '/home/jprl/APS1/APS1/jota_ws1/install/rm_slam/share/rm_slam/package.bash'
[2.955s] INFO:colcon.colcon_core.shell:Creating package script '/home/jprl/APS1/APS1/jota_ws1/install/rm_slam/share/rm_slam/package.zsh'
[2.956s] Level 1:colcon.colcon_core.environment:create_file_with_runtime_dependencies(/home/jprl/APS1/APS1/jota_ws1/install/rm_slam/share/colcon-core/packages/rm_slam)
[3.341s] DEBUG:colcon.colcon_core.event_handler.log_command:Invoking command in '/home/jprl/APS1/APS1/jota_ws1/src/robot_navigation': CMAKE_PREFIX_PATH=/home/jprl/APS1/APS1/jota_ws1/install/custom_interfaces:/home/jprl/APS1/APS1/jota_ws1/install/robot_description PYTHONPATH=/home/jprl/APS1/APS1/jota_ws1/build/robot_navigation/prefix_override:/usr/lib/python3/dist-packages/colcon_core/task/python/colcon_distutils_commands:/home/jprl/APS1/APS1/jota_ws1/install/robot_navigation/lib/python3.8/site-packages:/home/jprl/APS1/APS1/jota_ws1/install/custom_interfaces/lib/python3.8/site-packages:/home/jprl/APS1/APS1/jota_ws1/install/robot_navigation/lib/python3.8/site-packages:/home/jprl/APS1/APS1/jota_ws1/install/rm_slam/lib/python3.8/site-packages:/home/jprl/APS1/APS1/jota_ws1/install/rm_navigator/lib/python3.8/site-packages:/home/jprl/APS1/APS1/jota_ws1/install/rm_navigation/lib/python3.8/site-packages:/home/jprl/APS1/APS1/jota_ws1/install/rm_localization/lib/python3.8/site-packages:/opt/ros/foxy/lib/python3.8/site-packages /usr/bin/python3 -W ignore:setup.py install is deprecated -W ignore:easy_install command is deprecated setup.py egg_info --egg-base ../../build/robot_navigation build --build-base /home/jprl/APS1/APS1/jota_ws1/build/robot_navigation/build install --record /home/jprl/APS1/APS1/jota_ws1/build/robot_navigation/install.log --install-scripts $base/lib/robot_navigation --single-version-externally-managed install_data
[3.706s] Level 1:colcon.colcon_core.environment:checking '/home/jprl/APS1/APS1/jota_ws1/install/robot_navigation' for CMake module files
[3.706s] DEBUG:colcon.colcon_core.event_handler.log_command:Invoked command in '/home/jprl/APS1/APS1/jota_ws1/src/robot_navigation' returned '0': CMAKE_PREFIX_PATH=/home/jprl/APS1/APS1/jota_ws1/install/custom_interfaces:/home/jprl/APS1/APS1/jota_ws1/install/robot_description PYTHONPATH=/home/jprl/APS1/APS1/jota_ws1/build/robot_navigation/prefix_override:/usr/lib/python3/dist-packages/colcon_core/task/python/colcon_distutils_commands:/home/jprl/APS1/APS1/jota_ws1/install/robot_navigation/lib/python3.8/site-packages:/home/jprl/APS1/APS1/jota_ws1/install/custom_interfaces/lib/python3.8/site-packages:/home/jprl/APS1/APS1/jota_ws1/install/robot_navigation/lib/python3.8/site-packages:/home/jprl/APS1/APS1/jota_ws1/install/rm_slam/lib/python3.8/site-packages:/home/jprl/APS1/APS1/jota_ws1/install/rm_navigator/lib/python3.8/site-packages:/home/jprl/APS1/APS1/jota_ws1/install/rm_navigation/lib/python3.8/site-packages:/home/jprl/APS1/APS1/jota_ws1/install/rm_localization/lib/python3.8/site-packages:/opt/ros/foxy/lib/python3.8/site-packages /usr/bin/python3 -W ignore:setup.py install is deprecated -W ignore:easy_install command is deprecated setup.py egg_info --egg-base ../../build/robot_navigation build --build-base /home/jprl/APS1/APS1/jota_ws1/build/robot_navigation/build install --record /home/jprl/APS1/APS1/jota_ws1/build/robot_navigation/install.log --install-scripts $base/lib/robot_navigation --single-version-externally-managed install_data
[3.707s] Level 1:colcon.colcon_core.environment:checking '/home/jprl/APS1/APS1/jota_ws1/install/robot_navigation' for CMake config files
[3.708s] Level 1:colcon.colcon_core.environment:checking '/home/jprl/APS1/APS1/jota_ws1/install/robot_navigation/lib'
[3.708s] Level 1:colcon.colcon_core.environment:checking '/home/jprl/APS1/APS1/jota_ws1/install/robot_navigation/bin'
[3.708s] Level 1:colcon.colcon_core.environment:checking '/home/jprl/APS1/APS1/jota_ws1/install/robot_navigation/lib/pkgconfig/robot_navigation.pc'
[3.708s] Level 1:colcon.colcon_core.environment:checking '/home/jprl/APS1/APS1/jota_ws1/install/robot_navigation/lib/python3.8/site-packages'
[3.708s] Level 1:colcon.colcon_core.shell:create_environment_hook('robot_navigation', 'pythonpath')
[3.708s] INFO:colcon.colcon_core.shell:Creating environment hook '/home/jprl/APS1/APS1/jota_ws1/install/robot_navigation/share/robot_navigation/hook/pythonpath.ps1'
[3.709s] INFO:colcon.colcon_core.shell:Creating environment descriptor '/home/jprl/APS1/APS1/jota_ws1/install/robot_navigation/share/robot_navigation/hook/pythonpath.dsv'
[3.710s] INFO:colcon.colcon_core.shell:Creating environment hook '/home/jprl/APS1/APS1/jota_ws1/install/robot_navigation/share/robot_navigation/hook/pythonpath.sh'
[3.711s] Level 1:colcon.colcon_core.environment:checking '/home/jprl/APS1/APS1/jota_ws1/install/robot_navigation/bin'
[3.711s] Level 1:colcon.colcon_core.environment:create_environment_scripts_only(robot_navigation)
[3.711s] INFO:colcon.colcon_core.shell:Creating package script '/home/jprl/APS1/APS1/jota_ws1/install/robot_navigation/share/robot_navigation/package.ps1'
[3.712s] INFO:colcon.colcon_core.shell:Creating package descriptor '/home/jprl/APS1/APS1/jota_ws1/install/robot_navigation/share/robot_navigation/package.dsv'
[3.713s] INFO:colcon.colcon_core.shell:Creating package script '/home/jprl/APS1/APS1/jota_ws1/install/robot_navigation/share/robot_navigation/package.sh'
[3.713s] INFO:colcon.colcon_core.shell:Creating package script '/home/jprl/APS1/APS1/jota_ws1/install/robot_navigation/share/robot_navigation/package.bash'
[3.714s] INFO:colcon.colcon_core.shell:Creating package script '/home/jprl/APS1/APS1/jota_ws1/install/robot_navigation/share/robot_navigation/package.zsh'
[3.715s] Level 1:colcon.colcon_core.environment:create_file_with_runtime_dependencies(/home/jprl/APS1/APS1/jota_ws1/install/robot_navigation/share/colcon-core/packages/robot_navigation)
[3.715s] DEBUG:colcon.colcon_parallel_executor.executor.parallel:closing loop
[3.716s] DEBUG:colcon.colcon_parallel_executor.executor.parallel:loop closed
[3.716s] DEBUG:colcon.colcon_parallel_executor.executor.parallel:run_until_complete finished with '0'
[3.716s] DEBUG:colcon.colcon_core.event_reactor:joining thread
[3.807s] INFO:colcon.colcon_core.plugin_system:Skipping extension 'colcon_notification.desktop_notification.notify_send': Could not find 'notify-send'
[3.807s] INFO:colcon.colcon_core.plugin_system:Skipping extension 'colcon_notification.desktop_notification.terminal_notifier': Not used on non-Darwin systems
[3.807s] INFO:colcon.colcon_core.plugin_system:Skipping extension 'colcon_notification.desktop_notification.win32': Not used on non-Windows systems
[3.807s] INFO:colcon.colcon_notification.desktop_notification:Sending desktop notification using 'notify2'
[3.809s] DEBUG:colcon.colcon_notification.desktop_notification.notify2:Failed to initialize notify2: org.freedesktop.DBus.Error.ServiceUnknown: The name org.freedesktop.Notifications was not provided by any .service files
[3.809s] DEBUG:colcon.colcon_core.event_reactor:joined thread
[3.809s] INFO:colcon.colcon_core.shell:Creating prefix script '/home/jprl/APS1/APS1/jota_ws1/install/local_setup.ps1'
[3.810s] INFO:colcon.colcon_core.shell:Creating prefix util module '/home/jprl/APS1/APS1/jota_ws1/install/_local_setup_util_ps1.py'
[3.812s] INFO:colcon.colcon_core.shell:Creating prefix chain script '/home/jprl/APS1/APS1/jota_ws1/install/setup.ps1'
[3.813s] INFO:colcon.colcon_core.shell:Creating prefix script '/home/jprl/APS1/APS1/jota_ws1/install/local_setup.sh'
[3.814s] INFO:colcon.colcon_core.shell:Creating prefix util module '/home/jprl/APS1/APS1/jota_ws1/install/_local_setup_util_sh.py'
[3.814s] INFO:colcon.colcon_core.shell:Creating prefix chain script '/home/jprl/APS1/APS1/jota_ws1/install/setup.sh'
[3.816s] INFO:colcon.colcon_core.shell:Creating prefix script '/home/jprl/APS1/APS1/jota_ws1/install/local_setup.bash'
[3.816s] INFO:colcon.colcon_core.shell:Creating prefix chain script '/home/jprl/APS1/APS1/jota_ws1/install/setup.bash'
[3.818s] INFO:colcon.colcon_core.shell:Creating prefix script '/home/jprl/APS1/APS1/jota_ws1/install/local_setup.zsh'
[3.819s] INFO:colcon.colcon_core.shell:Creating prefix chain script '/home/jprl/APS1/APS1/jota_ws1/install/setup.zsh'
