[0.056s] Invoking command in '/home/jprl/APS1/APS1/jota_ws1/build/custom_interfaces': CMAKE_PREFIX_PATH=${CMAKE_PREFIX_PATH}:/home/jprl/APS1/APS1/jota_ws1/install/robot_navigation:/home/jprl/APS1/APS1/jota_ws1/install/rm_slam:/home/jprl/APS1/APS1/jota_ws1/install/rm_navigation:/home/jprl/APS1/APS1/jota_ws1/install/rm_localization:/opt/ros/foxy /usr/bin/cmake --build /home/jprl/APS1/APS1/jota_ws1/build/custom_interfaces -- -j12 -l12
[0.844s] [  3%] Built target custom_interfaces__cpp
[0.844s] [ 12%] Built target custom_interfaces__rosidl_generator_c
[0.844s] [ 22%] Built target custom_interfaces__rosidl_typesupport_c
[0.844s] [ 32%] Built target custom_interfaces__rosidl_typesupport_introspection_c
[0.844s] [ 41%] Built target custom_interfaces__rosidl_typesupport_cpp
[0.844s] [ 51%] Built target custom_interfaces__rosidl_typesupport_introspection_cpp
[0.844s] [ 61%] Built target custom_interfaces__rosidl_typesupport_fastrtps_cpp
[0.844s] [ 70%] Built target custom_interfaces__rosidl_typesupport_fastrtps_c
[0.844s] [ 70%] Built target custom_interfaces
[0.844s] [ 74%] Built target custom_interfaces__py
[0.844s] [ 80%] Built target custom_interfaces__python
[0.844s] [ 93%] Built target custom_interfaces__rosidl_typesupport_fastrtps_c__pyext
[0.844s] [ 93%] Built target custom_interfaces__rosidl_typesupport_introspection_c__pyext
[0.844s] [100%] Built target custom_interfaces__rosidl_typesupport_c__pyext
[0.845s] Invoked command in '/home/jprl/APS1/APS1/jota_ws1/build/custom_interfaces' returned '0': CMAKE_PREFIX_PATH=${CMAKE_PREFIX_PATH}:/home/jprl/APS1/APS1/jota_ws1/install/robot_navigation:/home/jprl/APS1/APS1/jota_ws1/install/rm_slam:/home/jprl/APS1/APS1/jota_ws1/install/rm_navigation:/home/jprl/APS1/APS1/jota_ws1/install/rm_localization:/opt/ros/foxy /usr/bin/cmake --build /home/jprl/APS1/APS1/jota_ws1/build/custom_interfaces -- -j12 -l12
[0.860s] Invoking command in '/home/jprl/APS1/APS1/jota_ws1/build/custom_interfaces': CMAKE_PREFIX_PATH=${CMAKE_PREFIX_PATH}:/home/jprl/APS1/APS1/jota_ws1/install/robot_navigation:/home/jprl/APS1/APS1/jota_ws1/install/rm_slam:/home/jprl/APS1/APS1/jota_ws1/install/rm_navigation:/home/jprl/APS1/APS1/jota_ws1/install/rm_localization:/opt/ros/foxy /usr/bin/cmake --install /home/jprl/APS1/APS1/jota_ws1/build/custom_interfaces
[0.868s] -- Install configuration: ""
[0.869s] -- Up-to-date: /home/jprl/APS1/APS1/jota_ws1/install/custom_interfaces/share/ament_index/resource_index/rosidl_interfaces/custom_interfaces
[0.869s] -- Up-to-date: /home/jprl/APS1/APS1/jota_ws1/install/custom_interfaces/include/custom_interfaces
[0.870s] -- Up-to-date: /home/jprl/APS1/APS1/jota_ws1/install/custom_interfaces/include/custom_interfaces/msg
[0.870s] -- Up-to-date: /home/jprl/APS1/APS1/jota_ws1/install/custom_interfaces/include/custom_interfaces/msg/rosidl_generator_c__visibility_control.h
[0.870s] -- Up-to-date: /home/jprl/APS1/APS1/jota_ws1/install/custom_interfaces/include/custom_interfaces/action
[0.871s] -- Up-to-date: /home/jprl/APS1/APS1/jota_ws1/install/custom_interfaces/include/custom_interfaces/action/detail
[0.871s] -- Up-to-date: /home/jprl/APS1/APS1/jota_ws1/install/custom_interfaces/include/custom_interfaces/action/detail/rotate__struct.h
[0.873s] -- Up-to-date: /home/jprl/APS1/APS1/jota_ws1/install/custom_interfaces/include/custom_interfaces/action/detail/rotate__functions.h
[0.874s] -- Up-to-date: /home/jprl/APS1/APS1/jota_ws1/install/custom_interfaces/include/custom_interfaces/action/detail/rotate__type_support.h
[0.874s] -- Up-to-date: /home/jprl/APS1/APS1/jota_ws1/install/custom_interfaces/include/custom_interfaces/action/detail/rotate__functions.c
[0.875s] -- Up-to-date: /home/jprl/APS1/APS1/jota_ws1/install/custom_interfaces/include/custom_interfaces/action/rotate.h
[0.876s] -- Up-to-date: /home/jprl/APS1/APS1/jota_ws1/install/custom_interfaces/share/custom_interfaces/environment/library_path.sh
[0.877s] -- Up-to-date: /home/jprl/APS1/APS1/jota_ws1/install/custom_interfaces/share/custom_interfaces/environment/library_path.dsv
[0.877s] -- Up-to-date: /home/jprl/APS1/APS1/jota_ws1/install/custom_interfaces/lib/libcustom_interfaces__rosidl_generator_c.so
[0.877s] -- Up-to-date: /home/jprl/APS1/APS1/jota_ws1/install/custom_interfaces/include/custom_interfaces
[0.877s] -- Up-to-date: /home/jprl/APS1/APS1/jota_ws1/install/custom_interfaces/include/custom_interfaces/msg
[0.878s] -- Up-to-date: /home/jprl/APS1/APS1/jota_ws1/install/custom_interfaces/include/custom_interfaces/msg/rosidl_typesupport_fastrtps_c__visibility_control.h
[0.878s] -- Up-to-date: /home/jprl/APS1/APS1/jota_ws1/install/custom_interfaces/include/custom_interfaces/action
[0.878s] -- Up-to-date: /home/jprl/APS1/APS1/jota_ws1/install/custom_interfaces/include/custom_interfaces/action/detail
[0.878s] -- Up-to-date: /home/jprl/APS1/APS1/jota_ws1/install/custom_interfaces/include/custom_interfaces/action/detail/rotate__rosidl_typesupport_fastrtps_c.h
[0.879s] -- Up-to-date: /home/jprl/APS1/APS1/jota_ws1/install/custom_interfaces/lib/libcustom_interfaces__rosidl_typesupport_fastrtps_c.so
[0.879s] -- Up-to-date: /home/jprl/APS1/APS1/jota_ws1/install/custom_interfaces/include/custom_interfaces
[0.879s] -- Up-to-date: /home/jprl/APS1/APS1/jota_ws1/install/custom_interfaces/include/custom_interfaces/msg
[0.880s] -- Up-to-date: /home/jprl/APS1/APS1/jota_ws1/install/custom_interfaces/include/custom_interfaces/msg/rosidl_typesupport_fastrtps_cpp__visibility_control.h
[0.881s] -- Up-to-date: /home/jprl/APS1/APS1/jota_ws1/install/custom_interfaces/include/custom_interfaces/action
[0.881s] -- Up-to-date: /home/jprl/APS1/APS1/jota_ws1/install/custom_interfaces/include/custom_interfaces/action/detail
[0.882s] -- Up-to-date: /home/jprl/APS1/APS1/jota_ws1/install/custom_interfaces/include/custom_interfaces/action/detail/dds_fastrtps
[0.885s] -- Up-to-date: /home/jprl/APS1/APS1/jota_ws1/install/custom_interfaces/include/custom_interfaces/action/detail/rotate__rosidl_typesupport_fastrtps_cpp.hpp
[0.888s] -- Up-to-date: /home/jprl/APS1/APS1/jota_ws1/install/custom_interfaces/lib/libcustom_interfaces__rosidl_typesupport_fastrtps_cpp.so
[0.888s] -- Up-to-date: /home/jprl/APS1/APS1/jota_ws1/install/custom_interfaces/include/custom_interfaces
[0.888s] -- Up-to-date: /home/jprl/APS1/APS1/jota_ws1/install/custom_interfaces/include/custom_interfaces/msg
[0.888s] -- Up-to-date: /home/jprl/APS1/APS1/jota_ws1/install/custom_interfaces/include/custom_interfaces/msg/rosidl_typesupport_introspection_c__visibility_control.h
[0.888s] -- Up-to-date: /home/jprl/APS1/APS1/jota_ws1/install/custom_interfaces/include/custom_interfaces/action
[0.888s] -- Up-to-date: /home/jprl/APS1/APS1/jota_ws1/install/custom_interfaces/include/custom_interfaces/action/detail
[0.888s] -- Up-to-date: /home/jprl/APS1/APS1/jota_ws1/install/custom_interfaces/include/custom_interfaces/action/detail/rotate__rosidl_typesupport_introspection_c.h
[0.888s] -- Up-to-date: /home/jprl/APS1/APS1/jota_ws1/install/custom_interfaces/include/custom_interfaces/action/detail/rotate__type_support.c
[0.888s] -- Up-to-date: /home/jprl/APS1/APS1/jota_ws1/install/custom_interfaces/lib/libcustom_interfaces__rosidl_typesupport_introspection_c.so
[0.888s] -- Up-to-date: /home/jprl/APS1/APS1/jota_ws1/install/custom_interfaces/lib/libcustom_interfaces__rosidl_typesupport_c.so
[0.888s] -- Up-to-date: /home/jprl/APS1/APS1/jota_ws1/install/custom_interfaces/include/custom_interfaces
[0.888s] -- Up-to-date: /home/jprl/APS1/APS1/jota_ws1/install/custom_interfaces/include/custom_interfaces/msg
[0.889s] -- Up-to-date: /home/jprl/APS1/APS1/jota_ws1/install/custom_interfaces/include/custom_interfaces/msg/rosidl_generator_cpp__visibility_control.hpp
[0.889s] -- Up-to-date: /home/jprl/APS1/APS1/jota_ws1/install/custom_interfaces/include/custom_interfaces/action
[0.889s] -- Up-to-date: /home/jprl/APS1/APS1/jota_ws1/install/custom_interfaces/include/custom_interfaces/action/detail
[0.889s] -- Up-to-date: /home/jprl/APS1/APS1/jota_ws1/install/custom_interfaces/include/custom_interfaces/action/detail/rotate__type_support.hpp
[0.889s] -- Up-to-date: /home/jprl/APS1/APS1/jota_ws1/install/custom_interfaces/include/custom_interfaces/action/detail/rotate__builder.hpp
[0.889s] -- Up-to-date: /home/jprl/APS1/APS1/jota_ws1/install/custom_interfaces/include/custom_interfaces/action/detail/rotate__struct.hpp
[0.889s] -- Up-to-date: /home/jprl/APS1/APS1/jota_ws1/install/custom_interfaces/include/custom_interfaces/action/detail/rotate__traits.hpp
[0.889s] -- Up-to-date: /home/jprl/APS1/APS1/jota_ws1/install/custom_interfaces/include/custom_interfaces/action/rotate.hpp
[0.889s] -- Up-to-date: /home/jprl/APS1/APS1/jota_ws1/install/custom_interfaces/include/custom_interfaces
[0.890s] -- Up-to-date: /home/jprl/APS1/APS1/jota_ws1/install/custom_interfaces/include/custom_interfaces/action
[0.890s] -- Up-to-date: /home/jprl/APS1/APS1/jota_ws1/install/custom_interfaces/include/custom_interfaces/action/detail
[0.890s] -- Up-to-date: /home/jprl/APS1/APS1/jota_ws1/install/custom_interfaces/include/custom_interfaces/action/detail/rotate__type_support.cpp
[0.890s] -- Up-to-date: /home/jprl/APS1/APS1/jota_ws1/install/custom_interfaces/include/custom_interfaces/action/detail/rotate__rosidl_typesupport_introspection_cpp.hpp
[0.890s] -- Up-to-date: /home/jprl/APS1/APS1/jota_ws1/install/custom_interfaces/lib/libcustom_interfaces__rosidl_typesupport_introspection_cpp.so
[0.890s] -- Up-to-date: /home/jprl/APS1/APS1/jota_ws1/install/custom_interfaces/lib/libcustom_interfaces__rosidl_typesupport_cpp.so
[0.891s] -- Up-to-date: /home/jprl/APS1/APS1/jota_ws1/install/custom_interfaces/share/custom_interfaces/environment/pythonpath.sh
[0.891s] -- Up-to-date: /home/jprl/APS1/APS1/jota_ws1/install/custom_interfaces/share/custom_interfaces/environment/pythonpath.dsv
[0.891s] -- Up-to-date: /home/jprl/APS1/APS1/jota_ws1/install/custom_interfaces/lib/python3.8/site-packages/custom_interfaces/__init__.py
[0.933s] -- Up-to-date: /home/jprl/APS1/APS1/jota_ws1/install/custom_interfaces/lib/python3.8/site-packages/custom_interfaces/action
[0.933s] -- Up-to-date: /home/jprl/APS1/APS1/jota_ws1/install/custom_interfaces/lib/python3.8/site-packages/custom_interfaces/action/__init__.py
[0.933s] -- Up-to-date: /home/jprl/APS1/APS1/jota_ws1/install/custom_interfaces/lib/python3.8/site-packages/custom_interfaces/action/_rotate.py
[0.934s] -- Up-to-date: /home/jprl/APS1/APS1/jota_ws1/install/custom_interfaces/lib/python3.8/site-packages/custom_interfaces/action/_rotate_s.c
[0.935s] -- Up-to-date: /home/jprl/APS1/APS1/jota_ws1/install/custom_interfaces/lib/python3.8/site-packages/custom_interfaces/custom_interfaces_s__rosidl_typesupport_fastrtps_c.cpython-38-x86_64-linux-gnu.so
[0.935s] -- Up-to-date: /home/jprl/APS1/APS1/jota_ws1/install/custom_interfaces/lib/python3.8/site-packages/custom_interfaces/custom_interfaces_s__rosidl_typesupport_introspection_c.cpython-38-x86_64-linux-gnu.so
[0.935s] -- Up-to-date: /home/jprl/APS1/APS1/jota_ws1/install/custom_interfaces/lib/python3.8/site-packages/custom_interfaces/custom_interfaces_s__rosidl_typesupport_c.cpython-38-x86_64-linux-gnu.so
[0.938s] -- Up-to-date: /home/jprl/APS1/APS1/jota_ws1/install/custom_interfaces/lib/libcustom_interfaces__python.so
[0.938s] -- Up-to-date: /home/jprl/APS1/APS1/jota_ws1/install/custom_interfaces/share/custom_interfaces/action/Rotate.idl
[0.938s] -- Up-to-date: /home/jprl/APS1/APS1/jota_ws1/install/custom_interfaces/share/custom_interfaces/action/Rotate.action
[0.939s] -- Up-to-date: /home/jprl/APS1/APS1/jota_ws1/install/custom_interfaces/share/ament_index/resource_index/package_run_dependencies/custom_interfaces
[0.940s] -- Up-to-date: /home/jprl/APS1/APS1/jota_ws1/install/custom_interfaces/share/ament_index/resource_index/parent_prefix_path/custom_interfaces
[0.940s] -- Up-to-date: /home/jprl/APS1/APS1/jota_ws1/install/custom_interfaces/share/custom_interfaces/environment/ament_prefix_path.sh
[0.940s] -- Up-to-date: /home/jprl/APS1/APS1/jota_ws1/install/custom_interfaces/share/custom_interfaces/environment/ament_prefix_path.dsv
[0.940s] -- Up-to-date: /home/jprl/APS1/APS1/jota_ws1/install/custom_interfaces/share/custom_interfaces/environment/path.sh
[0.941s] -- Up-to-date: /home/jprl/APS1/APS1/jota_ws1/install/custom_interfaces/share/custom_interfaces/environment/path.dsv
[0.942s] -- Up-to-date: /home/jprl/APS1/APS1/jota_ws1/install/custom_interfaces/share/custom_interfaces/local_setup.bash
[0.942s] -- Up-to-date: /home/jprl/APS1/APS1/jota_ws1/install/custom_interfaces/share/custom_interfaces/local_setup.sh
[0.942s] -- Up-to-date: /home/jprl/APS1/APS1/jota_ws1/install/custom_interfaces/share/custom_interfaces/local_setup.zsh
[0.943s] -- Up-to-date: /home/jprl/APS1/APS1/jota_ws1/install/custom_interfaces/share/custom_interfaces/local_setup.dsv
[0.943s] -- Installing: /home/jprl/APS1/APS1/jota_ws1/install/custom_interfaces/share/custom_interfaces/package.dsv
[0.943s] -- Up-to-date: /home/jprl/APS1/APS1/jota_ws1/install/custom_interfaces/share/ament_index/resource_index/packages/custom_interfaces
[0.943s] -- Up-to-date: /home/jprl/APS1/APS1/jota_ws1/install/custom_interfaces/share/custom_interfaces/cmake/custom_interfaces__rosidl_generator_cExport.cmake
[0.943s] -- Up-to-date: /home/jprl/APS1/APS1/jota_ws1/install/custom_interfaces/share/custom_interfaces/cmake/custom_interfaces__rosidl_generator_cExport-noconfig.cmake
[0.944s] -- Up-to-date: /home/jprl/APS1/APS1/jota_ws1/install/custom_interfaces/share/custom_interfaces/cmake/custom_interfaces__rosidl_typesupport_introspection_cExport.cmake
[0.945s] -- Up-to-date: /home/jprl/APS1/APS1/jota_ws1/install/custom_interfaces/share/custom_interfaces/cmake/custom_interfaces__rosidl_typesupport_introspection_cExport-noconfig.cmake
[0.945s] -- Up-to-date: /home/jprl/APS1/APS1/jota_ws1/install/custom_interfaces/share/custom_interfaces/cmake/custom_interfaces__rosidl_typesupport_cExport.cmake
[0.945s] -- Up-to-date: /home/jprl/APS1/APS1/jota_ws1/install/custom_interfaces/share/custom_interfaces/cmake/custom_interfaces__rosidl_typesupport_cExport-noconfig.cmake
[0.945s] -- Up-to-date: /home/jprl/APS1/APS1/jota_ws1/install/custom_interfaces/share/custom_interfaces/cmake/custom_interfaces__rosidl_generator_cppExport.cmake
[0.945s] -- Up-to-date: /home/jprl/APS1/APS1/jota_ws1/install/custom_interfaces/share/custom_interfaces/cmake/custom_interfaces__rosidl_typesupport_introspection_cppExport.cmake
[0.946s] -- Up-to-date: /home/jprl/APS1/APS1/jota_ws1/install/custom_interfaces/share/custom_interfaces/cmake/custom_interfaces__rosidl_typesupport_introspection_cppExport-noconfig.cmake
[0.946s] -- Up-to-date: /home/jprl/APS1/APS1/jota_ws1/install/custom_interfaces/share/custom_interfaces/cmake/custom_interfaces__rosidl_typesupport_cppExport.cmake
[0.946s] -- Up-to-date: /home/jprl/APS1/APS1/jota_ws1/install/custom_interfaces/share/custom_interfaces/cmake/custom_interfaces__rosidl_typesupport_cppExport-noconfig.cmake
[0.946s] -- Up-to-date: /home/jprl/APS1/APS1/jota_ws1/install/custom_interfaces/share/custom_interfaces/cmake/rosidl_cmake-extras.cmake
[0.946s] -- Up-to-date: /home/jprl/APS1/APS1/jota_ws1/install/custom_interfaces/share/custom_interfaces/cmake/ament_cmake_export_dependencies-extras.cmake
[0.947s] -- Up-to-date: /home/jprl/APS1/APS1/jota_ws1/install/custom_interfaces/share/custom_interfaces/cmake/ament_cmake_export_libraries-extras.cmake
[0.947s] -- Up-to-date: /home/jprl/APS1/APS1/jota_ws1/install/custom_interfaces/share/custom_interfaces/cmake/ament_cmake_export_targets-extras.cmake
[0.947s] -- Up-to-date: /home/jprl/APS1/APS1/jota_ws1/install/custom_interfaces/share/custom_interfaces/cmake/ament_cmake_export_include_directories-extras.cmake
[0.947s] -- Up-to-date: /home/jprl/APS1/APS1/jota_ws1/install/custom_interfaces/share/custom_interfaces/cmake/rosidl_cmake_export_typesupport_libraries-extras.cmake
[0.947s] -- Up-to-date: /home/jprl/APS1/APS1/jota_ws1/install/custom_interfaces/share/custom_interfaces/cmake/rosidl_cmake_export_typesupport_targets-extras.cmake
[0.947s] -- Up-to-date: /home/jprl/APS1/APS1/jota_ws1/install/custom_interfaces/share/custom_interfaces/cmake/custom_interfacesConfig.cmake
[0.948s] -- Up-to-date: /home/jprl/APS1/APS1/jota_ws1/install/custom_interfaces/share/custom_interfaces/cmake/custom_interfacesConfig-version.cmake
[0.948s] -- Up-to-date: /home/jprl/APS1/APS1/jota_ws1/install/custom_interfaces/share/custom_interfaces/package.xml
[0.961s] Invoked command in '/home/jprl/APS1/APS1/jota_ws1/build/custom_interfaces' returned '0': CMAKE_PREFIX_PATH=${CMAKE_PREFIX_PATH}:/home/jprl/APS1/APS1/jota_ws1/install/robot_navigation:/home/jprl/APS1/APS1/jota_ws1/install/rm_slam:/home/jprl/APS1/APS1/jota_ws1/install/rm_navigation:/home/jprl/APS1/APS1/jota_ws1/install/rm_localization:/opt/ros/foxy /usr/bin/cmake --install /home/jprl/APS1/APS1/jota_ws1/build/custom_interfaces
