[3.653s] Invoking command in '/home/jprl/APS1/APS1/jota_ws1/src/rm_navigator': PYTHONPATH=/home/jprl/APS1/APS1/jota_ws1/build/rm_navigator/prefix_override:/usr/lib/python3/dist-packages/colcon_core/task/python/colcon_distutils_commands:/home/jprl/APS1/APS1/jota_ws1/install/rm_navigator/lib/python3.8/site-packages:${PYTHONPATH} /usr/bin/python3 -W ignore:setup.py install is deprecated -W ignore:easy_install command is deprecated setup.py egg_info --egg-base ../../build/rm_navigator build --build-base /home/jprl/APS1/APS1/jota_ws1/build/rm_navigator/build install --record /home/jprl/APS1/APS1/jota_ws1/build/rm_navigator/install.log --install-scripts $base/lib/rm_navigator --single-version-externally-managed install_data
[4.178s] running egg_info
[4.179s] writing ../../build/rm_navigator/rm_navigator.egg-info/PKG-INFO
[4.179s] writing dependency_links to ../../build/rm_navigator/rm_navigator.egg-info/dependency_links.txt
[4.180s] writing entry points to ../../build/rm_navigator/rm_navigator.egg-info/entry_points.txt
[4.180s] writing requirements to ../../build/rm_navigator/rm_navigator.egg-info/requires.txt
[4.180s] writing top-level names to ../../build/rm_navigator/rm_navigator.egg-info/top_level.txt
[4.271s] reading manifest file '../../build/rm_navigator/rm_navigator.egg-info/SOURCES.txt'
[4.273s] writing manifest file '../../build/rm_navigator/rm_navigator.egg-info/SOURCES.txt'
[4.273s] running build
[4.273s] running build_py
[4.274s] running install
[4.276s] running install_lib
[4.278s] running install_data
[4.278s] running install_egg_info
[4.281s] removing '/home/jprl/APS1/APS1/jota_ws1/install/rm_navigator/lib/python3.8/site-packages/rm_navigator-0.0.0-py3.8.egg-info' (and everything under it)
[4.282s] Copying ../../build/rm_navigator/rm_navigator.egg-info to /home/jprl/APS1/APS1/jota_ws1/install/rm_navigator/lib/python3.8/site-packages/rm_navigator-0.0.0-py3.8.egg-info
[4.285s] running install_scripts
[4.335s] Installing navigator script to /home/jprl/APS1/APS1/jota_ws1/install/rm_navigator/lib/rm_navigator
[4.336s] writing list of installed files to '/home/jprl/APS1/APS1/jota_ws1/build/rm_navigator/install.log'
[4.404s] Invoked command in '/home/jprl/APS1/APS1/jota_ws1/src/rm_navigator' returned '0': PYTHONPATH=/home/jprl/APS1/APS1/jota_ws1/build/rm_navigator/prefix_override:/usr/lib/python3/dist-packages/colcon_core/task/python/colcon_distutils_commands:/home/jprl/APS1/APS1/jota_ws1/install/rm_navigator/lib/python3.8/site-packages:${PYTHONPATH} /usr/bin/python3 -W ignore:setup.py install is deprecated -W ignore:easy_install command is deprecated setup.py egg_info --egg-base ../../build/rm_navigator build --build-base /home/jprl/APS1/APS1/jota_ws1/build/rm_navigator/build install --record /home/jprl/APS1/APS1/jota_ws1/build/rm_navigator/install.log --install-scripts $base/lib/rm_navigator --single-version-externally-managed install_data
