[0.313s] Invoking command in '/home/jprl/APS1/APS1/jota_ws1/build/custom_interfaces': CMAKE_PREFIX_PATH=${CMAKE_PREFIX_PATH}:/home/jprl/APS1/APS1/jota_ws1/install/waypoint_navigation_pkg:/home/jprl/APS1/APS1/jota_ws1/install/robot_navigation:/home/jprl/APS1/APS1/jota_ws1/install/rm_slam:/home/jprl/APS1/APS1/jota_ws1/install/rm_navigator:/home/jprl/APS1/APS1/jota_ws1/install/rm_navigation:/home/jprl/APS1/APS1/jota_ws1/install/rm_localization:/opt/ros/foxy /usr/bin/cmake --build /home/jprl/APS1/APS1/jota_ws1/build/custom_interfaces -- -j12 -l12
[3.972s] [  3%] Built target custom_interfaces__cpp
[3.977s] [ 12%] Built target custom_interfaces__rosidl_generator_c
[3.982s] [ 22%] Built target custom_interfaces__rosidl_typesupport_introspection_cpp
[3.989s] [ 32%] Built target custom_interfaces__rosidl_typesupport_cpp
[3.990s] [ 41%] Built target custom_interfaces__rosidl_typesupport_c
[3.992s] [ 51%] Built target custom_interfaces__rosidl_typesupport_introspection_c
[3.992s] [ 61%] Built target custom_interfaces__rosidl_typesupport_fastrtps_cpp
[3.993s] [ 70%] Built target custom_interfaces__rosidl_typesupport_fastrtps_c
[3.993s] [ 70%] Built target custom_interfaces
[3.995s] [ 74%] Built target custom_interfaces__py
[3.996s] [ 80%] Built target custom_interfaces__python
[3.996s] [ 87%] Built target custom_interfaces__rosidl_typesupport_introspection_c__pyext
[3.996s] [100%] Built target custom_interfaces__rosidl_typesupport_fastrtps_c__pyext
[3.997s] [100%] Built target custom_interfaces__rosidl_typesupport_c__pyext
[3.997s] Invoked command in '/home/jprl/APS1/APS1/jota_ws1/build/custom_interfaces' returned '0': CMAKE_PREFIX_PATH=${CMAKE_PREFIX_PATH}:/home/jprl/APS1/APS1/jota_ws1/install/waypoint_navigation_pkg:/home/jprl/APS1/APS1/jota_ws1/install/robot_navigation:/home/jprl/APS1/APS1/jota_ws1/install/rm_slam:/home/jprl/APS1/APS1/jota_ws1/install/rm_navigator:/home/jprl/APS1/APS1/jota_ws1/install/rm_navigation:/home/jprl/APS1/APS1/jota_ws1/install/rm_localization:/opt/ros/foxy /usr/bin/cmake --build /home/jprl/APS1/APS1/jota_ws1/build/custom_interfaces -- -j12 -l12
[4.037s] Invoking command in '/home/jprl/APS1/APS1/jota_ws1/build/custom_interfaces': CMAKE_PREFIX_PATH=${CMAKE_PREFIX_PATH}:/home/jprl/APS1/APS1/jota_ws1/install/waypoint_navigation_pkg:/home/jprl/APS1/APS1/jota_ws1/install/robot_navigation:/home/jprl/APS1/APS1/jota_ws1/install/rm_slam:/home/jprl/APS1/APS1/jota_ws1/install/rm_navigator:/home/jprl/APS1/APS1/jota_ws1/install/rm_navigation:/home/jprl/APS1/APS1/jota_ws1/install/rm_localization:/opt/ros/foxy /usr/bin/cmake --install /home/jprl/APS1/APS1/jota_ws1/build/custom_interfaces
[4.067s] -- Install configuration: ""
[4.068s] -- Up-to-date: /home/jprl/APS1/APS1/jota_ws1/install/custom_interfaces/share/ament_index/resource_index/rosidl_interfaces/custom_interfaces
[4.068s] -- Up-to-date: /home/jprl/APS1/APS1/jota_ws1/install/custom_interfaces/include/custom_interfaces
[4.069s] -- Up-to-date: /home/jprl/APS1/APS1/jota_ws1/install/custom_interfaces/include/custom_interfaces/msg
[4.069s] -- Up-to-date: /home/jprl/APS1/APS1/jota_ws1/install/custom_interfaces/include/custom_interfaces/msg/rosidl_generator_c__visibility_control.h
[4.070s] -- Up-to-date: /home/jprl/APS1/APS1/jota_ws1/install/custom_interfaces/include/custom_interfaces/action
[4.070s] -- Up-to-date: /home/jprl/APS1/APS1/jota_ws1/install/custom_interfaces/include/custom_interfaces/action/detail
[4.072s] -- Up-to-date: /home/jprl/APS1/APS1/jota_ws1/install/custom_interfaces/include/custom_interfaces/action/detail/rotate__struct.h
[4.073s] -- Up-to-date: /home/jprl/APS1/APS1/jota_ws1/install/custom_interfaces/include/custom_interfaces/action/detail/rotate__functions.h
[4.073s] -- Up-to-date: /home/jprl/APS1/APS1/jota_ws1/install/custom_interfaces/include/custom_interfaces/action/detail/rotate__type_support.h
[4.073s] -- Up-to-date: /home/jprl/APS1/APS1/jota_ws1/install/custom_interfaces/include/custom_interfaces/action/detail/rotate__functions.c
[4.074s] -- Up-to-date: /home/jprl/APS1/APS1/jota_ws1/install/custom_interfaces/include/custom_interfaces/action/rotate.h
[4.075s] -- Up-to-date: /home/jprl/APS1/APS1/jota_ws1/install/custom_interfaces/share/custom_interfaces/environment/library_path.sh
[4.076s] -- Up-to-date: /home/jprl/APS1/APS1/jota_ws1/install/custom_interfaces/share/custom_interfaces/environment/library_path.dsv
[4.097s] -- Up-to-date: /home/jprl/APS1/APS1/jota_ws1/install/custom_interfaces/lib/libcustom_interfaces__rosidl_generator_c.so
[4.103s] -- Up-to-date: /home/jprl/APS1/APS1/jota_ws1/install/custom_interfaces/include/custom_interfaces
[4.105s] -- Up-to-date: /home/jprl/APS1/APS1/jota_ws1/install/custom_interfaces/include/custom_interfaces/msg
[4.105s] -- Up-to-date: /home/jprl/APS1/APS1/jota_ws1/install/custom_interfaces/include/custom_interfaces/msg/rosidl_typesupport_fastrtps_c__visibility_control.h
[4.105s] -- Up-to-date: /home/jprl/APS1/APS1/jota_ws1/install/custom_interfaces/include/custom_interfaces/action
[4.106s] -- Up-to-date: /home/jprl/APS1/APS1/jota_ws1/install/custom_interfaces/include/custom_interfaces/action/detail
[4.106s] -- Up-to-date: /home/jprl/APS1/APS1/jota_ws1/install/custom_interfaces/include/custom_interfaces/action/detail/rotate__rosidl_typesupport_fastrtps_c.h
[4.135s] -- Up-to-date: /home/jprl/APS1/APS1/jota_ws1/install/custom_interfaces/lib/libcustom_interfaces__rosidl_typesupport_fastrtps_c.so
[4.158s] -- Up-to-date: /home/jprl/APS1/APS1/jota_ws1/install/custom_interfaces/include/custom_interfaces
[4.159s] -- Up-to-date: /home/jprl/APS1/APS1/jota_ws1/install/custom_interfaces/include/custom_interfaces/msg
[4.159s] -- Up-to-date: /home/jprl/APS1/APS1/jota_ws1/install/custom_interfaces/include/custom_interfaces/msg/rosidl_typesupport_fastrtps_cpp__visibility_control.h
[4.160s] -- Up-to-date: /home/jprl/APS1/APS1/jota_ws1/install/custom_interfaces/include/custom_interfaces/action
[4.161s] -- Up-to-date: /home/jprl/APS1/APS1/jota_ws1/install/custom_interfaces/include/custom_interfaces/action/detail
[4.163s] -- Up-to-date: /home/jprl/APS1/APS1/jota_ws1/install/custom_interfaces/include/custom_interfaces/action/detail/dds_fastrtps
[4.169s] -- Up-to-date: /home/jprl/APS1/APS1/jota_ws1/install/custom_interfaces/include/custom_interfaces/action/detail/rotate__rosidl_typesupport_fastrtps_cpp.hpp
[4.170s] -- Up-to-date: /home/jprl/APS1/APS1/jota_ws1/install/custom_interfaces/lib/libcustom_interfaces__rosidl_typesupport_fastrtps_cpp.so
[4.170s] -- Up-to-date: /home/jprl/APS1/APS1/jota_ws1/install/custom_interfaces/include/custom_interfaces
[4.170s] -- Up-to-date: /home/jprl/APS1/APS1/jota_ws1/install/custom_interfaces/include/custom_interfaces/msg
[4.171s] -- Up-to-date: /home/jprl/APS1/APS1/jota_ws1/install/custom_interfaces/include/custom_interfaces/msg/rosidl_typesupport_introspection_c__visibility_control.h
[4.171s] -- Up-to-date: /home/jprl/APS1/APS1/jota_ws1/install/custom_interfaces/include/custom_interfaces/action
[4.171s] -- Up-to-date: /home/jprl/APS1/APS1/jota_ws1/install/custom_interfaces/include/custom_interfaces/action/detail
[4.171s] -- Up-to-date: /home/jprl/APS1/APS1/jota_ws1/install/custom_interfaces/include/custom_interfaces/action/detail/rotate__rosidl_typesupport_introspection_c.h
[4.171s] -- Up-to-date: /home/jprl/APS1/APS1/jota_ws1/install/custom_interfaces/include/custom_interfaces/action/detail/rotate__type_support.c
[4.172s] -- Up-to-date: /home/jprl/APS1/APS1/jota_ws1/install/custom_interfaces/lib/libcustom_interfaces__rosidl_typesupport_introspection_c.so
[4.172s] -- Up-to-date: /home/jprl/APS1/APS1/jota_ws1/install/custom_interfaces/lib/libcustom_interfaces__rosidl_typesupport_c.so
[4.172s] -- Up-to-date: /home/jprl/APS1/APS1/jota_ws1/install/custom_interfaces/include/custom_interfaces
[4.172s] -- Up-to-date: /home/jprl/APS1/APS1/jota_ws1/install/custom_interfaces/include/custom_interfaces/msg
[4.173s] -- Up-to-date: /home/jprl/APS1/APS1/jota_ws1/install/custom_interfaces/include/custom_interfaces/msg/rosidl_generator_cpp__visibility_control.hpp
[4.173s] -- Up-to-date: /home/jprl/APS1/APS1/jota_ws1/install/custom_interfaces/include/custom_interfaces/action
[4.174s] -- Up-to-date: /home/jprl/APS1/APS1/jota_ws1/install/custom_interfaces/include/custom_interfaces/action/detail
[4.177s] -- Up-to-date: /home/jprl/APS1/APS1/jota_ws1/install/custom_interfaces/include/custom_interfaces/action/detail/rotate__type_support.hpp
[4.177s] -- Up-to-date: /home/jprl/APS1/APS1/jota_ws1/install/custom_interfaces/include/custom_interfaces/action/detail/rotate__builder.hpp
[4.178s] -- Up-to-date: /home/jprl/APS1/APS1/jota_ws1/install/custom_interfaces/include/custom_interfaces/action/detail/rotate__struct.hpp
[4.178s] -- Up-to-date: /home/jprl/APS1/APS1/jota_ws1/install/custom_interfaces/include/custom_interfaces/action/detail/rotate__traits.hpp
[4.178s] -- Up-to-date: /home/jprl/APS1/APS1/jota_ws1/install/custom_interfaces/include/custom_interfaces/action/rotate.hpp
[4.181s] -- Up-to-date: /home/jprl/APS1/APS1/jota_ws1/install/custom_interfaces/include/custom_interfaces
[4.181s] -- Up-to-date: /home/jprl/APS1/APS1/jota_ws1/install/custom_interfaces/include/custom_interfaces/action
[4.182s] -- Up-to-date: /home/jprl/APS1/APS1/jota_ws1/install/custom_interfaces/include/custom_interfaces/action/detail
[4.182s] -- Up-to-date: /home/jprl/APS1/APS1/jota_ws1/install/custom_interfaces/include/custom_interfaces/action/detail/rotate__type_support.cpp
[4.182s] -- Up-to-date: /home/jprl/APS1/APS1/jota_ws1/install/custom_interfaces/include/custom_interfaces/action/detail/rotate__rosidl_typesupport_introspection_cpp.hpp
[4.183s] -- Up-to-date: /home/jprl/APS1/APS1/jota_ws1/install/custom_interfaces/lib/libcustom_interfaces__rosidl_typesupport_introspection_cpp.so
[4.183s] -- Up-to-date: /home/jprl/APS1/APS1/jota_ws1/install/custom_interfaces/lib/libcustom_interfaces__rosidl_typesupport_cpp.so
[4.186s] -- Up-to-date: /home/jprl/APS1/APS1/jota_ws1/install/custom_interfaces/share/custom_interfaces/environment/pythonpath.sh
[4.189s] -- Up-to-date: /home/jprl/APS1/APS1/jota_ws1/install/custom_interfaces/share/custom_interfaces/environment/pythonpath.dsv
[4.191s] -- Up-to-date: /home/jprl/APS1/APS1/jota_ws1/install/custom_interfaces/lib/python3.8/site-packages/custom_interfaces/__init__.py
[4.265s] -- Up-to-date: /home/jprl/APS1/APS1/jota_ws1/install/custom_interfaces/lib/python3.8/site-packages/custom_interfaces/action
[4.269s] -- Up-to-date: /home/jprl/APS1/APS1/jota_ws1/install/custom_interfaces/lib/python3.8/site-packages/custom_interfaces/action/__init__.py
[4.270s] -- Up-to-date: /home/jprl/APS1/APS1/jota_ws1/install/custom_interfaces/lib/python3.8/site-packages/custom_interfaces/action/_rotate.py
[4.271s] -- Up-to-date: /home/jprl/APS1/APS1/jota_ws1/install/custom_interfaces/lib/python3.8/site-packages/custom_interfaces/action/_rotate_s.c
[4.273s] -- Up-to-date: /home/jprl/APS1/APS1/jota_ws1/install/custom_interfaces/lib/python3.8/site-packages/custom_interfaces/custom_interfaces_s__rosidl_typesupport_fastrtps_c.cpython-38-x86_64-linux-gnu.so
[4.275s] -- Up-to-date: /home/jprl/APS1/APS1/jota_ws1/install/custom_interfaces/lib/python3.8/site-packages/custom_interfaces/custom_interfaces_s__rosidl_typesupport_introspection_c.cpython-38-x86_64-linux-gnu.so
[4.289s] -- Up-to-date: /home/jprl/APS1/APS1/jota_ws1/install/custom_interfaces/lib/python3.8/site-packages/custom_interfaces/custom_interfaces_s__rosidl_typesupport_c.cpython-38-x86_64-linux-gnu.so
[4.300s] -- Up-to-date: /home/jprl/APS1/APS1/jota_ws1/install/custom_interfaces/lib/libcustom_interfaces__python.so
[4.300s] -- Up-to-date: /home/jprl/APS1/APS1/jota_ws1/install/custom_interfaces/share/custom_interfaces/action/Rotate.idl
[4.300s] -- Up-to-date: /home/jprl/APS1/APS1/jota_ws1/install/custom_interfaces/share/custom_interfaces/action/Rotate.action
[4.301s] -- Up-to-date: /home/jprl/APS1/APS1/jota_ws1/install/custom_interfaces/share/ament_index/resource_index/package_run_dependencies/custom_interfaces
[4.301s] -- Up-to-date: /home/jprl/APS1/APS1/jota_ws1/install/custom_interfaces/share/ament_index/resource_index/parent_prefix_path/custom_interfaces
[4.301s] -- Up-to-date: /home/jprl/APS1/APS1/jota_ws1/install/custom_interfaces/share/custom_interfaces/environment/ament_prefix_path.sh
[4.301s] -- Up-to-date: /home/jprl/APS1/APS1/jota_ws1/install/custom_interfaces/share/custom_interfaces/environment/ament_prefix_path.dsv
[4.301s] -- Up-to-date: /home/jprl/APS1/APS1/jota_ws1/install/custom_interfaces/share/custom_interfaces/environment/path.sh
[4.302s] -- Up-to-date: /home/jprl/APS1/APS1/jota_ws1/install/custom_interfaces/share/custom_interfaces/environment/path.dsv
[4.302s] -- Up-to-date: /home/jprl/APS1/APS1/jota_ws1/install/custom_interfaces/share/custom_interfaces/local_setup.bash
[4.302s] -- Up-to-date: /home/jprl/APS1/APS1/jota_ws1/install/custom_interfaces/share/custom_interfaces/local_setup.sh
[4.302s] -- Up-to-date: /home/jprl/APS1/APS1/jota_ws1/install/custom_interfaces/share/custom_interfaces/local_setup.zsh
[4.307s] -- Up-to-date: /home/jprl/APS1/APS1/jota_ws1/install/custom_interfaces/share/custom_interfaces/local_setup.dsv
[4.308s] -- Installing: /home/jprl/APS1/APS1/jota_ws1/install/custom_interfaces/share/custom_interfaces/package.dsv
[4.310s] -- Up-to-date: /home/jprl/APS1/APS1/jota_ws1/install/custom_interfaces/share/ament_index/resource_index/packages/custom_interfaces
[4.310s] -- Up-to-date: /home/jprl/APS1/APS1/jota_ws1/install/custom_interfaces/share/custom_interfaces/cmake/custom_interfaces__rosidl_generator_cExport.cmake
[4.313s] -- Up-to-date: /home/jprl/APS1/APS1/jota_ws1/install/custom_interfaces/share/custom_interfaces/cmake/custom_interfaces__rosidl_generator_cExport-noconfig.cmake
[4.313s] -- Up-to-date: /home/jprl/APS1/APS1/jota_ws1/install/custom_interfaces/share/custom_interfaces/cmake/custom_interfaces__rosidl_typesupport_introspection_cExport.cmake
[4.323s] -- Up-to-date: /home/jprl/APS1/APS1/jota_ws1/install/custom_interfaces/share/custom_interfaces/cmake/custom_interfaces__rosidl_typesupport_introspection_cExport-noconfig.cmake
[4.324s] -- Up-to-date: /home/jprl/APS1/APS1/jota_ws1/install/custom_interfaces/share/custom_interfaces/cmake/custom_interfaces__rosidl_typesupport_cExport.cmake
[4.324s] -- Up-to-date: /home/jprl/APS1/APS1/jota_ws1/install/custom_interfaces/share/custom_interfaces/cmake/custom_interfaces__rosidl_typesupport_cExport-noconfig.cmake
[4.324s] -- Up-to-date: /home/jprl/APS1/APS1/jota_ws1/install/custom_interfaces/share/custom_interfaces/cmake/custom_interfaces__rosidl_generator_cppExport.cmake
[4.329s] -- Up-to-date: /home/jprl/APS1/APS1/jota_ws1/install/custom_interfaces/share/custom_interfaces/cmake/custom_interfaces__rosidl_typesupport_introspection_cppExport.cmake
[4.331s] -- Up-to-date: /home/jprl/APS1/APS1/jota_ws1/install/custom_interfaces/share/custom_interfaces/cmake/custom_interfaces__rosidl_typesupport_introspection_cppExport-noconfig.cmake
[4.332s] -- Up-to-date: /home/jprl/APS1/APS1/jota_ws1/install/custom_interfaces/share/custom_interfaces/cmake/custom_interfaces__rosidl_typesupport_cppExport.cmake
[4.332s] -- Up-to-date: /home/jprl/APS1/APS1/jota_ws1/install/custom_interfaces/share/custom_interfaces/cmake/custom_interfaces__rosidl_typesupport_cppExport-noconfig.cmake
[4.332s] -- Up-to-date: /home/jprl/APS1/APS1/jota_ws1/install/custom_interfaces/share/custom_interfaces/cmake/rosidl_cmake-extras.cmake
[4.333s] -- Up-to-date: /home/jprl/APS1/APS1/jota_ws1/install/custom_interfaces/share/custom_interfaces/cmake/ament_cmake_export_dependencies-extras.cmake
[4.333s] -- Up-to-date: /home/jprl/APS1/APS1/jota_ws1/install/custom_interfaces/share/custom_interfaces/cmake/ament_cmake_export_libraries-extras.cmake
[4.333s] -- Up-to-date: /home/jprl/APS1/APS1/jota_ws1/install/custom_interfaces/share/custom_interfaces/cmake/ament_cmake_export_targets-extras.cmake
[4.333s] -- Up-to-date: /home/jprl/APS1/APS1/jota_ws1/install/custom_interfaces/share/custom_interfaces/cmake/ament_cmake_export_include_directories-extras.cmake
[4.333s] -- Up-to-date: /home/jprl/APS1/APS1/jota_ws1/install/custom_interfaces/share/custom_interfaces/cmake/rosidl_cmake_export_typesupport_libraries-extras.cmake
[4.334s] -- Up-to-date: /home/jprl/APS1/APS1/jota_ws1/install/custom_interfaces/share/custom_interfaces/cmake/rosidl_cmake_export_typesupport_targets-extras.cmake
[4.335s] -- Up-to-date: /home/jprl/APS1/APS1/jota_ws1/install/custom_interfaces/share/custom_interfaces/cmake/custom_interfacesConfig.cmake
[4.335s] -- Up-to-date: /home/jprl/APS1/APS1/jota_ws1/install/custom_interfaces/share/custom_interfaces/cmake/custom_interfacesConfig-version.cmake
[4.336s] -- Up-to-date: /home/jprl/APS1/APS1/jota_ws1/install/custom_interfaces/share/custom_interfaces/package.xml
[4.384s] Invoked command in '/home/jprl/APS1/APS1/jota_ws1/build/custom_interfaces' returned '0': CMAKE_PREFIX_PATH=${CMAKE_PREFIX_PATH}:/home/jprl/APS1/APS1/jota_ws1/install/waypoint_navigation_pkg:/home/jprl/APS1/APS1/jota_ws1/install/robot_navigation:/home/jprl/APS1/APS1/jota_ws1/install/rm_slam:/home/jprl/APS1/APS1/jota_ws1/install/rm_navigator:/home/jprl/APS1/APS1/jota_ws1/install/rm_navigation:/home/jprl/APS1/APS1/jota_ws1/install/rm_localization:/opt/ros/foxy /usr/bin/cmake --install /home/jprl/APS1/APS1/jota_ws1/build/custom_interfaces
