[3.282s] Invoking command in '/home/jprl/APS1/APS1/jota_ws1/src/rm_slam': PYTHONPATH=/home/jprl/APS1/APS1/jota_ws1/build/rm_slam/prefix_override:/usr/lib/python3/dist-packages/colcon_core/task/python/colcon_distutils_commands:/home/jprl/APS1/APS1/jota_ws1/install/rm_slam/lib/python3.8/site-packages:${PYTHONPATH} /usr/bin/python3 -W ignore:setup.py install is deprecated -W ignore:easy_install command is deprecated setup.py egg_info --egg-base ../../build/rm_slam build --build-base /home/jprl/APS1/APS1/jota_ws1/build/rm_slam/build install --record /home/jprl/APS1/APS1/jota_ws1/build/rm_slam/install.log --install-scripts $base/lib/rm_slam --single-version-externally-managed install_data
[3.797s] running egg_info
[3.798s] writing ../../build/rm_slam/rm_slam.egg-info/PKG-INFO
[3.799s] writing dependency_links to ../../build/rm_slam/rm_slam.egg-info/dependency_links.txt
[3.800s] writing entry points to ../../build/rm_slam/rm_slam.egg-info/entry_points.txt
[3.800s] writing requirements to ../../build/rm_slam/rm_slam.egg-info/requires.txt
[3.801s] writing top-level names to ../../build/rm_slam/rm_slam.egg-info/top_level.txt
[3.880s] reading manifest file '../../build/rm_slam/rm_slam.egg-info/SOURCES.txt'
[3.882s] writing manifest file '../../build/rm_slam/rm_slam.egg-info/SOURCES.txt'
[3.883s] running build
[3.883s] running build_py
[3.884s] running install
[3.892s] running install_lib
[3.895s] running install_data
[3.896s] running install_egg_info
[3.899s] removing '/home/jprl/APS1/APS1/jota_ws1/install/rm_slam/lib/python3.8/site-packages/rm_slam-0.0.0-py3.8.egg-info' (and everything under it)
[3.900s] Copying ../../build/rm_slam/rm_slam.egg-info to /home/jprl/APS1/APS1/jota_ws1/install/rm_slam/lib/python3.8/site-packages/rm_slam-0.0.0-py3.8.egg-info
[3.903s] running install_scripts
[3.946s] writing list of installed files to '/home/jprl/APS1/APS1/jota_ws1/build/rm_slam/install.log'
[4.033s] Invoked command in '/home/jprl/APS1/APS1/jota_ws1/src/rm_slam' returned '0': PYTHONPATH=/home/jprl/APS1/APS1/jota_ws1/build/rm_slam/prefix_override:/usr/lib/python3/dist-packages/colcon_core/task/python/colcon_distutils_commands:/home/jprl/APS1/APS1/jota_ws1/install/rm_slam/lib/python3.8/site-packages:${PYTHONPATH} /usr/bin/python3 -W ignore:setup.py install is deprecated -W ignore:easy_install command is deprecated setup.py egg_info --egg-base ../../build/rm_slam build --build-base /home/jprl/APS1/APS1/jota_ws1/build/rm_slam/build install --record /home/jprl/APS1/APS1/jota_ws1/build/rm_slam/install.log --install-scripts $base/lib/rm_slam --single-version-externally-managed install_data
