[4.305s] Invoking command in '/home/jprl/APS1/APS1/jota_ws1/src/rm_slam': PYTHONPATH=/home/jprl/APS1/APS1/jota_ws1/build/rm_slam/prefix_override:/usr/lib/python3/dist-packages/colcon_core/task/python/colcon_distutils_commands:/home/jprl/APS1/APS1/jota_ws1/install/rm_slam/lib/python3.8/site-packages:${PYTHONPATH} /usr/bin/python3 -W ignore:setup.py install is deprecated -W ignore:easy_install command is deprecated setup.py egg_info --egg-base ../../build/rm_slam build --build-base /home/jprl/APS1/APS1/jota_ws1/build/rm_slam/build install --record /home/jprl/APS1/APS1/jota_ws1/build/rm_slam/install.log --install-scripts $base/lib/rm_slam --single-version-externally-managed install_data
[5.085s] running egg_info
[5.089s] writing ../../build/rm_slam/rm_slam.egg-info/PKG-INFO
[5.090s] writing dependency_links to ../../build/rm_slam/rm_slam.egg-info/dependency_links.txt
[5.092s] writing entry points to ../../build/rm_slam/rm_slam.egg-info/entry_points.txt
[5.094s] writing requirements to ../../build/rm_slam/rm_slam.egg-info/requires.txt
[5.095s] writing top-level names to ../../build/rm_slam/rm_slam.egg-info/top_level.txt
[5.220s] reading manifest file '../../build/rm_slam/rm_slam.egg-info/SOURCES.txt'
[5.223s] writing manifest file '../../build/rm_slam/rm_slam.egg-info/SOURCES.txt'
[5.223s] running build
[5.224s] running build_py
[5.224s] running install
[5.225s] running install_lib
[5.228s] running install_data
[5.229s] running install_egg_info
[5.232s] removing '/home/jprl/APS1/APS1/jota_ws1/install/rm_slam/lib/python3.8/site-packages/rm_slam-0.0.0-py3.8.egg-info' (and everything under it)
[5.234s] Copying ../../build/rm_slam/rm_slam.egg-info to /home/jprl/APS1/APS1/jota_ws1/install/rm_slam/lib/python3.8/site-packages/rm_slam-0.0.0-py3.8.egg-info
[5.240s] running install_scripts
[5.301s] writing list of installed files to '/home/jprl/APS1/APS1/jota_ws1/build/rm_slam/install.log'
[5.460s] Invoked command in '/home/jprl/APS1/APS1/jota_ws1/src/rm_slam' returned '0': PYTHONPATH=/home/jprl/APS1/APS1/jota_ws1/build/rm_slam/prefix_override:/usr/lib/python3/dist-packages/colcon_core/task/python/colcon_distutils_commands:/home/jprl/APS1/APS1/jota_ws1/install/rm_slam/lib/python3.8/site-packages:${PYTHONPATH} /usr/bin/python3 -W ignore:setup.py install is deprecated -W ignore:easy_install command is deprecated setup.py egg_info --egg-base ../../build/rm_slam build --build-base /home/jprl/APS1/APS1/jota_ws1/build/rm_slam/build install --record /home/jprl/APS1/APS1/jota_ws1/build/rm_slam/install.log --install-scripts $base/lib/rm_slam --single-version-externally-managed install_data
