[1.886s] Invoking command in '/home/jprl/APS1/APS1/jota_ws1/src/robot_navigation': CMAKE_PREFIX_PATH=/home/jprl/APS1/APS1/jota_ws1/install/custom_interfaces:/home/jprl/APS1/APS1/jota_ws1/install/robot_description PYTHONPATH=/home/jprl/APS1/APS1/jota_ws1/build/robot_navigation/prefix_override:/usr/lib/python3/dist-packages/colcon_core/task/python/colcon_distutils_commands:/home/jprl/APS1/APS1/jota_ws1/install/robot_navigation/lib/python3.8/site-packages:/home/jprl/APS1/APS1/jota_ws1/install/custom_interfaces/lib/python3.8/site-packages:/home/jprl/APS1/APS1/jota_ws1/install/robot_navigation/lib/python3.8/site-packages:/home/jprl/APS1/APS1/jota_ws1/install/rm_slam/lib/python3.8/site-packages:/home/jprl/APS1/APS1/jota_ws1/install/rm_navigation/lib/python3.8/site-packages:/home/jprl/APS1/APS1/jota_ws1/install/rm_localization/lib/python3.8/site-packages:/opt/ros/foxy/lib/python3.8/site-packages /usr/bin/python3 -W ignore:setup.py install is deprecated -W ignore:easy_install command is deprecated setup.py egg_info --egg-base ../../build/robot_navigation build --build-base /home/jprl/APS1/APS1/jota_ws1/build/robot_navigation/build install --record /home/jprl/APS1/APS1/jota_ws1/build/robot_navigation/install.log --install-scripts $base/lib/robot_navigation --single-version-externally-managed install_data
[2.113s] running egg_info
[2.114s] writing ../../build/robot_navigation/robot_navigation.egg-info/PKG-INFO
[2.115s] writing dependency_links to ../../build/robot_navigation/robot_navigation.egg-info/dependency_links.txt
[2.115s] writing entry points to ../../build/robot_navigation/robot_navigation.egg-info/entry_points.txt
[2.116s] writing requirements to ../../build/robot_navigation/robot_navigation.egg-info/requires.txt
[2.116s] writing top-level names to ../../build/robot_navigation/robot_navigation.egg-info/top_level.txt
[2.153s] reading manifest file '../../build/robot_navigation/robot_navigation.egg-info/SOURCES.txt'
[2.154s] writing manifest file '../../build/robot_navigation/robot_navigation.egg-info/SOURCES.txt'
[2.154s] running build
[2.154s] running build_py
[2.155s] running install
[2.156s] running install_lib
[2.158s] running install_data
[2.158s] running install_egg_info
[2.160s] removing '/home/jprl/APS1/APS1/jota_ws1/install/robot_navigation/lib/python3.8/site-packages/robot_navigation-0.0.0-py3.8.egg-info' (and everything under it)
[2.160s] Copying ../../build/robot_navigation/robot_navigation.egg-info to /home/jprl/APS1/APS1/jota_ws1/install/robot_navigation/lib/python3.8/site-packages/robot_navigation-0.0.0-py3.8.egg-info
[2.161s] running install_scripts
[2.179s] Installing navigation_node script to /home/jprl/APS1/APS1/jota_ws1/install/robot_navigation/lib/robot_navigation
[2.179s] Installing rotation_server script to /home/jprl/APS1/APS1/jota_ws1/install/robot_navigation/lib/robot_navigation
[2.179s] writing list of installed files to '/home/jprl/APS1/APS1/jota_ws1/build/robot_navigation/install.log'
[2.199s] Invoked command in '/home/jprl/APS1/APS1/jota_ws1/src/robot_navigation' returned '0': CMAKE_PREFIX_PATH=/home/jprl/APS1/APS1/jota_ws1/install/custom_interfaces:/home/jprl/APS1/APS1/jota_ws1/install/robot_description PYTHONPATH=/home/jprl/APS1/APS1/jota_ws1/build/robot_navigation/prefix_override:/usr/lib/python3/dist-packages/colcon_core/task/python/colcon_distutils_commands:/home/jprl/APS1/APS1/jota_ws1/install/robot_navigation/lib/python3.8/site-packages:/home/jprl/APS1/APS1/jota_ws1/install/custom_interfaces/lib/python3.8/site-packages:/home/jprl/APS1/APS1/jota_ws1/install/robot_navigation/lib/python3.8/site-packages:/home/jprl/APS1/APS1/jota_ws1/install/rm_slam/lib/python3.8/site-packages:/home/jprl/APS1/APS1/jota_ws1/install/rm_navigation/lib/python3.8/site-packages:/home/jprl/APS1/APS1/jota_ws1/install/rm_localization/lib/python3.8/site-packages:/opt/ros/foxy/lib/python3.8/site-packages /usr/bin/python3 -W ignore:setup.py install is deprecated -W ignore:easy_install command is deprecated setup.py egg_info --egg-base ../../build/robot_navigation build --build-base /home/jprl/APS1/APS1/jota_ws1/build/robot_navigation/build install --record /home/jprl/APS1/APS1/jota_ws1/build/robot_navigation/install.log --install-scripts $base/lib/robot_navigation --single-version-externally-managed install_data
