[3.692s] Invoking command in '/home/jprl/APS1/APS1/jota_ws1/src/rm_navigation': PYTHONPATH=/home/jprl/APS1/APS1/jota_ws1/build/rm_navigation/prefix_override:/usr/lib/python3/dist-packages/colcon_core/task/python/colcon_distutils_commands:/home/jprl/APS1/APS1/jota_ws1/install/rm_navigation/lib/python3.8/site-packages:${PYTHONPATH} /usr/bin/python3 -W ignore:setup.py install is deprecated -W ignore:easy_install command is deprecated setup.py egg_info --egg-base ../../build/rm_navigation build --build-base /home/jprl/APS1/APS1/jota_ws1/build/rm_navigation/build install --record /home/jprl/APS1/APS1/jota_ws1/build/rm_navigation/install.log --install-scripts $base/lib/rm_navigation --single-version-externally-managed install_data
[4.179s] running egg_info
[4.181s] writing ../../build/rm_navigation/rm_navigation.egg-info/PKG-INFO
[4.187s] writing dependency_links to ../../build/rm_navigation/rm_navigation.egg-info/dependency_links.txt
[4.189s] writing entry points to ../../build/rm_navigation/rm_navigation.egg-info/entry_points.txt
[4.189s] writing requirements to ../../build/rm_navigation/rm_navigation.egg-info/requires.txt
[4.190s] writing top-level names to ../../build/rm_navigation/rm_navigation.egg-info/top_level.txt
[4.266s] reading manifest file '../../build/rm_navigation/rm_navigation.egg-info/SOURCES.txt'
[4.268s] writing manifest file '../../build/rm_navigation/rm_navigation.egg-info/SOURCES.txt'
[4.268s] running build
[4.268s] running build_py
[4.269s] running install
[4.271s] running install_lib
[4.274s] running install_data
[4.274s] copying launch/navigation.launch.py -> /home/jprl/APS1/APS1/jota_ws1/install/rm_navigation/share/rm_navigation/launch
[4.275s] running install_egg_info
[4.278s] removing '/home/jprl/APS1/APS1/jota_ws1/install/rm_navigation/lib/python3.8/site-packages/rm_navigation-0.0.0-py3.8.egg-info' (and everything under it)
[4.279s] Copying ../../build/rm_navigation/rm_navigation.egg-info to /home/jprl/APS1/APS1/jota_ws1/install/rm_navigation/lib/python3.8/site-packages/rm_navigation-0.0.0-py3.8.egg-info
[4.288s] running install_scripts
[4.337s] writing list of installed files to '/home/jprl/APS1/APS1/jota_ws1/build/rm_navigation/install.log'
[4.400s] Invoked command in '/home/jprl/APS1/APS1/jota_ws1/src/rm_navigation' returned '0': PYTHONPATH=/home/jprl/APS1/APS1/jota_ws1/build/rm_navigation/prefix_override:/usr/lib/python3/dist-packages/colcon_core/task/python/colcon_distutils_commands:/home/jprl/APS1/APS1/jota_ws1/install/rm_navigation/lib/python3.8/site-packages:${PYTHONPATH} /usr/bin/python3 -W ignore:setup.py install is deprecated -W ignore:easy_install command is deprecated setup.py egg_info --egg-base ../../build/rm_navigation build --build-base /home/jprl/APS1/APS1/jota_ws1/build/rm_navigation/build install --record /home/jprl/APS1/APS1/jota_ws1/build/rm_navigation/install.log --install-scripts $base/lib/rm_navigation --single-version-externally-managed install_data
