[3.892s] Invoking command in '/home/jprl/APS1/APS1/jota_ws1/src/rm_localization': PYTHONPATH=/home/jprl/APS1/APS1/jota_ws1/build/rm_localization/prefix_override:/usr/lib/python3/dist-packages/colcon_core/task/python/colcon_distutils_commands:/home/jprl/APS1/APS1/jota_ws1/install/rm_localization/lib/python3.8/site-packages:${PYTHONPATH} /usr/bin/python3 -W ignore:setup.py install is deprecated -W ignore:easy_install command is deprecated setup.py egg_info --egg-base ../../build/rm_localization build --build-base /home/jprl/APS1/APS1/jota_ws1/build/rm_localization/build install --record /home/jprl/APS1/APS1/jota_ws1/build/rm_localization/install.log --install-scripts $base/lib/rm_localization --single-version-externally-managed install_data
[4.501s] running egg_info
[4.505s] writing ../../build/rm_localization/rm_localization.egg-info/PKG-INFO
[4.511s] writing dependency_links to ../../build/rm_localization/rm_localization.egg-info/dependency_links.txt
[4.519s] writing entry points to ../../build/rm_localization/rm_localization.egg-info/entry_points.txt
[4.526s] writing requirements to ../../build/rm_localization/rm_localization.egg-info/requires.txt
[4.527s] writing top-level names to ../../build/rm_localization/rm_localization.egg-info/top_level.txt
[4.700s] reading manifest file '../../build/rm_localization/rm_localization.egg-info/SOURCES.txt'
[4.702s] writing manifest file '../../build/rm_localization/rm_localization.egg-info/SOURCES.txt'
[4.702s] running build
[4.703s] running build_py
[4.703s] running install
[4.705s] running install_lib
[4.707s] running install_data
[4.708s] running install_egg_info
[4.720s] removing '/home/jprl/APS1/APS1/jota_ws1/install/rm_localization/lib/python3.8/site-packages/rm_localization-0.0.0-py3.8.egg-info' (and everything under it)
[4.721s] Copying ../../build/rm_localization/rm_localization.egg-info to /home/jprl/APS1/APS1/jota_ws1/install/rm_localization/lib/python3.8/site-packages/rm_localization-0.0.0-py3.8.egg-info
[4.727s] running install_scripts
[4.786s] writing list of installed files to '/home/jprl/APS1/APS1/jota_ws1/build/rm_localization/install.log'
[4.861s] Invoked command in '/home/jprl/APS1/APS1/jota_ws1/src/rm_localization' returned '0': PYTHONPATH=/home/jprl/APS1/APS1/jota_ws1/build/rm_localization/prefix_override:/usr/lib/python3/dist-packages/colcon_core/task/python/colcon_distutils_commands:/home/jprl/APS1/APS1/jota_ws1/install/rm_localization/lib/python3.8/site-packages:${PYTHONPATH} /usr/bin/python3 -W ignore:setup.py install is deprecated -W ignore:easy_install command is deprecated setup.py egg_info --egg-base ../../build/rm_localization build --build-base /home/jprl/APS1/APS1/jota_ws1/build/rm_localization/build install --record /home/jprl/APS1/APS1/jota_ws1/build/rm_localization/install.log --install-scripts $base/lib/rm_localization --single-version-externally-managed install_data
