[2.044s] Invoking command in '/home/jprl/APS1/APS1/jota_ws1/src/rm_localization': PYTHONPATH=/home/jprl/APS1/APS1/jota_ws1/build/rm_localization/prefix_override:/usr/lib/python3/dist-packages/colcon_core/task/python/colcon_distutils_commands:/home/jprl/APS1/APS1/jota_ws1/install/rm_localization/lib/python3.8/site-packages:${PYTHONPATH} /usr/bin/python3 -W ignore:setup.py install is deprecated -W ignore:easy_install command is deprecated setup.py egg_info --egg-base ../../build/rm_localization build --build-base /home/jprl/APS1/APS1/jota_ws1/build/rm_localization/build install --record /home/jprl/APS1/APS1/jota_ws1/build/rm_localization/install.log --install-scripts $base/lib/rm_localization --single-version-externally-managed install_data
[2.363s] running egg_info
[2.363s] writing ../../build/rm_localization/rm_localization.egg-info/PKG-INFO
[2.364s] writing dependency_links to ../../build/rm_localization/rm_localization.egg-info/dependency_links.txt
[2.364s] writing entry points to ../../build/rm_localization/rm_localization.egg-info/entry_points.txt
[2.365s] writing requirements to ../../build/rm_localization/rm_localization.egg-info/requires.txt
[2.365s] writing top-level names to ../../build/rm_localization/rm_localization.egg-info/top_level.txt
[2.411s] reading manifest file '../../build/rm_localization/rm_localization.egg-info/SOURCES.txt'
[2.413s] writing manifest file '../../build/rm_localization/rm_localization.egg-info/SOURCES.txt'
[2.414s] running build
[2.414s] running build_py
[2.415s] running install
[2.416s] running install_lib
[2.418s] running install_data
[2.419s] running install_egg_info
[2.421s] removing '/home/jprl/APS1/APS1/jota_ws1/install/rm_localization/lib/python3.8/site-packages/rm_localization-0.0.0-py3.8.egg-info' (and everything under it)
[2.422s] Copying ../../build/rm_localization/rm_localization.egg-info to /home/jprl/APS1/APS1/jota_ws1/install/rm_localization/lib/python3.8/site-packages/rm_localization-0.0.0-py3.8.egg-info
[2.424s] running install_scripts
[2.449s] writing list of installed files to '/home/jprl/APS1/APS1/jota_ws1/build/rm_localization/install.log'
[2.485s] Invoked command in '/home/jprl/APS1/APS1/jota_ws1/src/rm_localization' returned '0': PYTHONPATH=/home/jprl/APS1/APS1/jota_ws1/build/rm_localization/prefix_override:/usr/lib/python3/dist-packages/colcon_core/task/python/colcon_distutils_commands:/home/jprl/APS1/APS1/jota_ws1/install/rm_localization/lib/python3.8/site-packages:${PYTHONPATH} /usr/bin/python3 -W ignore:setup.py install is deprecated -W ignore:easy_install command is deprecated setup.py egg_info --egg-base ../../build/rm_localization build --build-base /home/jprl/APS1/APS1/jota_ws1/build/rm_localization/build install --record /home/jprl/APS1/APS1/jota_ws1/build/rm_localization/install.log --install-scripts $base/lib/rm_localization --single-version-externally-managed install_data
