[2.415s] Invoking command in '/home/jprl/APS1/APS1/jota_ws1/src/rm_localization': PYTHONPATH=/home/jprl/APS1/APS1/jota_ws1/build/rm_localization/prefix_override:/usr/lib/python3/dist-packages/colcon_core/task/python/colcon_distutils_commands:/home/jprl/APS1/APS1/jota_ws1/install/rm_localization/lib/python3.8/site-packages:${PYTHONPATH} /usr/bin/python3 -W ignore:setup.py install is deprecated -W ignore:easy_install command is deprecated setup.py egg_info --egg-base ../../build/rm_localization build --build-base /home/jprl/APS1/APS1/jota_ws1/build/rm_localization/build install --record /home/jprl/APS1/APS1/jota_ws1/build/rm_localization/install.log --install-scripts $base/lib/rm_localization --single-version-externally-managed install_data
[2.787s] running egg_info
[2.788s] writing ../../build/rm_localization/rm_localization.egg-info/PKG-INFO
[2.789s] writing dependency_links to ../../build/rm_localization/rm_localization.egg-info/dependency_links.txt
[2.789s] writing entry points to ../../build/rm_localization/rm_localization.egg-info/entry_points.txt
[2.790s] writing requirements to ../../build/rm_localization/rm_localization.egg-info/requires.txt
[2.790s] writing top-level names to ../../build/rm_localization/rm_localization.egg-info/top_level.txt
[2.845s] reading manifest file '../../build/rm_localization/rm_localization.egg-info/SOURCES.txt'
[2.846s] writing manifest file '../../build/rm_localization/rm_localization.egg-info/SOURCES.txt'
[2.847s] running build
[2.847s] running build_py
[2.847s] running install
[2.848s] running install_lib
[2.851s] running install_data
[2.852s] running install_egg_info
[2.856s] removing '/home/jprl/APS1/APS1/jota_ws1/install/rm_localization/lib/python3.8/site-packages/rm_localization-0.0.0-py3.8.egg-info' (and everything under it)
[2.857s] Copying ../../build/rm_localization/rm_localization.egg-info to /home/jprl/APS1/APS1/jota_ws1/install/rm_localization/lib/python3.8/site-packages/rm_localization-0.0.0-py3.8.egg-info
[2.859s] running install_scripts
[2.899s] writing list of installed files to '/home/jprl/APS1/APS1/jota_ws1/build/rm_localization/install.log'
[2.947s] Invoked command in '/home/jprl/APS1/APS1/jota_ws1/src/rm_localization' returned '0': PYTHONPATH=/home/jprl/APS1/APS1/jota_ws1/build/rm_localization/prefix_override:/usr/lib/python3/dist-packages/colcon_core/task/python/colcon_distutils_commands:/home/jprl/APS1/APS1/jota_ws1/install/rm_localization/lib/python3.8/site-packages:${PYTHONPATH} /usr/bin/python3 -W ignore:setup.py install is deprecated -W ignore:easy_install command is deprecated setup.py egg_info --egg-base ../../build/rm_localization build --build-base /home/jprl/APS1/APS1/jota_ws1/build/rm_localization/build install --record /home/jprl/APS1/APS1/jota_ws1/build/rm_localization/install.log --install-scripts $base/lib/rm_localization --single-version-externally-managed install_data
