[0.043s] Invoking command in '/home/jprl/APS1/APS1/jota_ws1/build/custom_interfaces': CMAKE_PREFIX_PATH=${CMAKE_PREFIX_PATH}:/home/jprl/APS1/APS1/jota_ws1/install/robot_navigation:/opt/ros/foxy /usr/bin/cmake --build /home/jprl/APS1/APS1/jota_ws1/build/custom_interfaces -- -j12 -l12
[0.143s] [  3%] Built target custom_interfaces__cpp
[0.151s] [ 12%] Built target custom_interfaces__rosidl_generator_c
[0.186s] [ 22%] Built target custom_interfaces__rosidl_typesupport_cpp
[0.186s] [ 32%] Built target custom_interfaces__rosidl_typesupport_introspection_cpp
[0.202s] [ 51%] Built target custom_interfaces__rosidl_typesupport_c
[0.203s] [ 51%] Built target custom_interfaces__rosidl_typesupport_introspection_c
[0.207s] [ 61%] Built target custom_interfaces__rosidl_typesupport_fastrtps_cpp
[0.236s] [ 70%] Built target custom_interfaces__rosidl_typesupport_fastrtps_c
[0.265s] [ 70%] Built target custom_interfaces
[0.300s] [ 74%] Built target custom_interfaces__py
[0.339s] [ 80%] Built target custom_interfaces__python
[0.383s] [ 87%] Built target custom_interfaces__rosidl_typesupport_introspection_c__pyext
[0.385s] [ 96%] Built target custom_interfaces__rosidl_typesupport_fastrtps_c__pyext
[0.385s] [100%] Built target custom_interfaces__rosidl_typesupport_c__pyext
[0.401s] Invoked command in '/home/jprl/APS1/APS1/jota_ws1/build/custom_interfaces' returned '0': CMAKE_PREFIX_PATH=${CMAKE_PREFIX_PATH}:/home/jprl/APS1/APS1/jota_ws1/install/robot_navigation:/opt/ros/foxy /usr/bin/cmake --build /home/jprl/APS1/APS1/jota_ws1/build/custom_interfaces -- -j12 -l12
[0.405s] Invoking command in '/home/jprl/APS1/APS1/jota_ws1/build/custom_interfaces': CMAKE_PREFIX_PATH=${CMAKE_PREFIX_PATH}:/home/jprl/APS1/APS1/jota_ws1/install/robot_navigation:/opt/ros/foxy /usr/bin/cmake --install /home/jprl/APS1/APS1/jota_ws1/build/custom_interfaces
[0.416s] -- Install configuration: ""
[0.416s] -- Up-to-date: /home/jprl/APS1/APS1/jota_ws1/install/custom_interfaces/share/ament_index/resource_index/rosidl_interfaces/custom_interfaces
[0.417s] -- Up-to-date: /home/jprl/APS1/APS1/jota_ws1/install/custom_interfaces/include/custom_interfaces
[0.417s] -- Up-to-date: /home/jprl/APS1/APS1/jota_ws1/install/custom_interfaces/include/custom_interfaces/msg
[0.417s] -- Up-to-date: /home/jprl/APS1/APS1/jota_ws1/install/custom_interfaces/include/custom_interfaces/msg/rosidl_generator_c__visibility_control.h
[0.418s] -- Up-to-date: /home/jprl/APS1/APS1/jota_ws1/install/custom_interfaces/include/custom_interfaces/action
[0.418s] -- Up-to-date: /home/jprl/APS1/APS1/jota_ws1/install/custom_interfaces/include/custom_interfaces/action/detail
[0.418s] -- Up-to-date: /home/jprl/APS1/APS1/jota_ws1/install/custom_interfaces/include/custom_interfaces/action/detail/rotate__struct.h
[0.418s] -- Up-to-date: /home/jprl/APS1/APS1/jota_ws1/install/custom_interfaces/include/custom_interfaces/action/detail/rotate__functions.h
[0.418s] -- Up-to-date: /home/jprl/APS1/APS1/jota_ws1/install/custom_interfaces/include/custom_interfaces/action/detail/rotate__type_support.h
[0.419s] -- Up-to-date: /home/jprl/APS1/APS1/jota_ws1/install/custom_interfaces/include/custom_interfaces/action/detail/rotate__functions.c
[0.419s] -- Up-to-date: /home/jprl/APS1/APS1/jota_ws1/install/custom_interfaces/include/custom_interfaces/action/rotate.h
[0.419s] -- Up-to-date: /home/jprl/APS1/APS1/jota_ws1/install/custom_interfaces/share/custom_interfaces/environment/library_path.sh
[0.419s] -- Up-to-date: /home/jprl/APS1/APS1/jota_ws1/install/custom_interfaces/share/custom_interfaces/environment/library_path.dsv
[0.420s] -- Up-to-date: /home/jprl/APS1/APS1/jota_ws1/install/custom_interfaces/lib/libcustom_interfaces__rosidl_generator_c.so
[0.420s] -- Up-to-date: /home/jprl/APS1/APS1/jota_ws1/install/custom_interfaces/include/custom_interfaces
[0.420s] -- Up-to-date: /home/jprl/APS1/APS1/jota_ws1/install/custom_interfaces/include/custom_interfaces/msg
[0.421s] -- Up-to-date: /home/jprl/APS1/APS1/jota_ws1/install/custom_interfaces/include/custom_interfaces/msg/rosidl_typesupport_fastrtps_c__visibility_control.h
[0.421s] -- Up-to-date: /home/jprl/APS1/APS1/jota_ws1/install/custom_interfaces/include/custom_interfaces/action
[0.421s] -- Up-to-date: /home/jprl/APS1/APS1/jota_ws1/install/custom_interfaces/include/custom_interfaces/action/detail
[0.422s] -- Up-to-date: /home/jprl/APS1/APS1/jota_ws1/install/custom_interfaces/include/custom_interfaces/action/detail/rotate__rosidl_typesupport_fastrtps_c.h
[0.422s] -- Up-to-date: /home/jprl/APS1/APS1/jota_ws1/install/custom_interfaces/lib/libcustom_interfaces__rosidl_typesupport_fastrtps_c.so
[0.422s] -- Up-to-date: /home/jprl/APS1/APS1/jota_ws1/install/custom_interfaces/include/custom_interfaces
[0.423s] -- Up-to-date: /home/jprl/APS1/APS1/jota_ws1/install/custom_interfaces/include/custom_interfaces/msg
[0.423s] -- Up-to-date: /home/jprl/APS1/APS1/jota_ws1/install/custom_interfaces/include/custom_interfaces/msg/rosidl_typesupport_fastrtps_cpp__visibility_control.h
[0.423s] -- Up-to-date: /home/jprl/APS1/APS1/jota_ws1/install/custom_interfaces/include/custom_interfaces/action
[0.423s] -- Up-to-date: /home/jprl/APS1/APS1/jota_ws1/install/custom_interfaces/include/custom_interfaces/action/detail
[0.424s] -- Up-to-date: /home/jprl/APS1/APS1/jota_ws1/install/custom_interfaces/include/custom_interfaces/action/detail/dds_fastrtps
[0.424s] -- Up-to-date: /home/jprl/APS1/APS1/jota_ws1/install/custom_interfaces/include/custom_interfaces/action/detail/rotate__rosidl_typesupport_fastrtps_cpp.hpp
[0.424s] -- Up-to-date: /home/jprl/APS1/APS1/jota_ws1/install/custom_interfaces/lib/libcustom_interfaces__rosidl_typesupport_fastrtps_cpp.so
[0.424s] -- Up-to-date: /home/jprl/APS1/APS1/jota_ws1/install/custom_interfaces/include/custom_interfaces
[0.425s] -- Up-to-date: /home/jprl/APS1/APS1/jota_ws1/install/custom_interfaces/include/custom_interfaces/msg
[0.425s] -- Up-to-date: /home/jprl/APS1/APS1/jota_ws1/install/custom_interfaces/include/custom_interfaces/msg/rosidl_typesupport_introspection_c__visibility_control.h
[0.425s] -- Up-to-date: /home/jprl/APS1/APS1/jota_ws1/install/custom_interfaces/include/custom_interfaces/action
[0.425s] -- Up-to-date: /home/jprl/APS1/APS1/jota_ws1/install/custom_interfaces/include/custom_interfaces/action/detail
[0.426s] -- Up-to-date: /home/jprl/APS1/APS1/jota_ws1/install/custom_interfaces/include/custom_interfaces/action/detail/rotate__rosidl_typesupport_introspection_c.h
[0.426s] -- Up-to-date: /home/jprl/APS1/APS1/jota_ws1/install/custom_interfaces/include/custom_interfaces/action/detail/rotate__type_support.c
[0.426s] -- Up-to-date: /home/jprl/APS1/APS1/jota_ws1/install/custom_interfaces/lib/libcustom_interfaces__rosidl_typesupport_introspection_c.so
[0.426s] -- Up-to-date: /home/jprl/APS1/APS1/jota_ws1/install/custom_interfaces/lib/libcustom_interfaces__rosidl_typesupport_c.so
[0.427s] -- Up-to-date: /home/jprl/APS1/APS1/jota_ws1/install/custom_interfaces/include/custom_interfaces
[0.427s] -- Up-to-date: /home/jprl/APS1/APS1/jota_ws1/install/custom_interfaces/include/custom_interfaces/msg
[0.427s] -- Up-to-date: /home/jprl/APS1/APS1/jota_ws1/install/custom_interfaces/include/custom_interfaces/msg/rosidl_generator_cpp__visibility_control.hpp
[0.427s] -- Up-to-date: /home/jprl/APS1/APS1/jota_ws1/install/custom_interfaces/include/custom_interfaces/action
[0.427s] -- Up-to-date: /home/jprl/APS1/APS1/jota_ws1/install/custom_interfaces/include/custom_interfaces/action/detail
[0.428s] -- Up-to-date: /home/jprl/APS1/APS1/jota_ws1/install/custom_interfaces/include/custom_interfaces/action/detail/rotate__type_support.hpp
[0.428s] -- Up-to-date: /home/jprl/APS1/APS1/jota_ws1/install/custom_interfaces/include/custom_interfaces/action/detail/rotate__builder.hpp
[0.428s] -- Up-to-date: /home/jprl/APS1/APS1/jota_ws1/install/custom_interfaces/include/custom_interfaces/action/detail/rotate__struct.hpp
[0.428s] -- Up-to-date: /home/jprl/APS1/APS1/jota_ws1/install/custom_interfaces/include/custom_interfaces/action/detail/rotate__traits.hpp
[0.428s] -- Up-to-date: /home/jprl/APS1/APS1/jota_ws1/install/custom_interfaces/include/custom_interfaces/action/rotate.hpp
[0.428s] -- Up-to-date: /home/jprl/APS1/APS1/jota_ws1/install/custom_interfaces/include/custom_interfaces
[0.428s] -- Up-to-date: /home/jprl/APS1/APS1/jota_ws1/install/custom_interfaces/include/custom_interfaces/action
[0.428s] -- Up-to-date: /home/jprl/APS1/APS1/jota_ws1/install/custom_interfaces/include/custom_interfaces/action/detail
[0.428s] -- Up-to-date: /home/jprl/APS1/APS1/jota_ws1/install/custom_interfaces/include/custom_interfaces/action/detail/rotate__type_support.cpp
[0.428s] -- Up-to-date: /home/jprl/APS1/APS1/jota_ws1/install/custom_interfaces/include/custom_interfaces/action/detail/rotate__rosidl_typesupport_introspection_cpp.hpp
[0.428s] -- Up-to-date: /home/jprl/APS1/APS1/jota_ws1/install/custom_interfaces/lib/libcustom_interfaces__rosidl_typesupport_introspection_cpp.so
[0.428s] -- Up-to-date: /home/jprl/APS1/APS1/jota_ws1/install/custom_interfaces/lib/libcustom_interfaces__rosidl_typesupport_cpp.so
[0.429s] -- Up-to-date: /home/jprl/APS1/APS1/jota_ws1/install/custom_interfaces/share/custom_interfaces/environment/pythonpath.sh
[0.429s] -- Up-to-date: /home/jprl/APS1/APS1/jota_ws1/install/custom_interfaces/share/custom_interfaces/environment/pythonpath.dsv
[0.429s] -- Up-to-date: /home/jprl/APS1/APS1/jota_ws1/install/custom_interfaces/lib/python3.8/site-packages/custom_interfaces/__init__.py
[0.468s] -- Up-to-date: /home/jprl/APS1/APS1/jota_ws1/install/custom_interfaces/lib/python3.8/site-packages/custom_interfaces/action
[0.468s] -- Up-to-date: /home/jprl/APS1/APS1/jota_ws1/install/custom_interfaces/lib/python3.8/site-packages/custom_interfaces/action/__init__.py
[0.468s] -- Up-to-date: /home/jprl/APS1/APS1/jota_ws1/install/custom_interfaces/lib/python3.8/site-packages/custom_interfaces/action/_rotate.py
[0.468s] -- Up-to-date: /home/jprl/APS1/APS1/jota_ws1/install/custom_interfaces/lib/python3.8/site-packages/custom_interfaces/action/_rotate_s.c
[0.469s] -- Up-to-date: /home/jprl/APS1/APS1/jota_ws1/install/custom_interfaces/lib/python3.8/site-packages/custom_interfaces/custom_interfaces_s__rosidl_typesupport_fastrtps_c.cpython-38-x86_64-linux-gnu.so
[0.469s] -- Up-to-date: /home/jprl/APS1/APS1/jota_ws1/install/custom_interfaces/lib/python3.8/site-packages/custom_interfaces/custom_interfaces_s__rosidl_typesupport_introspection_c.cpython-38-x86_64-linux-gnu.so
[0.470s] -- Up-to-date: /home/jprl/APS1/APS1/jota_ws1/install/custom_interfaces/lib/python3.8/site-packages/custom_interfaces/custom_interfaces_s__rosidl_typesupport_c.cpython-38-x86_64-linux-gnu.so
[0.471s] -- Up-to-date: /home/jprl/APS1/APS1/jota_ws1/install/custom_interfaces/lib/libcustom_interfaces__python.so
[0.471s] -- Up-to-date: /home/jprl/APS1/APS1/jota_ws1/install/custom_interfaces/share/custom_interfaces/action/Rotate.idl
[0.472s] -- Up-to-date: /home/jprl/APS1/APS1/jota_ws1/install/custom_interfaces/share/custom_interfaces/action/Rotate.action
[0.472s] -- Up-to-date: /home/jprl/APS1/APS1/jota_ws1/install/custom_interfaces/share/ament_index/resource_index/package_run_dependencies/custom_interfaces
[0.472s] -- Up-to-date: /home/jprl/APS1/APS1/jota_ws1/install/custom_interfaces/share/ament_index/resource_index/parent_prefix_path/custom_interfaces
[0.472s] -- Up-to-date: /home/jprl/APS1/APS1/jota_ws1/install/custom_interfaces/share/custom_interfaces/environment/ament_prefix_path.sh
[0.473s] -- Up-to-date: /home/jprl/APS1/APS1/jota_ws1/install/custom_interfaces/share/custom_interfaces/environment/ament_prefix_path.dsv
[0.473s] -- Up-to-date: /home/jprl/APS1/APS1/jota_ws1/install/custom_interfaces/share/custom_interfaces/environment/path.sh
[0.473s] -- Up-to-date: /home/jprl/APS1/APS1/jota_ws1/install/custom_interfaces/share/custom_interfaces/environment/path.dsv
[0.473s] -- Up-to-date: /home/jprl/APS1/APS1/jota_ws1/install/custom_interfaces/share/custom_interfaces/local_setup.bash
[0.474s] -- Up-to-date: /home/jprl/APS1/APS1/jota_ws1/install/custom_interfaces/share/custom_interfaces/local_setup.sh
[0.474s] -- Up-to-date: /home/jprl/APS1/APS1/jota_ws1/install/custom_interfaces/share/custom_interfaces/local_setup.zsh
[0.474s] -- Up-to-date: /home/jprl/APS1/APS1/jota_ws1/install/custom_interfaces/share/custom_interfaces/local_setup.dsv
[0.474s] -- Installing: /home/jprl/APS1/APS1/jota_ws1/install/custom_interfaces/share/custom_interfaces/package.dsv
[0.475s] -- Up-to-date: /home/jprl/APS1/APS1/jota_ws1/install/custom_interfaces/share/ament_index/resource_index/packages/custom_interfaces
[0.475s] -- Up-to-date: /home/jprl/APS1/APS1/jota_ws1/install/custom_interfaces/share/custom_interfaces/cmake/custom_interfaces__rosidl_generator_cExport.cmake
[0.475s] -- Up-to-date: /home/jprl/APS1/APS1/jota_ws1/install/custom_interfaces/share/custom_interfaces/cmake/custom_interfaces__rosidl_generator_cExport-noconfig.cmake
[0.475s] -- Up-to-date: /home/jprl/APS1/APS1/jota_ws1/install/custom_interfaces/share/custom_interfaces/cmake/custom_interfaces__rosidl_typesupport_introspection_cExport.cmake
[0.476s] -- Up-to-date: /home/jprl/APS1/APS1/jota_ws1/install/custom_interfaces/share/custom_interfaces/cmake/custom_interfaces__rosidl_typesupport_introspection_cExport-noconfig.cmake
[0.476s] -- Up-to-date: /home/jprl/APS1/APS1/jota_ws1/install/custom_interfaces/share/custom_interfaces/cmake/custom_interfaces__rosidl_typesupport_cExport.cmake
[0.476s] -- Up-to-date: /home/jprl/APS1/APS1/jota_ws1/install/custom_interfaces/share/custom_interfaces/cmake/custom_interfaces__rosidl_typesupport_cExport-noconfig.cmake
[0.476s] -- Up-to-date: /home/jprl/APS1/APS1/jota_ws1/install/custom_interfaces/share/custom_interfaces/cmake/custom_interfaces__rosidl_generator_cppExport.cmake
[0.476s] -- Up-to-date: /home/jprl/APS1/APS1/jota_ws1/install/custom_interfaces/share/custom_interfaces/cmake/custom_interfaces__rosidl_typesupport_introspection_cppExport.cmake
[0.476s] -- Up-to-date: /home/jprl/APS1/APS1/jota_ws1/install/custom_interfaces/share/custom_interfaces/cmake/custom_interfaces__rosidl_typesupport_introspection_cppExport-noconfig.cmake
[0.476s] -- Up-to-date: /home/jprl/APS1/APS1/jota_ws1/install/custom_interfaces/share/custom_interfaces/cmake/custom_interfaces__rosidl_typesupport_cppExport.cmake
[0.476s] -- Up-to-date: /home/jprl/APS1/APS1/jota_ws1/install/custom_interfaces/share/custom_interfaces/cmake/custom_interfaces__rosidl_typesupport_cppExport-noconfig.cmake
[0.476s] -- Up-to-date: /home/jprl/APS1/APS1/jota_ws1/install/custom_interfaces/share/custom_interfaces/cmake/rosidl_cmake-extras.cmake
[0.476s] -- Up-to-date: /home/jprl/APS1/APS1/jota_ws1/install/custom_interfaces/share/custom_interfaces/cmake/ament_cmake_export_dependencies-extras.cmake
[0.477s] -- Up-to-date: /home/jprl/APS1/APS1/jota_ws1/install/custom_interfaces/share/custom_interfaces/cmake/ament_cmake_export_libraries-extras.cmake
[0.477s] -- Up-to-date: /home/jprl/APS1/APS1/jota_ws1/install/custom_interfaces/share/custom_interfaces/cmake/ament_cmake_export_targets-extras.cmake
[0.477s] -- Up-to-date: /home/jprl/APS1/APS1/jota_ws1/install/custom_interfaces/share/custom_interfaces/cmake/ament_cmake_export_include_directories-extras.cmake
[0.477s] -- Up-to-date: /home/jprl/APS1/APS1/jota_ws1/install/custom_interfaces/share/custom_interfaces/cmake/rosidl_cmake_export_typesupport_libraries-extras.cmake
[0.478s] -- Up-to-date: /home/jprl/APS1/APS1/jota_ws1/install/custom_interfaces/share/custom_interfaces/cmake/rosidl_cmake_export_typesupport_targets-extras.cmake
[0.478s] -- Up-to-date: /home/jprl/APS1/APS1/jota_ws1/install/custom_interfaces/share/custom_interfaces/cmake/custom_interfacesConfig.cmake
[0.478s] -- Up-to-date: /home/jprl/APS1/APS1/jota_ws1/install/custom_interfaces/share/custom_interfaces/cmake/custom_interfacesConfig-version.cmake
[0.478s] -- Up-to-date: /home/jprl/APS1/APS1/jota_ws1/install/custom_interfaces/share/custom_interfaces/package.xml
[0.480s] Invoked command in '/home/jprl/APS1/APS1/jota_ws1/build/custom_interfaces' returned '0': CMAKE_PREFIX_PATH=${CMAKE_PREFIX_PATH}:/home/jprl/APS1/APS1/jota_ws1/install/robot_navigation:/opt/ros/foxy /usr/bin/cmake --install /home/jprl/APS1/APS1/jota_ws1/build/custom_interfaces
