[3.422s] Invoking command in '/home/jprl/APS1/APS1/jota_ws1/src/robot_navigation': CMAKE_PREFIX_PATH=/home/jprl/APS1/APS1/jota_ws1/install/custom_interfaces:/home/jprl/APS1/APS1/jota_ws1/install/robot_description PYTHONPATH=/home/jprl/APS1/APS1/jota_ws1/build/robot_navigation/prefix_override:/usr/lib/python3/dist-packages/colcon_core/task/python/colcon_distutils_commands:/home/jprl/APS1/APS1/jota_ws1/install/robot_navigation/lib/python3.8/site-packages:/home/jprl/APS1/APS1/jota_ws1/install/custom_interfaces/lib/python3.8/site-packages:/home/jprl/APS1/APS1/jota_ws1/install/waypoint_navigation_pkg/lib/python3.8/site-packages:/home/jprl/APS1/APS1/jota_ws1/install/robot_navigation/lib/python3.8/site-packages:/home/jprl/APS1/APS1/jota_ws1/install/rm_slam/lib/python3.8/site-packages:/home/jprl/APS1/APS1/jota_ws1/install/rm_navigator/lib/python3.8/site-packages:/home/jprl/APS1/APS1/jota_ws1/install/rm_navigation/lib/python3.8/site-packages:/home/jprl/APS1/APS1/jota_ws1/install/rm_localization/lib/python3.8/site-packages:/opt/ros/foxy/lib/python3.8/site-packages /usr/bin/python3 -W ignore:setup.py install is deprecated -W ignore:easy_install command is deprecated setup.py egg_info --egg-base ../../build/robot_navigation build --build-base /home/jprl/APS1/APS1/jota_ws1/build/robot_navigation/build install --record /home/jprl/APS1/APS1/jota_ws1/build/robot_navigation/install.log --install-scripts $base/lib/robot_navigation --single-version-externally-managed install_data
[3.986s] running egg_info
[3.987s] writing ../../build/robot_navigation/robot_navigation.egg-info/PKG-INFO
[3.989s] writing dependency_links to ../../build/robot_navigation/robot_navigation.egg-info/dependency_links.txt
[3.989s] writing entry points to ../../build/robot_navigation/robot_navigation.egg-info/entry_points.txt
[3.990s] writing requirements to ../../build/robot_navigation/robot_navigation.egg-info/requires.txt
[3.990s] writing top-level names to ../../build/robot_navigation/robot_navigation.egg-info/top_level.txt
[4.063s] reading manifest file '../../build/robot_navigation/robot_navigation.egg-info/SOURCES.txt'
[4.066s] writing manifest file '../../build/robot_navigation/robot_navigation.egg-info/SOURCES.txt'
[4.067s] running build
[4.067s] running build_py
[4.068s] running install
[4.070s] running install_lib
[4.073s] running install_data
[4.073s] running install_egg_info
[4.075s] removing '/home/jprl/APS1/APS1/jota_ws1/install/robot_navigation/lib/python3.8/site-packages/robot_navigation-0.0.0-py3.8.egg-info' (and everything under it)
[4.076s] Copying ../../build/robot_navigation/robot_navigation.egg-info to /home/jprl/APS1/APS1/jota_ws1/install/robot_navigation/lib/python3.8/site-packages/robot_navigation-0.0.0-py3.8.egg-info
[4.078s] running install_scripts
[4.123s] Installing navigation_node script to /home/jprl/APS1/APS1/jota_ws1/install/robot_navigation/lib/robot_navigation
[4.124s] Installing rotation_server script to /home/jprl/APS1/APS1/jota_ws1/install/robot_navigation/lib/robot_navigation
[4.125s] writing list of installed files to '/home/jprl/APS1/APS1/jota_ws1/build/robot_navigation/install.log'
[4.187s] Invoked command in '/home/jprl/APS1/APS1/jota_ws1/src/robot_navigation' returned '0': CMAKE_PREFIX_PATH=/home/jprl/APS1/APS1/jota_ws1/install/custom_interfaces:/home/jprl/APS1/APS1/jota_ws1/install/robot_description PYTHONPATH=/home/jprl/APS1/APS1/jota_ws1/build/robot_navigation/prefix_override:/usr/lib/python3/dist-packages/colcon_core/task/python/colcon_distutils_commands:/home/jprl/APS1/APS1/jota_ws1/install/robot_navigation/lib/python3.8/site-packages:/home/jprl/APS1/APS1/jota_ws1/install/custom_interfaces/lib/python3.8/site-packages:/home/jprl/APS1/APS1/jota_ws1/install/waypoint_navigation_pkg/lib/python3.8/site-packages:/home/jprl/APS1/APS1/jota_ws1/install/robot_navigation/lib/python3.8/site-packages:/home/jprl/APS1/APS1/jota_ws1/install/rm_slam/lib/python3.8/site-packages:/home/jprl/APS1/APS1/jota_ws1/install/rm_navigator/lib/python3.8/site-packages:/home/jprl/APS1/APS1/jota_ws1/install/rm_navigation/lib/python3.8/site-packages:/home/jprl/APS1/APS1/jota_ws1/install/rm_localization/lib/python3.8/site-packages:/opt/ros/foxy/lib/python3.8/site-packages /usr/bin/python3 -W ignore:setup.py install is deprecated -W ignore:easy_install command is deprecated setup.py egg_info --egg-base ../../build/robot_navigation build --build-base /home/jprl/APS1/APS1/jota_ws1/build/robot_navigation/build install --record /home/jprl/APS1/APS1/jota_ws1/build/robot_navigation/install.log --install-scripts $base/lib/robot_navigation --single-version-externally-managed install_data
