[1.017s] Invoking command in '/home/jprl/APS1/APS1/jota_ws1/build/robot_description': CMAKE_PREFIX_PATH=${CMAKE_PREFIX_PATH}:/home/jprl/APS1/APS1/jota_ws1/install/robot_navigation:/home/jprl/APS1/APS1/jota_ws1/install/rm_slam:/home/jprl/APS1/APS1/jota_ws1/install/rm_navigation:/home/jprl/APS1/APS1/jota_ws1/install/rm_localization:/opt/ros/foxy /usr/bin/cmake --build /home/jprl/APS1/APS1/jota_ws1/build/robot_description -- -j12 -l12
[1.086s] Invoked command in '/home/jprl/APS1/APS1/jota_ws1/build/robot_description' returned '0': CMAKE_PREFIX_PATH=${CMAKE_PREFIX_PATH}:/home/jprl/APS1/APS1/jota_ws1/install/robot_navigation:/home/jprl/APS1/APS1/jota_ws1/install/rm_slam:/home/jprl/APS1/APS1/jota_ws1/install/rm_navigation:/home/jprl/APS1/APS1/jota_ws1/install/rm_localization:/opt/ros/foxy /usr/bin/cmake --build /home/jprl/APS1/APS1/jota_ws1/build/robot_description -- -j12 -l12
[1.087s] Invoking command in '/home/jprl/APS1/APS1/jota_ws1/build/robot_description': CMAKE_PREFIX_PATH=${CMAKE_PREFIX_PATH}:/home/jprl/APS1/APS1/jota_ws1/install/robot_navigation:/home/jprl/APS1/APS1/jota_ws1/install/rm_slam:/home/jprl/APS1/APS1/jota_ws1/install/rm_navigation:/home/jprl/APS1/APS1/jota_ws1/install/rm_localization:/opt/ros/foxy /usr/bin/cmake --install /home/jprl/APS1/APS1/jota_ws1/build/robot_description
[1.092s] -- Install configuration: ""
[1.092s] -- Up-to-date: /home/jprl/APS1/APS1/jota_ws1/install/robot_description/share/robot_description//launch
[1.093s] -- Up-to-date: /home/jprl/APS1/APS1/jota_ws1/install/robot_description/share/robot_description//launch/robot_simulation.launch.py
[1.093s] -- Up-to-date: /home/jprl/APS1/APS1/jota_ws1/install/robot_description/share/robot_description//urdf
[1.093s] -- Up-to-date: /home/jprl/APS1/APS1/jota_ws1/install/robot_description/share/robot_description//urdf/sensors.xacro
[1.094s] -- Up-to-date: /home/jprl/APS1/APS1/jota_ws1/install/robot_description/share/robot_description//urdf/robot_base.xacro
[1.094s] -- Up-to-date: /home/jprl/APS1/APS1/jota_ws1/install/robot_description/share/robot_description//urdf/wheels.xacro
[1.095s] -- Up-to-date: /home/jprl/APS1/APS1/jota_ws1/install/robot_description/share/robot_description//rviz
[1.095s] -- Up-to-date: /home/jprl/APS1/APS1/jota_ws1/install/robot_description/share/robot_description//rviz/robot_vis.rviz
[1.095s] -- Up-to-date: /home/jprl/APS1/APS1/jota_ws1/install/robot_description/share/robot_description//world
[1.095s] -- Up-to-date: /home/jprl/APS1/APS1/jota_ws1/install/robot_description/share/robot_description//world/mundo1.world
[1.096s] -- Up-to-date: /home/jprl/APS1/APS1/jota_ws1/install/robot_description/share/ament_index/resource_index/package_run_dependencies/robot_description
[1.096s] -- Up-to-date: /home/jprl/APS1/APS1/jota_ws1/install/robot_description/share/ament_index/resource_index/parent_prefix_path/robot_description
[1.096s] -- Up-to-date: /home/jprl/APS1/APS1/jota_ws1/install/robot_description/share/robot_description/environment/ament_prefix_path.sh
[1.096s] -- Up-to-date: /home/jprl/APS1/APS1/jota_ws1/install/robot_description/share/robot_description/environment/ament_prefix_path.dsv
[1.097s] -- Up-to-date: /home/jprl/APS1/APS1/jota_ws1/install/robot_description/share/robot_description/environment/path.sh
[1.098s] -- Up-to-date: /home/jprl/APS1/APS1/jota_ws1/install/robot_description/share/robot_description/environment/path.dsv
[1.098s] -- Up-to-date: /home/jprl/APS1/APS1/jota_ws1/install/robot_description/share/robot_description/local_setup.bash
[1.099s] -- Up-to-date: /home/jprl/APS1/APS1/jota_ws1/install/robot_description/share/robot_description/local_setup.sh
[1.099s] -- Up-to-date: /home/jprl/APS1/APS1/jota_ws1/install/robot_description/share/robot_description/local_setup.zsh
[1.100s] -- Up-to-date: /home/jprl/APS1/APS1/jota_ws1/install/robot_description/share/robot_description/local_setup.dsv
[1.100s] -- Installing: /home/jprl/APS1/APS1/jota_ws1/install/robot_description/share/robot_description/package.dsv
[1.100s] -- Up-to-date: /home/jprl/APS1/APS1/jota_ws1/install/robot_description/share/ament_index/resource_index/packages/robot_description
[1.101s] -- Up-to-date: /home/jprl/APS1/APS1/jota_ws1/install/robot_description/share/robot_description/cmake/robot_descriptionConfig.cmake
[1.101s] -- Up-to-date: /home/jprl/APS1/APS1/jota_ws1/install/robot_description/share/robot_description/cmake/robot_descriptionConfig-version.cmake
[1.102s] -- Up-to-date: /home/jprl/APS1/APS1/jota_ws1/install/robot_description/share/robot_description/package.xml
[1.105s] Invoked command in '/home/jprl/APS1/APS1/jota_ws1/build/robot_description' returned '0': CMAKE_PREFIX_PATH=${CMAKE_PREFIX_PATH}:/home/jprl/APS1/APS1/jota_ws1/install/robot_navigation:/home/jprl/APS1/APS1/jota_ws1/install/rm_slam:/home/jprl/APS1/APS1/jota_ws1/install/rm_navigation:/home/jprl/APS1/APS1/jota_ws1/install/rm_localization:/opt/ros/foxy /usr/bin/cmake --install /home/jprl/APS1/APS1/jota_ws1/build/robot_description
