[0.040s] Invoking command in '/home/jprl/APS1/APS1/jota_ws1/build/robot_description': CMAKE_PREFIX_PATH=${CMAKE_PREFIX_PATH}:/home/jprl/APS1/APS1/jota_ws1/install/robot_navigation:/opt/ros/foxy /usr/bin/cmake --build /home/jprl/APS1/APS1/jota_ws1/build/robot_description -- -j12 -l12
[0.096s] Invoked command in '/home/jprl/APS1/APS1/jota_ws1/build/robot_description' returned '0': CMAKE_PREFIX_PATH=${CMAKE_PREFIX_PATH}:/home/jprl/APS1/APS1/jota_ws1/install/robot_navigation:/opt/ros/foxy /usr/bin/cmake --build /home/jprl/APS1/APS1/jota_ws1/build/robot_description -- -j12 -l12
[0.125s] Invoking command in '/home/jprl/APS1/APS1/jota_ws1/build/robot_description': CMAKE_PREFIX_PATH=${CMAKE_PREFIX_PATH}:/home/jprl/APS1/APS1/jota_ws1/install/robot_navigation:/opt/ros/foxy /usr/bin/cmake --install /home/jprl/APS1/APS1/jota_ws1/build/robot_description
[0.140s] -- Install configuration: ""
[0.141s] -- Up-to-date: /home/jprl/APS1/APS1/jota_ws1/install/robot_description/share/robot_description//launch
[0.142s] -- Up-to-date: /home/jprl/APS1/APS1/jota_ws1/install/robot_description/share/robot_description//launch/robot_simulation.launch.py
[0.143s] -- Up-to-date: /home/jprl/APS1/APS1/jota_ws1/install/robot_description/share/robot_description//urdf
[0.143s] -- Up-to-date: /home/jprl/APS1/APS1/jota_ws1/install/robot_description/share/robot_description//urdf/sensors.xacro
[0.144s] -- Up-to-date: /home/jprl/APS1/APS1/jota_ws1/install/robot_description/share/robot_description//urdf/robot_base.xacro
[0.144s] -- Up-to-date: /home/jprl/APS1/APS1/jota_ws1/install/robot_description/share/robot_description//urdf/wheels.xacro
[0.144s] -- Up-to-date: /home/jprl/APS1/APS1/jota_ws1/install/robot_description/share/robot_description//rviz
[0.144s] -- Up-to-date: /home/jprl/APS1/APS1/jota_ws1/install/robot_description/share/robot_description//rviz/robot_vis.rviz
[0.144s] -- Up-to-date: /home/jprl/APS1/APS1/jota_ws1/install/robot_description/share/robot_description//rviz/robot_vis.rviz:Zone.Identifier
[0.144s] -- Up-to-date: /home/jprl/APS1/APS1/jota_ws1/install/robot_description/share/robot_description//world
[0.145s] -- Up-to-date: /home/jprl/APS1/APS1/jota_ws1/install/robot_description/share/robot_description//world/mundo1.world
[0.145s] -- Up-to-date: /home/jprl/APS1/APS1/jota_ws1/install/robot_description/share/ament_index/resource_index/package_run_dependencies/robot_description
[0.145s] -- Up-to-date: /home/jprl/APS1/APS1/jota_ws1/install/robot_description/share/ament_index/resource_index/parent_prefix_path/robot_description
[0.145s] -- Up-to-date: /home/jprl/APS1/APS1/jota_ws1/install/robot_description/share/robot_description/environment/ament_prefix_path.sh
[0.146s] -- Up-to-date: /home/jprl/APS1/APS1/jota_ws1/install/robot_description/share/robot_description/environment/ament_prefix_path.dsv
[0.147s] -- Up-to-date: /home/jprl/APS1/APS1/jota_ws1/install/robot_description/share/robot_description/environment/path.sh
[0.147s] -- Up-to-date: /home/jprl/APS1/APS1/jota_ws1/install/robot_description/share/robot_description/environment/path.dsv
[0.148s] -- Up-to-date: /home/jprl/APS1/APS1/jota_ws1/install/robot_description/share/robot_description/local_setup.bash
[0.148s] -- Up-to-date: /home/jprl/APS1/APS1/jota_ws1/install/robot_description/share/robot_description/local_setup.sh
[0.149s] -- Up-to-date: /home/jprl/APS1/APS1/jota_ws1/install/robot_description/share/robot_description/local_setup.zsh
[0.152s] -- Up-to-date: /home/jprl/APS1/APS1/jota_ws1/install/robot_description/share/robot_description/local_setup.dsv
[0.152s] -- Installing: /home/jprl/APS1/APS1/jota_ws1/install/robot_description/share/robot_description/package.dsv
[0.153s] -- Up-to-date: /home/jprl/APS1/APS1/jota_ws1/install/robot_description/share/ament_index/resource_index/packages/robot_description
[0.153s] -- Up-to-date: /home/jprl/APS1/APS1/jota_ws1/install/robot_description/share/robot_description/cmake/robot_descriptionConfig.cmake
[0.153s] -- Up-to-date: /home/jprl/APS1/APS1/jota_ws1/install/robot_description/share/robot_description/cmake/robot_descriptionConfig-version.cmake
[0.153s] -- Up-to-date: /home/jprl/APS1/APS1/jota_ws1/install/robot_description/share/robot_description/package.xml
[0.156s] Invoked command in '/home/jprl/APS1/APS1/jota_ws1/build/robot_description' returned '0': CMAKE_PREFIX_PATH=${CMAKE_PREFIX_PATH}:/home/jprl/APS1/APS1/jota_ws1/install/robot_navigation:/opt/ros/foxy /usr/bin/cmake --install /home/jprl/APS1/APS1/jota_ws1/build/robot_description
