[1.099s] Invoking command in '/home/jprl/APS1/APS1/jota_ws1/src/rm_slam': PYTHONPATH=/home/jprl/APS1/APS1/jota_ws1/build/rm_slam/prefix_override:/usr/lib/python3/dist-packages/colcon_core/task/python/colcon_distutils_commands:/home/jprl/APS1/APS1/jota_ws1/install/rm_slam/lib/python3.8/site-packages:${PYTHONPATH} /usr/bin/python3 -W ignore:setup.py install is deprecated -W ignore:easy_install command is deprecated setup.py egg_info --egg-base ../../build/rm_slam build --build-base /home/jprl/APS1/APS1/jota_ws1/build/rm_slam/build install --record /home/jprl/APS1/APS1/jota_ws1/build/rm_slam/install.log --install-scripts $base/lib/rm_slam --single-version-externally-managed install_data
[1.369s] running egg_info
[1.370s] creating ../../build/rm_slam/rm_slam.egg-info
[1.370s] writing ../../build/rm_slam/rm_slam.egg-info/PKG-INFO
[1.371s] writing dependency_links to ../../build/rm_slam/rm_slam.egg-info/dependency_links.txt
[1.371s] writing entry points to ../../build/rm_slam/rm_slam.egg-info/entry_points.txt
[1.371s] writing requirements to ../../build/rm_slam/rm_slam.egg-info/requires.txt
[1.371s] writing top-level names to ../../build/rm_slam/rm_slam.egg-info/top_level.txt
[1.372s] writing manifest file '../../build/rm_slam/rm_slam.egg-info/SOURCES.txt'
[1.406s] reading manifest file '../../build/rm_slam/rm_slam.egg-info/SOURCES.txt'
[1.408s] writing manifest file '../../build/rm_slam/rm_slam.egg-info/SOURCES.txt'
[1.409s] running build
[1.409s] running build_py
[1.410s] creating /home/jprl/APS1/APS1/jota_ws1/build/rm_slam/build
[1.410s] creating /home/jprl/APS1/APS1/jota_ws1/build/rm_slam/build/lib
[1.411s] creating /home/jprl/APS1/APS1/jota_ws1/build/rm_slam/build/lib/rm_slam
[1.411s] copying rm_slam/__init__.py -> /home/jprl/APS1/APS1/jota_ws1/build/rm_slam/build/lib/rm_slam
[1.411s] running install
[1.412s] running install_lib
[1.413s] creating /home/jprl/APS1/APS1/jota_ws1/install/rm_slam/lib/python3.8/site-packages/rm_slam
[1.413s] copying /home/jprl/APS1/APS1/jota_ws1/build/rm_slam/build/lib/rm_slam/__init__.py -> /home/jprl/APS1/APS1/jota_ws1/install/rm_slam/lib/python3.8/site-packages/rm_slam
[1.416s] byte-compiling /home/jprl/APS1/APS1/jota_ws1/install/rm_slam/lib/python3.8/site-packages/rm_slam/__init__.py to __init__.cpython-38.pyc
[1.417s] running install_data
[1.418s] creating /home/jprl/APS1/APS1/jota_ws1/install/rm_slam/share/ament_index
[1.419s] creating /home/jprl/APS1/APS1/jota_ws1/install/rm_slam/share/ament_index/resource_index
[1.420s] creating /home/jprl/APS1/APS1/jota_ws1/install/rm_slam/share/ament_index/resource_index/packages
[1.420s] copying resource/rm_slam -> /home/jprl/APS1/APS1/jota_ws1/install/rm_slam/share/ament_index/resource_index/packages
[1.421s] copying package.xml -> /home/jprl/APS1/APS1/jota_ws1/install/rm_slam/share/rm_slam
[1.421s] creating /home/jprl/APS1/APS1/jota_ws1/install/rm_slam/share/rm_slam/launch
[1.421s] copying launch/slam.launch.py -> /home/jprl/APS1/APS1/jota_ws1/install/rm_slam/share/rm_slam/launch
[1.422s] creating /home/jprl/APS1/APS1/jota_ws1/install/rm_slam/share/rm_slam/config
[1.422s] copying config/slam_config.yaml -> /home/jprl/APS1/APS1/jota_ws1/install/rm_slam/share/rm_slam/config
[1.422s] running install_egg_info
[1.424s] Copying ../../build/rm_slam/rm_slam.egg-info to /home/jprl/APS1/APS1/jota_ws1/install/rm_slam/lib/python3.8/site-packages/rm_slam-0.0.0-py3.8.egg-info
[1.427s] running install_scripts
[1.451s] writing list of installed files to '/home/jprl/APS1/APS1/jota_ws1/build/rm_slam/install.log'
[1.480s] Invoked command in '/home/jprl/APS1/APS1/jota_ws1/src/rm_slam' returned '0': PYTHONPATH=/home/jprl/APS1/APS1/jota_ws1/build/rm_slam/prefix_override:/usr/lib/python3/dist-packages/colcon_core/task/python/colcon_distutils_commands:/home/jprl/APS1/APS1/jota_ws1/install/rm_slam/lib/python3.8/site-packages:${PYTHONPATH} /usr/bin/python3 -W ignore:setup.py install is deprecated -W ignore:easy_install command is deprecated setup.py egg_info --egg-base ../../build/rm_slam build --build-base /home/jprl/APS1/APS1/jota_ws1/build/rm_slam/build install --record /home/jprl/APS1/APS1/jota_ws1/build/rm_slam/install.log --install-scripts $base/lib/rm_slam --single-version-externally-managed install_data
