[1.856s] Invoking command in '/home/jprl/APS1/APS1/jota_ws1/src/rm_localization': PYTHONPATH=/home/jprl/APS1/APS1/jota_ws1/build/rm_localization/prefix_override:/usr/lib/python3/dist-packages/colcon_core/task/python/colcon_distutils_commands:/home/jprl/APS1/APS1/jota_ws1/install/rm_localization/lib/python3.8/site-packages:${PYTHONPATH} /usr/bin/python3 -W ignore:setup.py install is deprecated -W ignore:easy_install command is deprecated setup.py egg_info --egg-base ../../build/rm_localization build --build-base /home/jprl/APS1/APS1/jota_ws1/build/rm_localization/build install --record /home/jprl/APS1/APS1/jota_ws1/build/rm_localization/install.log --install-scripts $base/lib/rm_localization --single-version-externally-managed install_data
[2.162s] running egg_info
[2.164s] writing ../../build/rm_localization/rm_localization.egg-info/PKG-INFO
[2.165s] writing dependency_links to ../../build/rm_localization/rm_localization.egg-info/dependency_links.txt
[2.165s] writing entry points to ../../build/rm_localization/rm_localization.egg-info/entry_points.txt
[2.165s] writing requirements to ../../build/rm_localization/rm_localization.egg-info/requires.txt
[2.166s] writing top-level names to ../../build/rm_localization/rm_localization.egg-info/top_level.txt
[2.216s] reading manifest file '../../build/rm_localization/rm_localization.egg-info/SOURCES.txt'
[2.218s] writing manifest file '../../build/rm_localization/rm_localization.egg-info/SOURCES.txt'
[2.219s] running build
[2.219s] running build_py
[2.219s] running install
[2.220s] running install_lib
[2.222s] running install_data
[2.223s] running install_egg_info
[2.226s] removing '/home/jprl/APS1/APS1/jota_ws1/install/rm_localization/lib/python3.8/site-packages/rm_localization-0.0.0-py3.8.egg-info' (and everything under it)
[2.226s] Copying ../../build/rm_localization/rm_localization.egg-info to /home/jprl/APS1/APS1/jota_ws1/install/rm_localization/lib/python3.8/site-packages/rm_localization-0.0.0-py3.8.egg-info
[2.228s] running install_scripts
[2.251s] writing list of installed files to '/home/jprl/APS1/APS1/jota_ws1/build/rm_localization/install.log'
[2.283s] Invoked command in '/home/jprl/APS1/APS1/jota_ws1/src/rm_localization' returned '0': PYTHONPATH=/home/jprl/APS1/APS1/jota_ws1/build/rm_localization/prefix_override:/usr/lib/python3/dist-packages/colcon_core/task/python/colcon_distutils_commands:/home/jprl/APS1/APS1/jota_ws1/install/rm_localization/lib/python3.8/site-packages:${PYTHONPATH} /usr/bin/python3 -W ignore:setup.py install is deprecated -W ignore:easy_install command is deprecated setup.py egg_info --egg-base ../../build/rm_localization build --build-base /home/jprl/APS1/APS1/jota_ws1/build/rm_localization/build install --record /home/jprl/APS1/APS1/jota_ws1/build/rm_localization/install.log --install-scripts $base/lib/rm_localization --single-version-externally-managed install_data
