[2.452s] Invoking command in '/home/jprl/APS1/APS1/jota_ws1/src/rm_navigation': PYTHONPATH=/home/jprl/APS1/APS1/jota_ws1/build/rm_navigation/prefix_override:/usr/lib/python3/dist-packages/colcon_core/task/python/colcon_distutils_commands:/home/jprl/APS1/APS1/jota_ws1/install/rm_navigation/lib/python3.8/site-packages:${PYTHONPATH} /usr/bin/python3 -W ignore:setup.py install is deprecated -W ignore:easy_install command is deprecated setup.py egg_info --egg-base ../../build/rm_navigation build --build-base /home/jprl/APS1/APS1/jota_ws1/build/rm_navigation/build install --record /home/jprl/APS1/APS1/jota_ws1/build/rm_navigation/install.log --install-scripts $base/lib/rm_navigation --single-version-externally-managed install_data
[2.772s] running egg_info
[2.773s] writing ../../build/rm_navigation/rm_navigation.egg-info/PKG-INFO
[2.774s] writing dependency_links to ../../build/rm_navigation/rm_navigation.egg-info/dependency_links.txt
[2.774s] writing entry points to ../../build/rm_navigation/rm_navigation.egg-info/entry_points.txt
[2.775s] writing requirements to ../../build/rm_navigation/rm_navigation.egg-info/requires.txt
[2.775s] writing top-level names to ../../build/rm_navigation/rm_navigation.egg-info/top_level.txt
[2.840s] reading manifest file '../../build/rm_navigation/rm_navigation.egg-info/SOURCES.txt'
[2.841s] writing manifest file '../../build/rm_navigation/rm_navigation.egg-info/SOURCES.txt'
[2.841s] running build
[2.842s] running build_py
[2.843s] copying rm_navigation/initial_pose_publisher.py -> /home/jprl/APS1/APS1/jota_ws1/build/rm_navigation/build/lib/rm_navigation
[2.843s] running install
[2.844s] running install_lib
[2.845s] copying /home/jprl/APS1/APS1/jota_ws1/build/rm_navigation/build/lib/rm_navigation/initial_pose_publisher.py -> /home/jprl/APS1/APS1/jota_ws1/install/rm_navigation/lib/python3.8/site-packages/rm_navigation
[2.847s] byte-compiling /home/jprl/APS1/APS1/jota_ws1/install/rm_navigation/lib/python3.8/site-packages/rm_navigation/initial_pose_publisher.py to initial_pose_publisher.cpython-38.pyc
[2.849s] running install_data
[2.850s] copying launch/navigation.launch.py -> /home/jprl/APS1/APS1/jota_ws1/install/rm_navigation/share/rm_navigation/launch
[2.850s] running install_egg_info
[2.853s] removing '/home/jprl/APS1/APS1/jota_ws1/install/rm_navigation/lib/python3.8/site-packages/rm_navigation-0.0.0-py3.8.egg-info' (and everything under it)
[2.853s] Copying ../../build/rm_navigation/rm_navigation.egg-info to /home/jprl/APS1/APS1/jota_ws1/install/rm_navigation/lib/python3.8/site-packages/rm_navigation-0.0.0-py3.8.egg-info
[2.856s] running install_scripts
[2.889s] Installing initial_pose_publisher script to /home/jprl/APS1/APS1/jota_ws1/install/rm_navigation/lib/rm_navigation
[2.891s] writing list of installed files to '/home/jprl/APS1/APS1/jota_ws1/build/rm_navigation/install.log'
[2.946s] Invoked command in '/home/jprl/APS1/APS1/jota_ws1/src/rm_navigation' returned '0': PYTHONPATH=/home/jprl/APS1/APS1/jota_ws1/build/rm_navigation/prefix_override:/usr/lib/python3/dist-packages/colcon_core/task/python/colcon_distutils_commands:/home/jprl/APS1/APS1/jota_ws1/install/rm_navigation/lib/python3.8/site-packages:${PYTHONPATH} /usr/bin/python3 -W ignore:setup.py install is deprecated -W ignore:easy_install command is deprecated setup.py egg_info --egg-base ../../build/rm_navigation build --build-base /home/jprl/APS1/APS1/jota_ws1/build/rm_navigation/build install --record /home/jprl/APS1/APS1/jota_ws1/build/rm_navigation/install.log --install-scripts $base/lib/rm_navigation --single-version-externally-managed install_data
