[0.368s] DEBUG:colcon:Command line arguments: ['/usr/bin/colcon', 'build']
[0.368s] DEBUG:colcon:Parsed command line arguments: Namespace(allow_overriding=[], ament_cmake_args=None, base_paths=['.'], build_base='build', catkin_cmake_args=None, catkin_skip_building_tests=False, cmake_args=None, cmake_clean_cache=False, cmake_clean_first=False, cmake_force_configure=False, cmake_target=None, cmake_target_skip_unavailable=False, continue_on_error=False, event_handlers=None, executor='parallel', ignore_user_meta=False, install_base='install', log_base=None, log_level=None, main=<bound method BuildVerb.main of <colcon_core.verb.build.BuildVerb object at 0x7f1a182c31f0>>, merge_install=False, metas=['./colcon.meta'], mixin=None, mixin_files=None, mixin_verb=('build',), packages_above=None, packages_above_and_dependencies=None, packages_above_depth=None, packages_end=None, packages_ignore=None, packages_ignore_regex=None, packages_select=None, packages_select_build_failed=False, packages_select_by_dep=None, packages_select_regex=None, packages_select_test_failures=False, packages_skip=None, packages_skip_build_finished=False, packages_skip_by_dep=None, packages_skip_regex=None, packages_skip_test_passed=False, packages_skip_up_to=None, packages_start=None, packages_up_to=None, packages_up_to_regex=None, parallel_workers=12, paths=None, symlink_install=False, test_result_base=None, verb_extension=<colcon_core.verb.build.BuildVerb object at 0x7f1a182c31f0>, verb_name='build', verb_parser=<colcon_mixin.mixin.mixin_argument.MixinArgumentDecorator object at 0x7f1a182c3c10>)
[0.544s] Level 1:colcon.colcon_core.package_discovery:discover_packages(colcon_meta) check parameters
[0.545s] Level 1:colcon.colcon_core.package_discovery:discover_packages(recursive) check parameters
[0.545s] Level 1:colcon.colcon_core.package_discovery:discover_packages(ignore) check parameters
[0.545s] Level 1:colcon.colcon_core.package_discovery:discover_packages(path) check parameters
[0.545s] Level 1:colcon.colcon_core.package_discovery:discover_packages(colcon_meta) discover
[0.545s] Level 1:colcon.colcon_core.package_discovery:discover_packages(recursive) discover
[0.545s] INFO:colcon.colcon_core.package_discovery:Crawling recursively for packages in '/home/jprl/APS1/APS1/jota_ws1'
[0.545s] Level 1:colcon.colcon_core.package_identification:_identify(.) by extensions ['ignore', 'ignore_ament_install']
[0.545s] Level 1:colcon.colcon_core.package_identification:_identify(.) by extension 'ignore'
[0.545s] Level 1:colcon.colcon_core.package_identification:_identify(.) by extension 'ignore_ament_install'
[0.545s] Level 1:colcon.colcon_core.package_identification:_identify(.) by extensions ['colcon_pkg']
[0.545s] Level 1:colcon.colcon_core.package_identification:_identify(.) by extension 'colcon_pkg'
[0.546s] Level 1:colcon.colcon_core.package_identification:_identify(.) by extensions ['colcon_meta']
[0.546s] Level 1:colcon.colcon_core.package_identification:_identify(.) by extension 'colcon_meta'
[0.546s] Level 1:colcon.colcon_core.package_identification:_identify(.) by extensions ['ros']
[0.546s] Level 1:colcon.colcon_core.package_identification:_identify(.) by extension 'ros'
[0.558s] Level 1:colcon.colcon_core.package_identification:_identify(.) by extensions ['cmake', 'python']
[0.558s] Level 1:colcon.colcon_core.package_identification:_identify(.) by extension 'cmake'
[0.558s] Level 1:colcon.colcon_core.package_identification:_identify(.) by extension 'python'
[0.558s] Level 1:colcon.colcon_core.package_identification:_identify(.) by extensions ['python_setup_py']
[0.558s] Level 1:colcon.colcon_core.package_identification:_identify(.) by extension 'python_setup_py'
[0.559s] Level 1:colcon.colcon_core.package_identification:_identify(build) by extensions ['ignore', 'ignore_ament_install']
[0.559s] Level 1:colcon.colcon_core.package_identification:_identify(build) by extension 'ignore'
[0.559s] Level 1:colcon.colcon_core.package_identification:_identify(build) ignored
[0.559s] Level 1:colcon.colcon_core.package_identification:_identify(install) by extensions ['ignore', 'ignore_ament_install']
[0.559s] Level 1:colcon.colcon_core.package_identification:_identify(install) by extension 'ignore'
[0.559s] Level 1:colcon.colcon_core.package_identification:_identify(install) ignored
[0.559s] Level 1:colcon.colcon_core.package_identification:_identify(log) by extensions ['ignore', 'ignore_ament_install']
[0.559s] Level 1:colcon.colcon_core.package_identification:_identify(log) by extension 'ignore'
[0.560s] Level 1:colcon.colcon_core.package_identification:_identify(log) ignored
[0.560s] Level 1:colcon.colcon_core.package_identification:_identify(src) by extensions ['ignore', 'ignore_ament_install']
[0.560s] Level 1:colcon.colcon_core.package_identification:_identify(src) by extension 'ignore'
[0.560s] Level 1:colcon.colcon_core.package_identification:_identify(src) by extension 'ignore_ament_install'
[0.560s] Level 1:colcon.colcon_core.package_identification:_identify(src) by extensions ['colcon_pkg']
[0.560s] Level 1:colcon.colcon_core.package_identification:_identify(src) by extension 'colcon_pkg'
[0.560s] Level 1:colcon.colcon_core.package_identification:_identify(src) by extensions ['colcon_meta']
[0.560s] Level 1:colcon.colcon_core.package_identification:_identify(src) by extension 'colcon_meta'
[0.560s] Level 1:colcon.colcon_core.package_identification:_identify(src) by extensions ['ros']
[0.560s] Level 1:colcon.colcon_core.package_identification:_identify(src) by extension 'ros'
[0.560s] Level 1:colcon.colcon_core.package_identification:_identify(src) by extensions ['cmake', 'python']
[0.560s] Level 1:colcon.colcon_core.package_identification:_identify(src) by extension 'cmake'
[0.560s] Level 1:colcon.colcon_core.package_identification:_identify(src) by extension 'python'
[0.560s] Level 1:colcon.colcon_core.package_identification:_identify(src) by extensions ['python_setup_py']
[0.560s] Level 1:colcon.colcon_core.package_identification:_identify(src) by extension 'python_setup_py'
[0.561s] Level 1:colcon.colcon_core.package_identification:_identify(src/custom_interfaces) by extensions ['ignore', 'ignore_ament_install']
[0.561s] Level 1:colcon.colcon_core.package_identification:_identify(src/custom_interfaces) by extension 'ignore'
[0.561s] Level 1:colcon.colcon_core.package_identification:_identify(src/custom_interfaces) by extension 'ignore_ament_install'
[0.561s] Level 1:colcon.colcon_core.package_identification:_identify(src/custom_interfaces) by extensions ['colcon_pkg']
[0.561s] Level 1:colcon.colcon_core.package_identification:_identify(src/custom_interfaces) by extension 'colcon_pkg'
[0.561s] Level 1:colcon.colcon_core.package_identification:_identify(src/custom_interfaces) by extensions ['colcon_meta']
[0.561s] Level 1:colcon.colcon_core.package_identification:_identify(src/custom_interfaces) by extension 'colcon_meta'
[0.561s] Level 1:colcon.colcon_core.package_identification:_identify(src/custom_interfaces) by extensions ['ros']
[0.561s] Level 1:colcon.colcon_core.package_identification:_identify(src/custom_interfaces) by extension 'ros'
[0.564s] DEBUG:colcon.colcon_core.package_identification:Package 'src/custom_interfaces' with type 'ros.ament_cmake' and name 'custom_interfaces'
[0.564s] Level 1:colcon.colcon_core.package_identification:_identify(src/rm_localization) by extensions ['ignore', 'ignore_ament_install']
[0.564s] Level 1:colcon.colcon_core.package_identification:_identify(src/rm_localization) by extension 'ignore'
[0.564s] Level 1:colcon.colcon_core.package_identification:_identify(src/rm_localization) by extension 'ignore_ament_install'
[0.564s] Level 1:colcon.colcon_core.package_identification:_identify(src/rm_localization) by extensions ['colcon_pkg']
[0.564s] Level 1:colcon.colcon_core.package_identification:_identify(src/rm_localization) by extension 'colcon_pkg'
[0.564s] Level 1:colcon.colcon_core.package_identification:_identify(src/rm_localization) by extensions ['colcon_meta']
[0.564s] Level 1:colcon.colcon_core.package_identification:_identify(src/rm_localization) by extension 'colcon_meta'
[0.564s] Level 1:colcon.colcon_core.package_identification:_identify(src/rm_localization) by extensions ['ros']
[0.564s] Level 1:colcon.colcon_core.package_identification:_identify(src/rm_localization) by extension 'ros'
[0.565s] DEBUG:colcon.colcon_core.package_identification:Package 'src/rm_localization' with type 'ros.ament_python' and name 'rm_localization'
[0.565s] Level 1:colcon.colcon_core.package_identification:_identify(src/rm_navigation) by extensions ['ignore', 'ignore_ament_install']
[0.566s] Level 1:colcon.colcon_core.package_identification:_identify(src/rm_navigation) by extension 'ignore'
[0.566s] Level 1:colcon.colcon_core.package_identification:_identify(src/rm_navigation) by extension 'ignore_ament_install'
[0.566s] Level 1:colcon.colcon_core.package_identification:_identify(src/rm_navigation) by extensions ['colcon_pkg']
[0.566s] Level 1:colcon.colcon_core.package_identification:_identify(src/rm_navigation) by extension 'colcon_pkg'
[0.566s] Level 1:colcon.colcon_core.package_identification:_identify(src/rm_navigation) by extensions ['colcon_meta']
[0.566s] Level 1:colcon.colcon_core.package_identification:_identify(src/rm_navigation) by extension 'colcon_meta'
[0.566s] Level 1:colcon.colcon_core.package_identification:_identify(src/rm_navigation) by extensions ['ros']
[0.566s] Level 1:colcon.colcon_core.package_identification:_identify(src/rm_navigation) by extension 'ros'
[0.567s] DEBUG:colcon.colcon_core.package_identification:Package 'src/rm_navigation' with type 'ros.ament_python' and name 'rm_navigation'
[0.567s] Level 1:colcon.colcon_core.package_identification:_identify(src/rm_navigator) by extensions ['ignore', 'ignore_ament_install']
[0.567s] Level 1:colcon.colcon_core.package_identification:_identify(src/rm_navigator) by extension 'ignore'
[0.567s] Level 1:colcon.colcon_core.package_identification:_identify(src/rm_navigator) by extension 'ignore_ament_install'
[0.567s] Level 1:colcon.colcon_core.package_identification:_identify(src/rm_navigator) by extensions ['colcon_pkg']
[0.567s] Level 1:colcon.colcon_core.package_identification:_identify(src/rm_navigator) by extension 'colcon_pkg'
[0.567s] Level 1:colcon.colcon_core.package_identification:_identify(src/rm_navigator) by extensions ['colcon_meta']
[0.567s] Level 1:colcon.colcon_core.package_identification:_identify(src/rm_navigator) by extension 'colcon_meta'
[0.567s] Level 1:colcon.colcon_core.package_identification:_identify(src/rm_navigator) by extensions ['ros']
[0.567s] Level 1:colcon.colcon_core.package_identification:_identify(src/rm_navigator) by extension 'ros'
[0.568s] DEBUG:colcon.colcon_core.package_identification:Package 'src/rm_navigator' with type 'ros.ament_python' and name 'rm_navigator'
[0.568s] Level 1:colcon.colcon_core.package_identification:_identify(src/rm_slam) by extensions ['ignore', 'ignore_ament_install']
[0.568s] Level 1:colcon.colcon_core.package_identification:_identify(src/rm_slam) by extension 'ignore'
[0.568s] Level 1:colcon.colcon_core.package_identification:_identify(src/rm_slam) by extension 'ignore_ament_install'
[0.568s] Level 1:colcon.colcon_core.package_identification:_identify(src/rm_slam) by extensions ['colcon_pkg']
[0.568s] Level 1:colcon.colcon_core.package_identification:_identify(src/rm_slam) by extension 'colcon_pkg'
[0.568s] Level 1:colcon.colcon_core.package_identification:_identify(src/rm_slam) by extensions ['colcon_meta']
[0.568s] Level 1:colcon.colcon_core.package_identification:_identify(src/rm_slam) by extension 'colcon_meta'
[0.569s] Level 1:colcon.colcon_core.package_identification:_identify(src/rm_slam) by extensions ['ros']
[0.569s] Level 1:colcon.colcon_core.package_identification:_identify(src/rm_slam) by extension 'ros'
[0.569s] DEBUG:colcon.colcon_core.package_identification:Package 'src/rm_slam' with type 'ros.ament_python' and name 'rm_slam'
[0.569s] Level 1:colcon.colcon_core.package_identification:_identify(src/robot_description) by extensions ['ignore', 'ignore_ament_install']
[0.570s] Level 1:colcon.colcon_core.package_identification:_identify(src/robot_description) by extension 'ignore'
[0.570s] Level 1:colcon.colcon_core.package_identification:_identify(src/robot_description) by extension 'ignore_ament_install'
[0.570s] Level 1:colcon.colcon_core.package_identification:_identify(src/robot_description) by extensions ['colcon_pkg']
[0.570s] Level 1:colcon.colcon_core.package_identification:_identify(src/robot_description) by extension 'colcon_pkg'
[0.570s] Level 1:colcon.colcon_core.package_identification:_identify(src/robot_description) by extensions ['colcon_meta']
[0.570s] Level 1:colcon.colcon_core.package_identification:_identify(src/robot_description) by extension 'colcon_meta'
[0.570s] Level 1:colcon.colcon_core.package_identification:_identify(src/robot_description) by extensions ['ros']
[0.570s] Level 1:colcon.colcon_core.package_identification:_identify(src/robot_description) by extension 'ros'
[0.571s] DEBUG:colcon.colcon_core.package_identification:Package 'src/robot_description' with type 'ros.ament_cmake' and name 'robot_description'
[0.571s] Level 1:colcon.colcon_core.package_identification:_identify(src/robot_navigation) by extensions ['ignore', 'ignore_ament_install']
[0.571s] Level 1:colcon.colcon_core.package_identification:_identify(src/robot_navigation) by extension 'ignore'
[0.571s] Level 1:colcon.colcon_core.package_identification:_identify(src/robot_navigation) by extension 'ignore_ament_install'
[0.571s] Level 1:colcon.colcon_core.package_identification:_identify(src/robot_navigation) by extensions ['colcon_pkg']
[0.572s] Level 1:colcon.colcon_core.package_identification:_identify(src/robot_navigation) by extension 'colcon_pkg'
[0.572s] Level 1:colcon.colcon_core.package_identification:_identify(src/robot_navigation) by extensions ['colcon_meta']
[0.572s] Level 1:colcon.colcon_core.package_identification:_identify(src/robot_navigation) by extension 'colcon_meta'
[0.572s] Level 1:colcon.colcon_core.package_identification:_identify(src/robot_navigation) by extensions ['ros']
[0.572s] Level 1:colcon.colcon_core.package_identification:_identify(src/robot_navigation) by extension 'ros'
[0.573s] DEBUG:colcon.colcon_core.package_identification:Package 'src/robot_navigation' with type 'ros.ament_python' and name 'robot_navigation'
[0.573s] Level 1:colcon.colcon_core.package_identification:_identify(teste) by extensions ['ignore', 'ignore_ament_install']
[0.573s] Level 1:colcon.colcon_core.package_identification:_identify(teste) by extension 'ignore'
[0.573s] Level 1:colcon.colcon_core.package_identification:_identify(teste) by extension 'ignore_ament_install'
[0.573s] Level 1:colcon.colcon_core.package_identification:_identify(teste) by extensions ['colcon_pkg']
[0.573s] Level 1:colcon.colcon_core.package_identification:_identify(teste) by extension 'colcon_pkg'
[0.573s] Level 1:colcon.colcon_core.package_identification:_identify(teste) by extensions ['colcon_meta']
[0.573s] Level 1:colcon.colcon_core.package_identification:_identify(teste) by extension 'colcon_meta'
[0.573s] Level 1:colcon.colcon_core.package_identification:_identify(teste) by extensions ['ros']
[0.574s] Level 1:colcon.colcon_core.package_identification:_identify(teste) by extension 'ros'
[0.574s] Level 1:colcon.colcon_core.package_identification:_identify(teste) by extensions ['cmake', 'python']
[0.574s] Level 1:colcon.colcon_core.package_identification:_identify(teste) by extension 'cmake'
[0.574s] Level 1:colcon.colcon_core.package_identification:_identify(teste) by extension 'python'
[0.574s] Level 1:colcon.colcon_core.package_identification:_identify(teste) by extensions ['python_setup_py']
[0.574s] Level 1:colcon.colcon_core.package_identification:_identify(teste) by extension 'python_setup_py'
[0.574s] Level 1:colcon.colcon_core.package_discovery:discover_packages(recursive) using defaults
[0.574s] Level 1:colcon.colcon_core.package_discovery:discover_packages(ignore) discover
[0.574s] Level 1:colcon.colcon_core.package_discovery:discover_packages(ignore) using defaults
[0.574s] Level 1:colcon.colcon_core.package_discovery:discover_packages(path) discover
[0.574s] Level 1:colcon.colcon_core.package_discovery:discover_packages(path) using defaults
[0.594s] Level 1:colcon.colcon_core.package_discovery:discover_packages(prefix_path) check parameters
[0.594s] Level 1:colcon.colcon_core.package_discovery:discover_packages(prefix_path) discover
[0.605s] DEBUG:colcon.colcon_installed_package_information.package_discovery:Found 7 installed packages in /home/jprl/APS1/APS1/jota_ws1/install
[0.607s] DEBUG:colcon.colcon_installed_package_information.package_discovery:Found 375 installed packages in /opt/ros/foxy
[0.609s] Level 1:colcon.colcon_core.package_discovery:discover_packages(prefix_path) using defaults
[0.681s] Level 5:colcon.colcon_core.verb:set package 'custom_interfaces' build argument 'cmake_args' from command line to 'None'
[0.681s] Level 5:colcon.colcon_core.verb:set package 'custom_interfaces' build argument 'cmake_target' from command line to 'None'
[0.681s] Level 5:colcon.colcon_core.verb:set package 'custom_interfaces' build argument 'cmake_target_skip_unavailable' from command line to 'False'
[0.681s] Level 5:colcon.colcon_core.verb:set package 'custom_interfaces' build argument 'cmake_clean_cache' from command line to 'False'
[0.681s] Level 5:colcon.colcon_core.verb:set package 'custom_interfaces' build argument 'cmake_clean_first' from command line to 'False'
[0.682s] Level 5:colcon.colcon_core.verb:set package 'custom_interfaces' build argument 'cmake_force_configure' from command line to 'False'
[0.682s] Level 5:colcon.colcon_core.verb:set package 'custom_interfaces' build argument 'ament_cmake_args' from command line to 'None'
[0.682s] Level 5:colcon.colcon_core.verb:set package 'custom_interfaces' build argument 'catkin_cmake_args' from command line to 'None'
[0.682s] Level 5:colcon.colcon_core.verb:set package 'custom_interfaces' build argument 'catkin_skip_building_tests' from command line to 'False'
[0.682s] DEBUG:colcon.colcon_core.verb:Building package 'custom_interfaces' with the following arguments: {'ament_cmake_args': None, 'build_base': '/home/jprl/APS1/APS1/jota_ws1/build/custom_interfaces', 'catkin_cmake_args': None, 'catkin_skip_building_tests': False, 'cmake_args': None, 'cmake_clean_cache': False, 'cmake_clean_first': False, 'cmake_force_configure': False, 'cmake_target': None, 'cmake_target_skip_unavailable': False, 'install_base': '/home/jprl/APS1/APS1/jota_ws1/install/custom_interfaces', 'merge_install': False, 'path': '/home/jprl/APS1/APS1/jota_ws1/src/custom_interfaces', 'symlink_install': False, 'test_result_base': None}
[0.682s] Level 5:colcon.colcon_core.verb:set package 'rm_localization' build argument 'cmake_args' from command line to 'None'
[0.682s] Level 5:colcon.colcon_core.verb:set package 'rm_localization' build argument 'cmake_target' from command line to 'None'
[0.682s] Level 5:colcon.colcon_core.verb:set package 'rm_localization' build argument 'cmake_target_skip_unavailable' from command line to 'False'
[0.682s] Level 5:colcon.colcon_core.verb:set package 'rm_localization' build argument 'cmake_clean_cache' from command line to 'False'
[0.682s] Level 5:colcon.colcon_core.verb:set package 'rm_localization' build argument 'cmake_clean_first' from command line to 'False'
[0.682s] Level 5:colcon.colcon_core.verb:set package 'rm_localization' build argument 'cmake_force_configure' from command line to 'False'
[0.682s] Level 5:colcon.colcon_core.verb:set package 'rm_localization' build argument 'ament_cmake_args' from command line to 'None'
[0.682s] Level 5:colcon.colcon_core.verb:set package 'rm_localization' build argument 'catkin_cmake_args' from command line to 'None'
[0.682s] Level 5:colcon.colcon_core.verb:set package 'rm_localization' build argument 'catkin_skip_building_tests' from command line to 'False'
[0.682s] DEBUG:colcon.colcon_core.verb:Building package 'rm_localization' with the following arguments: {'ament_cmake_args': None, 'build_base': '/home/jprl/APS1/APS1/jota_ws1/build/rm_localization', 'catkin_cmake_args': None, 'catkin_skip_building_tests': False, 'cmake_args': None, 'cmake_clean_cache': False, 'cmake_clean_first': False, 'cmake_force_configure': False, 'cmake_target': None, 'cmake_target_skip_unavailable': False, 'install_base': '/home/jprl/APS1/APS1/jota_ws1/install/rm_localization', 'merge_install': False, 'path': '/home/jprl/APS1/APS1/jota_ws1/src/rm_localization', 'symlink_install': False, 'test_result_base': None}
[0.683s] Level 5:colcon.colcon_core.verb:set package 'rm_navigation' build argument 'cmake_args' from command line to 'None'
[0.683s] Level 5:colcon.colcon_core.verb:set package 'rm_navigation' build argument 'cmake_target' from command line to 'None'
[0.683s] Level 5:colcon.colcon_core.verb:set package 'rm_navigation' build argument 'cmake_target_skip_unavailable' from command line to 'False'
[0.683s] Level 5:colcon.colcon_core.verb:set package 'rm_navigation' build argument 'cmake_clean_cache' from command line to 'False'
[0.683s] Level 5:colcon.colcon_core.verb:set package 'rm_navigation' build argument 'cmake_clean_first' from command line to 'False'
[0.683s] Level 5:colcon.colcon_core.verb:set package 'rm_navigation' build argument 'cmake_force_configure' from command line to 'False'
[0.683s] Level 5:colcon.colcon_core.verb:set package 'rm_navigation' build argument 'ament_cmake_args' from command line to 'None'
[0.683s] Level 5:colcon.colcon_core.verb:set package 'rm_navigation' build argument 'catkin_cmake_args' from command line to 'None'
[0.683s] Level 5:colcon.colcon_core.verb:set package 'rm_navigation' build argument 'catkin_skip_building_tests' from command line to 'False'
[0.683s] DEBUG:colcon.colcon_core.verb:Building package 'rm_navigation' with the following arguments: {'ament_cmake_args': None, 'build_base': '/home/jprl/APS1/APS1/jota_ws1/build/rm_navigation', 'catkin_cmake_args': None, 'catkin_skip_building_tests': False, 'cmake_args': None, 'cmake_clean_cache': False, 'cmake_clean_first': False, 'cmake_force_configure': False, 'cmake_target': None, 'cmake_target_skip_unavailable': False, 'install_base': '/home/jprl/APS1/APS1/jota_ws1/install/rm_navigation', 'merge_install': False, 'path': '/home/jprl/APS1/APS1/jota_ws1/src/rm_navigation', 'symlink_install': False, 'test_result_base': None}
[0.683s] Level 5:colcon.colcon_core.verb:set package 'rm_navigator' build argument 'cmake_args' from command line to 'None'
[0.683s] Level 5:colcon.colcon_core.verb:set package 'rm_navigator' build argument 'cmake_target' from command line to 'None'
[0.683s] Level 5:colcon.colcon_core.verb:set package 'rm_navigator' build argument 'cmake_target_skip_unavailable' from command line to 'False'
[0.683s] Level 5:colcon.colcon_core.verb:set package 'rm_navigator' build argument 'cmake_clean_cache' from command line to 'False'
[0.683s] Level 5:colcon.colcon_core.verb:set package 'rm_navigator' build argument 'cmake_clean_first' from command line to 'False'
[0.683s] Level 5:colcon.colcon_core.verb:set package 'rm_navigator' build argument 'cmake_force_configure' from command line to 'False'
[0.683s] Level 5:colcon.colcon_core.verb:set package 'rm_navigator' build argument 'ament_cmake_args' from command line to 'None'
[0.683s] Level 5:colcon.colcon_core.verb:set package 'rm_navigator' build argument 'catkin_cmake_args' from command line to 'None'
[0.683s] Level 5:colcon.colcon_core.verb:set package 'rm_navigator' build argument 'catkin_skip_building_tests' from command line to 'False'
[0.683s] DEBUG:colcon.colcon_core.verb:Building package 'rm_navigator' with the following arguments: {'ament_cmake_args': None, 'build_base': '/home/jprl/APS1/APS1/jota_ws1/build/rm_navigator', 'catkin_cmake_args': None, 'catkin_skip_building_tests': False, 'cmake_args': None, 'cmake_clean_cache': False, 'cmake_clean_first': False, 'cmake_force_configure': False, 'cmake_target': None, 'cmake_target_skip_unavailable': False, 'install_base': '/home/jprl/APS1/APS1/jota_ws1/install/rm_navigator', 'merge_install': False, 'path': '/home/jprl/APS1/APS1/jota_ws1/src/rm_navigator', 'symlink_install': False, 'test_result_base': None}
[0.684s] Level 5:colcon.colcon_core.verb:set package 'rm_slam' build argument 'cmake_args' from command line to 'None'
[0.684s] Level 5:colcon.colcon_core.verb:set package 'rm_slam' build argument 'cmake_target' from command line to 'None'
[0.684s] Level 5:colcon.colcon_core.verb:set package 'rm_slam' build argument 'cmake_target_skip_unavailable' from command line to 'False'
[0.684s] Level 5:colcon.colcon_core.verb:set package 'rm_slam' build argument 'cmake_clean_cache' from command line to 'False'
[0.684s] Level 5:colcon.colcon_core.verb:set package 'rm_slam' build argument 'cmake_clean_first' from command line to 'False'
[0.684s] Level 5:colcon.colcon_core.verb:set package 'rm_slam' build argument 'cmake_force_configure' from command line to 'False'
[0.684s] Level 5:colcon.colcon_core.verb:set package 'rm_slam' build argument 'ament_cmake_args' from command line to 'None'
[0.684s] Level 5:colcon.colcon_core.verb:set package 'rm_slam' build argument 'catkin_cmake_args' from command line to 'None'
[0.684s] Level 5:colcon.colcon_core.verb:set package 'rm_slam' build argument 'catkin_skip_building_tests' from command line to 'False'
[0.684s] DEBUG:colcon.colcon_core.verb:Building package 'rm_slam' with the following arguments: {'ament_cmake_args': None, 'build_base': '/home/jprl/APS1/APS1/jota_ws1/build/rm_slam', 'catkin_cmake_args': None, 'catkin_skip_building_tests': False, 'cmake_args': None, 'cmake_clean_cache': False, 'cmake_clean_first': False, 'cmake_force_configure': False, 'cmake_target': None, 'cmake_target_skip_unavailable': False, 'install_base': '/home/jprl/APS1/APS1/jota_ws1/install/rm_slam', 'merge_install': False, 'path': '/home/jprl/APS1/APS1/jota_ws1/src/rm_slam', 'symlink_install': False, 'test_result_base': None}
[0.685s] Level 5:colcon.colcon_core.verb:set package 'robot_description' build argument 'cmake_args' from command line to 'None'
[0.685s] Level 5:colcon.colcon_core.verb:set package 'robot_description' build argument 'cmake_target' from command line to 'None'
[0.685s] Level 5:colcon.colcon_core.verb:set package 'robot_description' build argument 'cmake_target_skip_unavailable' from command line to 'False'
[0.685s] Level 5:colcon.colcon_core.verb:set package 'robot_description' build argument 'cmake_clean_cache' from command line to 'False'
[0.685s] Level 5:colcon.colcon_core.verb:set package 'robot_description' build argument 'cmake_clean_first' from command line to 'False'
[0.685s] Level 5:colcon.colcon_core.verb:set package 'robot_description' build argument 'cmake_force_configure' from command line to 'False'
[0.685s] Level 5:colcon.colcon_core.verb:set package 'robot_description' build argument 'ament_cmake_args' from command line to 'None'
[0.685s] Level 5:colcon.colcon_core.verb:set package 'robot_description' build argument 'catkin_cmake_args' from command line to 'None'
[0.685s] Level 5:colcon.colcon_core.verb:set package 'robot_description' build argument 'catkin_skip_building_tests' from command line to 'False'
[0.685s] DEBUG:colcon.colcon_core.verb:Building package 'robot_description' with the following arguments: {'ament_cmake_args': None, 'build_base': '/home/jprl/APS1/APS1/jota_ws1/build/robot_description', 'catkin_cmake_args': None, 'catkin_skip_building_tests': False, 'cmake_args': None, 'cmake_clean_cache': False, 'cmake_clean_first': False, 'cmake_force_configure': False, 'cmake_target': None, 'cmake_target_skip_unavailable': False, 'install_base': '/home/jprl/APS1/APS1/jota_ws1/install/robot_description', 'merge_install': False, 'path': '/home/jprl/APS1/APS1/jota_ws1/src/robot_description', 'symlink_install': False, 'test_result_base': None}
[0.685s] Level 5:colcon.colcon_core.verb:set package 'robot_navigation' build argument 'cmake_args' from command line to 'None'
[0.685s] Level 5:colcon.colcon_core.verb:set package 'robot_navigation' build argument 'cmake_target' from command line to 'None'
[0.686s] Level 5:colcon.colcon_core.verb:set package 'robot_navigation' build argument 'cmake_target_skip_unavailable' from command line to 'False'
[0.686s] Level 5:colcon.colcon_core.verb:set package 'robot_navigation' build argument 'cmake_clean_cache' from command line to 'False'
[0.686s] Level 5:colcon.colcon_core.verb:set package 'robot_navigation' build argument 'cmake_clean_first' from command line to 'False'
[0.686s] Level 5:colcon.colcon_core.verb:set package 'robot_navigation' build argument 'cmake_force_configure' from command line to 'False'
[0.686s] Level 5:colcon.colcon_core.verb:set package 'robot_navigation' build argument 'ament_cmake_args' from command line to 'None'
[0.686s] Level 5:colcon.colcon_core.verb:set package 'robot_navigation' build argument 'catkin_cmake_args' from command line to 'None'
[0.686s] Level 5:colcon.colcon_core.verb:set package 'robot_navigation' build argument 'catkin_skip_building_tests' from command line to 'False'
[0.686s] DEBUG:colcon.colcon_core.verb:Building package 'robot_navigation' with the following arguments: {'ament_cmake_args': None, 'build_base': '/home/jprl/APS1/APS1/jota_ws1/build/robot_navigation', 'catkin_cmake_args': None, 'catkin_skip_building_tests': False, 'cmake_args': None, 'cmake_clean_cache': False, 'cmake_clean_first': False, 'cmake_force_configure': False, 'cmake_target': None, 'cmake_target_skip_unavailable': False, 'install_base': '/home/jprl/APS1/APS1/jota_ws1/install/robot_navigation', 'merge_install': False, 'path': '/home/jprl/APS1/APS1/jota_ws1/src/robot_navigation', 'symlink_install': False, 'test_result_base': None}
[0.686s] INFO:colcon.colcon_core.executor:Executing jobs using 'parallel' executor
[0.687s] DEBUG:colcon.colcon_parallel_executor.executor.parallel:run_until_complete
[0.687s] INFO:colcon.colcon_ros.task.ament_cmake.build:Building ROS package in '/home/jprl/APS1/APS1/jota_ws1/src/custom_interfaces' with build type 'ament_cmake'
[0.687s] INFO:colcon.colcon_cmake.task.cmake.build:Building CMake package in '/home/jprl/APS1/APS1/jota_ws1/src/custom_interfaces'
[0.690s] INFO:colcon.colcon_core.plugin_system:Skipping extension 'colcon_core.shell.bat': Not used on non-Windows systems
[0.690s] INFO:colcon.colcon_core.shell:Skip shell extension 'powershell' for command environment: Not usable outside of PowerShell
[0.691s] DEBUG:colcon.colcon_core.shell:Skip shell extension 'dsv' for command environment
[0.697s] INFO:colcon.colcon_ros.task.ament_python.build:Building ROS package in '/home/jprl/APS1/APS1/jota_ws1/src/rm_localization' with build type 'ament_python'
[0.698s] Level 1:colcon.colcon_core.shell:create_environment_hook('rm_localization', 'ament_prefix_path')
[0.698s] INFO:colcon.colcon_core.shell:Creating environment hook '/home/jprl/APS1/APS1/jota_ws1/install/rm_localization/share/rm_localization/hook/ament_prefix_path.ps1'
[0.700s] INFO:colcon.colcon_core.shell:Creating environment descriptor '/home/jprl/APS1/APS1/jota_ws1/install/rm_localization/share/rm_localization/hook/ament_prefix_path.dsv'
[0.701s] INFO:colcon.colcon_core.shell:Creating environment hook '/home/jprl/APS1/APS1/jota_ws1/install/rm_localization/share/rm_localization/hook/ament_prefix_path.sh'
[0.702s] INFO:colcon.colcon_core.shell:Skip shell extension 'powershell' for command environment: Not usable outside of PowerShell
[0.702s] DEBUG:colcon.colcon_core.shell:Skip shell extension 'dsv' for command environment
[0.711s] INFO:colcon.colcon_ros.task.ament_python.build:Building ROS package in '/home/jprl/APS1/APS1/jota_ws1/src/rm_navigation' with build type 'ament_python'
[0.712s] Level 1:colcon.colcon_core.shell:create_environment_hook('rm_navigation', 'ament_prefix_path')
[0.713s] INFO:colcon.colcon_core.shell:Creating environment hook '/home/jprl/APS1/APS1/jota_ws1/install/rm_navigation/share/rm_navigation/hook/ament_prefix_path.ps1'
[0.715s] INFO:colcon.colcon_core.shell:Creating environment descriptor '/home/jprl/APS1/APS1/jota_ws1/install/rm_navigation/share/rm_navigation/hook/ament_prefix_path.dsv'
[0.716s] INFO:colcon.colcon_core.shell:Creating environment hook '/home/jprl/APS1/APS1/jota_ws1/install/rm_navigation/share/rm_navigation/hook/ament_prefix_path.sh'
[0.717s] INFO:colcon.colcon_core.shell:Skip shell extension 'powershell' for command environment: Not usable outside of PowerShell
[0.717s] DEBUG:colcon.colcon_core.shell:Skip shell extension 'dsv' for command environment
[0.724s] INFO:colcon.colcon_ros.task.ament_python.build:Building ROS package in '/home/jprl/APS1/APS1/jota_ws1/src/rm_navigator' with build type 'ament_python'
[0.725s] Level 1:colcon.colcon_core.shell:create_environment_hook('rm_navigator', 'ament_prefix_path')
[0.727s] INFO:colcon.colcon_core.shell:Creating environment hook '/home/jprl/APS1/APS1/jota_ws1/install/rm_navigator/share/rm_navigator/hook/ament_prefix_path.ps1'
[0.730s] INFO:colcon.colcon_core.shell:Creating environment descriptor '/home/jprl/APS1/APS1/jota_ws1/install/rm_navigator/share/rm_navigator/hook/ament_prefix_path.dsv'
[0.731s] INFO:colcon.colcon_core.shell:Creating environment hook '/home/jprl/APS1/APS1/jota_ws1/install/rm_navigator/share/rm_navigator/hook/ament_prefix_path.sh'
[0.732s] INFO:colcon.colcon_core.shell:Skip shell extension 'powershell' for command environment: Not usable outside of PowerShell
[0.732s] DEBUG:colcon.colcon_core.shell:Skip shell extension 'dsv' for command environment
[0.739s] INFO:colcon.colcon_ros.task.ament_python.build:Building ROS package in '/home/jprl/APS1/APS1/jota_ws1/src/rm_slam' with build type 'ament_python'
[0.741s] Level 1:colcon.colcon_core.shell:create_environment_hook('rm_slam', 'ament_prefix_path')
[0.742s] INFO:colcon.colcon_core.shell:Creating environment hook '/home/jprl/APS1/APS1/jota_ws1/install/rm_slam/share/rm_slam/hook/ament_prefix_path.ps1'
[0.744s] INFO:colcon.colcon_core.shell:Creating environment descriptor '/home/jprl/APS1/APS1/jota_ws1/install/rm_slam/share/rm_slam/hook/ament_prefix_path.dsv'
[0.744s] INFO:colcon.colcon_core.shell:Creating environment hook '/home/jprl/APS1/APS1/jota_ws1/install/rm_slam/share/rm_slam/hook/ament_prefix_path.sh'
[0.746s] INFO:colcon.colcon_core.shell:Skip shell extension 'powershell' for command environment: Not usable outside of PowerShell
[0.746s] DEBUG:colcon.colcon_core.shell:Skip shell extension 'dsv' for command environment
[0.753s] INFO:colcon.colcon_ros.task.ament_cmake.build:Building ROS package in '/home/jprl/APS1/APS1/jota_ws1/src/robot_description' with build type 'ament_cmake'
[0.754s] INFO:colcon.colcon_cmake.task.cmake.build:Building CMake package in '/home/jprl/APS1/APS1/jota_ws1/src/robot_description'
[0.754s] INFO:colcon.colcon_core.shell:Skip shell extension 'powershell' for command environment: Not usable outside of PowerShell
[0.755s] DEBUG:colcon.colcon_core.shell:Skip shell extension 'dsv' for command environment
[0.780s] DEBUG:colcon.colcon_core.event_handler.log_command:Invoking command in '/home/jprl/APS1/APS1/jota_ws1/build/custom_interfaces': CMAKE_PREFIX_PATH=${CMAKE_PREFIX_PATH}:/home/jprl/APS1/APS1/jota_ws1/install/robot_navigation:/home/jprl/APS1/APS1/jota_ws1/install/rm_slam:/home/jprl/APS1/APS1/jota_ws1/install/rm_navigator:/home/jprl/APS1/APS1/jota_ws1/install/rm_navigation:/home/jprl/APS1/APS1/jota_ws1/install/rm_localization:/opt/ros/foxy /usr/bin/cmake --build /home/jprl/APS1/APS1/jota_ws1/build/custom_interfaces -- -j12 -l12
[1.063s] INFO:colcon.colcon_core.task.python.build:Building Python package in '/home/jprl/APS1/APS1/jota_ws1/src/rm_localization'
[1.063s] INFO:colcon.colcon_core.shell:Skip shell extension 'powershell' for command environment: Not usable outside of PowerShell
[1.064s] DEBUG:colcon.colcon_core.shell:Skip shell extension 'dsv' for command environment
[1.304s] INFO:colcon.colcon_core.task.python.build:Building Python package in '/home/jprl/APS1/APS1/jota_ws1/src/rm_navigation'
[1.304s] INFO:colcon.colcon_core.shell:Skip shell extension 'powershell' for command environment: Not usable outside of PowerShell
[1.304s] DEBUG:colcon.colcon_core.shell:Skip shell extension 'dsv' for command environment
[1.538s] INFO:colcon.colcon_core.task.python.build:Building Python package in '/home/jprl/APS1/APS1/jota_ws1/src/rm_navigator'
[1.539s] INFO:colcon.colcon_core.shell:Skip shell extension 'powershell' for command environment: Not usable outside of PowerShell
[1.539s] DEBUG:colcon.colcon_core.shell:Skip shell extension 'dsv' for command environment
[1.761s] INFO:colcon.colcon_core.task.python.build:Building Python package in '/home/jprl/APS1/APS1/jota_ws1/src/rm_slam'
[1.762s] INFO:colcon.colcon_core.shell:Skip shell extension 'powershell' for command environment: Not usable outside of PowerShell
[1.762s] DEBUG:colcon.colcon_core.shell:Skip shell extension 'dsv' for command environment
[1.775s] DEBUG:colcon.colcon_core.event_handler.log_command:Invoking command in '/home/jprl/APS1/APS1/jota_ws1/build/robot_description': CMAKE_PREFIX_PATH=${CMAKE_PREFIX_PATH}:/home/jprl/APS1/APS1/jota_ws1/install/robot_navigation:/home/jprl/APS1/APS1/jota_ws1/install/rm_slam:/home/jprl/APS1/APS1/jota_ws1/install/rm_navigator:/home/jprl/APS1/APS1/jota_ws1/install/rm_navigation:/home/jprl/APS1/APS1/jota_ws1/install/rm_localization:/opt/ros/foxy /usr/bin/cmake --build /home/jprl/APS1/APS1/jota_ws1/build/robot_description -- -j12 -l12
[1.784s] DEBUG:colcon.colcon_core.event_handler.log_command:Invoked command in '/home/jprl/APS1/APS1/jota_ws1/build/custom_interfaces' returned '0': CMAKE_PREFIX_PATH=${CMAKE_PREFIX_PATH}:/home/jprl/APS1/APS1/jota_ws1/install/robot_navigation:/home/jprl/APS1/APS1/jota_ws1/install/rm_slam:/home/jprl/APS1/APS1/jota_ws1/install/rm_navigator:/home/jprl/APS1/APS1/jota_ws1/install/rm_navigation:/home/jprl/APS1/APS1/jota_ws1/install/rm_localization:/opt/ros/foxy /usr/bin/cmake --build /home/jprl/APS1/APS1/jota_ws1/build/custom_interfaces -- -j12 -l12
[1.799s] DEBUG:colcon.colcon_core.event_handler.log_command:Invoking command in '/home/jprl/APS1/APS1/jota_ws1/build/custom_interfaces': CMAKE_PREFIX_PATH=${CMAKE_PREFIX_PATH}:/home/jprl/APS1/APS1/jota_ws1/install/robot_navigation:/home/jprl/APS1/APS1/jota_ws1/install/rm_slam:/home/jprl/APS1/APS1/jota_ws1/install/rm_navigator:/home/jprl/APS1/APS1/jota_ws1/install/rm_navigation:/home/jprl/APS1/APS1/jota_ws1/install/rm_localization:/opt/ros/foxy /usr/bin/cmake --install /home/jprl/APS1/APS1/jota_ws1/build/custom_interfaces
[1.843s] DEBUG:colcon.colcon_core.event_handler.log_command:Invoked command in '/home/jprl/APS1/APS1/jota_ws1/build/robot_description' returned '0': CMAKE_PREFIX_PATH=${CMAKE_PREFIX_PATH}:/home/jprl/APS1/APS1/jota_ws1/install/robot_navigation:/home/jprl/APS1/APS1/jota_ws1/install/rm_slam:/home/jprl/APS1/APS1/jota_ws1/install/rm_navigator:/home/jprl/APS1/APS1/jota_ws1/install/rm_navigation:/home/jprl/APS1/APS1/jota_ws1/install/rm_localization:/opt/ros/foxy /usr/bin/cmake --build /home/jprl/APS1/APS1/jota_ws1/build/robot_description -- -j12 -l12
[1.849s] DEBUG:colcon.colcon_core.event_handler.log_command:Invoking command in '/home/jprl/APS1/APS1/jota_ws1/build/robot_description': CMAKE_PREFIX_PATH=${CMAKE_PREFIX_PATH}:/home/jprl/APS1/APS1/jota_ws1/install/robot_navigation:/home/jprl/APS1/APS1/jota_ws1/install/rm_slam:/home/jprl/APS1/APS1/jota_ws1/install/rm_navigator:/home/jprl/APS1/APS1/jota_ws1/install/rm_navigation:/home/jprl/APS1/APS1/jota_ws1/install/rm_localization:/opt/ros/foxy /usr/bin/cmake --install /home/jprl/APS1/APS1/jota_ws1/build/robot_description
[1.875s] Level 1:colcon.colcon_core.environment:create_environment_scripts_only(robot_description)
[1.888s] Level 1:colcon.colcon_core.environment:checking '/home/jprl/APS1/APS1/jota_ws1/install/robot_description' for CMake module files
[1.890s] DEBUG:colcon.colcon_core.event_handler.log_command:Invoked command in '/home/jprl/APS1/APS1/jota_ws1/build/robot_description' returned '0': CMAKE_PREFIX_PATH=${CMAKE_PREFIX_PATH}:/home/jprl/APS1/APS1/jota_ws1/install/robot_navigation:/home/jprl/APS1/APS1/jota_ws1/install/rm_slam:/home/jprl/APS1/APS1/jota_ws1/install/rm_navigator:/home/jprl/APS1/APS1/jota_ws1/install/rm_navigation:/home/jprl/APS1/APS1/jota_ws1/install/rm_localization:/opt/ros/foxy /usr/bin/cmake --install /home/jprl/APS1/APS1/jota_ws1/build/robot_description
[1.890s] Level 1:colcon.colcon_core.environment:checking '/home/jprl/APS1/APS1/jota_ws1/install/robot_description' for CMake config files
[1.890s] Level 1:colcon.colcon_core.shell:create_environment_hook('robot_description', 'cmake_prefix_path')
[1.891s] INFO:colcon.colcon_core.shell:Creating environment hook '/home/jprl/APS1/APS1/jota_ws1/install/robot_description/share/robot_description/hook/cmake_prefix_path.ps1'
[1.892s] INFO:colcon.colcon_core.shell:Creating environment descriptor '/home/jprl/APS1/APS1/jota_ws1/install/robot_description/share/robot_description/hook/cmake_prefix_path.dsv'
[1.893s] INFO:colcon.colcon_core.shell:Creating environment hook '/home/jprl/APS1/APS1/jota_ws1/install/robot_description/share/robot_description/hook/cmake_prefix_path.sh'
[1.894s] Level 1:colcon.colcon_core.environment:checking '/home/jprl/APS1/APS1/jota_ws1/install/robot_description/bin'
[1.894s] Level 1:colcon.colcon_core.environment:checking '/home/jprl/APS1/APS1/jota_ws1/install/robot_description/lib/pkgconfig/robot_description.pc'
[1.894s] Level 1:colcon.colcon_core.environment:checking '/home/jprl/APS1/APS1/jota_ws1/install/robot_description/lib/python3.8/site-packages'
[1.895s] Level 1:colcon.colcon_core.environment:checking '/home/jprl/APS1/APS1/jota_ws1/install/robot_description/bin'
[1.895s] INFO:colcon.colcon_core.shell:Creating package script '/home/jprl/APS1/APS1/jota_ws1/install/robot_description/share/robot_description/package.ps1'
[1.896s] INFO:colcon.colcon_core.shell:Creating package descriptor '/home/jprl/APS1/APS1/jota_ws1/install/robot_description/share/robot_description/package.dsv'
[1.897s] INFO:colcon.colcon_core.shell:Creating package script '/home/jprl/APS1/APS1/jota_ws1/install/robot_description/share/robot_description/package.sh'
[1.899s] INFO:colcon.colcon_core.shell:Creating package script '/home/jprl/APS1/APS1/jota_ws1/install/robot_description/share/robot_description/package.bash'
[1.900s] INFO:colcon.colcon_core.shell:Creating package script '/home/jprl/APS1/APS1/jota_ws1/install/robot_description/share/robot_description/package.zsh'
[1.901s] Level 1:colcon.colcon_core.environment:create_file_with_runtime_dependencies(/home/jprl/APS1/APS1/jota_ws1/install/robot_description/share/colcon-core/packages/robot_description)
[1.903s] Level 1:colcon.colcon_core.environment:create_environment_scripts_only(robot_description)
[1.903s] Level 1:colcon.colcon_core.environment:checking '/home/jprl/APS1/APS1/jota_ws1/install/robot_description' for CMake module files
[1.905s] Level 1:colcon.colcon_core.environment:checking '/home/jprl/APS1/APS1/jota_ws1/install/robot_description' for CMake config files
[1.905s] Level 1:colcon.colcon_core.shell:create_environment_hook('robot_description', 'cmake_prefix_path')
[1.906s] INFO:colcon.colcon_core.shell:Creating environment hook '/home/jprl/APS1/APS1/jota_ws1/install/robot_description/share/robot_description/hook/cmake_prefix_path.ps1'
[1.907s] INFO:colcon.colcon_core.shell:Creating environment descriptor '/home/jprl/APS1/APS1/jota_ws1/install/robot_description/share/robot_description/hook/cmake_prefix_path.dsv'
[1.908s] INFO:colcon.colcon_core.shell:Creating environment hook '/home/jprl/APS1/APS1/jota_ws1/install/robot_description/share/robot_description/hook/cmake_prefix_path.sh'
[1.909s] Level 1:colcon.colcon_core.environment:checking '/home/jprl/APS1/APS1/jota_ws1/install/robot_description/bin'
[1.909s] Level 1:colcon.colcon_core.environment:checking '/home/jprl/APS1/APS1/jota_ws1/install/robot_description/lib/pkgconfig/robot_description.pc'
[1.909s] Level 1:colcon.colcon_core.environment:checking '/home/jprl/APS1/APS1/jota_ws1/install/robot_description/lib/python3.8/site-packages'
[1.910s] Level 1:colcon.colcon_core.environment:checking '/home/jprl/APS1/APS1/jota_ws1/install/robot_description/bin'
[1.910s] INFO:colcon.colcon_core.shell:Creating package script '/home/jprl/APS1/APS1/jota_ws1/install/robot_description/share/robot_description/package.ps1'
[1.911s] INFO:colcon.colcon_core.shell:Creating package descriptor '/home/jprl/APS1/APS1/jota_ws1/install/robot_description/share/robot_description/package.dsv'
[1.912s] INFO:colcon.colcon_core.shell:Creating package script '/home/jprl/APS1/APS1/jota_ws1/install/robot_description/share/robot_description/package.sh'
[1.913s] INFO:colcon.colcon_core.shell:Creating package script '/home/jprl/APS1/APS1/jota_ws1/install/robot_description/share/robot_description/package.bash'
[1.914s] INFO:colcon.colcon_core.shell:Creating package script '/home/jprl/APS1/APS1/jota_ws1/install/robot_description/share/robot_description/package.zsh'
[1.916s] Level 1:colcon.colcon_core.environment:create_file_with_runtime_dependencies(/home/jprl/APS1/APS1/jota_ws1/install/robot_description/share/colcon-core/packages/robot_description)
[1.919s] Level 1:colcon.colcon_core.environment:create_environment_scripts_only(custom_interfaces)
[1.919s] Level 1:colcon.colcon_core.environment:checking '/home/jprl/APS1/APS1/jota_ws1/install/custom_interfaces' for CMake module files
[1.921s] DEBUG:colcon.colcon_core.event_handler.log_command:Invoked command in '/home/jprl/APS1/APS1/jota_ws1/build/custom_interfaces' returned '0': CMAKE_PREFIX_PATH=${CMAKE_PREFIX_PATH}:/home/jprl/APS1/APS1/jota_ws1/install/robot_navigation:/home/jprl/APS1/APS1/jota_ws1/install/rm_slam:/home/jprl/APS1/APS1/jota_ws1/install/rm_navigator:/home/jprl/APS1/APS1/jota_ws1/install/rm_navigation:/home/jprl/APS1/APS1/jota_ws1/install/rm_localization:/opt/ros/foxy /usr/bin/cmake --install /home/jprl/APS1/APS1/jota_ws1/build/custom_interfaces
[1.921s] Level 1:colcon.colcon_core.environment:checking '/home/jprl/APS1/APS1/jota_ws1/install/custom_interfaces' for CMake config files
[1.922s] Level 1:colcon.colcon_core.shell:create_environment_hook('custom_interfaces', 'cmake_prefix_path')
[1.922s] INFO:colcon.colcon_core.shell:Creating environment hook '/home/jprl/APS1/APS1/jota_ws1/install/custom_interfaces/share/custom_interfaces/hook/cmake_prefix_path.ps1'
[1.923s] INFO:colcon.colcon_core.shell:Creating environment descriptor '/home/jprl/APS1/APS1/jota_ws1/install/custom_interfaces/share/custom_interfaces/hook/cmake_prefix_path.dsv'
[1.924s] INFO:colcon.colcon_core.shell:Creating environment hook '/home/jprl/APS1/APS1/jota_ws1/install/custom_interfaces/share/custom_interfaces/hook/cmake_prefix_path.sh'
[1.924s] Level 1:colcon.colcon_core.environment:checking '/home/jprl/APS1/APS1/jota_ws1/install/custom_interfaces/lib'
[1.925s] Level 1:colcon.colcon_core.shell:create_environment_hook('custom_interfaces', 'ld_library_path_lib')
[1.925s] INFO:colcon.colcon_core.shell:Creating environment hook '/home/jprl/APS1/APS1/jota_ws1/install/custom_interfaces/share/custom_interfaces/hook/ld_library_path_lib.ps1'
[1.926s] INFO:colcon.colcon_core.shell:Creating environment descriptor '/home/jprl/APS1/APS1/jota_ws1/install/custom_interfaces/share/custom_interfaces/hook/ld_library_path_lib.dsv'
[1.926s] INFO:colcon.colcon_core.shell:Creating environment hook '/home/jprl/APS1/APS1/jota_ws1/install/custom_interfaces/share/custom_interfaces/hook/ld_library_path_lib.sh'
[1.927s] Level 1:colcon.colcon_core.environment:checking '/home/jprl/APS1/APS1/jota_ws1/install/custom_interfaces/bin'
[1.927s] Level 1:colcon.colcon_core.environment:checking '/home/jprl/APS1/APS1/jota_ws1/install/custom_interfaces/lib/pkgconfig/custom_interfaces.pc'
[1.928s] Level 1:colcon.colcon_core.environment:checking '/home/jprl/APS1/APS1/jota_ws1/install/custom_interfaces/lib/python3.8/site-packages'
[1.928s] Level 1:colcon.colcon_core.shell:create_environment_hook('custom_interfaces', 'pythonpath')
[1.928s] INFO:colcon.colcon_core.shell:Creating environment hook '/home/jprl/APS1/APS1/jota_ws1/install/custom_interfaces/share/custom_interfaces/hook/pythonpath.ps1'
[1.929s] INFO:colcon.colcon_core.shell:Creating environment descriptor '/home/jprl/APS1/APS1/jota_ws1/install/custom_interfaces/share/custom_interfaces/hook/pythonpath.dsv'
[1.929s] INFO:colcon.colcon_core.shell:Creating environment hook '/home/jprl/APS1/APS1/jota_ws1/install/custom_interfaces/share/custom_interfaces/hook/pythonpath.sh'
[1.930s] Level 1:colcon.colcon_core.environment:checking '/home/jprl/APS1/APS1/jota_ws1/install/custom_interfaces/bin'
[1.931s] INFO:colcon.colcon_core.shell:Creating package script '/home/jprl/APS1/APS1/jota_ws1/install/custom_interfaces/share/custom_interfaces/package.ps1'
[1.932s] INFO:colcon.colcon_core.shell:Creating package descriptor '/home/jprl/APS1/APS1/jota_ws1/install/custom_interfaces/share/custom_interfaces/package.dsv'
[1.932s] INFO:colcon.colcon_core.shell:Creating package script '/home/jprl/APS1/APS1/jota_ws1/install/custom_interfaces/share/custom_interfaces/package.sh'
[1.933s] INFO:colcon.colcon_core.shell:Creating package script '/home/jprl/APS1/APS1/jota_ws1/install/custom_interfaces/share/custom_interfaces/package.bash'
[1.934s] INFO:colcon.colcon_core.shell:Creating package script '/home/jprl/APS1/APS1/jota_ws1/install/custom_interfaces/share/custom_interfaces/package.zsh'
[1.934s] Level 1:colcon.colcon_core.environment:create_file_with_runtime_dependencies(/home/jprl/APS1/APS1/jota_ws1/install/custom_interfaces/share/colcon-core/packages/custom_interfaces)
[1.935s] Level 1:colcon.colcon_core.environment:create_environment_scripts_only(custom_interfaces)
[1.936s] Level 1:colcon.colcon_core.environment:checking '/home/jprl/APS1/APS1/jota_ws1/install/custom_interfaces' for CMake module files
[1.936s] Level 1:colcon.colcon_core.environment:checking '/home/jprl/APS1/APS1/jota_ws1/install/custom_interfaces' for CMake config files
[1.937s] Level 1:colcon.colcon_core.shell:create_environment_hook('custom_interfaces', 'cmake_prefix_path')
[1.937s] INFO:colcon.colcon_core.shell:Creating environment hook '/home/jprl/APS1/APS1/jota_ws1/install/custom_interfaces/share/custom_interfaces/hook/cmake_prefix_path.ps1'
[1.938s] INFO:colcon.colcon_core.shell:Creating environment descriptor '/home/jprl/APS1/APS1/jota_ws1/install/custom_interfaces/share/custom_interfaces/hook/cmake_prefix_path.dsv'
[1.940s] INFO:colcon.colcon_core.shell:Creating environment hook '/home/jprl/APS1/APS1/jota_ws1/install/custom_interfaces/share/custom_interfaces/hook/cmake_prefix_path.sh'
[1.941s] Level 1:colcon.colcon_core.environment:checking '/home/jprl/APS1/APS1/jota_ws1/install/custom_interfaces/lib'
[1.941s] Level 1:colcon.colcon_core.shell:create_environment_hook('custom_interfaces', 'ld_library_path_lib')
[1.941s] INFO:colcon.colcon_core.shell:Creating environment hook '/home/jprl/APS1/APS1/jota_ws1/install/custom_interfaces/share/custom_interfaces/hook/ld_library_path_lib.ps1'
[1.942s] INFO:colcon.colcon_core.shell:Creating environment descriptor '/home/jprl/APS1/APS1/jota_ws1/install/custom_interfaces/share/custom_interfaces/hook/ld_library_path_lib.dsv'
[1.942s] INFO:colcon.colcon_core.shell:Creating environment hook '/home/jprl/APS1/APS1/jota_ws1/install/custom_interfaces/share/custom_interfaces/hook/ld_library_path_lib.sh'
[1.943s] Level 1:colcon.colcon_core.environment:checking '/home/jprl/APS1/APS1/jota_ws1/install/custom_interfaces/bin'
[1.943s] Level 1:colcon.colcon_core.environment:checking '/home/jprl/APS1/APS1/jota_ws1/install/custom_interfaces/lib/pkgconfig/custom_interfaces.pc'
[1.943s] Level 1:colcon.colcon_core.environment:checking '/home/jprl/APS1/APS1/jota_ws1/install/custom_interfaces/lib/python3.8/site-packages'
[1.943s] Level 1:colcon.colcon_core.shell:create_environment_hook('custom_interfaces', 'pythonpath')
[1.944s] INFO:colcon.colcon_core.shell:Creating environment hook '/home/jprl/APS1/APS1/jota_ws1/install/custom_interfaces/share/custom_interfaces/hook/pythonpath.ps1'
[1.944s] INFO:colcon.colcon_core.shell:Creating environment descriptor '/home/jprl/APS1/APS1/jota_ws1/install/custom_interfaces/share/custom_interfaces/hook/pythonpath.dsv'
[1.945s] INFO:colcon.colcon_core.shell:Creating environment hook '/home/jprl/APS1/APS1/jota_ws1/install/custom_interfaces/share/custom_interfaces/hook/pythonpath.sh'
[1.945s] Level 1:colcon.colcon_core.environment:checking '/home/jprl/APS1/APS1/jota_ws1/install/custom_interfaces/bin'
[1.946s] INFO:colcon.colcon_core.shell:Creating package script '/home/jprl/APS1/APS1/jota_ws1/install/custom_interfaces/share/custom_interfaces/package.ps1'
[1.947s] INFO:colcon.colcon_core.shell:Creating package descriptor '/home/jprl/APS1/APS1/jota_ws1/install/custom_interfaces/share/custom_interfaces/package.dsv'
[1.948s] INFO:colcon.colcon_core.shell:Creating package script '/home/jprl/APS1/APS1/jota_ws1/install/custom_interfaces/share/custom_interfaces/package.sh'
[1.949s] INFO:colcon.colcon_core.shell:Creating package script '/home/jprl/APS1/APS1/jota_ws1/install/custom_interfaces/share/custom_interfaces/package.bash'
[1.950s] INFO:colcon.colcon_core.shell:Creating package script '/home/jprl/APS1/APS1/jota_ws1/install/custom_interfaces/share/custom_interfaces/package.zsh'
[1.950s] Level 1:colcon.colcon_core.environment:create_file_with_runtime_dependencies(/home/jprl/APS1/APS1/jota_ws1/install/custom_interfaces/share/colcon-core/packages/custom_interfaces)
[1.952s] INFO:colcon.colcon_ros.task.ament_python.build:Building ROS package in '/home/jprl/APS1/APS1/jota_ws1/src/robot_navigation' with build type 'ament_python'
[1.952s] Level 1:colcon.colcon_core.shell:create_environment_hook('robot_navigation', 'ament_prefix_path')
[1.952s] INFO:colcon.colcon_core.shell:Creating environment hook '/home/jprl/APS1/APS1/jota_ws1/install/robot_navigation/share/robot_navigation/hook/ament_prefix_path.ps1'
[1.953s] INFO:colcon.colcon_core.shell:Creating environment descriptor '/home/jprl/APS1/APS1/jota_ws1/install/robot_navigation/share/robot_navigation/hook/ament_prefix_path.dsv'
[1.954s] INFO:colcon.colcon_core.shell:Creating environment hook '/home/jprl/APS1/APS1/jota_ws1/install/robot_navigation/share/robot_navigation/hook/ament_prefix_path.sh'
[1.955s] INFO:colcon.colcon_core.shell:Skip shell extension 'powershell' for command environment: Not usable outside of PowerShell
[1.955s] DEBUG:colcon.colcon_core.shell:Skip shell extension 'dsv' for command environment
[2.405s] DEBUG:colcon.colcon_core.event_handler.log_command:Invoking command in '/home/jprl/APS1/APS1/jota_ws1/src/rm_slam': PYTHONPATH=/home/jprl/APS1/APS1/jota_ws1/build/rm_slam/prefix_override:/usr/lib/python3/dist-packages/colcon_core/task/python/colcon_distutils_commands:/home/jprl/APS1/APS1/jota_ws1/install/rm_slam/lib/python3.8/site-packages:${PYTHONPATH} /usr/bin/python3 -W ignore:setup.py install is deprecated -W ignore:easy_install command is deprecated setup.py egg_info --egg-base ../../build/rm_slam build --build-base /home/jprl/APS1/APS1/jota_ws1/build/rm_slam/build install --record /home/jprl/APS1/APS1/jota_ws1/build/rm_slam/install.log --install-scripts $base/lib/rm_slam --single-version-externally-managed install_data
[2.415s] DEBUG:colcon.colcon_core.event_handler.log_command:Invoking command in '/home/jprl/APS1/APS1/jota_ws1/src/rm_localization': PYTHONPATH=/home/jprl/APS1/APS1/jota_ws1/build/rm_localization/prefix_override:/usr/lib/python3/dist-packages/colcon_core/task/python/colcon_distutils_commands:/home/jprl/APS1/APS1/jota_ws1/install/rm_localization/lib/python3.8/site-packages:${PYTHONPATH} /usr/bin/python3 -W ignore:setup.py install is deprecated -W ignore:easy_install command is deprecated setup.py egg_info --egg-base ../../build/rm_localization build --build-base /home/jprl/APS1/APS1/jota_ws1/build/rm_localization/build install --record /home/jprl/APS1/APS1/jota_ws1/build/rm_localization/install.log --install-scripts $base/lib/rm_localization --single-version-externally-managed install_data
[2.671s] INFO:colcon.colcon_core.task.python.build:Building Python package in '/home/jprl/APS1/APS1/jota_ws1/src/robot_navigation'
[2.672s] INFO:colcon.colcon_core.shell:Skip shell extension 'powershell' for command environment: Not usable outside of PowerShell
[2.672s] DEBUG:colcon.colcon_core.shell:Skip shell extension 'dsv' for command environment
[2.700s] DEBUG:colcon.colcon_core.event_handler.log_command:Invoking command in '/home/jprl/APS1/APS1/jota_ws1/src/rm_navigation': PYTHONPATH=/home/jprl/APS1/APS1/jota_ws1/build/rm_navigation/prefix_override:/usr/lib/python3/dist-packages/colcon_core/task/python/colcon_distutils_commands:/home/jprl/APS1/APS1/jota_ws1/install/rm_navigation/lib/python3.8/site-packages:${PYTHONPATH} /usr/bin/python3 -W ignore:setup.py install is deprecated -W ignore:easy_install command is deprecated setup.py egg_info --egg-base ../../build/rm_navigation build --build-base /home/jprl/APS1/APS1/jota_ws1/build/rm_navigation/build install --record /home/jprl/APS1/APS1/jota_ws1/build/rm_navigation/install.log --install-scripts $base/lib/rm_navigation --single-version-externally-managed install_data
[2.706s] DEBUG:colcon.colcon_core.event_handler.log_command:Invoking command in '/home/jprl/APS1/APS1/jota_ws1/src/rm_navigator': PYTHONPATH=/home/jprl/APS1/APS1/jota_ws1/build/rm_navigator/prefix_override:/usr/lib/python3/dist-packages/colcon_core/task/python/colcon_distutils_commands:/home/jprl/APS1/APS1/jota_ws1/install/rm_navigator/lib/python3.8/site-packages:${PYTHONPATH} /usr/bin/python3 -W ignore:setup.py install is deprecated -W ignore:easy_install command is deprecated setup.py egg_info --egg-base ../../build/rm_navigator build --build-base /home/jprl/APS1/APS1/jota_ws1/build/rm_navigator/build install --record /home/jprl/APS1/APS1/jota_ws1/build/rm_navigator/install.log --install-scripts $base/lib/rm_navigator --single-version-externally-managed install_data
[2.745s] Level 1:colcon.colcon_core.environment:checking '/home/jprl/APS1/APS1/jota_ws1/install/rm_slam' for CMake module files
[2.747s] DEBUG:colcon.colcon_core.event_handler.log_command:Invoked command in '/home/jprl/APS1/APS1/jota_ws1/src/rm_slam' returned '0': PYTHONPATH=/home/jprl/APS1/APS1/jota_ws1/build/rm_slam/prefix_override:/usr/lib/python3/dist-packages/colcon_core/task/python/colcon_distutils_commands:/home/jprl/APS1/APS1/jota_ws1/install/rm_slam/lib/python3.8/site-packages:${PYTHONPATH} /usr/bin/python3 -W ignore:setup.py install is deprecated -W ignore:easy_install command is deprecated setup.py egg_info --egg-base ../../build/rm_slam build --build-base /home/jprl/APS1/APS1/jota_ws1/build/rm_slam/build install --record /home/jprl/APS1/APS1/jota_ws1/build/rm_slam/install.log --install-scripts $base/lib/rm_slam --single-version-externally-managed install_data
[2.747s] Level 1:colcon.colcon_core.environment:checking '/home/jprl/APS1/APS1/jota_ws1/install/rm_slam' for CMake config files
[2.748s] Level 1:colcon.colcon_core.environment:checking '/home/jprl/APS1/APS1/jota_ws1/install/rm_slam/lib'
[2.749s] Level 1:colcon.colcon_core.environment:checking '/home/jprl/APS1/APS1/jota_ws1/install/rm_slam/bin'
[2.749s] Level 1:colcon.colcon_core.environment:checking '/home/jprl/APS1/APS1/jota_ws1/install/rm_slam/lib/pkgconfig/rm_slam.pc'
[2.749s] Level 1:colcon.colcon_core.environment:checking '/home/jprl/APS1/APS1/jota_ws1/install/rm_slam/lib/python3.8/site-packages'
[2.749s] Level 1:colcon.colcon_core.shell:create_environment_hook('rm_slam', 'pythonpath')
[2.750s] INFO:colcon.colcon_core.shell:Creating environment hook '/home/jprl/APS1/APS1/jota_ws1/install/rm_slam/share/rm_slam/hook/pythonpath.ps1'
[2.751s] INFO:colcon.colcon_core.shell:Creating environment descriptor '/home/jprl/APS1/APS1/jota_ws1/install/rm_slam/share/rm_slam/hook/pythonpath.dsv'
[2.752s] INFO:colcon.colcon_core.shell:Creating environment hook '/home/jprl/APS1/APS1/jota_ws1/install/rm_slam/share/rm_slam/hook/pythonpath.sh'
[2.753s] Level 1:colcon.colcon_core.environment:checking '/home/jprl/APS1/APS1/jota_ws1/install/rm_slam/bin'
[2.753s] Level 1:colcon.colcon_core.environment:create_environment_scripts_only(rm_slam)
[2.753s] INFO:colcon.colcon_core.shell:Creating package script '/home/jprl/APS1/APS1/jota_ws1/install/rm_slam/share/rm_slam/package.ps1'
[2.754s] INFO:colcon.colcon_core.shell:Creating package descriptor '/home/jprl/APS1/APS1/jota_ws1/install/rm_slam/share/rm_slam/package.dsv'
[2.755s] INFO:colcon.colcon_core.shell:Creating package script '/home/jprl/APS1/APS1/jota_ws1/install/rm_slam/share/rm_slam/package.sh'
[2.756s] INFO:colcon.colcon_core.shell:Creating package script '/home/jprl/APS1/APS1/jota_ws1/install/rm_slam/share/rm_slam/package.bash'
[2.757s] INFO:colcon.colcon_core.shell:Creating package script '/home/jprl/APS1/APS1/jota_ws1/install/rm_slam/share/rm_slam/package.zsh'
[2.757s] Level 1:colcon.colcon_core.environment:create_file_with_runtime_dependencies(/home/jprl/APS1/APS1/jota_ws1/install/rm_slam/share/colcon-core/packages/rm_slam)
[2.760s] Level 1:colcon.colcon_core.environment:checking '/home/jprl/APS1/APS1/jota_ws1/install/rm_localization' for CMake module files
[2.761s] DEBUG:colcon.colcon_core.event_handler.log_command:Invoked command in '/home/jprl/APS1/APS1/jota_ws1/src/rm_localization' returned '0': PYTHONPATH=/home/jprl/APS1/APS1/jota_ws1/build/rm_localization/prefix_override:/usr/lib/python3/dist-packages/colcon_core/task/python/colcon_distutils_commands:/home/jprl/APS1/APS1/jota_ws1/install/rm_localization/lib/python3.8/site-packages:${PYTHONPATH} /usr/bin/python3 -W ignore:setup.py install is deprecated -W ignore:easy_install command is deprecated setup.py egg_info --egg-base ../../build/rm_localization build --build-base /home/jprl/APS1/APS1/jota_ws1/build/rm_localization/build install --record /home/jprl/APS1/APS1/jota_ws1/build/rm_localization/install.log --install-scripts $base/lib/rm_localization --single-version-externally-managed install_data
[2.761s] Level 1:colcon.colcon_core.environment:checking '/home/jprl/APS1/APS1/jota_ws1/install/rm_localization' for CMake config files
[2.762s] Level 1:colcon.colcon_core.environment:checking '/home/jprl/APS1/APS1/jota_ws1/install/rm_localization/lib'
[2.762s] Level 1:colcon.colcon_core.environment:checking '/home/jprl/APS1/APS1/jota_ws1/install/rm_localization/bin'
[2.762s] Level 1:colcon.colcon_core.environment:checking '/home/jprl/APS1/APS1/jota_ws1/install/rm_localization/lib/pkgconfig/rm_localization.pc'
[2.763s] Level 1:colcon.colcon_core.environment:checking '/home/jprl/APS1/APS1/jota_ws1/install/rm_localization/lib/python3.8/site-packages'
[2.763s] Level 1:colcon.colcon_core.shell:create_environment_hook('rm_localization', 'pythonpath')
[2.763s] INFO:colcon.colcon_core.shell:Creating environment hook '/home/jprl/APS1/APS1/jota_ws1/install/rm_localization/share/rm_localization/hook/pythonpath.ps1'
[2.764s] INFO:colcon.colcon_core.shell:Creating environment descriptor '/home/jprl/APS1/APS1/jota_ws1/install/rm_localization/share/rm_localization/hook/pythonpath.dsv'
[2.764s] INFO:colcon.colcon_core.shell:Creating environment hook '/home/jprl/APS1/APS1/jota_ws1/install/rm_localization/share/rm_localization/hook/pythonpath.sh'
[2.765s] Level 1:colcon.colcon_core.environment:checking '/home/jprl/APS1/APS1/jota_ws1/install/rm_localization/bin'
[2.765s] Level 1:colcon.colcon_core.environment:create_environment_scripts_only(rm_localization)
[2.766s] INFO:colcon.colcon_core.shell:Creating package script '/home/jprl/APS1/APS1/jota_ws1/install/rm_localization/share/rm_localization/package.ps1'
[2.767s] INFO:colcon.colcon_core.shell:Creating package descriptor '/home/jprl/APS1/APS1/jota_ws1/install/rm_localization/share/rm_localization/package.dsv'
[2.767s] INFO:colcon.colcon_core.shell:Creating package script '/home/jprl/APS1/APS1/jota_ws1/install/rm_localization/share/rm_localization/package.sh'
[2.768s] INFO:colcon.colcon_core.shell:Creating package script '/home/jprl/APS1/APS1/jota_ws1/install/rm_localization/share/rm_localization/package.bash'
[2.769s] INFO:colcon.colcon_core.shell:Creating package script '/home/jprl/APS1/APS1/jota_ws1/install/rm_localization/share/rm_localization/package.zsh'
[2.770s] Level 1:colcon.colcon_core.environment:create_file_with_runtime_dependencies(/home/jprl/APS1/APS1/jota_ws1/install/rm_localization/share/colcon-core/packages/rm_localization)
[3.116s] Level 1:colcon.colcon_core.environment:checking '/home/jprl/APS1/APS1/jota_ws1/install/rm_navigation' for CMake module files
[3.117s] DEBUG:colcon.colcon_core.event_handler.log_command:Invoked command in '/home/jprl/APS1/APS1/jota_ws1/src/rm_navigation' returned '0': PYTHONPATH=/home/jprl/APS1/APS1/jota_ws1/build/rm_navigation/prefix_override:/usr/lib/python3/dist-packages/colcon_core/task/python/colcon_distutils_commands:/home/jprl/APS1/APS1/jota_ws1/install/rm_navigation/lib/python3.8/site-packages:${PYTHONPATH} /usr/bin/python3 -W ignore:setup.py install is deprecated -W ignore:easy_install command is deprecated setup.py egg_info --egg-base ../../build/rm_navigation build --build-base /home/jprl/APS1/APS1/jota_ws1/build/rm_navigation/build install --record /home/jprl/APS1/APS1/jota_ws1/build/rm_navigation/install.log --install-scripts $base/lib/rm_navigation --single-version-externally-managed install_data
[3.117s] Level 1:colcon.colcon_core.environment:checking '/home/jprl/APS1/APS1/jota_ws1/install/rm_navigation' for CMake config files
[3.118s] Level 1:colcon.colcon_core.environment:checking '/home/jprl/APS1/APS1/jota_ws1/install/rm_navigation/lib'
[3.119s] Level 1:colcon.colcon_core.environment:checking '/home/jprl/APS1/APS1/jota_ws1/install/rm_navigation/bin'
[3.119s] Level 1:colcon.colcon_core.environment:checking '/home/jprl/APS1/APS1/jota_ws1/install/rm_navigation/lib/pkgconfig/rm_navigation.pc'
[3.119s] Level 1:colcon.colcon_core.environment:checking '/home/jprl/APS1/APS1/jota_ws1/install/rm_navigation/lib/python3.8/site-packages'
[3.119s] Level 1:colcon.colcon_core.shell:create_environment_hook('rm_navigation', 'pythonpath')
[3.119s] INFO:colcon.colcon_core.shell:Creating environment hook '/home/jprl/APS1/APS1/jota_ws1/install/rm_navigation/share/rm_navigation/hook/pythonpath.ps1'
[3.120s] INFO:colcon.colcon_core.shell:Creating environment descriptor '/home/jprl/APS1/APS1/jota_ws1/install/rm_navigation/share/rm_navigation/hook/pythonpath.dsv'
[3.120s] INFO:colcon.colcon_core.shell:Creating environment hook '/home/jprl/APS1/APS1/jota_ws1/install/rm_navigation/share/rm_navigation/hook/pythonpath.sh'
[3.122s] Level 1:colcon.colcon_core.environment:checking '/home/jprl/APS1/APS1/jota_ws1/install/rm_navigation/bin'
[3.122s] Level 1:colcon.colcon_core.environment:create_environment_scripts_only(rm_navigation)
[3.122s] INFO:colcon.colcon_core.shell:Creating package script '/home/jprl/APS1/APS1/jota_ws1/install/rm_navigation/share/rm_navigation/package.ps1'
[3.123s] INFO:colcon.colcon_core.shell:Creating package descriptor '/home/jprl/APS1/APS1/jota_ws1/install/rm_navigation/share/rm_navigation/package.dsv'
[3.124s] INFO:colcon.colcon_core.shell:Creating package script '/home/jprl/APS1/APS1/jota_ws1/install/rm_navigation/share/rm_navigation/package.sh'
[3.124s] INFO:colcon.colcon_core.shell:Creating package script '/home/jprl/APS1/APS1/jota_ws1/install/rm_navigation/share/rm_navigation/package.bash'
[3.125s] INFO:colcon.colcon_core.shell:Creating package script '/home/jprl/APS1/APS1/jota_ws1/install/rm_navigation/share/rm_navigation/package.zsh'
[3.126s] Level 1:colcon.colcon_core.environment:create_file_with_runtime_dependencies(/home/jprl/APS1/APS1/jota_ws1/install/rm_navigation/share/colcon-core/packages/rm_navigation)
[3.136s] Level 1:colcon.colcon_core.environment:checking '/home/jprl/APS1/APS1/jota_ws1/install/rm_navigator' for CMake module files
[3.137s] DEBUG:colcon.colcon_core.event_handler.log_command:Invoked command in '/home/jprl/APS1/APS1/jota_ws1/src/rm_navigator' returned '0': PYTHONPATH=/home/jprl/APS1/APS1/jota_ws1/build/rm_navigator/prefix_override:/usr/lib/python3/dist-packages/colcon_core/task/python/colcon_distutils_commands:/home/jprl/APS1/APS1/jota_ws1/install/rm_navigator/lib/python3.8/site-packages:${PYTHONPATH} /usr/bin/python3 -W ignore:setup.py install is deprecated -W ignore:easy_install command is deprecated setup.py egg_info --egg-base ../../build/rm_navigator build --build-base /home/jprl/APS1/APS1/jota_ws1/build/rm_navigator/build install --record /home/jprl/APS1/APS1/jota_ws1/build/rm_navigator/install.log --install-scripts $base/lib/rm_navigator --single-version-externally-managed install_data
[3.138s] Level 1:colcon.colcon_core.environment:checking '/home/jprl/APS1/APS1/jota_ws1/install/rm_navigator' for CMake config files
[3.138s] Level 1:colcon.colcon_core.environment:checking '/home/jprl/APS1/APS1/jota_ws1/install/rm_navigator/lib'
[3.139s] Level 1:colcon.colcon_core.environment:checking '/home/jprl/APS1/APS1/jota_ws1/install/rm_navigator/bin'
[3.139s] Level 1:colcon.colcon_core.environment:checking '/home/jprl/APS1/APS1/jota_ws1/install/rm_navigator/lib/pkgconfig/rm_navigator.pc'
[3.139s] Level 1:colcon.colcon_core.environment:checking '/home/jprl/APS1/APS1/jota_ws1/install/rm_navigator/lib/python3.8/site-packages'
[3.139s] Level 1:colcon.colcon_core.shell:create_environment_hook('rm_navigator', 'pythonpath')
[3.139s] INFO:colcon.colcon_core.shell:Creating environment hook '/home/jprl/APS1/APS1/jota_ws1/install/rm_navigator/share/rm_navigator/hook/pythonpath.ps1'
[3.140s] INFO:colcon.colcon_core.shell:Creating environment descriptor '/home/jprl/APS1/APS1/jota_ws1/install/rm_navigator/share/rm_navigator/hook/pythonpath.dsv'
[3.141s] INFO:colcon.colcon_core.shell:Creating environment hook '/home/jprl/APS1/APS1/jota_ws1/install/rm_navigator/share/rm_navigator/hook/pythonpath.sh'
[3.142s] Level 1:colcon.colcon_core.environment:checking '/home/jprl/APS1/APS1/jota_ws1/install/rm_navigator/bin'
[3.142s] Level 1:colcon.colcon_core.environment:create_environment_scripts_only(rm_navigator)
[3.143s] INFO:colcon.colcon_core.shell:Creating package script '/home/jprl/APS1/APS1/jota_ws1/install/rm_navigator/share/rm_navigator/package.ps1'
[3.144s] INFO:colcon.colcon_core.shell:Creating package descriptor '/home/jprl/APS1/APS1/jota_ws1/install/rm_navigator/share/rm_navigator/package.dsv'
[3.144s] INFO:colcon.colcon_core.shell:Creating package script '/home/jprl/APS1/APS1/jota_ws1/install/rm_navigator/share/rm_navigator/package.sh'
[3.145s] INFO:colcon.colcon_core.shell:Creating package script '/home/jprl/APS1/APS1/jota_ws1/install/rm_navigator/share/rm_navigator/package.bash'
[3.146s] INFO:colcon.colcon_core.shell:Creating package script '/home/jprl/APS1/APS1/jota_ws1/install/rm_navigator/share/rm_navigator/package.zsh'
[3.146s] Level 1:colcon.colcon_core.environment:create_file_with_runtime_dependencies(/home/jprl/APS1/APS1/jota_ws1/install/rm_navigator/share/colcon-core/packages/rm_navigator)
[3.666s] DEBUG:colcon.colcon_core.event_handler.log_command:Invoking command in '/home/jprl/APS1/APS1/jota_ws1/src/robot_navigation': CMAKE_PREFIX_PATH=/home/jprl/APS1/APS1/jota_ws1/install/custom_interfaces:/home/jprl/APS1/APS1/jota_ws1/install/robot_description PYTHONPATH=/home/jprl/APS1/APS1/jota_ws1/build/robot_navigation/prefix_override:/usr/lib/python3/dist-packages/colcon_core/task/python/colcon_distutils_commands:/home/jprl/APS1/APS1/jota_ws1/install/robot_navigation/lib/python3.8/site-packages:/home/jprl/APS1/APS1/jota_ws1/install/custom_interfaces/lib/python3.8/site-packages:/home/jprl/APS1/APS1/jota_ws1/install/robot_navigation/lib/python3.8/site-packages:/home/jprl/APS1/APS1/jota_ws1/install/rm_slam/lib/python3.8/site-packages:/home/jprl/APS1/APS1/jota_ws1/install/rm_navigator/lib/python3.8/site-packages:/home/jprl/APS1/APS1/jota_ws1/install/rm_navigation/lib/python3.8/site-packages:/home/jprl/APS1/APS1/jota_ws1/install/rm_localization/lib/python3.8/site-packages:/opt/ros/foxy/lib/python3.8/site-packages /usr/bin/python3 -W ignore:setup.py install is deprecated -W ignore:easy_install command is deprecated setup.py egg_info --egg-base ../../build/robot_navigation build --build-base /home/jprl/APS1/APS1/jota_ws1/build/robot_navigation/build install --record /home/jprl/APS1/APS1/jota_ws1/build/robot_navigation/install.log --install-scripts $base/lib/robot_navigation --single-version-externally-managed install_data
[4.035s] Level 1:colcon.colcon_core.environment:checking '/home/jprl/APS1/APS1/jota_ws1/install/robot_navigation' for CMake module files
[4.036s] DEBUG:colcon.colcon_core.event_handler.log_command:Invoked command in '/home/jprl/APS1/APS1/jota_ws1/src/robot_navigation' returned '0': CMAKE_PREFIX_PATH=/home/jprl/APS1/APS1/jota_ws1/install/custom_interfaces:/home/jprl/APS1/APS1/jota_ws1/install/robot_description PYTHONPATH=/home/jprl/APS1/APS1/jota_ws1/build/robot_navigation/prefix_override:/usr/lib/python3/dist-packages/colcon_core/task/python/colcon_distutils_commands:/home/jprl/APS1/APS1/jota_ws1/install/robot_navigation/lib/python3.8/site-packages:/home/jprl/APS1/APS1/jota_ws1/install/custom_interfaces/lib/python3.8/site-packages:/home/jprl/APS1/APS1/jota_ws1/install/robot_navigation/lib/python3.8/site-packages:/home/jprl/APS1/APS1/jota_ws1/install/rm_slam/lib/python3.8/site-packages:/home/jprl/APS1/APS1/jota_ws1/install/rm_navigator/lib/python3.8/site-packages:/home/jprl/APS1/APS1/jota_ws1/install/rm_navigation/lib/python3.8/site-packages:/home/jprl/APS1/APS1/jota_ws1/install/rm_localization/lib/python3.8/site-packages:/opt/ros/foxy/lib/python3.8/site-packages /usr/bin/python3 -W ignore:setup.py install is deprecated -W ignore:easy_install command is deprecated setup.py egg_info --egg-base ../../build/robot_navigation build --build-base /home/jprl/APS1/APS1/jota_ws1/build/robot_navigation/build install --record /home/jprl/APS1/APS1/jota_ws1/build/robot_navigation/install.log --install-scripts $base/lib/robot_navigation --single-version-externally-managed install_data
[4.036s] Level 1:colcon.colcon_core.environment:checking '/home/jprl/APS1/APS1/jota_ws1/install/robot_navigation' for CMake config files
[4.037s] Level 1:colcon.colcon_core.environment:checking '/home/jprl/APS1/APS1/jota_ws1/install/robot_navigation/lib'
[4.037s] Level 1:colcon.colcon_core.environment:checking '/home/jprl/APS1/APS1/jota_ws1/install/robot_navigation/bin'
[4.037s] Level 1:colcon.colcon_core.environment:checking '/home/jprl/APS1/APS1/jota_ws1/install/robot_navigation/lib/pkgconfig/robot_navigation.pc'
[4.038s] Level 1:colcon.colcon_core.environment:checking '/home/jprl/APS1/APS1/jota_ws1/install/robot_navigation/lib/python3.8/site-packages'
[4.038s] Level 1:colcon.colcon_core.shell:create_environment_hook('robot_navigation', 'pythonpath')
[4.038s] INFO:colcon.colcon_core.shell:Creating environment hook '/home/jprl/APS1/APS1/jota_ws1/install/robot_navigation/share/robot_navigation/hook/pythonpath.ps1'
[4.039s] INFO:colcon.colcon_core.shell:Creating environment descriptor '/home/jprl/APS1/APS1/jota_ws1/install/robot_navigation/share/robot_navigation/hook/pythonpath.dsv'
[4.039s] INFO:colcon.colcon_core.shell:Creating environment hook '/home/jprl/APS1/APS1/jota_ws1/install/robot_navigation/share/robot_navigation/hook/pythonpath.sh'
[4.040s] Level 1:colcon.colcon_core.environment:checking '/home/jprl/APS1/APS1/jota_ws1/install/robot_navigation/bin'
[4.040s] Level 1:colcon.colcon_core.environment:create_environment_scripts_only(robot_navigation)
[4.040s] INFO:colcon.colcon_core.shell:Creating package script '/home/jprl/APS1/APS1/jota_ws1/install/robot_navigation/share/robot_navigation/package.ps1'
[4.041s] INFO:colcon.colcon_core.shell:Creating package descriptor '/home/jprl/APS1/APS1/jota_ws1/install/robot_navigation/share/robot_navigation/package.dsv'
[4.042s] INFO:colcon.colcon_core.shell:Creating package script '/home/jprl/APS1/APS1/jota_ws1/install/robot_navigation/share/robot_navigation/package.sh'
[4.042s] INFO:colcon.colcon_core.shell:Creating package script '/home/jprl/APS1/APS1/jota_ws1/install/robot_navigation/share/robot_navigation/package.bash'
[4.043s] INFO:colcon.colcon_core.shell:Creating package script '/home/jprl/APS1/APS1/jota_ws1/install/robot_navigation/share/robot_navigation/package.zsh'
[4.043s] Level 1:colcon.colcon_core.environment:create_file_with_runtime_dependencies(/home/jprl/APS1/APS1/jota_ws1/install/robot_navigation/share/colcon-core/packages/robot_navigation)
[4.044s] DEBUG:colcon.colcon_parallel_executor.executor.parallel:closing loop
[4.045s] DEBUG:colcon.colcon_parallel_executor.executor.parallel:loop closed
[4.045s] DEBUG:colcon.colcon_parallel_executor.executor.parallel:run_until_complete finished with '0'
[4.046s] DEBUG:colcon.colcon_core.event_reactor:joining thread
[4.122s] INFO:colcon.colcon_core.plugin_system:Skipping extension 'colcon_notification.desktop_notification.notify_send': Could not find 'notify-send'
[4.122s] INFO:colcon.colcon_core.plugin_system:Skipping extension 'colcon_notification.desktop_notification.terminal_notifier': Not used on non-Darwin systems
[4.122s] INFO:colcon.colcon_core.plugin_system:Skipping extension 'colcon_notification.desktop_notification.win32': Not used on non-Windows systems
[4.122s] INFO:colcon.colcon_notification.desktop_notification:Sending desktop notification using 'notify2'
[4.124s] DEBUG:colcon.colcon_notification.desktop_notification.notify2:Failed to initialize notify2: org.freedesktop.DBus.Error.ServiceUnknown: The name org.freedesktop.Notifications was not provided by any .service files
[4.124s] DEBUG:colcon.colcon_core.event_reactor:joined thread
[4.124s] INFO:colcon.colcon_core.shell:Creating prefix script '/home/jprl/APS1/APS1/jota_ws1/install/local_setup.ps1'
[4.125s] INFO:colcon.colcon_core.shell:Creating prefix util module '/home/jprl/APS1/APS1/jota_ws1/install/_local_setup_util_ps1.py'
[4.126s] INFO:colcon.colcon_core.shell:Creating prefix chain script '/home/jprl/APS1/APS1/jota_ws1/install/setup.ps1'
[4.127s] INFO:colcon.colcon_core.shell:Creating prefix script '/home/jprl/APS1/APS1/jota_ws1/install/local_setup.sh'
[4.129s] INFO:colcon.colcon_core.shell:Creating prefix util module '/home/jprl/APS1/APS1/jota_ws1/install/_local_setup_util_sh.py'
[4.129s] INFO:colcon.colcon_core.shell:Creating prefix chain script '/home/jprl/APS1/APS1/jota_ws1/install/setup.sh'
[4.130s] INFO:colcon.colcon_core.shell:Creating prefix script '/home/jprl/APS1/APS1/jota_ws1/install/local_setup.bash'
[4.131s] INFO:colcon.colcon_core.shell:Creating prefix chain script '/home/jprl/APS1/APS1/jota_ws1/install/setup.bash'
[4.132s] INFO:colcon.colcon_core.shell:Creating prefix script '/home/jprl/APS1/APS1/jota_ws1/install/local_setup.zsh'
[4.133s] INFO:colcon.colcon_core.shell:Creating prefix chain script '/home/jprl/APS1/APS1/jota_ws1/install/setup.zsh'
