[0.761s] Invoking command in '/home/jprl/APS1/APS1/jota_ws1/src/rm_navigation': PYTHONPATH=/home/jprl/APS1/APS1/jota_ws1/build/rm_navigation/prefix_override:/usr/lib/python3/dist-packages/colcon_core/task/python/colcon_distutils_commands:/home/jprl/APS1/APS1/jota_ws1/install/rm_navigation/lib/python3.8/site-packages:${PYTHONPATH} /usr/bin/python3 -W ignore:setup.py install is deprecated -W ignore:easy_install command is deprecated setup.py egg_info --egg-base ../../build/rm_navigation build --build-base /home/jprl/APS1/APS1/jota_ws1/build/rm_navigation/build install --record /home/jprl/APS1/APS1/jota_ws1/build/rm_navigation/install.log --install-scripts $base/lib/rm_navigation --single-version-externally-managed install_data
[0.973s] running egg_info
[0.973s] writing ../../build/rm_navigation/rm_navigation.egg-info/PKG-INFO
[0.973s] writing dependency_links to ../../build/rm_navigation/rm_navigation.egg-info/dependency_links.txt
[0.974s] writing entry points to ../../build/rm_navigation/rm_navigation.egg-info/entry_points.txt
[0.974s] writing requirements to ../../build/rm_navigation/rm_navigation.egg-info/requires.txt
[0.974s] writing top-level names to ../../build/rm_navigation/rm_navigation.egg-info/top_level.txt
[1.012s] reading manifest file '../../build/rm_navigation/rm_navigation.egg-info/SOURCES.txt'
[1.013s] writing manifest file '../../build/rm_navigation/rm_navigation.egg-info/SOURCES.txt'
[1.014s] running build
[1.014s] running build_py
[1.014s] running install
[1.015s] running install_lib
[1.016s] running install_data
[1.017s] copying config/nav2_params.yaml -> /home/jprl/APS1/APS1/jota_ws1/install/rm_navigation/share/rm_navigation/config
[1.017s] running install_egg_info
[1.019s] removing '/home/jprl/APS1/APS1/jota_ws1/install/rm_navigation/lib/python3.8/site-packages/rm_navigation-0.0.0-py3.8.egg-info' (and everything under it)
[1.020s] Copying ../../build/rm_navigation/rm_navigation.egg-info to /home/jprl/APS1/APS1/jota_ws1/install/rm_navigation/lib/python3.8/site-packages/rm_navigation-0.0.0-py3.8.egg-info
[1.021s] running install_scripts
[1.040s] writing list of installed files to '/home/jprl/APS1/APS1/jota_ws1/build/rm_navigation/install.log'
[1.058s] Invoked command in '/home/jprl/APS1/APS1/jota_ws1/src/rm_navigation' returned '0': PYTHONPATH=/home/jprl/APS1/APS1/jota_ws1/build/rm_navigation/prefix_override:/usr/lib/python3/dist-packages/colcon_core/task/python/colcon_distutils_commands:/home/jprl/APS1/APS1/jota_ws1/install/rm_navigation/lib/python3.8/site-packages:${PYTHONPATH} /usr/bin/python3 -W ignore:setup.py install is deprecated -W ignore:easy_install command is deprecated setup.py egg_info --egg-base ../../build/rm_navigation build --build-base /home/jprl/APS1/APS1/jota_ws1/build/rm_navigation/build install --record /home/jprl/APS1/APS1/jota_ws1/build/rm_navigation/install.log --install-scripts $base/lib/rm_navigation --single-version-externally-managed install_data
