[4.256s] Invoking command in '/home/jprl/APS1/APS1/jota_ws1/src/rm_navigation': PYTHONPATH=/home/jprl/APS1/APS1/jota_ws1/build/rm_navigation/prefix_override:/usr/lib/python3/dist-packages/colcon_core/task/python/colcon_distutils_commands:/home/jprl/APS1/APS1/jota_ws1/install/rm_navigation/lib/python3.8/site-packages:${PYTHONPATH} /usr/bin/python3 -W ignore:setup.py install is deprecated -W ignore:easy_install command is deprecated setup.py egg_info --egg-base ../../build/rm_navigation build --build-base /home/jprl/APS1/APS1/jota_ws1/build/rm_navigation/build install --record /home/jprl/APS1/APS1/jota_ws1/build/rm_navigation/install.log --install-scripts $base/lib/rm_navigation --single-version-externally-managed install_data
[4.924s] running egg_info
[4.926s] writing ../../build/rm_navigation/rm_navigation.egg-info/PKG-INFO
[4.926s] writing dependency_links to ../../build/rm_navigation/rm_navigation.egg-info/dependency_links.txt
[4.927s] writing entry points to ../../build/rm_navigation/rm_navigation.egg-info/entry_points.txt
[4.928s] writing requirements to ../../build/rm_navigation/rm_navigation.egg-info/requires.txt
[4.929s] writing top-level names to ../../build/rm_navigation/rm_navigation.egg-info/top_level.txt
[5.036s] reading manifest file '../../build/rm_navigation/rm_navigation.egg-info/SOURCES.txt'
[5.045s] writing manifest file '../../build/rm_navigation/rm_navigation.egg-info/SOURCES.txt'
[5.046s] running build
[5.046s] running build_py
[5.046s] running install
[5.048s] running install_lib
[5.053s] running install_data
[5.054s] running install_egg_info
[5.059s] removing '/home/jprl/APS1/APS1/jota_ws1/install/rm_navigation/lib/python3.8/site-packages/rm_navigation-0.0.0-py3.8.egg-info' (and everything under it)
[5.060s] Copying ../../build/rm_navigation/rm_navigation.egg-info to /home/jprl/APS1/APS1/jota_ws1/install/rm_navigation/lib/python3.8/site-packages/rm_navigation-0.0.0-py3.8.egg-info
[5.063s] running install_scripts
[5.127s] writing list of installed files to '/home/jprl/APS1/APS1/jota_ws1/build/rm_navigation/install.log'
[5.215s] Invoked command in '/home/jprl/APS1/APS1/jota_ws1/src/rm_navigation' returned '0': PYTHONPATH=/home/jprl/APS1/APS1/jota_ws1/build/rm_navigation/prefix_override:/usr/lib/python3/dist-packages/colcon_core/task/python/colcon_distutils_commands:/home/jprl/APS1/APS1/jota_ws1/install/rm_navigation/lib/python3.8/site-packages:${PYTHONPATH} /usr/bin/python3 -W ignore:setup.py install is deprecated -W ignore:easy_install command is deprecated setup.py egg_info --egg-base ../../build/rm_navigation build --build-base /home/jprl/APS1/APS1/jota_ws1/build/rm_navigation/build install --record /home/jprl/APS1/APS1/jota_ws1/build/rm_navigation/install.log --install-scripts $base/lib/rm_navigation --single-version-externally-managed install_data
