[3.859s] Invoking command in '/home/jprl/APS1/APS1/jota_ws1/src/waypoint_navigation_pkg': PYTHONPATH=/home/jprl/APS1/APS1/jota_ws1/build/waypoint_navigation_pkg/prefix_override:/usr/lib/python3/dist-packages/colcon_core/task/python/colcon_distutils_commands:/home/jprl/APS1/APS1/jota_ws1/install/waypoint_navigation_pkg/lib/python3.8/site-packages:${PYTHONPATH} /usr/bin/python3 -W ignore:setup.py install is deprecated -W ignore:easy_install command is deprecated setup.py egg_info --egg-base ../../build/waypoint_navigation_pkg build --build-base /home/jprl/APS1/APS1/jota_ws1/build/waypoint_navigation_pkg/build install --record /home/jprl/APS1/APS1/jota_ws1/build/waypoint_navigation_pkg/install.log --install-scripts $base/lib/waypoint_navigation_pkg --single-version-externally-managed install_data
[4.678s] running egg_info
[4.680s] writing ../../build/waypoint_navigation_pkg/waypoint_navigation_pkg.egg-info/PKG-INFO
[4.681s] writing dependency_links to ../../build/waypoint_navigation_pkg/waypoint_navigation_pkg.egg-info/dependency_links.txt
[4.681s] writing entry points to ../../build/waypoint_navigation_pkg/waypoint_navigation_pkg.egg-info/entry_points.txt
[4.682s] writing requirements to ../../build/waypoint_navigation_pkg/waypoint_navigation_pkg.egg-info/requires.txt
[4.691s] writing top-level names to ../../build/waypoint_navigation_pkg/waypoint_navigation_pkg.egg-info/top_level.txt
[4.804s] reading manifest file '../../build/waypoint_navigation_pkg/waypoint_navigation_pkg.egg-info/SOURCES.txt'
[4.806s] writing manifest file '../../build/waypoint_navigation_pkg/waypoint_navigation_pkg.egg-info/SOURCES.txt'
[4.807s] running build
[4.807s] running build_py
[4.808s] copying waypoint_navigation_pkg/waypoint_publisher.py -> /home/jprl/APS1/APS1/jota_ws1/build/waypoint_navigation_pkg/build/lib/waypoint_navigation_pkg
[4.808s] running install
[4.810s] running install_lib
[4.812s] copying /home/jprl/APS1/APS1/jota_ws1/build/waypoint_navigation_pkg/build/lib/waypoint_navigation_pkg/waypoint_publisher.py -> /home/jprl/APS1/APS1/jota_ws1/install/waypoint_navigation_pkg/lib/python3.8/site-packages/waypoint_navigation_pkg
[4.824s] byte-compiling /home/jprl/APS1/APS1/jota_ws1/install/waypoint_navigation_pkg/lib/python3.8/site-packages/waypoint_navigation_pkg/waypoint_publisher.py to waypoint_publisher.cpython-38.pyc
[4.833s] running install_data
[4.835s] running install_egg_info
[4.838s] removing '/home/jprl/APS1/APS1/jota_ws1/install/waypoint_navigation_pkg/lib/python3.8/site-packages/waypoint_navigation_pkg-0.0.1-py3.8.egg-info' (and everything under it)
[4.839s] Copying ../../build/waypoint_navigation_pkg/waypoint_navigation_pkg.egg-info to /home/jprl/APS1/APS1/jota_ws1/install/waypoint_navigation_pkg/lib/python3.8/site-packages/waypoint_navigation_pkg-0.0.1-py3.8.egg-info
[4.841s] running install_scripts
[4.899s] Installing waypoint_publisher script to /home/jprl/APS1/APS1/jota_ws1/install/waypoint_navigation_pkg/lib/waypoint_navigation_pkg
[4.900s] writing list of installed files to '/home/jprl/APS1/APS1/jota_ws1/build/waypoint_navigation_pkg/install.log'
[4.979s] Invoked command in '/home/jprl/APS1/APS1/jota_ws1/src/waypoint_navigation_pkg' returned '0': PYTHONPATH=/home/jprl/APS1/APS1/jota_ws1/build/waypoint_navigation_pkg/prefix_override:/usr/lib/python3/dist-packages/colcon_core/task/python/colcon_distutils_commands:/home/jprl/APS1/APS1/jota_ws1/install/waypoint_navigation_pkg/lib/python3.8/site-packages:${PYTHONPATH} /usr/bin/python3 -W ignore:setup.py install is deprecated -W ignore:easy_install command is deprecated setup.py egg_info --egg-base ../../build/waypoint_navigation_pkg build --build-base /home/jprl/APS1/APS1/jota_ws1/build/waypoint_navigation_pkg/build install --record /home/jprl/APS1/APS1/jota_ws1/build/waypoint_navigation_pkg/install.log --install-scripts $base/lib/waypoint_navigation_pkg --single-version-externally-managed install_data
