[4.329s] Invoking command in '/home/jprl/APS1/APS1/jota_ws1/src/rm_navigation': PYTHONPATH=/home/jprl/APS1/APS1/jota_ws1/build/rm_navigation/prefix_override:/usr/lib/python3/dist-packages/colcon_core/task/python/colcon_distutils_commands:/home/jprl/APS1/APS1/jota_ws1/install/rm_navigation/lib/python3.8/site-packages:${PYTHONPATH} /usr/bin/python3 -W ignore:setup.py install is deprecated -W ignore:easy_install command is deprecated setup.py egg_info --egg-base ../../build/rm_navigation build --build-base /home/jprl/APS1/APS1/jota_ws1/build/rm_navigation/build install --record /home/jprl/APS1/APS1/jota_ws1/build/rm_navigation/install.log --install-scripts $base/lib/rm_navigation --single-version-externally-managed install_data
[5.082s] running egg_info
[5.088s] writing ../../build/rm_navigation/rm_navigation.egg-info/PKG-INFO
[5.090s] writing dependency_links to ../../build/rm_navigation/rm_navigation.egg-info/dependency_links.txt
[5.091s] writing entry points to ../../build/rm_navigation/rm_navigation.egg-info/entry_points.txt
[5.091s] writing requirements to ../../build/rm_navigation/rm_navigation.egg-info/requires.txt
[5.092s] writing top-level names to ../../build/rm_navigation/rm_navigation.egg-info/top_level.txt
[5.195s] reading manifest file '../../build/rm_navigation/rm_navigation.egg-info/SOURCES.txt'
[5.198s] writing manifest file '../../build/rm_navigation/rm_navigation.egg-info/SOURCES.txt'
[5.199s] running build
[5.199s] running build_py
[5.199s] running install
[5.202s] running install_lib
[5.207s] running install_data
[5.210s] running install_egg_info
[5.220s] removing '/home/jprl/APS1/APS1/jota_ws1/install/rm_navigation/lib/python3.8/site-packages/rm_navigation-0.0.0-py3.8.egg-info' (and everything under it)
[5.224s] Copying ../../build/rm_navigation/rm_navigation.egg-info to /home/jprl/APS1/APS1/jota_ws1/install/rm_navigation/lib/python3.8/site-packages/rm_navigation-0.0.0-py3.8.egg-info
[5.229s] running install_scripts
[5.291s] writing list of installed files to '/home/jprl/APS1/APS1/jota_ws1/build/rm_navigation/install.log'
[5.372s] Invoked command in '/home/jprl/APS1/APS1/jota_ws1/src/rm_navigation' returned '0': PYTHONPATH=/home/jprl/APS1/APS1/jota_ws1/build/rm_navigation/prefix_override:/usr/lib/python3/dist-packages/colcon_core/task/python/colcon_distutils_commands:/home/jprl/APS1/APS1/jota_ws1/install/rm_navigation/lib/python3.8/site-packages:${PYTHONPATH} /usr/bin/python3 -W ignore:setup.py install is deprecated -W ignore:easy_install command is deprecated setup.py egg_info --egg-base ../../build/rm_navigation build --build-base /home/jprl/APS1/APS1/jota_ws1/build/rm_navigation/build install --record /home/jprl/APS1/APS1/jota_ws1/build/rm_navigation/install.log --install-scripts $base/lib/rm_navigation --single-version-externally-managed install_data
