[2.565s] Invoking command in '/home/jprl/APS1/APS1/jota_ws1/src/rm_localization': PYTHONPATH=/home/jprl/APS1/APS1/jota_ws1/build/rm_localization/prefix_override:/usr/lib/python3/dist-packages/colcon_core/task/python/colcon_distutils_commands:/home/jprl/APS1/APS1/jota_ws1/install/rm_localization/lib/python3.8/site-packages:${PYTHONPATH} /usr/bin/python3 -W ignore:setup.py install is deprecated -W ignore:easy_install command is deprecated setup.py egg_info --egg-base ../../build/rm_localization build --build-base /home/jprl/APS1/APS1/jota_ws1/build/rm_localization/build install --record /home/jprl/APS1/APS1/jota_ws1/build/rm_localization/install.log --install-scripts $base/lib/rm_localization --single-version-externally-managed install_data
[3.115s] running egg_info
[3.117s] writing ../../build/rm_localization/rm_localization.egg-info/PKG-INFO
[3.118s] writing dependency_links to ../../build/rm_localization/rm_localization.egg-info/dependency_links.txt
[3.119s] writing entry points to ../../build/rm_localization/rm_localization.egg-info/entry_points.txt
[3.120s] writing requirements to ../../build/rm_localization/rm_localization.egg-info/requires.txt
[3.122s] writing top-level names to ../../build/rm_localization/rm_localization.egg-info/top_level.txt
[3.197s] reading manifest file '../../build/rm_localization/rm_localization.egg-info/SOURCES.txt'
[3.199s] writing manifest file '../../build/rm_localization/rm_localization.egg-info/SOURCES.txt'
[3.200s] running build
[3.201s] running build_py
[3.202s] running install
[3.204s] running install_lib
[3.208s] running install_data
[3.208s] copying config/amcl_params.yaml -> /home/jprl/APS1/APS1/jota_ws1/install/rm_localization/share/rm_localization/config
[3.209s] running install_egg_info
[3.214s] removing '/home/jprl/APS1/APS1/jota_ws1/install/rm_localization/lib/python3.8/site-packages/rm_localization-0.0.0-py3.8.egg-info' (and everything under it)
[3.214s] Copying ../../build/rm_localization/rm_localization.egg-info to /home/jprl/APS1/APS1/jota_ws1/install/rm_localization/lib/python3.8/site-packages/rm_localization-0.0.0-py3.8.egg-info
[3.217s] running install_scripts
[3.256s] writing list of installed files to '/home/jprl/APS1/APS1/jota_ws1/build/rm_localization/install.log'
[3.302s] Invoked command in '/home/jprl/APS1/APS1/jota_ws1/src/rm_localization' returned '0': PYTHONPATH=/home/jprl/APS1/APS1/jota_ws1/build/rm_localization/prefix_override:/usr/lib/python3/dist-packages/colcon_core/task/python/colcon_distutils_commands:/home/jprl/APS1/APS1/jota_ws1/install/rm_localization/lib/python3.8/site-packages:${PYTHONPATH} /usr/bin/python3 -W ignore:setup.py install is deprecated -W ignore:easy_install command is deprecated setup.py egg_info --egg-base ../../build/rm_localization build --build-base /home/jprl/APS1/APS1/jota_ws1/build/rm_localization/build install --record /home/jprl/APS1/APS1/jota_ws1/build/rm_localization/install.log --install-scripts $base/lib/rm_localization --single-version-externally-managed install_data
