[0.027s] Invoking command in '/home/jprl/APS1/APS1/jota_ws1/build/robot_description': CMAKE_PREFIX_PATH=${CMAKE_PREFIX_PATH}:/home/jprl/APS1/APS1/jota_ws1/install/robot_navigation:/opt/ros/foxy /usr/bin/cmake --build /home/jprl/APS1/APS1/jota_ws1/build/robot_description -- -j12 -l12
[0.085s] Invoked command in '/home/jprl/APS1/APS1/jota_ws1/build/robot_description' returned '0': CMAKE_PREFIX_PATH=${CMAKE_PREFIX_PATH}:/home/jprl/APS1/APS1/jota_ws1/install/robot_navigation:/opt/ros/foxy /usr/bin/cmake --build /home/jprl/APS1/APS1/jota_ws1/build/robot_description -- -j12 -l12
[0.108s] Invoking command in '/home/jprl/APS1/APS1/jota_ws1/build/robot_description': CMAKE_PREFIX_PATH=${CMAKE_PREFIX_PATH}:/home/jprl/APS1/APS1/jota_ws1/install/robot_navigation:/opt/ros/foxy /usr/bin/cmake --install /home/jprl/APS1/APS1/jota_ws1/build/robot_description
[0.120s] -- Install configuration: ""
[0.120s] -- Up-to-date: /home/jprl/APS1/APS1/jota_ws1/install/robot_description/share/robot_description//launch
[0.121s] -- Up-to-date: /home/jprl/APS1/APS1/jota_ws1/install/robot_description/share/robot_description//launch/robot_simulation.launch.py:Zone.Identifier
[0.121s] -- Up-to-date: /home/jprl/APS1/APS1/jota_ws1/install/robot_description/share/robot_description//launch/robot_simulation.launch.py
[0.121s] -- Up-to-date: /home/jprl/APS1/APS1/jota_ws1/install/robot_description/share/robot_description//urdf
[0.122s] -- Installing: /home/jprl/APS1/APS1/jota_ws1/install/robot_description/share/robot_description//urdf/sensors.xacro
[0.122s] -- Installing: /home/jprl/APS1/APS1/jota_ws1/install/robot_description/share/robot_description//urdf/robot_base.xacro
[0.123s] -- Up-to-date: /home/jprl/APS1/APS1/jota_ws1/install/robot_description/share/robot_description//urdf/wheels.xacro
[0.123s] -- Up-to-date: /home/jprl/APS1/APS1/jota_ws1/install/robot_description/share/robot_description//rviz
[0.123s] -- Up-to-date: /home/jprl/APS1/APS1/jota_ws1/install/robot_description/share/robot_description//rviz/robot_vis.rviz
[0.123s] -- Up-to-date: /home/jprl/APS1/APS1/jota_ws1/install/robot_description/share/robot_description//rviz/robot_vis.rviz:Zone.Identifier
[0.124s] -- Up-to-date: /home/jprl/APS1/APS1/jota_ws1/install/robot_description/share/robot_description//world
[0.124s] -- Up-to-date: /home/jprl/APS1/APS1/jota_ws1/install/robot_description/share/robot_description//world/mundo1.world
[0.124s] -- Up-to-date: /home/jprl/APS1/APS1/jota_ws1/install/robot_description/share/robot_description//world/mundo1.world:Zone.Identifier
[0.124s] -- Up-to-date: /home/jprl/APS1/APS1/jota_ws1/install/robot_description/share/ament_index/resource_index/package_run_dependencies/robot_description
[0.124s] -- Up-to-date: /home/jprl/APS1/APS1/jota_ws1/install/robot_description/share/ament_index/resource_index/parent_prefix_path/robot_description
[0.124s] -- Up-to-date: /home/jprl/APS1/APS1/jota_ws1/install/robot_description/share/robot_description/environment/ament_prefix_path.sh
[0.125s] -- Up-to-date: /home/jprl/APS1/APS1/jota_ws1/install/robot_description/share/robot_description/environment/ament_prefix_path.dsv
[0.125s] -- Up-to-date: /home/jprl/APS1/APS1/jota_ws1/install/robot_description/share/robot_description/environment/path.sh
[0.125s] -- Up-to-date: /home/jprl/APS1/APS1/jota_ws1/install/robot_description/share/robot_description/environment/path.dsv
[0.125s] -- Up-to-date: /home/jprl/APS1/APS1/jota_ws1/install/robot_description/share/robot_description/local_setup.bash
[0.125s] -- Up-to-date: /home/jprl/APS1/APS1/jota_ws1/install/robot_description/share/robot_description/local_setup.sh
[0.126s] -- Up-to-date: /home/jprl/APS1/APS1/jota_ws1/install/robot_description/share/robot_description/local_setup.zsh
[0.126s] -- Up-to-date: /home/jprl/APS1/APS1/jota_ws1/install/robot_description/share/robot_description/local_setup.dsv
[0.127s] -- Up-to-date: /home/jprl/APS1/APS1/jota_ws1/install/robot_description/share/robot_description/package.dsv
[0.127s] -- Up-to-date: /home/jprl/APS1/APS1/jota_ws1/install/robot_description/share/ament_index/resource_index/packages/robot_description
[0.127s] -- Up-to-date: /home/jprl/APS1/APS1/jota_ws1/install/robot_description/share/robot_description/cmake/robot_descriptionConfig.cmake
[0.128s] -- Up-to-date: /home/jprl/APS1/APS1/jota_ws1/install/robot_description/share/robot_description/cmake/robot_descriptionConfig-version.cmake
[0.132s] -- Up-to-date: /home/jprl/APS1/APS1/jota_ws1/install/robot_description/share/robot_description/package.xml
[0.134s] Invoked command in '/home/jprl/APS1/APS1/jota_ws1/build/robot_description' returned '0': CMAKE_PREFIX_PATH=${CMAKE_PREFIX_PATH}:/home/jprl/APS1/APS1/jota_ws1/install/robot_navigation:/opt/ros/foxy /usr/bin/cmake --install /home/jprl/APS1/APS1/jota_ws1/build/robot_description
