running egg_info
writing ../../build/rm_localization/rm_localization.egg-info/PKG-INFO
writing dependency_links to ../../build/rm_localization/rm_localization.egg-info/dependency_links.txt
writing entry points to ../../build/rm_localization/rm_localization.egg-info/entry_points.txt
writing requirements to ../../build/rm_localization/rm_localization.egg-info/requires.txt
writing top-level names to ../../build/rm_localization/rm_localization.egg-info/top_level.txt
reading manifest file '../../build/rm_localization/rm_localization.egg-info/SOURCES.txt'
writing manifest file '../../build/rm_localization/rm_localization.egg-info/SOURCES.txt'
running build
running build_py
running install
running install_lib
running install_data
copying launch/amcl.launch.py -> /home/jprl/APS1/APS1/jota_ws1/install/rm_localization/share/rm_localization/launch
copying config/amcl_params.yaml -> /home/jprl/APS1/APS1/jota_ws1/install/rm_localization/share/rm_localization/config
running install_egg_info
removing '/home/jprl/APS1/APS1/jota_ws1/install/rm_localization/lib/python3.8/site-packages/rm_localization-0.0.0-py3.8.egg-info' (and everything under it)
Copying ../../build/rm_localization/rm_localization.egg-info to /home/jprl/APS1/APS1/jota_ws1/install/rm_localization/lib/python3.8/site-packages/rm_localization-0.0.0-py3.8.egg-info
running install_scripts
writing list of installed files to '/home/jprl/APS1/APS1/jota_ws1/build/rm_localization/install.log'
