[0.477s] DEBUG:colcon:Command line arguments: ['/usr/bin/colcon', 'build']
[0.477s] DEBUG:colcon:Parsed command line arguments: Namespace(allow_overriding=[], ament_cmake_args=None, base_paths=['.'], build_base='build', catkin_cmake_args=None, catkin_skip_building_tests=False, cmake_args=None, cmake_clean_cache=False, cmake_clean_first=False, cmake_force_configure=False, cmake_target=None, cmake_target_skip_unavailable=False, continue_on_error=False, event_handlers=None, executor='parallel', ignore_user_meta=False, install_base='install', log_base=None, log_level=None, main=<bound method BuildVerb.main of <colcon_core.verb.build.BuildVerb object at 0x7f279b201160>>, merge_install=False, metas=['./colcon.meta'], mixin=None, mixin_files=None, mixin_verb=('build',), packages_above=None, packages_above_and_dependencies=None, packages_above_depth=None, packages_end=None, packages_ignore=None, packages_ignore_regex=None, packages_select=None, packages_select_build_failed=False, packages_select_by_dep=None, packages_select_regex=None, packages_select_test_failures=False, packages_skip=None, packages_skip_build_finished=False, packages_skip_by_dep=None, packages_skip_regex=None, packages_skip_test_passed=False, packages_skip_up_to=None, packages_start=None, packages_up_to=None, packages_up_to_regex=None, parallel_workers=12, paths=None, symlink_install=False, test_result_base=None, verb_extension=<colcon_core.verb.build.BuildVerb object at 0x7f279b201160>, verb_name='build', verb_parser=<colcon_mixin.mixin.mixin_argument.MixinArgumentDecorator object at 0x7f279b201b80>)
[0.682s] Level 1:colcon.colcon_core.package_discovery:discover_packages(colcon_meta) check parameters
[0.682s] Level 1:colcon.colcon_core.package_discovery:discover_packages(recursive) check parameters
[0.682s] Level 1:colcon.colcon_core.package_discovery:discover_packages(ignore) check parameters
[0.682s] Level 1:colcon.colcon_core.package_discovery:discover_packages(path) check parameters
[0.682s] Level 1:colcon.colcon_core.package_discovery:discover_packages(colcon_meta) discover
[0.682s] Level 1:colcon.colcon_core.package_discovery:discover_packages(recursive) discover
[0.682s] INFO:colcon.colcon_core.package_discovery:Crawling recursively for packages in '/home/jprl/APS1/APS1/jota_ws1'
[0.682s] Level 1:colcon.colcon_core.package_identification:_identify(.) by extensions ['ignore', 'ignore_ament_install']
[0.682s] Level 1:colcon.colcon_core.package_identification:_identify(.) by extension 'ignore'
[0.683s] Level 1:colcon.colcon_core.package_identification:_identify(.) by extension 'ignore_ament_install'
[0.683s] Level 1:colcon.colcon_core.package_identification:_identify(.) by extensions ['colcon_pkg']
[0.683s] Level 1:colcon.colcon_core.package_identification:_identify(.) by extension 'colcon_pkg'
[0.683s] Level 1:colcon.colcon_core.package_identification:_identify(.) by extensions ['colcon_meta']
[0.683s] Level 1:colcon.colcon_core.package_identification:_identify(.) by extension 'colcon_meta'
[0.683s] Level 1:colcon.colcon_core.package_identification:_identify(.) by extensions ['ros']
[0.683s] Level 1:colcon.colcon_core.package_identification:_identify(.) by extension 'ros'
[0.695s] Level 1:colcon.colcon_core.package_identification:_identify(.) by extensions ['cmake', 'python']
[0.695s] Level 1:colcon.colcon_core.package_identification:_identify(.) by extension 'cmake'
[0.695s] Level 1:colcon.colcon_core.package_identification:_identify(.) by extension 'python'
[0.695s] Level 1:colcon.colcon_core.package_identification:_identify(.) by extensions ['python_setup_py']
[0.695s] Level 1:colcon.colcon_core.package_identification:_identify(.) by extension 'python_setup_py'
[0.695s] Level 1:colcon.colcon_core.package_identification:_identify(build) by extensions ['ignore', 'ignore_ament_install']
[0.696s] Level 1:colcon.colcon_core.package_identification:_identify(build) by extension 'ignore'
[0.696s] Level 1:colcon.colcon_core.package_identification:_identify(build) ignored
[0.696s] Level 1:colcon.colcon_core.package_identification:_identify(install) by extensions ['ignore', 'ignore_ament_install']
[0.696s] Level 1:colcon.colcon_core.package_identification:_identify(install) by extension 'ignore'
[0.696s] Level 1:colcon.colcon_core.package_identification:_identify(install) ignored
[0.696s] Level 1:colcon.colcon_core.package_identification:_identify(log) by extensions ['ignore', 'ignore_ament_install']
[0.696s] Level 1:colcon.colcon_core.package_identification:_identify(log) by extension 'ignore'
[0.696s] Level 1:colcon.colcon_core.package_identification:_identify(log) ignored
[0.697s] Level 1:colcon.colcon_core.package_identification:_identify(src) by extensions ['ignore', 'ignore_ament_install']
[0.697s] Level 1:colcon.colcon_core.package_identification:_identify(src) by extension 'ignore'
[0.697s] Level 1:colcon.colcon_core.package_identification:_identify(src) by extension 'ignore_ament_install'
[0.697s] Level 1:colcon.colcon_core.package_identification:_identify(src) by extensions ['colcon_pkg']
[0.697s] Level 1:colcon.colcon_core.package_identification:_identify(src) by extension 'colcon_pkg'
[0.697s] Level 1:colcon.colcon_core.package_identification:_identify(src) by extensions ['colcon_meta']
[0.697s] Level 1:colcon.colcon_core.package_identification:_identify(src) by extension 'colcon_meta'
[0.697s] Level 1:colcon.colcon_core.package_identification:_identify(src) by extensions ['ros']
[0.697s] Level 1:colcon.colcon_core.package_identification:_identify(src) by extension 'ros'
[0.697s] Level 1:colcon.colcon_core.package_identification:_identify(src) by extensions ['cmake', 'python']
[0.697s] Level 1:colcon.colcon_core.package_identification:_identify(src) by extension 'cmake'
[0.697s] Level 1:colcon.colcon_core.package_identification:_identify(src) by extension 'python'
[0.697s] Level 1:colcon.colcon_core.package_identification:_identify(src) by extensions ['python_setup_py']
[0.697s] Level 1:colcon.colcon_core.package_identification:_identify(src) by extension 'python_setup_py'
[0.697s] Level 1:colcon.colcon_core.package_identification:_identify(src/custom_interfaces) by extensions ['ignore', 'ignore_ament_install']
[0.697s] Level 1:colcon.colcon_core.package_identification:_identify(src/custom_interfaces) by extension 'ignore'
[0.698s] Level 1:colcon.colcon_core.package_identification:_identify(src/custom_interfaces) by extension 'ignore_ament_install'
[0.698s] Level 1:colcon.colcon_core.package_identification:_identify(src/custom_interfaces) by extensions ['colcon_pkg']
[0.698s] Level 1:colcon.colcon_core.package_identification:_identify(src/custom_interfaces) by extension 'colcon_pkg'
[0.698s] Level 1:colcon.colcon_core.package_identification:_identify(src/custom_interfaces) by extensions ['colcon_meta']
[0.698s] Level 1:colcon.colcon_core.package_identification:_identify(src/custom_interfaces) by extension 'colcon_meta'
[0.698s] Level 1:colcon.colcon_core.package_identification:_identify(src/custom_interfaces) by extensions ['ros']
[0.698s] Level 1:colcon.colcon_core.package_identification:_identify(src/custom_interfaces) by extension 'ros'
[0.700s] DEBUG:colcon.colcon_core.package_identification:Package 'src/custom_interfaces' with type 'ros.ament_cmake' and name 'custom_interfaces'
[0.700s] Level 1:colcon.colcon_core.package_identification:_identify(src/robot_description) by extensions ['ignore', 'ignore_ament_install']
[0.700s] Level 1:colcon.colcon_core.package_identification:_identify(src/robot_description) by extension 'ignore'
[0.700s] Level 1:colcon.colcon_core.package_identification:_identify(src/robot_description) by extension 'ignore_ament_install'
[0.701s] Level 1:colcon.colcon_core.package_identification:_identify(src/robot_description) by extensions ['colcon_pkg']
[0.701s] Level 1:colcon.colcon_core.package_identification:_identify(src/robot_description) by extension 'colcon_pkg'
[0.701s] Level 1:colcon.colcon_core.package_identification:_identify(src/robot_description) by extensions ['colcon_meta']
[0.701s] Level 1:colcon.colcon_core.package_identification:_identify(src/robot_description) by extension 'colcon_meta'
[0.701s] Level 1:colcon.colcon_core.package_identification:_identify(src/robot_description) by extensions ['ros']
[0.701s] Level 1:colcon.colcon_core.package_identification:_identify(src/robot_description) by extension 'ros'
[0.702s] DEBUG:colcon.colcon_core.package_identification:Package 'src/robot_description' with type 'ros.ament_cmake' and name 'robot_description'
[0.702s] Level 1:colcon.colcon_core.package_identification:_identify(src/robot_navigation) by extensions ['ignore', 'ignore_ament_install']
[0.702s] Level 1:colcon.colcon_core.package_identification:_identify(src/robot_navigation) by extension 'ignore'
[0.702s] Level 1:colcon.colcon_core.package_identification:_identify(src/robot_navigation) by extension 'ignore_ament_install'
[0.702s] Level 1:colcon.colcon_core.package_identification:_identify(src/robot_navigation) by extensions ['colcon_pkg']
[0.702s] Level 1:colcon.colcon_core.package_identification:_identify(src/robot_navigation) by extension 'colcon_pkg'
[0.702s] Level 1:colcon.colcon_core.package_identification:_identify(src/robot_navigation) by extensions ['colcon_meta']
[0.702s] Level 1:colcon.colcon_core.package_identification:_identify(src/robot_navigation) by extension 'colcon_meta'
[0.702s] Level 1:colcon.colcon_core.package_identification:_identify(src/robot_navigation) by extensions ['ros']
[0.702s] Level 1:colcon.colcon_core.package_identification:_identify(src/robot_navigation) by extension 'ros'
[0.704s] DEBUG:colcon.colcon_core.package_identification:Package 'src/robot_navigation' with type 'ros.ament_python' and name 'robot_navigation'
[0.704s] Level 1:colcon.colcon_core.package_discovery:discover_packages(recursive) using defaults
[0.704s] Level 1:colcon.colcon_core.package_discovery:discover_packages(ignore) discover
[0.704s] Level 1:colcon.colcon_core.package_discovery:discover_packages(ignore) using defaults
[0.704s] Level 1:colcon.colcon_core.package_discovery:discover_packages(path) discover
[0.704s] Level 1:colcon.colcon_core.package_discovery:discover_packages(path) using defaults
[0.721s] Level 1:colcon.colcon_core.package_discovery:discover_packages(prefix_path) check parameters
[0.721s] Level 1:colcon.colcon_core.package_discovery:discover_packages(prefix_path) discover
[0.723s] DEBUG:colcon.colcon_installed_package_information.package_discovery:Found 3 installed packages in /home/jprl/APS1/APS1/jota_ws1/install
[0.724s] DEBUG:colcon.colcon_installed_package_information.package_discovery:Found 266 installed packages in /opt/ros/foxy
[0.738s] Level 1:colcon.colcon_core.package_discovery:discover_packages(prefix_path) using defaults
[0.811s] Level 5:colcon.colcon_core.verb:set package 'custom_interfaces' build argument 'cmake_args' from command line to 'None'
[0.812s] Level 5:colcon.colcon_core.verb:set package 'custom_interfaces' build argument 'cmake_target' from command line to 'None'
[0.812s] Level 5:colcon.colcon_core.verb:set package 'custom_interfaces' build argument 'cmake_target_skip_unavailable' from command line to 'False'
[0.812s] Level 5:colcon.colcon_core.verb:set package 'custom_interfaces' build argument 'cmake_clean_cache' from command line to 'False'
[0.812s] Level 5:colcon.colcon_core.verb:set package 'custom_interfaces' build argument 'cmake_clean_first' from command line to 'False'
[0.812s] Level 5:colcon.colcon_core.verb:set package 'custom_interfaces' build argument 'cmake_force_configure' from command line to 'False'
[0.812s] Level 5:colcon.colcon_core.verb:set package 'custom_interfaces' build argument 'ament_cmake_args' from command line to 'None'
[0.812s] Level 5:colcon.colcon_core.verb:set package 'custom_interfaces' build argument 'catkin_cmake_args' from command line to 'None'
[0.812s] Level 5:colcon.colcon_core.verb:set package 'custom_interfaces' build argument 'catkin_skip_building_tests' from command line to 'False'
[0.812s] DEBUG:colcon.colcon_core.verb:Building package 'custom_interfaces' with the following arguments: {'ament_cmake_args': None, 'build_base': '/home/jprl/APS1/APS1/jota_ws1/build/custom_interfaces', 'catkin_cmake_args': None, 'catkin_skip_building_tests': False, 'cmake_args': None, 'cmake_clean_cache': False, 'cmake_clean_first': False, 'cmake_force_configure': False, 'cmake_target': None, 'cmake_target_skip_unavailable': False, 'install_base': '/home/jprl/APS1/APS1/jota_ws1/install/custom_interfaces', 'merge_install': False, 'path': '/home/jprl/APS1/APS1/jota_ws1/src/custom_interfaces', 'symlink_install': False, 'test_result_base': None}
[0.813s] Level 5:colcon.colcon_core.verb:set package 'robot_description' build argument 'cmake_args' from command line to 'None'
[0.813s] Level 5:colcon.colcon_core.verb:set package 'robot_description' build argument 'cmake_target' from command line to 'None'
[0.813s] Level 5:colcon.colcon_core.verb:set package 'robot_description' build argument 'cmake_target_skip_unavailable' from command line to 'False'
[0.813s] Level 5:colcon.colcon_core.verb:set package 'robot_description' build argument 'cmake_clean_cache' from command line to 'False'
[0.813s] Level 5:colcon.colcon_core.verb:set package 'robot_description' build argument 'cmake_clean_first' from command line to 'False'
[0.813s] Level 5:colcon.colcon_core.verb:set package 'robot_description' build argument 'cmake_force_configure' from command line to 'False'
[0.813s] Level 5:colcon.colcon_core.verb:set package 'robot_description' build argument 'ament_cmake_args' from command line to 'None'
[0.813s] Level 5:colcon.colcon_core.verb:set package 'robot_description' build argument 'catkin_cmake_args' from command line to 'None'
[0.813s] Level 5:colcon.colcon_core.verb:set package 'robot_description' build argument 'catkin_skip_building_tests' from command line to 'False'
[0.813s] DEBUG:colcon.colcon_core.verb:Building package 'robot_description' with the following arguments: {'ament_cmake_args': None, 'build_base': '/home/jprl/APS1/APS1/jota_ws1/build/robot_description', 'catkin_cmake_args': None, 'catkin_skip_building_tests': False, 'cmake_args': None, 'cmake_clean_cache': False, 'cmake_clean_first': False, 'cmake_force_configure': False, 'cmake_target': None, 'cmake_target_skip_unavailable': False, 'install_base': '/home/jprl/APS1/APS1/jota_ws1/install/robot_description', 'merge_install': False, 'path': '/home/jprl/APS1/APS1/jota_ws1/src/robot_description', 'symlink_install': False, 'test_result_base': None}
[0.813s] Level 5:colcon.colcon_core.verb:set package 'robot_navigation' build argument 'cmake_args' from command line to 'None'
[0.814s] Level 5:colcon.colcon_core.verb:set package 'robot_navigation' build argument 'cmake_target' from command line to 'None'
[0.814s] Level 5:colcon.colcon_core.verb:set package 'robot_navigation' build argument 'cmake_target_skip_unavailable' from command line to 'False'
[0.814s] Level 5:colcon.colcon_core.verb:set package 'robot_navigation' build argument 'cmake_clean_cache' from command line to 'False'
[0.814s] Level 5:colcon.colcon_core.verb:set package 'robot_navigation' build argument 'cmake_clean_first' from command line to 'False'
[0.814s] Level 5:colcon.colcon_core.verb:set package 'robot_navigation' build argument 'cmake_force_configure' from command line to 'False'
[0.814s] Level 5:colcon.colcon_core.verb:set package 'robot_navigation' build argument 'ament_cmake_args' from command line to 'None'
[0.814s] Level 5:colcon.colcon_core.verb:set package 'robot_navigation' build argument 'catkin_cmake_args' from command line to 'None'
[0.814s] Level 5:colcon.colcon_core.verb:set package 'robot_navigation' build argument 'catkin_skip_building_tests' from command line to 'False'
[0.814s] DEBUG:colcon.colcon_core.verb:Building package 'robot_navigation' with the following arguments: {'ament_cmake_args': None, 'build_base': '/home/jprl/APS1/APS1/jota_ws1/build/robot_navigation', 'catkin_cmake_args': None, 'catkin_skip_building_tests': False, 'cmake_args': None, 'cmake_clean_cache': False, 'cmake_clean_first': False, 'cmake_force_configure': False, 'cmake_target': None, 'cmake_target_skip_unavailable': False, 'install_base': '/home/jprl/APS1/APS1/jota_ws1/install/robot_navigation', 'merge_install': False, 'path': '/home/jprl/APS1/APS1/jota_ws1/src/robot_navigation', 'symlink_install': False, 'test_result_base': None}
[0.814s] INFO:colcon.colcon_core.executor:Executing jobs using 'parallel' executor
[0.816s] DEBUG:colcon.colcon_parallel_executor.executor.parallel:run_until_complete
[0.816s] INFO:colcon.colcon_ros.task.ament_cmake.build:Building ROS package in '/home/jprl/APS1/APS1/jota_ws1/src/custom_interfaces' with build type 'ament_cmake'
[0.817s] INFO:colcon.colcon_cmake.task.cmake.build:Building CMake package in '/home/jprl/APS1/APS1/jota_ws1/src/custom_interfaces'
[0.820s] INFO:colcon.colcon_core.plugin_system:Skipping extension 'colcon_core.shell.bat': Not used on non-Windows systems
[0.821s] INFO:colcon.colcon_core.shell:Skip shell extension 'powershell' for command environment: Not usable outside of PowerShell
[0.821s] DEBUG:colcon.colcon_core.shell:Skip shell extension 'dsv' for command environment
[0.830s] INFO:colcon.colcon_ros.task.ament_cmake.build:Building ROS package in '/home/jprl/APS1/APS1/jota_ws1/src/robot_description' with build type 'ament_cmake'
[0.831s] INFO:colcon.colcon_cmake.task.cmake.build:Building CMake package in '/home/jprl/APS1/APS1/jota_ws1/src/robot_description'
[0.832s] INFO:colcon.colcon_core.shell:Skip shell extension 'powershell' for command environment: Not usable outside of PowerShell
[0.832s] DEBUG:colcon.colcon_core.shell:Skip shell extension 'dsv' for command environment
[0.858s] DEBUG:colcon.colcon_core.event_handler.log_command:Invoking command in '/home/jprl/APS1/APS1/jota_ws1/build/custom_interfaces': CMAKE_PREFIX_PATH=${CMAKE_PREFIX_PATH}:/home/jprl/APS1/APS1/jota_ws1/install/robot_navigation:/opt/ros/foxy /usr/bin/cmake --build /home/jprl/APS1/APS1/jota_ws1/build/custom_interfaces -- -j12 -l12
[0.879s] DEBUG:colcon.colcon_core.event_handler.log_command:Invoking command in '/home/jprl/APS1/APS1/jota_ws1/build/robot_description': CMAKE_PREFIX_PATH=${CMAKE_PREFIX_PATH}:/home/jprl/APS1/APS1/jota_ws1/install/robot_navigation:/opt/ros/foxy /usr/bin/cmake --build /home/jprl/APS1/APS1/jota_ws1/build/robot_description -- -j12 -l12
[0.977s] DEBUG:colcon.colcon_core.event_handler.log_command:Invoked command in '/home/jprl/APS1/APS1/jota_ws1/build/robot_description' returned '0': CMAKE_PREFIX_PATH=${CMAKE_PREFIX_PATH}:/home/jprl/APS1/APS1/jota_ws1/install/robot_navigation:/opt/ros/foxy /usr/bin/cmake --build /home/jprl/APS1/APS1/jota_ws1/build/robot_description -- -j12 -l12
[1.012s] DEBUG:colcon.colcon_core.event_handler.log_command:Invoking command in '/home/jprl/APS1/APS1/jota_ws1/build/robot_description': CMAKE_PREFIX_PATH=${CMAKE_PREFIX_PATH}:/home/jprl/APS1/APS1/jota_ws1/install/robot_navigation:/opt/ros/foxy /usr/bin/cmake --install /home/jprl/APS1/APS1/jota_ws1/build/robot_description
[1.039s] Level 1:colcon.colcon_core.environment:create_environment_scripts_only(robot_description)
[1.048s] DEBUG:colcon.colcon_core.event_handler.log_command:Invoked command in '/home/jprl/APS1/APS1/jota_ws1/build/robot_description' returned '0': CMAKE_PREFIX_PATH=${CMAKE_PREFIX_PATH}:/home/jprl/APS1/APS1/jota_ws1/install/robot_navigation:/opt/ros/foxy /usr/bin/cmake --install /home/jprl/APS1/APS1/jota_ws1/build/robot_description
[1.053s] Level 1:colcon.colcon_core.environment:checking '/home/jprl/APS1/APS1/jota_ws1/install/robot_description' for CMake module files
[1.054s] Level 1:colcon.colcon_core.environment:checking '/home/jprl/APS1/APS1/jota_ws1/install/robot_description' for CMake config files
[1.055s] Level 1:colcon.colcon_core.shell:create_environment_hook('robot_description', 'cmake_prefix_path')
[1.056s] INFO:colcon.colcon_core.shell:Creating environment hook '/home/jprl/APS1/APS1/jota_ws1/install/robot_description/share/robot_description/hook/cmake_prefix_path.ps1'
[1.058s] INFO:colcon.colcon_core.shell:Creating environment descriptor '/home/jprl/APS1/APS1/jota_ws1/install/robot_description/share/robot_description/hook/cmake_prefix_path.dsv'
[1.059s] INFO:colcon.colcon_core.shell:Creating environment hook '/home/jprl/APS1/APS1/jota_ws1/install/robot_description/share/robot_description/hook/cmake_prefix_path.sh'
[1.064s] Level 1:colcon.colcon_core.environment:checking '/home/jprl/APS1/APS1/jota_ws1/install/robot_description/bin'
[1.064s] Level 1:colcon.colcon_core.environment:checking '/home/jprl/APS1/APS1/jota_ws1/install/robot_description/lib/pkgconfig/robot_description.pc'
[1.066s] Level 1:colcon.colcon_core.environment:checking '/home/jprl/APS1/APS1/jota_ws1/install/robot_description/lib/python3.8/site-packages'
[1.067s] Level 1:colcon.colcon_core.environment:checking '/home/jprl/APS1/APS1/jota_ws1/install/robot_description/bin'
[1.068s] INFO:colcon.colcon_core.shell:Creating package script '/home/jprl/APS1/APS1/jota_ws1/install/robot_description/share/robot_description/package.ps1'
[1.071s] INFO:colcon.colcon_core.shell:Creating package descriptor '/home/jprl/APS1/APS1/jota_ws1/install/robot_description/share/robot_description/package.dsv'
[1.074s] INFO:colcon.colcon_core.shell:Creating package script '/home/jprl/APS1/APS1/jota_ws1/install/robot_description/share/robot_description/package.sh'
[1.078s] INFO:colcon.colcon_core.shell:Creating package script '/home/jprl/APS1/APS1/jota_ws1/install/robot_description/share/robot_description/package.bash'
[1.082s] INFO:colcon.colcon_core.shell:Creating package script '/home/jprl/APS1/APS1/jota_ws1/install/robot_description/share/robot_description/package.zsh'
[1.085s] Level 1:colcon.colcon_core.environment:create_file_with_runtime_dependencies(/home/jprl/APS1/APS1/jota_ws1/install/robot_description/share/colcon-core/packages/robot_description)
[1.086s] Level 1:colcon.colcon_core.environment:create_environment_scripts_only(robot_description)
[1.087s] Level 1:colcon.colcon_core.environment:checking '/home/jprl/APS1/APS1/jota_ws1/install/robot_description' for CMake module files
[1.087s] Level 1:colcon.colcon_core.environment:checking '/home/jprl/APS1/APS1/jota_ws1/install/robot_description' for CMake config files
[1.091s] Level 1:colcon.colcon_core.shell:create_environment_hook('robot_description', 'cmake_prefix_path')
[1.092s] INFO:colcon.colcon_core.shell:Creating environment hook '/home/jprl/APS1/APS1/jota_ws1/install/robot_description/share/robot_description/hook/cmake_prefix_path.ps1'
[1.094s] INFO:colcon.colcon_core.shell:Creating environment descriptor '/home/jprl/APS1/APS1/jota_ws1/install/robot_description/share/robot_description/hook/cmake_prefix_path.dsv'
[1.095s] INFO:colcon.colcon_core.shell:Creating environment hook '/home/jprl/APS1/APS1/jota_ws1/install/robot_description/share/robot_description/hook/cmake_prefix_path.sh'
[1.097s] Level 1:colcon.colcon_core.environment:checking '/home/jprl/APS1/APS1/jota_ws1/install/robot_description/bin'
[1.098s] Level 1:colcon.colcon_core.environment:checking '/home/jprl/APS1/APS1/jota_ws1/install/robot_description/lib/pkgconfig/robot_description.pc'
[1.099s] Level 1:colcon.colcon_core.environment:checking '/home/jprl/APS1/APS1/jota_ws1/install/robot_description/lib/python3.8/site-packages'
[1.099s] Level 1:colcon.colcon_core.environment:checking '/home/jprl/APS1/APS1/jota_ws1/install/robot_description/bin'
[1.100s] INFO:colcon.colcon_core.shell:Creating package script '/home/jprl/APS1/APS1/jota_ws1/install/robot_description/share/robot_description/package.ps1'
[1.101s] INFO:colcon.colcon_core.shell:Creating package descriptor '/home/jprl/APS1/APS1/jota_ws1/install/robot_description/share/robot_description/package.dsv'
[1.102s] INFO:colcon.colcon_core.shell:Creating package script '/home/jprl/APS1/APS1/jota_ws1/install/robot_description/share/robot_description/package.sh'
[1.103s] INFO:colcon.colcon_core.shell:Creating package script '/home/jprl/APS1/APS1/jota_ws1/install/robot_description/share/robot_description/package.bash'
[1.104s] INFO:colcon.colcon_core.shell:Creating package script '/home/jprl/APS1/APS1/jota_ws1/install/robot_description/share/robot_description/package.zsh'
[1.106s] Level 1:colcon.colcon_core.environment:create_file_with_runtime_dependencies(/home/jprl/APS1/APS1/jota_ws1/install/robot_description/share/colcon-core/packages/robot_description)
[1.323s] DEBUG:colcon.colcon_core.event_handler.log_command:Invoked command in '/home/jprl/APS1/APS1/jota_ws1/build/custom_interfaces' returned '0': CMAKE_PREFIX_PATH=${CMAKE_PREFIX_PATH}:/home/jprl/APS1/APS1/jota_ws1/install/robot_navigation:/opt/ros/foxy /usr/bin/cmake --build /home/jprl/APS1/APS1/jota_ws1/build/custom_interfaces -- -j12 -l12
[1.332s] DEBUG:colcon.colcon_core.event_handler.log_command:Invoking command in '/home/jprl/APS1/APS1/jota_ws1/build/custom_interfaces': CMAKE_PREFIX_PATH=${CMAKE_PREFIX_PATH}:/home/jprl/APS1/APS1/jota_ws1/install/robot_navigation:/opt/ros/foxy /usr/bin/cmake --install /home/jprl/APS1/APS1/jota_ws1/build/custom_interfaces
[1.415s] Level 1:colcon.colcon_core.environment:create_environment_scripts_only(custom_interfaces)
[1.415s] DEBUG:colcon.colcon_core.event_handler.log_command:Invoked command in '/home/jprl/APS1/APS1/jota_ws1/build/custom_interfaces' returned '0': CMAKE_PREFIX_PATH=${CMAKE_PREFIX_PATH}:/home/jprl/APS1/APS1/jota_ws1/install/robot_navigation:/opt/ros/foxy /usr/bin/cmake --install /home/jprl/APS1/APS1/jota_ws1/build/custom_interfaces
[1.416s] Level 1:colcon.colcon_core.environment:checking '/home/jprl/APS1/APS1/jota_ws1/install/custom_interfaces' for CMake module files
[1.417s] Level 1:colcon.colcon_core.environment:checking '/home/jprl/APS1/APS1/jota_ws1/install/custom_interfaces' for CMake config files
[1.418s] Level 1:colcon.colcon_core.shell:create_environment_hook('custom_interfaces', 'cmake_prefix_path')
[1.418s] INFO:colcon.colcon_core.shell:Creating environment hook '/home/jprl/APS1/APS1/jota_ws1/install/custom_interfaces/share/custom_interfaces/hook/cmake_prefix_path.ps1'
[1.419s] INFO:colcon.colcon_core.shell:Creating environment descriptor '/home/jprl/APS1/APS1/jota_ws1/install/custom_interfaces/share/custom_interfaces/hook/cmake_prefix_path.dsv'
[1.419s] INFO:colcon.colcon_core.shell:Creating environment hook '/home/jprl/APS1/APS1/jota_ws1/install/custom_interfaces/share/custom_interfaces/hook/cmake_prefix_path.sh'
[1.420s] Level 1:colcon.colcon_core.environment:checking '/home/jprl/APS1/APS1/jota_ws1/install/custom_interfaces/lib'
[1.420s] Level 1:colcon.colcon_core.shell:create_environment_hook('custom_interfaces', 'ld_library_path_lib')
[1.421s] INFO:colcon.colcon_core.shell:Creating environment hook '/home/jprl/APS1/APS1/jota_ws1/install/custom_interfaces/share/custom_interfaces/hook/ld_library_path_lib.ps1'
[1.421s] INFO:colcon.colcon_core.shell:Creating environment descriptor '/home/jprl/APS1/APS1/jota_ws1/install/custom_interfaces/share/custom_interfaces/hook/ld_library_path_lib.dsv'
[1.422s] INFO:colcon.colcon_core.shell:Creating environment hook '/home/jprl/APS1/APS1/jota_ws1/install/custom_interfaces/share/custom_interfaces/hook/ld_library_path_lib.sh'
[1.422s] Level 1:colcon.colcon_core.environment:checking '/home/jprl/APS1/APS1/jota_ws1/install/custom_interfaces/bin'
[1.422s] Level 1:colcon.colcon_core.environment:checking '/home/jprl/APS1/APS1/jota_ws1/install/custom_interfaces/lib/pkgconfig/custom_interfaces.pc'
[1.423s] Level 1:colcon.colcon_core.environment:checking '/home/jprl/APS1/APS1/jota_ws1/install/custom_interfaces/lib/python3.8/site-packages'
[1.423s] Level 1:colcon.colcon_core.shell:create_environment_hook('custom_interfaces', 'pythonpath')
[1.424s] INFO:colcon.colcon_core.shell:Creating environment hook '/home/jprl/APS1/APS1/jota_ws1/install/custom_interfaces/share/custom_interfaces/hook/pythonpath.ps1'
[1.425s] INFO:colcon.colcon_core.shell:Creating environment descriptor '/home/jprl/APS1/APS1/jota_ws1/install/custom_interfaces/share/custom_interfaces/hook/pythonpath.dsv'
[1.427s] INFO:colcon.colcon_core.shell:Creating environment hook '/home/jprl/APS1/APS1/jota_ws1/install/custom_interfaces/share/custom_interfaces/hook/pythonpath.sh'
[1.428s] Level 1:colcon.colcon_core.environment:checking '/home/jprl/APS1/APS1/jota_ws1/install/custom_interfaces/bin'
[1.429s] INFO:colcon.colcon_core.shell:Creating package script '/home/jprl/APS1/APS1/jota_ws1/install/custom_interfaces/share/custom_interfaces/package.ps1'
[1.430s] INFO:colcon.colcon_core.shell:Creating package descriptor '/home/jprl/APS1/APS1/jota_ws1/install/custom_interfaces/share/custom_interfaces/package.dsv'
[1.431s] INFO:colcon.colcon_core.shell:Creating package script '/home/jprl/APS1/APS1/jota_ws1/install/custom_interfaces/share/custom_interfaces/package.sh'
[1.431s] INFO:colcon.colcon_core.shell:Creating package script '/home/jprl/APS1/APS1/jota_ws1/install/custom_interfaces/share/custom_interfaces/package.bash'
[1.432s] INFO:colcon.colcon_core.shell:Creating package script '/home/jprl/APS1/APS1/jota_ws1/install/custom_interfaces/share/custom_interfaces/package.zsh'
[1.433s] Level 1:colcon.colcon_core.environment:create_file_with_runtime_dependencies(/home/jprl/APS1/APS1/jota_ws1/install/custom_interfaces/share/colcon-core/packages/custom_interfaces)
[1.434s] Level 1:colcon.colcon_core.environment:create_environment_scripts_only(custom_interfaces)
[1.434s] Level 1:colcon.colcon_core.environment:checking '/home/jprl/APS1/APS1/jota_ws1/install/custom_interfaces' for CMake module files
[1.435s] Level 1:colcon.colcon_core.environment:checking '/home/jprl/APS1/APS1/jota_ws1/install/custom_interfaces' for CMake config files
[1.435s] Level 1:colcon.colcon_core.shell:create_environment_hook('custom_interfaces', 'cmake_prefix_path')
[1.435s] INFO:colcon.colcon_core.shell:Creating environment hook '/home/jprl/APS1/APS1/jota_ws1/install/custom_interfaces/share/custom_interfaces/hook/cmake_prefix_path.ps1'
[1.436s] INFO:colcon.colcon_core.shell:Creating environment descriptor '/home/jprl/APS1/APS1/jota_ws1/install/custom_interfaces/share/custom_interfaces/hook/cmake_prefix_path.dsv'
[1.437s] INFO:colcon.colcon_core.shell:Creating environment hook '/home/jprl/APS1/APS1/jota_ws1/install/custom_interfaces/share/custom_interfaces/hook/cmake_prefix_path.sh'
[1.437s] Level 1:colcon.colcon_core.environment:checking '/home/jprl/APS1/APS1/jota_ws1/install/custom_interfaces/lib'
[1.437s] Level 1:colcon.colcon_core.shell:create_environment_hook('custom_interfaces', 'ld_library_path_lib')
[1.438s] INFO:colcon.colcon_core.shell:Creating environment hook '/home/jprl/APS1/APS1/jota_ws1/install/custom_interfaces/share/custom_interfaces/hook/ld_library_path_lib.ps1'
[1.439s] INFO:colcon.colcon_core.shell:Creating environment descriptor '/home/jprl/APS1/APS1/jota_ws1/install/custom_interfaces/share/custom_interfaces/hook/ld_library_path_lib.dsv'
[1.439s] INFO:colcon.colcon_core.shell:Creating environment hook '/home/jprl/APS1/APS1/jota_ws1/install/custom_interfaces/share/custom_interfaces/hook/ld_library_path_lib.sh'
[1.440s] Level 1:colcon.colcon_core.environment:checking '/home/jprl/APS1/APS1/jota_ws1/install/custom_interfaces/bin'
[1.440s] Level 1:colcon.colcon_core.environment:checking '/home/jprl/APS1/APS1/jota_ws1/install/custom_interfaces/lib/pkgconfig/custom_interfaces.pc'
[1.440s] Level 1:colcon.colcon_core.environment:checking '/home/jprl/APS1/APS1/jota_ws1/install/custom_interfaces/lib/python3.8/site-packages'
[1.440s] Level 1:colcon.colcon_core.shell:create_environment_hook('custom_interfaces', 'pythonpath')
[1.441s] INFO:colcon.colcon_core.shell:Creating environment hook '/home/jprl/APS1/APS1/jota_ws1/install/custom_interfaces/share/custom_interfaces/hook/pythonpath.ps1'
[1.441s] INFO:colcon.colcon_core.shell:Creating environment descriptor '/home/jprl/APS1/APS1/jota_ws1/install/custom_interfaces/share/custom_interfaces/hook/pythonpath.dsv'
[1.442s] INFO:colcon.colcon_core.shell:Creating environment hook '/home/jprl/APS1/APS1/jota_ws1/install/custom_interfaces/share/custom_interfaces/hook/pythonpath.sh'
[1.443s] Level 1:colcon.colcon_core.environment:checking '/home/jprl/APS1/APS1/jota_ws1/install/custom_interfaces/bin'
[1.444s] INFO:colcon.colcon_core.shell:Creating package script '/home/jprl/APS1/APS1/jota_ws1/install/custom_interfaces/share/custom_interfaces/package.ps1'
[1.445s] INFO:colcon.colcon_core.shell:Creating package descriptor '/home/jprl/APS1/APS1/jota_ws1/install/custom_interfaces/share/custom_interfaces/package.dsv'
[1.447s] INFO:colcon.colcon_core.shell:Creating package script '/home/jprl/APS1/APS1/jota_ws1/install/custom_interfaces/share/custom_interfaces/package.sh'
[1.448s] INFO:colcon.colcon_core.shell:Creating package script '/home/jprl/APS1/APS1/jota_ws1/install/custom_interfaces/share/custom_interfaces/package.bash'
[1.448s] INFO:colcon.colcon_core.shell:Creating package script '/home/jprl/APS1/APS1/jota_ws1/install/custom_interfaces/share/custom_interfaces/package.zsh'
[1.449s] Level 1:colcon.colcon_core.environment:create_file_with_runtime_dependencies(/home/jprl/APS1/APS1/jota_ws1/install/custom_interfaces/share/colcon-core/packages/custom_interfaces)
[1.450s] INFO:colcon.colcon_ros.task.ament_python.build:Building ROS package in '/home/jprl/APS1/APS1/jota_ws1/src/robot_navigation' with build type 'ament_python'
[1.450s] Level 1:colcon.colcon_core.shell:create_environment_hook('robot_navigation', 'ament_prefix_path')
[1.451s] INFO:colcon.colcon_core.shell:Creating environment hook '/home/jprl/APS1/APS1/jota_ws1/install/robot_navigation/share/robot_navigation/hook/ament_prefix_path.ps1'
[1.452s] INFO:colcon.colcon_core.shell:Creating environment descriptor '/home/jprl/APS1/APS1/jota_ws1/install/robot_navigation/share/robot_navigation/hook/ament_prefix_path.dsv'
[1.452s] INFO:colcon.colcon_core.shell:Creating environment hook '/home/jprl/APS1/APS1/jota_ws1/install/robot_navigation/share/robot_navigation/hook/ament_prefix_path.sh'
[1.453s] INFO:colcon.colcon_core.shell:Skip shell extension 'powershell' for command environment: Not usable outside of PowerShell
[1.453s] DEBUG:colcon.colcon_core.shell:Skip shell extension 'dsv' for command environment
[2.185s] INFO:colcon.colcon_core.task.python.build:Building Python package in '/home/jprl/APS1/APS1/jota_ws1/src/robot_navigation'
[2.186s] INFO:colcon.colcon_core.shell:Skip shell extension 'powershell' for command environment: Not usable outside of PowerShell
[2.186s] DEBUG:colcon.colcon_core.shell:Skip shell extension 'dsv' for command environment
[3.105s] DEBUG:colcon.colcon_core.event_handler.log_command:Invoking command in '/home/jprl/APS1/APS1/jota_ws1/src/robot_navigation': CMAKE_PREFIX_PATH=/home/jprl/APS1/APS1/jota_ws1/install/custom_interfaces:/home/jprl/APS1/APS1/jota_ws1/install/robot_description PYTHONPATH=/home/jprl/APS1/APS1/jota_ws1/build/robot_navigation/prefix_override:/usr/lib/python3/dist-packages/colcon_core/task/python/colcon_distutils_commands:/home/jprl/APS1/APS1/jota_ws1/install/robot_navigation/lib/python3.8/site-packages:/home/jprl/APS1/APS1/jota_ws1/install/custom_interfaces/lib/python3.8/site-packages:/home/jprl/APS1/APS1/jota_ws1/install/robot_navigation/lib/python3.8/site-packages:/opt/ros/foxy/lib/python3.8/site-packages /usr/bin/python3 -W ignore:setup.py install is deprecated -W ignore:easy_install command is deprecated setup.py egg_info --egg-base ../../build/robot_navigation build --build-base /home/jprl/APS1/APS1/jota_ws1/build/robot_navigation/build install --record /home/jprl/APS1/APS1/jota_ws1/build/robot_navigation/install.log --install-scripts $base/lib/robot_navigation --single-version-externally-managed install_data
[3.496s] Level 1:colcon.colcon_core.environment:checking '/home/jprl/APS1/APS1/jota_ws1/install/robot_navigation' for CMake module files
[3.497s] DEBUG:colcon.colcon_core.event_handler.log_command:Invoked command in '/home/jprl/APS1/APS1/jota_ws1/src/robot_navigation' returned '0': CMAKE_PREFIX_PATH=/home/jprl/APS1/APS1/jota_ws1/install/custom_interfaces:/home/jprl/APS1/APS1/jota_ws1/install/robot_description PYTHONPATH=/home/jprl/APS1/APS1/jota_ws1/build/robot_navigation/prefix_override:/usr/lib/python3/dist-packages/colcon_core/task/python/colcon_distutils_commands:/home/jprl/APS1/APS1/jota_ws1/install/robot_navigation/lib/python3.8/site-packages:/home/jprl/APS1/APS1/jota_ws1/install/custom_interfaces/lib/python3.8/site-packages:/home/jprl/APS1/APS1/jota_ws1/install/robot_navigation/lib/python3.8/site-packages:/opt/ros/foxy/lib/python3.8/site-packages /usr/bin/python3 -W ignore:setup.py install is deprecated -W ignore:easy_install command is deprecated setup.py egg_info --egg-base ../../build/robot_navigation build --build-base /home/jprl/APS1/APS1/jota_ws1/build/robot_navigation/build install --record /home/jprl/APS1/APS1/jota_ws1/build/robot_navigation/install.log --install-scripts $base/lib/robot_navigation --single-version-externally-managed install_data
[3.497s] Level 1:colcon.colcon_core.environment:checking '/home/jprl/APS1/APS1/jota_ws1/install/robot_navigation' for CMake config files
[3.498s] Level 1:colcon.colcon_core.environment:checking '/home/jprl/APS1/APS1/jota_ws1/install/robot_navigation/lib'
[3.498s] Level 1:colcon.colcon_core.environment:checking '/home/jprl/APS1/APS1/jota_ws1/install/robot_navigation/bin'
[3.498s] Level 1:colcon.colcon_core.environment:checking '/home/jprl/APS1/APS1/jota_ws1/install/robot_navigation/lib/pkgconfig/robot_navigation.pc'
[3.499s] Level 1:colcon.colcon_core.environment:checking '/home/jprl/APS1/APS1/jota_ws1/install/robot_navigation/lib/python3.8/site-packages'
[3.499s] Level 1:colcon.colcon_core.shell:create_environment_hook('robot_navigation', 'pythonpath')
[3.499s] INFO:colcon.colcon_core.shell:Creating environment hook '/home/jprl/APS1/APS1/jota_ws1/install/robot_navigation/share/robot_navigation/hook/pythonpath.ps1'
[3.500s] INFO:colcon.colcon_core.shell:Creating environment descriptor '/home/jprl/APS1/APS1/jota_ws1/install/robot_navigation/share/robot_navigation/hook/pythonpath.dsv'
[3.500s] INFO:colcon.colcon_core.shell:Creating environment hook '/home/jprl/APS1/APS1/jota_ws1/install/robot_navigation/share/robot_navigation/hook/pythonpath.sh'
[3.501s] Level 1:colcon.colcon_core.environment:checking '/home/jprl/APS1/APS1/jota_ws1/install/robot_navigation/bin'
[3.501s] Level 1:colcon.colcon_core.environment:create_environment_scripts_only(robot_navigation)
[3.501s] INFO:colcon.colcon_core.shell:Creating package script '/home/jprl/APS1/APS1/jota_ws1/install/robot_navigation/share/robot_navigation/package.ps1'
[3.502s] INFO:colcon.colcon_core.shell:Creating package descriptor '/home/jprl/APS1/APS1/jota_ws1/install/robot_navigation/share/robot_navigation/package.dsv'
[3.502s] INFO:colcon.colcon_core.shell:Creating package script '/home/jprl/APS1/APS1/jota_ws1/install/robot_navigation/share/robot_navigation/package.sh'
[3.503s] INFO:colcon.colcon_core.shell:Creating package script '/home/jprl/APS1/APS1/jota_ws1/install/robot_navigation/share/robot_navigation/package.bash'
[3.504s] INFO:colcon.colcon_core.shell:Creating package script '/home/jprl/APS1/APS1/jota_ws1/install/robot_navigation/share/robot_navigation/package.zsh'
[3.504s] Level 1:colcon.colcon_core.environment:create_file_with_runtime_dependencies(/home/jprl/APS1/APS1/jota_ws1/install/robot_navigation/share/colcon-core/packages/robot_navigation)
[3.505s] DEBUG:colcon.colcon_parallel_executor.executor.parallel:closing loop
[3.506s] DEBUG:colcon.colcon_parallel_executor.executor.parallel:loop closed
[3.506s] DEBUG:colcon.colcon_parallel_executor.executor.parallel:run_until_complete finished with '0'
[3.507s] DEBUG:colcon.colcon_core.event_reactor:joining thread
[3.611s] INFO:colcon.colcon_core.plugin_system:Skipping extension 'colcon_notification.desktop_notification.notify_send': Could not find 'notify-send'
[3.611s] INFO:colcon.colcon_core.plugin_system:Skipping extension 'colcon_notification.desktop_notification.terminal_notifier': Not used on non-Darwin systems
[3.611s] INFO:colcon.colcon_core.plugin_system:Skipping extension 'colcon_notification.desktop_notification.win32': Not used on non-Windows systems
[3.611s] INFO:colcon.colcon_notification.desktop_notification:Sending desktop notification using 'notify2'
[3.613s] DEBUG:colcon.colcon_notification.desktop_notification.notify2:Failed to initialize notify2: org.freedesktop.DBus.Error.ServiceUnknown: The name org.freedesktop.Notifications was not provided by any .service files
[3.613s] DEBUG:colcon.colcon_core.event_reactor:joined thread
[3.614s] INFO:colcon.colcon_core.shell:Creating prefix script '/home/jprl/APS1/APS1/jota_ws1/install/local_setup.ps1'
[3.615s] INFO:colcon.colcon_core.shell:Creating prefix util module '/home/jprl/APS1/APS1/jota_ws1/install/_local_setup_util_ps1.py'
[3.617s] INFO:colcon.colcon_core.shell:Creating prefix chain script '/home/jprl/APS1/APS1/jota_ws1/install/setup.ps1'
[3.619s] INFO:colcon.colcon_core.shell:Creating prefix script '/home/jprl/APS1/APS1/jota_ws1/install/local_setup.sh'
[3.620s] INFO:colcon.colcon_core.shell:Creating prefix util module '/home/jprl/APS1/APS1/jota_ws1/install/_local_setup_util_sh.py'
[3.621s] INFO:colcon.colcon_core.shell:Creating prefix chain script '/home/jprl/APS1/APS1/jota_ws1/install/setup.sh'
[3.622s] INFO:colcon.colcon_core.shell:Creating prefix script '/home/jprl/APS1/APS1/jota_ws1/install/local_setup.bash'
[3.623s] INFO:colcon.colcon_core.shell:Creating prefix chain script '/home/jprl/APS1/APS1/jota_ws1/install/setup.bash'
[3.625s] INFO:colcon.colcon_core.shell:Creating prefix script '/home/jprl/APS1/APS1/jota_ws1/install/local_setup.zsh'
[3.626s] INFO:colcon.colcon_core.shell:Creating prefix chain script '/home/jprl/APS1/APS1/jota_ws1/install/setup.zsh'
