[0.037s] Invoking command in '/home/jprl/APS1/APS1/jota_ws1/build/custom_interfaces': CMAKE_PREFIX_PATH=${CMAKE_PREFIX_PATH}:/home/jprl/APS1/APS1/jota_ws1/install/robot_navigation:/opt/ros/foxy /usr/bin/cmake --build /home/jprl/APS1/APS1/jota_ws1/build/custom_interfaces -- -j12 -l12
[0.115s] [  3%] Built target custom_interfaces__cpp
[0.119s] [ 12%] Built target custom_interfaces__rosidl_generator_c
[0.163s] [ 25%] Built target custom_interfaces__rosidl_typesupport_cpp
[0.164s] [ 32%] Built target custom_interfaces__rosidl_typesupport_introspection_c
[0.164s] [ 41%] Built target custom_interfaces__rosidl_typesupport_introspection_cpp
[0.167s] [ 51%] Built target custom_interfaces__rosidl_typesupport_c
[0.171s] [ 61%] Built target custom_interfaces__rosidl_typesupport_fastrtps_cpp
[0.221s] [ 70%] Built target custom_interfaces__rosidl_typesupport_fastrtps_c
[0.258s] [ 70%] Built target custom_interfaces
[0.303s] [ 74%] Built target custom_interfaces__py
[0.375s] [ 80%] Built target custom_interfaces__python
[0.453s] [ 87%] Built target custom_interfaces__rosidl_typesupport_fastrtps_c__pyext
[0.456s] [ 93%] Built target custom_interfaces__rosidl_typesupport_c__pyext
[0.457s] [100%] Built target custom_interfaces__rosidl_typesupport_introspection_c__pyext
[0.483s] Invoked command in '/home/jprl/APS1/APS1/jota_ws1/build/custom_interfaces' returned '0': CMAKE_PREFIX_PATH=${CMAKE_PREFIX_PATH}:/home/jprl/APS1/APS1/jota_ws1/install/robot_navigation:/opt/ros/foxy /usr/bin/cmake --build /home/jprl/APS1/APS1/jota_ws1/build/custom_interfaces -- -j12 -l12
[0.495s] Invoking command in '/home/jprl/APS1/APS1/jota_ws1/build/custom_interfaces': CMAKE_PREFIX_PATH=${CMAKE_PREFIX_PATH}:/home/jprl/APS1/APS1/jota_ws1/install/robot_navigation:/opt/ros/foxy /usr/bin/cmake --install /home/jprl/APS1/APS1/jota_ws1/build/custom_interfaces
[0.511s] -- Install configuration: ""
[0.511s] -- Up-to-date: /home/jprl/APS1/APS1/jota_ws1/install/custom_interfaces/share/ament_index/resource_index/rosidl_interfaces/custom_interfaces
[0.512s] -- Up-to-date: /home/jprl/APS1/APS1/jota_ws1/install/custom_interfaces/include/custom_interfaces
[0.513s] -- Up-to-date: /home/jprl/APS1/APS1/jota_ws1/install/custom_interfaces/include/custom_interfaces/msg
[0.513s] -- Up-to-date: /home/jprl/APS1/APS1/jota_ws1/install/custom_interfaces/include/custom_interfaces/msg/rosidl_generator_c__visibility_control.h
[0.513s] -- Up-to-date: /home/jprl/APS1/APS1/jota_ws1/install/custom_interfaces/include/custom_interfaces/action
[0.514s] -- Up-to-date: /home/jprl/APS1/APS1/jota_ws1/install/custom_interfaces/include/custom_interfaces/action/detail
[0.514s] -- Up-to-date: /home/jprl/APS1/APS1/jota_ws1/install/custom_interfaces/include/custom_interfaces/action/detail/rotate__struct.h
[0.515s] -- Up-to-date: /home/jprl/APS1/APS1/jota_ws1/install/custom_interfaces/include/custom_interfaces/action/detail/rotate__functions.h
[0.516s] -- Up-to-date: /home/jprl/APS1/APS1/jota_ws1/install/custom_interfaces/include/custom_interfaces/action/detail/rotate__type_support.h
[0.516s] -- Up-to-date: /home/jprl/APS1/APS1/jota_ws1/install/custom_interfaces/include/custom_interfaces/action/detail/rotate__functions.c
[0.516s] -- Up-to-date: /home/jprl/APS1/APS1/jota_ws1/install/custom_interfaces/include/custom_interfaces/action/rotate.h
[0.517s] -- Up-to-date: /home/jprl/APS1/APS1/jota_ws1/install/custom_interfaces/share/custom_interfaces/environment/library_path.sh
[0.517s] -- Up-to-date: /home/jprl/APS1/APS1/jota_ws1/install/custom_interfaces/share/custom_interfaces/environment/library_path.dsv
[0.517s] -- Up-to-date: /home/jprl/APS1/APS1/jota_ws1/install/custom_interfaces/lib/libcustom_interfaces__rosidl_generator_c.so
[0.517s] -- Up-to-date: /home/jprl/APS1/APS1/jota_ws1/install/custom_interfaces/include/custom_interfaces
[0.517s] -- Up-to-date: /home/jprl/APS1/APS1/jota_ws1/install/custom_interfaces/include/custom_interfaces/msg
[0.518s] -- Up-to-date: /home/jprl/APS1/APS1/jota_ws1/install/custom_interfaces/include/custom_interfaces/msg/rosidl_typesupport_fastrtps_c__visibility_control.h
[0.518s] -- Up-to-date: /home/jprl/APS1/APS1/jota_ws1/install/custom_interfaces/include/custom_interfaces/action
[0.518s] -- Up-to-date: /home/jprl/APS1/APS1/jota_ws1/install/custom_interfaces/include/custom_interfaces/action/detail
[0.518s] -- Up-to-date: /home/jprl/APS1/APS1/jota_ws1/install/custom_interfaces/include/custom_interfaces/action/detail/rotate__rosidl_typesupport_fastrtps_c.h
[0.519s] -- Up-to-date: /home/jprl/APS1/APS1/jota_ws1/install/custom_interfaces/lib/libcustom_interfaces__rosidl_typesupport_fastrtps_c.so
[0.519s] -- Up-to-date: /home/jprl/APS1/APS1/jota_ws1/install/custom_interfaces/include/custom_interfaces
[0.519s] -- Up-to-date: /home/jprl/APS1/APS1/jota_ws1/install/custom_interfaces/include/custom_interfaces/msg
[0.520s] -- Up-to-date: /home/jprl/APS1/APS1/jota_ws1/install/custom_interfaces/include/custom_interfaces/msg/rosidl_typesupport_fastrtps_cpp__visibility_control.h
[0.520s] -- Up-to-date: /home/jprl/APS1/APS1/jota_ws1/install/custom_interfaces/include/custom_interfaces/action
[0.520s] -- Up-to-date: /home/jprl/APS1/APS1/jota_ws1/install/custom_interfaces/include/custom_interfaces/action/detail
[0.521s] -- Up-to-date: /home/jprl/APS1/APS1/jota_ws1/install/custom_interfaces/include/custom_interfaces/action/detail/dds_fastrtps
[0.521s] -- Up-to-date: /home/jprl/APS1/APS1/jota_ws1/install/custom_interfaces/include/custom_interfaces/action/detail/rotate__rosidl_typesupport_fastrtps_cpp.hpp
[0.521s] -- Up-to-date: /home/jprl/APS1/APS1/jota_ws1/install/custom_interfaces/lib/libcustom_interfaces__rosidl_typesupport_fastrtps_cpp.so
[0.522s] -- Up-to-date: /home/jprl/APS1/APS1/jota_ws1/install/custom_interfaces/include/custom_interfaces
[0.522s] -- Up-to-date: /home/jprl/APS1/APS1/jota_ws1/install/custom_interfaces/include/custom_interfaces/msg
[0.522s] -- Up-to-date: /home/jprl/APS1/APS1/jota_ws1/install/custom_interfaces/include/custom_interfaces/msg/rosidl_typesupport_introspection_c__visibility_control.h
[0.523s] -- Up-to-date: /home/jprl/APS1/APS1/jota_ws1/install/custom_interfaces/include/custom_interfaces/action
[0.523s] -- Up-to-date: /home/jprl/APS1/APS1/jota_ws1/install/custom_interfaces/include/custom_interfaces/action/detail
[0.524s] -- Up-to-date: /home/jprl/APS1/APS1/jota_ws1/install/custom_interfaces/include/custom_interfaces/action/detail/rotate__rosidl_typesupport_introspection_c.h
[0.524s] -- Up-to-date: /home/jprl/APS1/APS1/jota_ws1/install/custom_interfaces/include/custom_interfaces/action/detail/rotate__type_support.c
[0.524s] -- Up-to-date: /home/jprl/APS1/APS1/jota_ws1/install/custom_interfaces/lib/libcustom_interfaces__rosidl_typesupport_introspection_c.so
[0.525s] -- Up-to-date: /home/jprl/APS1/APS1/jota_ws1/install/custom_interfaces/lib/libcustom_interfaces__rosidl_typesupport_c.so
[0.525s] -- Up-to-date: /home/jprl/APS1/APS1/jota_ws1/install/custom_interfaces/include/custom_interfaces
[0.525s] -- Up-to-date: /home/jprl/APS1/APS1/jota_ws1/install/custom_interfaces/include/custom_interfaces/msg
[0.526s] -- Up-to-date: /home/jprl/APS1/APS1/jota_ws1/install/custom_interfaces/include/custom_interfaces/msg/rosidl_generator_cpp__visibility_control.hpp
[0.526s] -- Up-to-date: /home/jprl/APS1/APS1/jota_ws1/install/custom_interfaces/include/custom_interfaces/action
[0.526s] -- Up-to-date: /home/jprl/APS1/APS1/jota_ws1/install/custom_interfaces/include/custom_interfaces/action/detail
[0.527s] -- Up-to-date: /home/jprl/APS1/APS1/jota_ws1/install/custom_interfaces/include/custom_interfaces/action/detail/rotate__type_support.hpp
[0.527s] -- Up-to-date: /home/jprl/APS1/APS1/jota_ws1/install/custom_interfaces/include/custom_interfaces/action/detail/rotate__builder.hpp
[0.527s] -- Up-to-date: /home/jprl/APS1/APS1/jota_ws1/install/custom_interfaces/include/custom_interfaces/action/detail/rotate__struct.hpp
[0.527s] -- Up-to-date: /home/jprl/APS1/APS1/jota_ws1/install/custom_interfaces/include/custom_interfaces/action/detail/rotate__traits.hpp
[0.528s] -- Up-to-date: /home/jprl/APS1/APS1/jota_ws1/install/custom_interfaces/include/custom_interfaces/action/rotate.hpp
[0.528s] -- Up-to-date: /home/jprl/APS1/APS1/jota_ws1/install/custom_interfaces/include/custom_interfaces
[0.528s] -- Up-to-date: /home/jprl/APS1/APS1/jota_ws1/install/custom_interfaces/include/custom_interfaces/action
[0.528s] -- Up-to-date: /home/jprl/APS1/APS1/jota_ws1/install/custom_interfaces/include/custom_interfaces/action/detail
[0.528s] -- Up-to-date: /home/jprl/APS1/APS1/jota_ws1/install/custom_interfaces/include/custom_interfaces/action/detail/rotate__type_support.cpp
[0.528s] -- Up-to-date: /home/jprl/APS1/APS1/jota_ws1/install/custom_interfaces/include/custom_interfaces/action/detail/rotate__rosidl_typesupport_introspection_cpp.hpp
[0.528s] -- Up-to-date: /home/jprl/APS1/APS1/jota_ws1/install/custom_interfaces/lib/libcustom_interfaces__rosidl_typesupport_introspection_cpp.so
[0.529s] -- Up-to-date: /home/jprl/APS1/APS1/jota_ws1/install/custom_interfaces/lib/libcustom_interfaces__rosidl_typesupport_cpp.so
[0.529s] -- Up-to-date: /home/jprl/APS1/APS1/jota_ws1/install/custom_interfaces/share/custom_interfaces/environment/pythonpath.sh
[0.529s] -- Up-to-date: /home/jprl/APS1/APS1/jota_ws1/install/custom_interfaces/share/custom_interfaces/environment/pythonpath.dsv
[0.529s] -- Up-to-date: /home/jprl/APS1/APS1/jota_ws1/install/custom_interfaces/lib/python3.8/site-packages/custom_interfaces/__init__.py
[0.579s] -- Up-to-date: /home/jprl/APS1/APS1/jota_ws1/install/custom_interfaces/lib/python3.8/site-packages/custom_interfaces/action
[0.579s] -- Up-to-date: /home/jprl/APS1/APS1/jota_ws1/install/custom_interfaces/lib/python3.8/site-packages/custom_interfaces/action/__init__.py
[0.579s] -- Up-to-date: /home/jprl/APS1/APS1/jota_ws1/install/custom_interfaces/lib/python3.8/site-packages/custom_interfaces/action/_rotate.py
[0.579s] -- Up-to-date: /home/jprl/APS1/APS1/jota_ws1/install/custom_interfaces/lib/python3.8/site-packages/custom_interfaces/action/_rotate_s.c
[0.579s] -- Up-to-date: /home/jprl/APS1/APS1/jota_ws1/install/custom_interfaces/lib/python3.8/site-packages/custom_interfaces/custom_interfaces_s__rosidl_typesupport_fastrtps_c.cpython-38-x86_64-linux-gnu.so
[0.580s] -- Up-to-date: /home/jprl/APS1/APS1/jota_ws1/install/custom_interfaces/lib/python3.8/site-packages/custom_interfaces/custom_interfaces_s__rosidl_typesupport_introspection_c.cpython-38-x86_64-linux-gnu.so
[0.581s] -- Up-to-date: /home/jprl/APS1/APS1/jota_ws1/install/custom_interfaces/lib/python3.8/site-packages/custom_interfaces/custom_interfaces_s__rosidl_typesupport_c.cpython-38-x86_64-linux-gnu.so
[0.582s] -- Up-to-date: /home/jprl/APS1/APS1/jota_ws1/install/custom_interfaces/lib/libcustom_interfaces__python.so
[0.583s] -- Up-to-date: /home/jprl/APS1/APS1/jota_ws1/install/custom_interfaces/share/custom_interfaces/action/Rotate.idl
[0.583s] -- Up-to-date: /home/jprl/APS1/APS1/jota_ws1/install/custom_interfaces/share/custom_interfaces/action/Rotate.action
[0.584s] -- Up-to-date: /home/jprl/APS1/APS1/jota_ws1/install/custom_interfaces/share/ament_index/resource_index/package_run_dependencies/custom_interfaces
[0.584s] -- Up-to-date: /home/jprl/APS1/APS1/jota_ws1/install/custom_interfaces/share/ament_index/resource_index/parent_prefix_path/custom_interfaces
[0.584s] -- Up-to-date: /home/jprl/APS1/APS1/jota_ws1/install/custom_interfaces/share/custom_interfaces/environment/ament_prefix_path.sh
[0.584s] -- Up-to-date: /home/jprl/APS1/APS1/jota_ws1/install/custom_interfaces/share/custom_interfaces/environment/ament_prefix_path.dsv
[0.584s] -- Up-to-date: /home/jprl/APS1/APS1/jota_ws1/install/custom_interfaces/share/custom_interfaces/environment/path.sh
[0.585s] -- Up-to-date: /home/jprl/APS1/APS1/jota_ws1/install/custom_interfaces/share/custom_interfaces/environment/path.dsv
[0.585s] -- Up-to-date: /home/jprl/APS1/APS1/jota_ws1/install/custom_interfaces/share/custom_interfaces/local_setup.bash
[0.585s] -- Up-to-date: /home/jprl/APS1/APS1/jota_ws1/install/custom_interfaces/share/custom_interfaces/local_setup.sh
[0.586s] -- Up-to-date: /home/jprl/APS1/APS1/jota_ws1/install/custom_interfaces/share/custom_interfaces/local_setup.zsh
[0.586s] -- Up-to-date: /home/jprl/APS1/APS1/jota_ws1/install/custom_interfaces/share/custom_interfaces/local_setup.dsv
[0.586s] -- Installing: /home/jprl/APS1/APS1/jota_ws1/install/custom_interfaces/share/custom_interfaces/package.dsv
[0.586s] -- Up-to-date: /home/jprl/APS1/APS1/jota_ws1/install/custom_interfaces/share/ament_index/resource_index/packages/custom_interfaces
[0.587s] -- Up-to-date: /home/jprl/APS1/APS1/jota_ws1/install/custom_interfaces/share/custom_interfaces/cmake/custom_interfaces__rosidl_generator_cExport.cmake
[0.588s] -- Up-to-date: /home/jprl/APS1/APS1/jota_ws1/install/custom_interfaces/share/custom_interfaces/cmake/custom_interfaces__rosidl_generator_cExport-noconfig.cmake
[0.588s] -- Up-to-date: /home/jprl/APS1/APS1/jota_ws1/install/custom_interfaces/share/custom_interfaces/cmake/custom_interfaces__rosidl_typesupport_introspection_cExport.cmake
[0.588s] -- Up-to-date: /home/jprl/APS1/APS1/jota_ws1/install/custom_interfaces/share/custom_interfaces/cmake/custom_interfaces__rosidl_typesupport_introspection_cExport-noconfig.cmake
[0.588s] -- Up-to-date: /home/jprl/APS1/APS1/jota_ws1/install/custom_interfaces/share/custom_interfaces/cmake/custom_interfaces__rosidl_typesupport_cExport.cmake
[0.588s] -- Up-to-date: /home/jprl/APS1/APS1/jota_ws1/install/custom_interfaces/share/custom_interfaces/cmake/custom_interfaces__rosidl_typesupport_cExport-noconfig.cmake
[0.589s] -- Up-to-date: /home/jprl/APS1/APS1/jota_ws1/install/custom_interfaces/share/custom_interfaces/cmake/custom_interfaces__rosidl_generator_cppExport.cmake
[0.589s] -- Up-to-date: /home/jprl/APS1/APS1/jota_ws1/install/custom_interfaces/share/custom_interfaces/cmake/custom_interfaces__rosidl_typesupport_introspection_cppExport.cmake
[0.589s] -- Up-to-date: /home/jprl/APS1/APS1/jota_ws1/install/custom_interfaces/share/custom_interfaces/cmake/custom_interfaces__rosidl_typesupport_introspection_cppExport-noconfig.cmake
[0.589s] -- Up-to-date: /home/jprl/APS1/APS1/jota_ws1/install/custom_interfaces/share/custom_interfaces/cmake/custom_interfaces__rosidl_typesupport_cppExport.cmake
[0.589s] -- Up-to-date: /home/jprl/APS1/APS1/jota_ws1/install/custom_interfaces/share/custom_interfaces/cmake/custom_interfaces__rosidl_typesupport_cppExport-noconfig.cmake
[0.589s] -- Up-to-date: /home/jprl/APS1/APS1/jota_ws1/install/custom_interfaces/share/custom_interfaces/cmake/rosidl_cmake-extras.cmake
[0.590s] -- Up-to-date: /home/jprl/APS1/APS1/jota_ws1/install/custom_interfaces/share/custom_interfaces/cmake/ament_cmake_export_dependencies-extras.cmake
[0.590s] -- Up-to-date: /home/jprl/APS1/APS1/jota_ws1/install/custom_interfaces/share/custom_interfaces/cmake/ament_cmake_export_libraries-extras.cmake
[0.591s] -- Up-to-date: /home/jprl/APS1/APS1/jota_ws1/install/custom_interfaces/share/custom_interfaces/cmake/ament_cmake_export_targets-extras.cmake
[0.591s] -- Up-to-date: /home/jprl/APS1/APS1/jota_ws1/install/custom_interfaces/share/custom_interfaces/cmake/ament_cmake_export_include_directories-extras.cmake
[0.591s] -- Up-to-date: /home/jprl/APS1/APS1/jota_ws1/install/custom_interfaces/share/custom_interfaces/cmake/rosidl_cmake_export_typesupport_libraries-extras.cmake
[0.591s] -- Up-to-date: /home/jprl/APS1/APS1/jota_ws1/install/custom_interfaces/share/custom_interfaces/cmake/rosidl_cmake_export_typesupport_targets-extras.cmake
[0.592s] -- Up-to-date: /home/jprl/APS1/APS1/jota_ws1/install/custom_interfaces/share/custom_interfaces/cmake/custom_interfacesConfig.cmake
[0.592s] -- Up-to-date: /home/jprl/APS1/APS1/jota_ws1/install/custom_interfaces/share/custom_interfaces/cmake/custom_interfacesConfig-version.cmake
[0.592s] -- Up-to-date: /home/jprl/APS1/APS1/jota_ws1/install/custom_interfaces/share/custom_interfaces/package.xml
[0.595s] Invoked command in '/home/jprl/APS1/APS1/jota_ws1/build/custom_interfaces' returned '0': CMAKE_PREFIX_PATH=${CMAKE_PREFIX_PATH}:/home/jprl/APS1/APS1/jota_ws1/install/robot_navigation:/opt/ros/foxy /usr/bin/cmake --install /home/jprl/APS1/APS1/jota_ws1/build/custom_interfaces
