[4.680s] Invoking command in '/home/jprl/APS1/APS1/jota_ws1/src/rm_localization': PYTHONPATH=/home/jprl/APS1/APS1/jota_ws1/build/rm_localization/prefix_override:/usr/lib/python3/dist-packages/colcon_core/task/python/colcon_distutils_commands:/home/jprl/APS1/APS1/jota_ws1/install/rm_localization/lib/python3.8/site-packages:${PYTHONPATH} /usr/bin/python3 -W ignore:setup.py install is deprecated -W ignore:easy_install command is deprecated setup.py egg_info --egg-base ../../build/rm_localization build --build-base /home/jprl/APS1/APS1/jota_ws1/build/rm_localization/build install --record /home/jprl/APS1/APS1/jota_ws1/build/rm_localization/install.log --install-scripts $base/lib/rm_localization --single-version-externally-managed install_data
[5.325s] running egg_info
[5.326s] writing ../../build/rm_localization/rm_localization.egg-info/PKG-INFO
[5.327s] writing dependency_links to ../../build/rm_localization/rm_localization.egg-info/dependency_links.txt
[5.329s] writing entry points to ../../build/rm_localization/rm_localization.egg-info/entry_points.txt
[5.330s] writing requirements to ../../build/rm_localization/rm_localization.egg-info/requires.txt
[5.331s] writing top-level names to ../../build/rm_localization/rm_localization.egg-info/top_level.txt
[5.428s] reading manifest file '../../build/rm_localization/rm_localization.egg-info/SOURCES.txt'
[5.430s] writing manifest file '../../build/rm_localization/rm_localization.egg-info/SOURCES.txt'
[5.431s] running build
[5.431s] running build_py
[5.431s] running install
[5.436s] running install_lib
[5.439s] running install_data
[5.440s] running install_egg_info
[5.445s] removing '/home/jprl/APS1/APS1/jota_ws1/install/rm_localization/lib/python3.8/site-packages/rm_localization-0.0.0-py3.8.egg-info' (and everything under it)
[5.446s] Copying ../../build/rm_localization/rm_localization.egg-info to /home/jprl/APS1/APS1/jota_ws1/install/rm_localization/lib/python3.8/site-packages/rm_localization-0.0.0-py3.8.egg-info
[5.449s] running install_scripts
[5.498s] writing list of installed files to '/home/jprl/APS1/APS1/jota_ws1/build/rm_localization/install.log'
[5.571s] Invoked command in '/home/jprl/APS1/APS1/jota_ws1/src/rm_localization' returned '0': PYTHONPATH=/home/jprl/APS1/APS1/jota_ws1/build/rm_localization/prefix_override:/usr/lib/python3/dist-packages/colcon_core/task/python/colcon_distutils_commands:/home/jprl/APS1/APS1/jota_ws1/install/rm_localization/lib/python3.8/site-packages:${PYTHONPATH} /usr/bin/python3 -W ignore:setup.py install is deprecated -W ignore:easy_install command is deprecated setup.py egg_info --egg-base ../../build/rm_localization build --build-base /home/jprl/APS1/APS1/jota_ws1/build/rm_localization/build install --record /home/jprl/APS1/APS1/jota_ws1/build/rm_localization/install.log --install-scripts $base/lib/rm_localization --single-version-externally-managed install_data
